[0.013s] Invoking command in '/home/th1rt3en/DOCO/ws/build_rework/uav_bridge': AMENT_PREFIX_PATH=/home/th1rt3en/DOCO/ws/install_rework/quadrotor_msgs:/home/th1rt3en/DOCO/ws/install_rework/px4_msgs:${AMENT_PREFIX_PATH} CMAKE_PREFIX_PATH=/home/th1rt3en/DOCO/ws/install_rework/quadrotor_msgs:/home/th1rt3en/DOCO/ws/install_rework/px4_msgs:/opt/ros/humble LD_LIBRARY_PATH=/home/th1rt3en/DOCO/ws/install_rework/quadrotor_msgs/lib:/home/th1rt3en/DOCO/ws/install_rework/px4_msgs/lib:${LD_LIBRARY_PATH} PYTHONPATH=/home/th1rt3en/DOCO/ws/install_rework/quadrotor_msgs/local/lib/python3.10/dist-packages:/home/th1rt3en/DOCO/ws/install_rework/px4_msgs/local/lib/python3.10/dist-packages:${PYTHONPATH} /usr/bin/cmake --build /home/th1rt3en/DOCO/ws/build_rework/uav_bridge -- -j16 -l16
[0.034s] -- Found ament_cmake: 1.3.13 (/opt/ros/humble/share/ament_cmake/cmake)
[0.139s] -- Override CMake install command with custom implementation using symlinks instead of copying resources
[0.145s] -- Found rclcpp: 16.0.18 (/opt/ros/humble/share/rclcpp/cmake)
[0.195s] -- Found rosidl_generator_c: 3.1.8 (/opt/ros/humble/share/rosidl_generator_c/cmake)
[0.198s] -- Found rosidl_adapter: 3.1.8 (/opt/ros/humble/share/rosidl_adapter/cmake)
[0.206s] -- Found rosidl_generator_cpp: 3.1.8 (/opt/ros/humble/share/rosidl_generator_cpp/cmake)
[0.217s] -- Using all available rosidl_typesupport_c: rosidl_typesupport_fastrtps_c;rosidl_typesupport_introspection_c
[0.226s] -- Using all available rosidl_typesupport_cpp: rosidl_typesupport_fastrtps_cpp;rosidl_typesupport_introspection_cpp
[0.256s] -- Found rmw_implementation_cmake: 6.1.2 (/opt/ros/humble/share/rmw_implementation_cmake/cmake)
[0.258s] -- Found rmw_fastrtps_cpp: 6.2.10 (/opt/ros/humble/share/rmw_fastrtps_cpp/cmake)
[0.383s] -- Using RMW implementation 'rmw_fastrtps_cpp' as default
[0.422s] -- Found sensor_msgs: 4.9.1 (/opt/ros/humble/share/sensor_msgs/cmake)
[0.445s] -- Found nav_msgs: 4.9.1 (/opt/ros/humble/share/nav_msgs/cmake)
[0.458s] -- Found std_srvs: 4.9.1 (/opt/ros/humble/share/std_srvs/cmake)
[0.467s] -- Found tf2: 0.25.19 (/opt/ros/humble/share/tf2/cmake)
[0.471s] -- Found tf2_ros: 0.25.19 (/opt/ros/humble/share/tf2_ros/cmake)
[0.534s] -- Found quadrotor_msgs: 0.0.0 (/home/th1rt3en/DOCO/ws/install_rework/quadrotor_msgs/share/quadrotor_msgs/cmake)
[0.550s] -- Found px4_msgs: 2.0.1 (/home/th1rt3en/DOCO/ws/install_rework/px4_msgs/share/px4_msgs/cmake)
[0.560s] -- Looking for gz-transport13 -- found version 13.5.0
[0.566s] -- Searching for dependencies of gz-transport13
[0.598s] -- Config-file not installed for ZeroMQ -- checking for pkg-config
[0.603s] -- Checking for module 'libzmq >= 4'
[0.620s] --   Found libzmq , version 4.3.4
[0.663s] -- Checking for module 'uuid'
[0.677s] --   Found uuid, version 2.37.2
[0.717s] -- Looking for gz-utils2 -- found version 2.2.1
[0.717s] -- Searching for dependencies of gz-utils2
[0.718s] -- Searching for <gz-utils2> component [cli]
[0.718s] -- Looking for gz-utils2-cli -- found version 2.2.1
[0.719s] -- Searching for dependencies of gz-utils2-cli
[0.720s] -- Looking for gz-msgs10 -- found version 10.3.2
[0.721s] -- Searching for dependencies of gz-msgs10
[0.742s] -- Looking for gz-utils2 -- found version 2.2.1
[0.743s] -- Looking for gz-math7 -- found version 7.5.1
[0.743s] -- Searching for dependencies of gz-math7
[0.743s] -- Looking for gz-utils2 -- found version 2.2.1
[0.750s] -- Checking for module 'tinyxml2'
[0.773s] --   Found tinyxml2, version 9.0.0
[0.830s] -- Looking for gz-msgs10 -- found version 10.3.2
[0.839s] -- Found ament_cmake_gtest: 1.3.13 (/opt/ros/humble/share/ament_cmake_gtest/cmake)
[0.840s] -- Found ament_lint_auto: 0.12.15 (/opt/ros/humble/share/ament_lint_auto/cmake)
[0.897s] -- Found gtest sources under '/opt/ros/humble/src/gtest_vendor': C++ tests using 'Google Test' will be built
[0.908s] -- Added test 'cppcheck' to perform static code analysis on C / C++ code
[0.908s] -- Configured cppcheck include dirs: /home/th1rt3en/DOCO/ws/src/uav_bridge/include
[0.908s] -- Configured cppcheck exclude dirs and/or files: 
[0.909s] -- Added test 'lint_cmake' to check CMake code style
[0.911s] -- Added test 'uncrustify' to check C / C++ code style
[0.911s] -- Configured uncrustify additional arguments: 
[0.912s] -- Added test 'xmllint' to check XML markup files
[0.912s] -- Configuring done
[0.963s] -- Generating done
[0.981s] -- Build files have been written to: /home/th1rt3en/DOCO/ws/build_rework/uav_bridge
[1.023s] Consolidate compiler generated dependencies of target uav_bridge_px4_odom_adapter_logic
[1.023s] Consolidate compiler generated dependencies of target uav_bridge_uav_state_bridge_logic
[1.023s] Consolidate compiler generated dependencies of target gtest_main
[1.023s] Consolidate compiler generated dependencies of target px4_planar_state_reader_node
[1.023s] Consolidate compiler generated dependencies of target fmu_topic_namespace_bridge_node
[1.023s] Consolidate compiler generated dependencies of target optical_flow_bridge_node
[1.024s] Consolidate compiler generated dependencies of target rangefinder_bridge_node
[1.025s] Consolidate compiler generated dependencies of target gtest
[1.026s] Consolidate compiler generated dependencies of target mono_camera_bridge_node
[1.027s] Consolidate compiler generated dependencies of target tf_bridge_node
[1.027s] Consolidate compiler generated dependencies of target mono_camera_source_node
[1.027s] Consolidate compiler generated dependencies of target uav_control_node
[1.027s] Consolidate compiler generated dependencies of target stereo_camera_bridge_node
[1.033s] [ 10%] Built target uav_bridge_uav_state_bridge_logic
[1.033s] [ 10%] Built target uav_bridge_px4_odom_adapter_logic
[1.033s] [ 16%] Built target gtest_main
[1.043s] [ 35%] Built target rangefinder_bridge_node
[1.043s] [ 35%] Built target optical_flow_bridge_node
[1.043s] [ 43%] Built target px4_planar_state_reader_node
[1.043s] [ 40%] Built target mono_camera_bridge_node
[1.043s] [ 37%] Built target mono_camera_source_node
[1.043s] [ 48%] Built target fmu_topic_namespace_bridge_node
[1.044s] [ 54%] Built target tf_bridge_node
[1.048s] Consolidate compiler generated dependencies of target px4_odom_adapter_node
[1.049s] [ 64%] Built target gtest
[1.049s] [ 64%] Built target stereo_camera_bridge_node
[1.049s] Consolidate compiler generated dependencies of target uav_state_bridge_node
[1.053s] [ 72%] Built target uav_control_node
[1.061s] Consolidate compiler generated dependencies of target test_uav_control_logic
[1.062s] Consolidate compiler generated dependencies of target test_px4_odom_adapter_logic
[1.062s] Consolidate compiler generated dependencies of target test_uav_state_bridge_logic
[1.062s] [ 83%] Built target px4_odom_adapter_node
[1.062s] [ 83%] Built target uav_state_bridge_node
[1.073s] [ 94%] Built target test_uav_control_logic
[1.073s] [ 94%] Built target test_uav_state_bridge_logic
[1.073s] [100%] Built target test_px4_odom_adapter_logic
[1.084s] Invoked command in '/home/th1rt3en/DOCO/ws/build_rework/uav_bridge' returned '0': AMENT_PREFIX_PATH=/home/th1rt3en/DOCO/ws/install_rework/quadrotor_msgs:/home/th1rt3en/DOCO/ws/install_rework/px4_msgs:${AMENT_PREFIX_PATH} CMAKE_PREFIX_PATH=/home/th1rt3en/DOCO/ws/install_rework/quadrotor_msgs:/home/th1rt3en/DOCO/ws/install_rework/px4_msgs:/opt/ros/humble LD_LIBRARY_PATH=/home/th1rt3en/DOCO/ws/install_rework/quadrotor_msgs/lib:/home/th1rt3en/DOCO/ws/install_rework/px4_msgs/lib:${LD_LIBRARY_PATH} PYTHONPATH=/home/th1rt3en/DOCO/ws/install_rework/quadrotor_msgs/local/lib/python3.10/dist-packages:/home/th1rt3en/DOCO/ws/install_rework/px4_msgs/local/lib/python3.10/dist-packages:${PYTHONPATH} /usr/bin/cmake --build /home/th1rt3en/DOCO/ws/build_rework/uav_bridge -- -j16 -l16
[1.086s] Invoking command in '/home/th1rt3en/DOCO/ws/build_rework/uav_bridge': AMENT_PREFIX_PATH=/home/th1rt3en/DOCO/ws/install_rework/quadrotor_msgs:/home/th1rt3en/DOCO/ws/install_rework/px4_msgs:${AMENT_PREFIX_PATH} CMAKE_PREFIX_PATH=/home/th1rt3en/DOCO/ws/install_rework/quadrotor_msgs:/home/th1rt3en/DOCO/ws/install_rework/px4_msgs:/opt/ros/humble LD_LIBRARY_PATH=/home/th1rt3en/DOCO/ws/install_rework/quadrotor_msgs/lib:/home/th1rt3en/DOCO/ws/install_rework/px4_msgs/lib:${LD_LIBRARY_PATH} PYTHONPATH=/home/th1rt3en/DOCO/ws/install_rework/quadrotor_msgs/local/lib/python3.10/dist-packages:/home/th1rt3en/DOCO/ws/install_rework/px4_msgs/local/lib/python3.10/dist-packages:${PYTHONPATH} /usr/bin/cmake --install /home/th1rt3en/DOCO/ws/build_rework/uav_bridge
[1.094s] -- Install configuration: ""
[1.094s] -- Execute custom install script
[1.094s] -- Up-to-date symlink: /home/th1rt3en/DOCO/ws/install_rework/uav_bridge/lib/uav_bridge/libuav_bridge_px4_odom_adapter_logic.a
[1.094s] -- Up-to-date symlink: /home/th1rt3en/DOCO/ws/install_rework/uav_bridge/lib/uav_bridge/mono_camera_bridge_node
[1.094s] -- Up-to-date symlink: /home/th1rt3en/DOCO/ws/install_rework/uav_bridge/lib/uav_bridge/mono_camera_source_node
[1.094s] -- Up-to-date symlink: /home/th1rt3en/DOCO/ws/install_rework/uav_bridge/lib/uav_bridge/stereo_camera_bridge_node
[1.095s] -- Up-to-date symlink: /home/th1rt3en/DOCO/ws/install_rework/uav_bridge/lib/uav_bridge/tf_bridge_node
[1.095s] -- Up-to-date symlink: /home/th1rt3en/DOCO/ws/install_rework/uav_bridge/lib/uav_bridge/rangefinder_bridge_node
[1.095s] -- Up-to-date symlink: /home/th1rt3en/DOCO/ws/install_rework/uav_bridge/lib/uav_bridge/optical_flow_bridge_node
[1.095s] -- Up-to-date symlink: /home/th1rt3en/DOCO/ws/install_rework/uav_bridge/lib/uav_bridge/px4_planar_state_reader_node
[1.095s] -- Up-to-date symlink: /home/th1rt3en/DOCO/ws/install_rework/uav_bridge/lib/uav_bridge/px4_odom_adapter_node
[1.095s] -- Up-to-date symlink: /home/th1rt3en/DOCO/ws/install_rework/uav_bridge/lib/uav_bridge/uav_state_bridge_node
[1.095s] -- Up-to-date symlink: /home/th1rt3en/DOCO/ws/install_rework/uav_bridge/lib/uav_bridge/uav_control_node
[1.095s] -- Up-to-date symlink: /home/th1rt3en/DOCO/ws/install_rework/uav_bridge/lib/uav_bridge/fmu_topic_namespace_bridge_node
[1.095s] -- Up-to-date symlink: /home/th1rt3en/DOCO/ws/install_rework/uav_bridge/include/uav_bridge/flight_mode_manager.hpp
[1.095s] -- Up-to-date symlink: /home/th1rt3en/DOCO/ws/install_rework/uav_bridge/include/uav_bridge/frame_aligner.hpp
[1.096s] -- Up-to-date symlink: /home/th1rt3en/DOCO/ws/install_rework/uav_bridge/include/uav_bridge/gz_topic_utils.hpp
[1.096s] -- Up-to-date symlink: /home/th1rt3en/DOCO/ws/install_rework/uav_bridge/include/uav_bridge/math_utils.hpp
[1.096s] -- Up-to-date symlink: /home/th1rt3en/DOCO/ws/install_rework/uav_bridge/include/uav_bridge/px4_commander.hpp
[1.096s] -- Up-to-date symlink: /home/th1rt3en/DOCO/ws/install_rework/uav_bridge/include/uav_bridge/px4_odom_adapter_logic.hpp
[1.096s] -- Up-to-date symlink: /home/th1rt3en/DOCO/ws/install_rework/uav_bridge/include/uav_bridge/uav_control_logic.hpp
[1.096s] -- Up-to-date symlink: /home/th1rt3en/DOCO/ws/install_rework/uav_bridge/include/uav_bridge/uav_state_bridge_logic.hpp
[1.096s] -- Up-to-date symlink: /home/th1rt3en/DOCO/ws/install_rework/uav_bridge/share/ament_index/resource_index/package_run_dependencies/uav_bridge
[1.096s] -- Up-to-date symlink: /home/th1rt3en/DOCO/ws/install_rework/uav_bridge/share/ament_index/resource_index/parent_prefix_path/uav_bridge
[1.096s] -- Up-to-date symlink: /home/th1rt3en/DOCO/ws/install_rework/uav_bridge/share/uav_bridge/environment/ament_prefix_path.sh
[1.096s] -- Up-to-date symlink: /home/th1rt3en/DOCO/ws/install_rework/uav_bridge/share/uav_bridge/environment/ament_prefix_path.dsv
[1.096s] -- Up-to-date symlink: /home/th1rt3en/DOCO/ws/install_rework/uav_bridge/share/uav_bridge/environment/path.sh
[1.096s] -- Up-to-date symlink: /home/th1rt3en/DOCO/ws/install_rework/uav_bridge/share/uav_bridge/environment/path.dsv
[1.096s] -- Up-to-date symlink: /home/th1rt3en/DOCO/ws/install_rework/uav_bridge/share/uav_bridge/local_setup.bash
[1.097s] -- Up-to-date symlink: /home/th1rt3en/DOCO/ws/install_rework/uav_bridge/share/uav_bridge/local_setup.sh
[1.097s] -- Up-to-date symlink: /home/th1rt3en/DOCO/ws/install_rework/uav_bridge/share/uav_bridge/local_setup.zsh
[1.097s] -- Up-to-date symlink: /home/th1rt3en/DOCO/ws/install_rework/uav_bridge/share/uav_bridge/local_setup.dsv
[1.097s] -- Symlinking: /home/th1rt3en/DOCO/ws/install_rework/uav_bridge/share/uav_bridge/package.dsv
[1.107s] -- Up-to-date symlink: /home/th1rt3en/DOCO/ws/install_rework/uav_bridge/share/ament_index/resource_index/packages/uav_bridge
[1.107s] -- Up-to-date symlink: /home/th1rt3en/DOCO/ws/install_rework/uav_bridge/share/uav_bridge/cmake/uav_bridgeConfig.cmake
[1.107s] -- Up-to-date symlink: /home/th1rt3en/DOCO/ws/install_rework/uav_bridge/share/uav_bridge/cmake/uav_bridgeConfig-version.cmake
[1.107s] -- Up-to-date symlink: /home/th1rt3en/DOCO/ws/install_rework/uav_bridge/share/uav_bridge/package.xml
[1.109s] Invoked command in '/home/th1rt3en/DOCO/ws/build_rework/uav_bridge' returned '0': AMENT_PREFIX_PATH=/home/th1rt3en/DOCO/ws/install_rework/quadrotor_msgs:/home/th1rt3en/DOCO/ws/install_rework/px4_msgs:${AMENT_PREFIX_PATH} CMAKE_PREFIX_PATH=/home/th1rt3en/DOCO/ws/install_rework/quadrotor_msgs:/home/th1rt3en/DOCO/ws/install_rework/px4_msgs:/opt/ros/humble LD_LIBRARY_PATH=/home/th1rt3en/DOCO/ws/install_rework/quadrotor_msgs/lib:/home/th1rt3en/DOCO/ws/install_rework/px4_msgs/lib:${LD_LIBRARY_PATH} PYTHONPATH=/home/th1rt3en/DOCO/ws/install_rework/quadrotor_msgs/local/lib/python3.10/dist-packages:/home/th1rt3en/DOCO/ws/install_rework/px4_msgs/local/lib/python3.10/dist-packages:${PYTHONPATH} /usr/bin/cmake --install /home/th1rt3en/DOCO/ws/build_rework/uav_bridge
