[0.013s] Invoking command in '/home/th1rt3en/DOCO/ws/build_rework/uav_visual_landing': CMAKE_PREFIX_PATH=/home/th1rt3en/DOCO/ws/install_rework/px4_msgs:/home/th1rt3en/DOCO/ws/install_rework/uav_bringup:/home/th1rt3en/DOCO/ws/install_rework/sim_worlds:/home/th1rt3en/DOCO/ws/install_rework/ugv_sim_tools:/home/th1rt3en/DOCO/ws/install_rework/uav_visual_landing:/home/th1rt3en/DOCO/ws/install_rework/uav_description:/home/th1rt3en/DOCO/ws/install_rework/uav_bridge:/home/th1rt3en/DOCO/ws/install_rework/relative_position_fusion:/home/th1rt3en/DOCO/ws/install_rework/quadrotor_msgs:/opt/ros/humble LD_LIBRARY_PATH=/home/th1rt3en/DOCO/ws/install_rework/px4_msgs/lib:/home/th1rt3en/DOCO/ws/install_rework/uav_visual_landing/lib:/home/th1rt3en/DOCO/ws/install_rework/quadrotor_msgs/lib:/opt/ros/humble/opt/rviz_ogre_vendor/lib:/opt/ros/humble/lib/x86_64-linux-gnu:/opt/ros/humble/lib /usr/bin/cmake --build /home/th1rt3en/DOCO/ws/build_rework/uav_visual_landing -- -j16 -l16
[0.064s] [ 12%] Built target gtest
[0.064s] [  6%] Built target uav_visual_landing__cpp
[0.064s] [ 16%] Built target gtest_main
[0.064s] [ 18%] Built target uav_visual_landing__rosidl_generator_c
[0.073s] [ 18%] Built target ament_cmake_python_symlink_uav_visual_landing
[0.084s] [ 28%] Built target test_visual_landing_logic
[0.084s] [ 34%] Built target uav_visual_landing__rosidl_typesupport_c
[0.084s] [ 46%] Built target uav_visual_landing__rosidl_typesupport_introspection_c
[0.084s] [ 46%] Built target uav_visual_landing__rosidl_typesupport_fastrtps_c
[0.085s] [ 55%] Built target uav_visual_landing__rosidl_typesupport_introspection_cpp
[0.095s] [ 71%] Built target uav_visual_landing__rosidl_typesupport_cpp
[0.095s] [ 71%] Built target uav_visual_landing__rosidl_typesupport_fastrtps_cpp
[0.118s] [ 71%] Built target uav_visual_landing
[0.139s] [ 73%] Built target uav_visual_landing__py
[0.141s] [ 77%] Building CXX object CMakeFiles/aruco_detector_node.dir/src/aruco_detector_node.cpp.o
[0.141s] [ 79%] Built target visual_landing_node
[0.163s] [ 85%] Built target uav_visual_landing__rosidl_generator_py
[0.183s] [ 95%] Built target uav_visual_landing__rosidl_typesupport_c__pyext
[0.183s] [ 95%] Built target uav_visual_landing__rosidl_typesupport_introspection_c__pyext
[0.184s] [ 97%] Built target uav_visual_landing__rosidl_typesupport_fastrtps_c__pyext
[0.248s] running egg_info
[0.249s] writing uav_visual_landing.egg-info/PKG-INFO
[0.249s] writing dependency_links to uav_visual_landing.egg-info/dependency_links.txt
[0.249s] writing top-level names to uav_visual_landing.egg-info/top_level.txt
[0.251s] reading manifest file 'uav_visual_landing.egg-info/SOURCES.txt'
[0.251s] writing manifest file 'uav_visual_landing.egg-info/SOURCES.txt'
[0.276s] [ 97%] Built target ament_cmake_python_build_uav_visual_landing_egg
[10.964s] [100%] Linking CXX executable aruco_detector_node
[11.850s] [100%] Built target aruco_detector_node
[11.863s] Invoked command in '/home/th1rt3en/DOCO/ws/build_rework/uav_visual_landing' returned '0': CMAKE_PREFIX_PATH=/home/th1rt3en/DOCO/ws/install_rework/px4_msgs:/home/th1rt3en/DOCO/ws/install_rework/uav_bringup:/home/th1rt3en/DOCO/ws/install_rework/sim_worlds:/home/th1rt3en/DOCO/ws/install_rework/ugv_sim_tools:/home/th1rt3en/DOCO/ws/install_rework/uav_visual_landing:/home/th1rt3en/DOCO/ws/install_rework/uav_description:/home/th1rt3en/DOCO/ws/install_rework/uav_bridge:/home/th1rt3en/DOCO/ws/install_rework/relative_position_fusion:/home/th1rt3en/DOCO/ws/install_rework/quadrotor_msgs:/opt/ros/humble LD_LIBRARY_PATH=/home/th1rt3en/DOCO/ws/install_rework/px4_msgs/lib:/home/th1rt3en/DOCO/ws/install_rework/uav_visual_landing/lib:/home/th1rt3en/DOCO/ws/install_rework/quadrotor_msgs/lib:/opt/ros/humble/opt/rviz_ogre_vendor/lib:/opt/ros/humble/lib/x86_64-linux-gnu:/opt/ros/humble/lib /usr/bin/cmake --build /home/th1rt3en/DOCO/ws/build_rework/uav_visual_landing -- -j16 -l16
[11.874s] Invoking command in '/home/th1rt3en/DOCO/ws/build_rework/uav_visual_landing': CMAKE_PREFIX_PATH=/home/th1rt3en/DOCO/ws/install_rework/px4_msgs:/home/th1rt3en/DOCO/ws/install_rework/uav_bringup:/home/th1rt3en/DOCO/ws/install_rework/sim_worlds:/home/th1rt3en/DOCO/ws/install_rework/ugv_sim_tools:/home/th1rt3en/DOCO/ws/install_rework/uav_visual_landing:/home/th1rt3en/DOCO/ws/install_rework/uav_description:/home/th1rt3en/DOCO/ws/install_rework/uav_bridge:/home/th1rt3en/DOCO/ws/install_rework/relative_position_fusion:/home/th1rt3en/DOCO/ws/install_rework/quadrotor_msgs:/opt/ros/humble LD_LIBRARY_PATH=/home/th1rt3en/DOCO/ws/install_rework/px4_msgs/lib:/home/th1rt3en/DOCO/ws/install_rework/uav_visual_landing/lib:/home/th1rt3en/DOCO/ws/install_rework/quadrotor_msgs/lib:/opt/ros/humble/opt/rviz_ogre_vendor/lib:/opt/ros/humble/lib/x86_64-linux-gnu:/opt/ros/humble/lib /usr/bin/cmake --install /home/th1rt3en/DOCO/ws/build_rework/uav_visual_landing
[11.881s] -- Install configuration: ""
[11.881s] -- Execute custom install script
[11.881s] -- Up-to-date symlink: /home/th1rt3en/DOCO/ws/install_rework/uav_visual_landing/share/ament_index/resource_index/rosidl_interfaces/uav_visual_landing
[11.882s] -- Up-to-date symlink: /home/th1rt3en/DOCO/ws/install_rework/uav_visual_landing/include/uav_visual_landing/uav_visual_landing/msg/detail/landing_controller_state__functions.h
[11.882s] -- Up-to-date symlink: /home/th1rt3en/DOCO/ws/install_rework/uav_visual_landing/include/uav_visual_landing/uav_visual_landing/msg/detail/landing_controller_state__struct.h
[11.882s] -- Up-to-date symlink: /home/th1rt3en/DOCO/ws/install_rework/uav_visual_landing/include/uav_visual_landing/uav_visual_landing/msg/detail/landing_controller_state__type_support.h
[11.882s] -- Up-to-date symlink: /home/th1rt3en/DOCO/ws/install_rework/uav_visual_landing/include/uav_visual_landing/uav_visual_landing/msg/detail/target_observation__functions.h
[11.882s] -- Up-to-date symlink: /home/th1rt3en/DOCO/ws/install_rework/uav_visual_landing/include/uav_visual_landing/uav_visual_landing/msg/detail/target_observation__struct.h
[11.883s] -- Up-to-date symlink: /home/th1rt3en/DOCO/ws/install_rework/uav_visual_landing/include/uav_visual_landing/uav_visual_landing/msg/detail/target_observation__type_support.h
[11.883s] -- Up-to-date symlink: /home/th1rt3en/DOCO/ws/install_rework/uav_visual_landing/include/uav_visual_landing/uav_visual_landing/msg/landing_controller_state.h
[11.883s] -- Up-to-date symlink: /home/th1rt3en/DOCO/ws/install_rework/uav_visual_landing/include/uav_visual_landing/uav_visual_landing/msg/rosidl_generator_c__visibility_control.h
[11.883s] -- Up-to-date symlink: /home/th1rt3en/DOCO/ws/install_rework/uav_visual_landing/include/uav_visual_landing/uav_visual_landing/msg/target_observation.h
[11.883s] -- Up-to-date symlink: /home/th1rt3en/DOCO/ws/install_rework/uav_visual_landing/share/uav_visual_landing/environment/library_path.sh
[11.883s] -- Up-to-date symlink: /home/th1rt3en/DOCO/ws/install_rework/uav_visual_landing/share/uav_visual_landing/environment/library_path.dsv
[11.883s] -- Up-to-date symlink: /home/th1rt3en/DOCO/ws/install_rework/uav_visual_landing/include/uav_visual_landing/uav_visual_landing/msg/detail/landing_controller_state__rosidl_typesupport_fastrtps_c.h
[11.883s] -- Up-to-date symlink: /home/th1rt3en/DOCO/ws/install_rework/uav_visual_landing/include/uav_visual_landing/uav_visual_landing/msg/detail/target_observation__rosidl_typesupport_fastrtps_c.h
[11.883s] -- Up-to-date symlink: /home/th1rt3en/DOCO/ws/install_rework/uav_visual_landing/include/uav_visual_landing/uav_visual_landing/msg/rosidl_typesupport_fastrtps_c__visibility_control.h
[11.884s] -- Up-to-date symlink: /home/th1rt3en/DOCO/ws/install_rework/uav_visual_landing/include/uav_visual_landing/uav_visual_landing/msg/detail/landing_controller_state__builder.hpp
[11.884s] -- Up-to-date symlink: /home/th1rt3en/DOCO/ws/install_rework/uav_visual_landing/include/uav_visual_landing/uav_visual_landing/msg/detail/landing_controller_state__struct.hpp
[11.884s] -- Up-to-date symlink: /home/th1rt3en/DOCO/ws/install_rework/uav_visual_landing/include/uav_visual_landing/uav_visual_landing/msg/detail/landing_controller_state__traits.hpp
[11.884s] -- Up-to-date symlink: /home/th1rt3en/DOCO/ws/install_rework/uav_visual_landing/include/uav_visual_landing/uav_visual_landing/msg/detail/landing_controller_state__type_support.hpp
[11.884s] -- Up-to-date symlink: /home/th1rt3en/DOCO/ws/install_rework/uav_visual_landing/include/uav_visual_landing/uav_visual_landing/msg/detail/target_observation__builder.hpp
[11.884s] -- Up-to-date symlink: /home/th1rt3en/DOCO/ws/install_rework/uav_visual_landing/include/uav_visual_landing/uav_visual_landing/msg/detail/target_observation__struct.hpp
[11.884s] -- Up-to-date symlink: /home/th1rt3en/DOCO/ws/install_rework/uav_visual_landing/include/uav_visual_landing/uav_visual_landing/msg/detail/target_observation__traits.hpp
[11.884s] -- Up-to-date symlink: /home/th1rt3en/DOCO/ws/install_rework/uav_visual_landing/include/uav_visual_landing/uav_visual_landing/msg/detail/target_observation__type_support.hpp
[11.884s] -- Up-to-date symlink: /home/th1rt3en/DOCO/ws/install_rework/uav_visual_landing/include/uav_visual_landing/uav_visual_landing/msg/landing_controller_state.hpp
[11.884s] -- Up-to-date symlink: /home/th1rt3en/DOCO/ws/install_rework/uav_visual_landing/include/uav_visual_landing/uav_visual_landing/msg/rosidl_generator_cpp__visibility_control.hpp
[11.884s] -- Up-to-date symlink: /home/th1rt3en/DOCO/ws/install_rework/uav_visual_landing/include/uav_visual_landing/uav_visual_landing/msg/target_observation.hpp
[11.885s] -- Up-to-date symlink: /home/th1rt3en/DOCO/ws/install_rework/uav_visual_landing/include/uav_visual_landing/uav_visual_landing/msg/detail/landing_controller_state__rosidl_typesupport_fastrtps_cpp.hpp
[11.885s] -- Up-to-date symlink: /home/th1rt3en/DOCO/ws/install_rework/uav_visual_landing/include/uav_visual_landing/uav_visual_landing/msg/detail/target_observation__rosidl_typesupport_fastrtps_cpp.hpp
[11.885s] -- Up-to-date symlink: /home/th1rt3en/DOCO/ws/install_rework/uav_visual_landing/include/uav_visual_landing/uav_visual_landing/msg/rosidl_typesupport_fastrtps_cpp__visibility_control.h
[11.885s] -- Up-to-date symlink: /home/th1rt3en/DOCO/ws/install_rework/uav_visual_landing/include/uav_visual_landing/uav_visual_landing/msg/detail/landing_controller_state__rosidl_typesupport_introspection_c.h
[11.885s] -- Up-to-date symlink: /home/th1rt3en/DOCO/ws/install_rework/uav_visual_landing/include/uav_visual_landing/uav_visual_landing/msg/detail/target_observation__rosidl_typesupport_introspection_c.h
[11.885s] -- Up-to-date symlink: /home/th1rt3en/DOCO/ws/install_rework/uav_visual_landing/include/uav_visual_landing/uav_visual_landing/msg/rosidl_typesupport_introspection_c__visibility_control.h
[11.885s] -- Up-to-date symlink: /home/th1rt3en/DOCO/ws/install_rework/uav_visual_landing/include/uav_visual_landing/uav_visual_landing/msg/detail/landing_controller_state__rosidl_typesupport_introspection_cpp.hpp
[11.886s] -- Up-to-date symlink: /home/th1rt3en/DOCO/ws/install_rework/uav_visual_landing/include/uav_visual_landing/uav_visual_landing/msg/detail/target_observation__rosidl_typesupport_introspection_cpp.hpp
[11.886s] -- Up-to-date symlink: /home/th1rt3en/DOCO/ws/install_rework/uav_visual_landing/share/uav_visual_landing/environment/pythonpath.sh
[11.886s] -- Up-to-date symlink: /home/th1rt3en/DOCO/ws/install_rework/uav_visual_landing/share/uav_visual_landing/environment/pythonpath.dsv
[11.886s] -- Up-to-date symlink: /home/th1rt3en/DOCO/ws/install_rework/uav_visual_landing/local/lib/python3.10/dist-packages/uav_visual_landing-0.0.0-py3.10.egg-info/PKG-INFO
[11.886s] -- Up-to-date symlink: /home/th1rt3en/DOCO/ws/install_rework/uav_visual_landing/local/lib/python3.10/dist-packages/uav_visual_landing-0.0.0-py3.10.egg-info/SOURCES.txt
[11.886s] -- Up-to-date symlink: /home/th1rt3en/DOCO/ws/install_rework/uav_visual_landing/local/lib/python3.10/dist-packages/uav_visual_landing-0.0.0-py3.10.egg-info/dependency_links.txt
[11.886s] -- Up-to-date symlink: /home/th1rt3en/DOCO/ws/install_rework/uav_visual_landing/local/lib/python3.10/dist-packages/uav_visual_landing-0.0.0-py3.10.egg-info/top_level.txt
[11.887s] -- Up-to-date symlink: /home/th1rt3en/DOCO/ws/install_rework/uav_visual_landing/local/lib/python3.10/dist-packages/uav_visual_landing/__init__.py
[11.887s] -- Up-to-date symlink: /home/th1rt3en/DOCO/ws/install_rework/uav_visual_landing/local/lib/python3.10/dist-packages/uav_visual_landing/_uav_visual_landing_s.ep.rosidl_typesupport_c.c
[11.887s] -- Up-to-date symlink: /home/th1rt3en/DOCO/ws/install_rework/uav_visual_landing/local/lib/python3.10/dist-packages/uav_visual_landing/_uav_visual_landing_s.ep.rosidl_typesupport_fastrtps_c.c
[11.887s] -- Up-to-date symlink: /home/th1rt3en/DOCO/ws/install_rework/uav_visual_landing/local/lib/python3.10/dist-packages/uav_visual_landing/_uav_visual_landing_s.ep.rosidl_typesupport_introspection_c.c
[11.887s] -- Up-to-date symlink: /home/th1rt3en/DOCO/ws/install_rework/uav_visual_landing/local/lib/python3.10/dist-packages/uav_visual_landing/libuav_visual_landing__rosidl_generator_py.so
[11.887s] -- Up-to-date symlink: /home/th1rt3en/DOCO/ws/install_rework/uav_visual_landing/local/lib/python3.10/dist-packages/uav_visual_landing/msg/__init__.py
[11.887s] -- Up-to-date symlink: /home/th1rt3en/DOCO/ws/install_rework/uav_visual_landing/local/lib/python3.10/dist-packages/uav_visual_landing/msg/_landing_controller_state.py
[11.887s] -- Up-to-date symlink: /home/th1rt3en/DOCO/ws/install_rework/uav_visual_landing/local/lib/python3.10/dist-packages/uav_visual_landing/msg/_landing_controller_state_s.c
[11.887s] -- Up-to-date symlink: /home/th1rt3en/DOCO/ws/install_rework/uav_visual_landing/local/lib/python3.10/dist-packages/uav_visual_landing/msg/_target_observation.py
[11.887s] -- Up-to-date symlink: /home/th1rt3en/DOCO/ws/install_rework/uav_visual_landing/local/lib/python3.10/dist-packages/uav_visual_landing/msg/_target_observation_s.c
[11.888s] -- Up-to-date symlink: /home/th1rt3en/DOCO/ws/install_rework/uav_visual_landing/local/lib/python3.10/dist-packages/uav_visual_landing/uav_visual_landing_s__rosidl_typesupport_c.cpython-310-x86_64-linux-gnu.so
[11.888s] -- Up-to-date symlink: /home/th1rt3en/DOCO/ws/install_rework/uav_visual_landing/local/lib/python3.10/dist-packages/uav_visual_landing/uav_visual_landing_s__rosidl_typesupport_fastrtps_c.cpython-310-x86_64-linux-gnu.so
[11.888s] -- Up-to-date symlink: /home/th1rt3en/DOCO/ws/install_rework/uav_visual_landing/local/lib/python3.10/dist-packages/uav_visual_landing/uav_visual_landing_s__rosidl_typesupport_introspection_c.cpython-310-x86_64-linux-gnu.so
[11.888s] -- Up-to-date symlink: /home/th1rt3en/DOCO/ws/install_rework/uav_visual_landing/local/lib/python3.10/dist-packages/uav_visual_landing/uav_visual_landing_s__rosidl_typesupport_fastrtps_c.cpython-310-x86_64-linux-gnu.so
[11.888s] -- Up-to-date symlink: /home/th1rt3en/DOCO/ws/install_rework/uav_visual_landing/local/lib/python3.10/dist-packages/uav_visual_landing/uav_visual_landing_s__rosidl_typesupport_introspection_c.cpython-310-x86_64-linux-gnu.so
[11.888s] -- Up-to-date symlink: /home/th1rt3en/DOCO/ws/install_rework/uav_visual_landing/local/lib/python3.10/dist-packages/uav_visual_landing/uav_visual_landing_s__rosidl_typesupport_c.cpython-310-x86_64-linux-gnu.so
[11.888s] -- Up-to-date symlink: /home/th1rt3en/DOCO/ws/install_rework/uav_visual_landing/share/uav_visual_landing/msg/TargetObservation.idl
[11.889s] -- Up-to-date symlink: /home/th1rt3en/DOCO/ws/install_rework/uav_visual_landing/share/uav_visual_landing/msg/LandingControllerState.idl
[11.889s] -- Up-to-date symlink: /home/th1rt3en/DOCO/ws/install_rework/uav_visual_landing/share/uav_visual_landing/msg/TargetObservation.msg
[11.889s] -- Up-to-date symlink: /home/th1rt3en/DOCO/ws/install_rework/uav_visual_landing/share/uav_visual_landing/msg/LandingControllerState.msg
[11.889s] -- Up-to-date symlink: /home/th1rt3en/DOCO/ws/install_rework/uav_visual_landing/lib/uav_visual_landing/aruco_detector_node
[11.889s] -- Up-to-date symlink: /home/th1rt3en/DOCO/ws/install_rework/uav_visual_landing/lib/uav_visual_landing/visual_landing_node
[11.889s] -- Up-to-date symlink: /home/th1rt3en/DOCO/ws/install_rework/uav_visual_landing/share/uav_visual_landing/config/visual_landing_stable.yaml
[11.890s] -- Up-to-date symlink: /home/th1rt3en/DOCO/ws/install_rework/uav_visual_landing/include/uav_visual_landing/visual_landing_logic.hpp
[11.890s] -- Up-to-date symlink: /home/th1rt3en/DOCO/ws/install_rework/uav_visual_landing/share/ament_index/resource_index/package_run_dependencies/uav_visual_landing
[11.890s] -- Up-to-date symlink: /home/th1rt3en/DOCO/ws/install_rework/uav_visual_landing/share/ament_index/resource_index/parent_prefix_path/uav_visual_landing
[11.890s] -- Up-to-date symlink: /home/th1rt3en/DOCO/ws/install_rework/uav_visual_landing/share/uav_visual_landing/environment/ament_prefix_path.sh
[11.890s] -- Up-to-date symlink: /home/th1rt3en/DOCO/ws/install_rework/uav_visual_landing/share/uav_visual_landing/environment/ament_prefix_path.dsv
[11.890s] -- Up-to-date symlink: /home/th1rt3en/DOCO/ws/install_rework/uav_visual_landing/share/uav_visual_landing/environment/path.sh
[11.890s] -- Up-to-date symlink: /home/th1rt3en/DOCO/ws/install_rework/uav_visual_landing/share/uav_visual_landing/environment/path.dsv
[11.890s] -- Up-to-date symlink: /home/th1rt3en/DOCO/ws/install_rework/uav_visual_landing/share/uav_visual_landing/local_setup.bash
[11.891s] -- Up-to-date symlink: /home/th1rt3en/DOCO/ws/install_rework/uav_visual_landing/share/uav_visual_landing/local_setup.sh
[11.891s] -- Up-to-date symlink: /home/th1rt3en/DOCO/ws/install_rework/uav_visual_landing/share/uav_visual_landing/local_setup.zsh
[11.891s] -- Up-to-date symlink: /home/th1rt3en/DOCO/ws/install_rework/uav_visual_landing/share/uav_visual_landing/local_setup.dsv
[11.891s] -- Symlinking: /home/th1rt3en/DOCO/ws/install_rework/uav_visual_landing/share/uav_visual_landing/package.dsv
[11.901s] -- Up-to-date symlink: /home/th1rt3en/DOCO/ws/install_rework/uav_visual_landing/share/ament_index/resource_index/packages/uav_visual_landing
[11.901s] -- Up-to-date symlink: /home/th1rt3en/DOCO/ws/install_rework/uav_visual_landing/share/uav_visual_landing/cmake/rosidl_cmake-extras.cmake
[11.901s] -- Up-to-date symlink: /home/th1rt3en/DOCO/ws/install_rework/uav_visual_landing/share/uav_visual_landing/cmake/ament_cmake_export_dependencies-extras.cmake
[11.901s] -- Up-to-date symlink: /home/th1rt3en/DOCO/ws/install_rework/uav_visual_landing/share/uav_visual_landing/cmake/ament_cmake_export_include_directories-extras.cmake
[11.901s] -- Up-to-date symlink: /home/th1rt3en/DOCO/ws/install_rework/uav_visual_landing/share/uav_visual_landing/cmake/ament_cmake_export_libraries-extras.cmake
[11.901s] -- Up-to-date symlink: /home/th1rt3en/DOCO/ws/install_rework/uav_visual_landing/share/uav_visual_landing/cmake/ament_cmake_export_targets-extras.cmake
[11.901s] -- Up-to-date symlink: /home/th1rt3en/DOCO/ws/install_rework/uav_visual_landing/share/uav_visual_landing/cmake/rosidl_cmake_export_typesupport_targets-extras.cmake
[11.901s] -- Up-to-date symlink: /home/th1rt3en/DOCO/ws/install_rework/uav_visual_landing/share/uav_visual_landing/cmake/rosidl_cmake_export_typesupport_libraries-extras.cmake
[11.901s] -- Up-to-date symlink: /home/th1rt3en/DOCO/ws/install_rework/uav_visual_landing/share/uav_visual_landing/cmake/uav_visual_landingConfig.cmake
[11.901s] -- Up-to-date symlink: /home/th1rt3en/DOCO/ws/install_rework/uav_visual_landing/share/uav_visual_landing/cmake/uav_visual_landingConfig-version.cmake
[11.901s] -- Up-to-date symlink: /home/th1rt3en/DOCO/ws/install_rework/uav_visual_landing/share/uav_visual_landing/package.xml
[11.902s] -- Up-to-date: /home/th1rt3en/DOCO/ws/install_rework/uav_visual_landing/lib/libuav_visual_landing__rosidl_generator_c.so
[11.902s] -- Up-to-date: /home/th1rt3en/DOCO/ws/install_rework/uav_visual_landing/lib/libuav_visual_landing__rosidl_typesupport_fastrtps_c.so
[11.902s] -- Up-to-date: /home/th1rt3en/DOCO/ws/install_rework/uav_visual_landing/lib/libuav_visual_landing__rosidl_typesupport_fastrtps_cpp.so
[11.902s] -- Up-to-date: /home/th1rt3en/DOCO/ws/install_rework/uav_visual_landing/lib/libuav_visual_landing__rosidl_typesupport_introspection_c.so
[11.903s] -- Up-to-date: /home/th1rt3en/DOCO/ws/install_rework/uav_visual_landing/lib/libuav_visual_landing__rosidl_typesupport_c.so
[11.903s] -- Up-to-date: /home/th1rt3en/DOCO/ws/install_rework/uav_visual_landing/lib/libuav_visual_landing__rosidl_typesupport_introspection_cpp.so
[11.903s] -- Up-to-date: /home/th1rt3en/DOCO/ws/install_rework/uav_visual_landing/lib/libuav_visual_landing__rosidl_typesupport_cpp.so
[11.929s] Listing '/home/th1rt3en/DOCO/ws/install_rework/uav_visual_landing/local/lib/python3.10/dist-packages/uav_visual_landing'...
[11.929s] Listing '/home/th1rt3en/DOCO/ws/install_rework/uav_visual_landing/local/lib/python3.10/dist-packages/uav_visual_landing/msg'...
[11.933s] -- Up-to-date: /home/th1rt3en/DOCO/ws/install_rework/uav_visual_landing/lib/libuav_visual_landing__rosidl_generator_py.so
[11.934s] -- Up-to-date: /home/th1rt3en/DOCO/ws/install_rework/uav_visual_landing/share/uav_visual_landing/cmake/export_uav_visual_landing__rosidl_generator_cExport.cmake
[11.934s] -- Up-to-date: /home/th1rt3en/DOCO/ws/install_rework/uav_visual_landing/share/uav_visual_landing/cmake/export_uav_visual_landing__rosidl_generator_cExport-noconfig.cmake
[11.934s] -- Up-to-date: /home/th1rt3en/DOCO/ws/install_rework/uav_visual_landing/share/uav_visual_landing/cmake/export_uav_visual_landing__rosidl_typesupport_fastrtps_cExport.cmake
[11.934s] -- Up-to-date: /home/th1rt3en/DOCO/ws/install_rework/uav_visual_landing/share/uav_visual_landing/cmake/export_uav_visual_landing__rosidl_typesupport_fastrtps_cExport-noconfig.cmake
[11.935s] -- Up-to-date: /home/th1rt3en/DOCO/ws/install_rework/uav_visual_landing/share/uav_visual_landing/cmake/export_uav_visual_landing__rosidl_generator_cppExport.cmake
[11.935s] -- Up-to-date: /home/th1rt3en/DOCO/ws/install_rework/uav_visual_landing/share/uav_visual_landing/cmake/export_uav_visual_landing__rosidl_typesupport_fastrtps_cppExport.cmake
[11.935s] -- Up-to-date: /home/th1rt3en/DOCO/ws/install_rework/uav_visual_landing/share/uav_visual_landing/cmake/export_uav_visual_landing__rosidl_typesupport_fastrtps_cppExport-noconfig.cmake
[11.935s] -- Up-to-date: /home/th1rt3en/DOCO/ws/install_rework/uav_visual_landing/share/uav_visual_landing/cmake/uav_visual_landing__rosidl_typesupport_introspection_cExport.cmake
[11.935s] -- Up-to-date: /home/th1rt3en/DOCO/ws/install_rework/uav_visual_landing/share/uav_visual_landing/cmake/uav_visual_landing__rosidl_typesupport_introspection_cExport-noconfig.cmake
[11.935s] -- Up-to-date: /home/th1rt3en/DOCO/ws/install_rework/uav_visual_landing/share/uav_visual_landing/cmake/uav_visual_landing__rosidl_typesupport_cExport.cmake
[11.935s] -- Up-to-date: /home/th1rt3en/DOCO/ws/install_rework/uav_visual_landing/share/uav_visual_landing/cmake/uav_visual_landing__rosidl_typesupport_cExport-noconfig.cmake
[11.935s] -- Up-to-date: /home/th1rt3en/DOCO/ws/install_rework/uav_visual_landing/share/uav_visual_landing/cmake/uav_visual_landing__rosidl_typesupport_introspection_cppExport.cmake
[11.935s] -- Up-to-date: /home/th1rt3en/DOCO/ws/install_rework/uav_visual_landing/share/uav_visual_landing/cmake/uav_visual_landing__rosidl_typesupport_introspection_cppExport-noconfig.cmake
[11.935s] -- Up-to-date: /home/th1rt3en/DOCO/ws/install_rework/uav_visual_landing/share/uav_visual_landing/cmake/uav_visual_landing__rosidl_typesupport_cppExport.cmake
[11.935s] -- Up-to-date: /home/th1rt3en/DOCO/ws/install_rework/uav_visual_landing/share/uav_visual_landing/cmake/uav_visual_landing__rosidl_typesupport_cppExport-noconfig.cmake
[11.935s] -- Up-to-date: /home/th1rt3en/DOCO/ws/install_rework/uav_visual_landing/share/uav_visual_landing/cmake/export_uav_visual_landing__rosidl_generator_pyExport.cmake
[11.935s] -- Up-to-date: /home/th1rt3en/DOCO/ws/install_rework/uav_visual_landing/share/uav_visual_landing/cmake/export_uav_visual_landing__rosidl_generator_pyExport-noconfig.cmake
[11.937s] Invoked command in '/home/th1rt3en/DOCO/ws/build_rework/uav_visual_landing' returned '0': CMAKE_PREFIX_PATH=/home/th1rt3en/DOCO/ws/install_rework/px4_msgs:/home/th1rt3en/DOCO/ws/install_rework/uav_bringup:/home/th1rt3en/DOCO/ws/install_rework/sim_worlds:/home/th1rt3en/DOCO/ws/install_rework/ugv_sim_tools:/home/th1rt3en/DOCO/ws/install_rework/uav_visual_landing:/home/th1rt3en/DOCO/ws/install_rework/uav_description:/home/th1rt3en/DOCO/ws/install_rework/uav_bridge:/home/th1rt3en/DOCO/ws/install_rework/relative_position_fusion:/home/th1rt3en/DOCO/ws/install_rework/quadrotor_msgs:/opt/ros/humble LD_LIBRARY_PATH=/home/th1rt3en/DOCO/ws/install_rework/px4_msgs/lib:/home/th1rt3en/DOCO/ws/install_rework/uav_visual_landing/lib:/home/th1rt3en/DOCO/ws/install_rework/quadrotor_msgs/lib:/opt/ros/humble/opt/rviz_ogre_vendor/lib:/opt/ros/humble/lib/x86_64-linux-gnu:/opt/ros/humble/lib /usr/bin/cmake --install /home/th1rt3en/DOCO/ws/build_rework/uav_visual_landing
