Built target ament_cmake_python_symlink_uav_bringup
running egg_info
writing uav_bringup.egg-info/PKG-INFO
writing dependency_links to uav_bringup.egg-info/dependency_links.txt
writing top-level names to uav_bringup.egg-info/top_level.txt
reading manifest file 'uav_bringup.egg-info/SOURCES.txt'
writing manifest file 'uav_bringup.egg-info/SOURCES.txt'
Built target ament_cmake_python_build_uav_bringup_egg
-- Install configuration: ""
-- Execute custom install script
-- Up-to-date symlink: /home/th1rt3en/DOCO/ws/install_rework/uav_bringup/share/uav_bringup/environment/pythonpath.sh
-- Up-to-date symlink: /home/th1rt3en/DOCO/ws/install_rework/uav_bringup/share/uav_bringup/environment/pythonpath.dsv
-- Up-to-date symlink: /home/th1rt3en/DOCO/ws/install_rework/uav_bringup/local/lib/python3.10/dist-packages/uav_bringup-0.1.0-py3.10.egg-info/PKG-INFO
-- Up-to-date symlink: /home/th1rt3en/DOCO/ws/install_rework/uav_bringup/local/lib/python3.10/dist-packages/uav_bringup-0.1.0-py3.10.egg-info/SOURCES.txt
-- Up-to-date symlink: /home/th1rt3en/DOCO/ws/install_rework/uav_bringup/local/lib/python3.10/dist-packages/uav_bringup-0.1.0-py3.10.egg-info/dependency_links.txt
-- Up-to-date symlink: /home/th1rt3en/DOCO/ws/install_rework/uav_bringup/local/lib/python3.10/dist-packages/uav_bringup-0.1.0-py3.10.egg-info/top_level.txt
-- Up-to-date symlink: /home/th1rt3en/DOCO/ws/install_rework/uav_bringup/local/lib/python3.10/dist-packages/uav_bringup/__init__.py
-- Up-to-date symlink: /home/th1rt3en/DOCO/ws/install_rework/uav_bringup/local/lib/python3.10/dist-packages/uav_bringup/profile_defaults.py
-- Up-to-date symlink: /home/th1rt3en/DOCO/ws/install_rework/uav_bringup/lib/uav_bringup/run_px4_gz_uav.sh
-- Up-to-date symlink: /home/th1rt3en/DOCO/ws/install_rework/uav_bringup/share/uav_bringup/launch/__pycache__/gz_sim.launch.cpython-310.pyc
-- Up-to-date symlink: /home/th1rt3en/DOCO/ws/install_rework/uav_bringup/share/uav_bringup/launch/__pycache__/profile_defaults.cpython-310.pyc
-- Symlinking: /home/th1rt3en/DOCO/ws/install_rework/uav_bringup/share/uav_bringup/launch/__pycache__/sitl_uav.launch.cpython-310.pyc
-- Up-to-date symlink: /home/th1rt3en/DOCO/ws/install_rework/uav_bringup/share/uav_bringup/launch/__pycache__/sitl_uav_ego.launch.cpython-310.pyc
-- Up-to-date symlink: /home/th1rt3en/DOCO/ws/install_rework/uav_bringup/share/uav_bringup/launch/gz_sim.launch.py
-- Up-to-date symlink: /home/th1rt3en/DOCO/ws/install_rework/uav_bringup/share/uav_bringup/launch/hw_mono_camera.launch.py
-- Symlinking: /home/th1rt3en/DOCO/ws/install_rework/uav_bringup/share/uav_bringup/launch/hw_visual_landing.launch.py
-- Up-to-date symlink: /home/th1rt3en/DOCO/ws/install_rework/uav_bringup/share/uav_bringup/launch/profile_defaults.py
-- Up-to-date symlink: /home/th1rt3en/DOCO/ws/install_rework/uav_bringup/share/uav_bringup/launch/px4_planar_odom.launch.py
-- Up-to-date symlink: /home/th1rt3en/DOCO/ws/install_rework/uav_bringup/share/uav_bringup/launch/sitl_uav.launch.py
-- Up-to-date symlink: /home/th1rt3en/DOCO/ws/install_rework/uav_bringup/share/uav_bringup/config/px4/airframes/4901_gz_uav
-- Up-to-date symlink: /home/th1rt3en/DOCO/ws/install_rework/uav_bringup/share/uav_bringup/config/px4/rc/frames/hw_uav.params
-- Up-to-date symlink: /home/th1rt3en/DOCO/ws/install_rework/uav_bringup/share/uav_bringup/config/px4/rc/px4-rc.params
-- Up-to-date symlink: /home/th1rt3en/DOCO/ws/install_rework/uav_bringup/share/uav_bringup/config/rviz/sitl_uav.rviz
-- Up-to-date symlink: /home/th1rt3en/DOCO/ws/install_rework/uav_bringup/share/uav_bringup/config/sim/uav.env
-- Up-to-date symlink: /home/th1rt3en/DOCO/ws/install_rework/uav_bringup/share/ament_index/resource_index/package_run_dependencies/uav_bringup
-- Up-to-date symlink: /home/th1rt3en/DOCO/ws/install_rework/uav_bringup/share/ament_index/resource_index/parent_prefix_path/uav_bringup
-- Up-to-date symlink: /home/th1rt3en/DOCO/ws/install_rework/uav_bringup/share/uav_bringup/environment/ament_prefix_path.sh
-- Up-to-date symlink: /home/th1rt3en/DOCO/ws/install_rework/uav_bringup/share/uav_bringup/environment/ament_prefix_path.dsv
-- Up-to-date symlink: /home/th1rt3en/DOCO/ws/install_rework/uav_bringup/share/uav_bringup/environment/path.sh
-- Up-to-date symlink: /home/th1rt3en/DOCO/ws/install_rework/uav_bringup/share/uav_bringup/environment/path.dsv
-- Up-to-date symlink: /home/th1rt3en/DOCO/ws/install_rework/uav_bringup/share/uav_bringup/local_setup.bash
-- Up-to-date symlink: /home/th1rt3en/DOCO/ws/install_rework/uav_bringup/share/uav_bringup/local_setup.sh
-- Up-to-date symlink: /home/th1rt3en/DOCO/ws/install_rework/uav_bringup/share/uav_bringup/local_setup.zsh
-- Up-to-date symlink: /home/th1rt3en/DOCO/ws/install_rework/uav_bringup/share/uav_bringup/local_setup.dsv
-- Symlinking: /home/th1rt3en/DOCO/ws/install_rework/uav_bringup/share/uav_bringup/package.dsv
-- Up-to-date symlink: /home/th1rt3en/DOCO/ws/install_rework/uav_bringup/share/ament_index/resource_index/packages/uav_bringup
-- Up-to-date symlink: /home/th1rt3en/DOCO/ws/install_rework/uav_bringup/share/uav_bringup/cmake/uav_bringupConfig.cmake
-- Up-to-date symlink: /home/th1rt3en/DOCO/ws/install_rework/uav_bringup/share/uav_bringup/cmake/uav_bringupConfig-version.cmake
-- Up-to-date symlink: /home/th1rt3en/DOCO/ws/install_rework/uav_bringup/share/uav_bringup/package.xml
Listing '/home/th1rt3en/DOCO/ws/install_rework/uav_bringup/local/lib/python3.10/dist-packages/uav_bringup'...
