[0.017s] Invoking command in '/home/th1rt3en/DOCO/ws/build_rework/uav_bridge': CMAKE_PREFIX_PATH=/home/th1rt3en/DOCO/ws/install_rework/quadrotor_msgs:/home/th1rt3en/DOCO/ws/install_rework/px4_msgs:/home/th1rt3en/DOCO/ws/install_rework/uav_bringup:/home/th1rt3en/DOCO/ws/install_rework/sim_worlds:/home/th1rt3en/DOCO/ws/install_rework/ugv_sim_tools:/home/th1rt3en/DOCO/ws/install_rework/uav_visual_landing:/home/th1rt3en/DOCO/ws/install_rework/uav_description:/home/th1rt3en/DOCO/ws/install_rework/uav_bridge:/home/th1rt3en/DOCO/ws/install_rework/relative_position_fusion:/opt/ros/humble LD_LIBRARY_PATH=/home/th1rt3en/DOCO/ws/install_rework/quadrotor_msgs/lib:/home/th1rt3en/DOCO/ws/install_rework/px4_msgs/lib:/home/th1rt3en/DOCO/ws/install_rework/uav_visual_landing/lib:/opt/ros/humble/opt/rviz_ogre_vendor/lib:/opt/ros/humble/lib/x86_64-linux-gnu:/opt/ros/humble/lib /usr/bin/cmake --build /home/th1rt3en/DOCO/ws/build_rework/uav_bridge -- -j16 -l16
[0.069s] Consolidate compiler generated dependencies of target mono_camera_source_node
[0.086s] Consolidate compiler generated dependencies of target uav_control_node
[0.090s] [  4%] Building CXX object CMakeFiles/mono_camera_source_node.dir/src/mono_camera_source_node.cpp.o
[0.090s] [  6%] Built target uav_bridge_uav_state_bridge_logic
[0.099s] [ 11%] Built target uav_bridge_px4_odom_adapter_logic
[0.099s] [ 16%] Built target mono_camera_bridge_node
[0.102s] [ 20%] Built target tf_bridge_node
[0.103s] [ 25%] Built target rangefinder_bridge_node
[0.111s] [ 30%] Built target optical_flow_bridge_node
[0.111s] [ 44%] Built target fmu_topic_namespace_bridge_node
[0.111s] [ 44%] Built target px4_planar_state_reader_node
[0.112s] [ 44%] Built target stereo_camera_bridge_node
[0.115s] [ 62%] Built target gtest
[0.115s] [ 60%] Built target offboard_bridge_node
[0.115s] [ 67%] Built target gtest_main
[0.121s] [ 74%] Built target uav_control_node
[0.135s] [ 79%] Built target px4_odom_adapter_node
[0.136s] [ 83%] Built target uav_state_bridge_node
[0.145s] [ 93%] Built target test_uav_state_bridge_logic
[0.145s] [ 93%] Built target test_uav_control_logic
[0.145s] [ 97%] Built target test_px4_odom_adapter_logic
[4.669s] [100%] Linking CXX executable mono_camera_source_node
[5.135s] [100%] Built target mono_camera_source_node
[5.148s] Invoked command in '/home/th1rt3en/DOCO/ws/build_rework/uav_bridge' returned '0': CMAKE_PREFIX_PATH=/home/th1rt3en/DOCO/ws/install_rework/quadrotor_msgs:/home/th1rt3en/DOCO/ws/install_rework/px4_msgs:/home/th1rt3en/DOCO/ws/install_rework/uav_bringup:/home/th1rt3en/DOCO/ws/install_rework/sim_worlds:/home/th1rt3en/DOCO/ws/install_rework/ugv_sim_tools:/home/th1rt3en/DOCO/ws/install_rework/uav_visual_landing:/home/th1rt3en/DOCO/ws/install_rework/uav_description:/home/th1rt3en/DOCO/ws/install_rework/uav_bridge:/home/th1rt3en/DOCO/ws/install_rework/relative_position_fusion:/opt/ros/humble LD_LIBRARY_PATH=/home/th1rt3en/DOCO/ws/install_rework/quadrotor_msgs/lib:/home/th1rt3en/DOCO/ws/install_rework/px4_msgs/lib:/home/th1rt3en/DOCO/ws/install_rework/uav_visual_landing/lib:/opt/ros/humble/opt/rviz_ogre_vendor/lib:/opt/ros/humble/lib/x86_64-linux-gnu:/opt/ros/humble/lib /usr/bin/cmake --build /home/th1rt3en/DOCO/ws/build_rework/uav_bridge -- -j16 -l16
[5.149s] Invoking command in '/home/th1rt3en/DOCO/ws/build_rework/uav_bridge': CMAKE_PREFIX_PATH=/home/th1rt3en/DOCO/ws/install_rework/quadrotor_msgs:/home/th1rt3en/DOCO/ws/install_rework/px4_msgs:/home/th1rt3en/DOCO/ws/install_rework/uav_bringup:/home/th1rt3en/DOCO/ws/install_rework/sim_worlds:/home/th1rt3en/DOCO/ws/install_rework/ugv_sim_tools:/home/th1rt3en/DOCO/ws/install_rework/uav_visual_landing:/home/th1rt3en/DOCO/ws/install_rework/uav_description:/home/th1rt3en/DOCO/ws/install_rework/uav_bridge:/home/th1rt3en/DOCO/ws/install_rework/relative_position_fusion:/opt/ros/humble LD_LIBRARY_PATH=/home/th1rt3en/DOCO/ws/install_rework/quadrotor_msgs/lib:/home/th1rt3en/DOCO/ws/install_rework/px4_msgs/lib:/home/th1rt3en/DOCO/ws/install_rework/uav_visual_landing/lib:/opt/ros/humble/opt/rviz_ogre_vendor/lib:/opt/ros/humble/lib/x86_64-linux-gnu:/opt/ros/humble/lib /usr/bin/cmake --install /home/th1rt3en/DOCO/ws/build_rework/uav_bridge
[5.157s] -- Install configuration: ""
[5.157s] -- Execute custom install script
[5.157s] -- Up-to-date symlink: /home/th1rt3en/DOCO/ws/install_rework/uav_bridge/lib/uav_bridge/libuav_bridge_px4_odom_adapter_logic.a
[5.158s] -- Up-to-date symlink: /home/th1rt3en/DOCO/ws/install_rework/uav_bridge/lib/uav_bridge/mono_camera_bridge_node
[5.158s] -- Symlinking: /home/th1rt3en/DOCO/ws/install_rework/uav_bridge/lib/uav_bridge/mono_camera_source_node
[5.167s] -- Up-to-date symlink: /home/th1rt3en/DOCO/ws/install_rework/uav_bridge/lib/uav_bridge/stereo_camera_bridge_node
[5.167s] -- Up-to-date symlink: /home/th1rt3en/DOCO/ws/install_rework/uav_bridge/lib/uav_bridge/tf_bridge_node
[5.168s] -- Up-to-date symlink: /home/th1rt3en/DOCO/ws/install_rework/uav_bridge/lib/uav_bridge/offboard_bridge_node
[5.168s] -- Up-to-date symlink: /home/th1rt3en/DOCO/ws/install_rework/uav_bridge/lib/uav_bridge/rangefinder_bridge_node
[5.168s] -- Up-to-date symlink: /home/th1rt3en/DOCO/ws/install_rework/uav_bridge/lib/uav_bridge/optical_flow_bridge_node
[5.168s] -- Up-to-date symlink: /home/th1rt3en/DOCO/ws/install_rework/uav_bridge/lib/uav_bridge/px4_planar_state_reader_node
[5.168s] -- Up-to-date symlink: /home/th1rt3en/DOCO/ws/install_rework/uav_bridge/lib/uav_bridge/px4_odom_adapter_node
[5.168s] -- Up-to-date symlink: /home/th1rt3en/DOCO/ws/install_rework/uav_bridge/lib/uav_bridge/uav_state_bridge_node
[5.168s] -- Up-to-date symlink: /home/th1rt3en/DOCO/ws/install_rework/uav_bridge/lib/uav_bridge/uav_control_node
[5.168s] -- Up-to-date symlink: /home/th1rt3en/DOCO/ws/install_rework/uav_bridge/lib/uav_bridge/fmu_topic_namespace_bridge_node
[5.168s] -- Up-to-date symlink: /home/th1rt3en/DOCO/ws/install_rework/uav_bridge/include/uav_bridge/flight_mode_manager.hpp
[5.168s] -- Up-to-date symlink: /home/th1rt3en/DOCO/ws/install_rework/uav_bridge/include/uav_bridge/frame_aligner.hpp
[5.168s] -- Up-to-date symlink: /home/th1rt3en/DOCO/ws/install_rework/uav_bridge/include/uav_bridge/gz_topic_utils.hpp
[5.168s] -- Up-to-date symlink: /home/th1rt3en/DOCO/ws/install_rework/uav_bridge/include/uav_bridge/math_utils.hpp
[5.169s] -- Up-to-date symlink: /home/th1rt3en/DOCO/ws/install_rework/uav_bridge/include/uav_bridge/px4_commander.hpp
[5.169s] -- Up-to-date symlink: /home/th1rt3en/DOCO/ws/install_rework/uav_bridge/include/uav_bridge/px4_odom_adapter_logic.hpp
[5.169s] -- Up-to-date symlink: /home/th1rt3en/DOCO/ws/install_rework/uav_bridge/include/uav_bridge/uav_control_logic.hpp
[5.169s] -- Up-to-date symlink: /home/th1rt3en/DOCO/ws/install_rework/uav_bridge/include/uav_bridge/uav_state_bridge_logic.hpp
[5.169s] -- Up-to-date symlink: /home/th1rt3en/DOCO/ws/install_rework/uav_bridge/share/ament_index/resource_index/package_run_dependencies/uav_bridge
[5.169s] -- Up-to-date symlink: /home/th1rt3en/DOCO/ws/install_rework/uav_bridge/share/ament_index/resource_index/parent_prefix_path/uav_bridge
[5.169s] -- Up-to-date symlink: /home/th1rt3en/DOCO/ws/install_rework/uav_bridge/share/uav_bridge/environment/ament_prefix_path.sh
[5.170s] -- Up-to-date symlink: /home/th1rt3en/DOCO/ws/install_rework/uav_bridge/share/uav_bridge/environment/ament_prefix_path.dsv
[5.170s] -- Up-to-date symlink: /home/th1rt3en/DOCO/ws/install_rework/uav_bridge/share/uav_bridge/environment/path.sh
[5.170s] -- Up-to-date symlink: /home/th1rt3en/DOCO/ws/install_rework/uav_bridge/share/uav_bridge/environment/path.dsv
[5.170s] -- Up-to-date symlink: /home/th1rt3en/DOCO/ws/install_rework/uav_bridge/share/uav_bridge/local_setup.bash
[5.170s] -- Up-to-date symlink: /home/th1rt3en/DOCO/ws/install_rework/uav_bridge/share/uav_bridge/local_setup.sh
[5.170s] -- Up-to-date symlink: /home/th1rt3en/DOCO/ws/install_rework/uav_bridge/share/uav_bridge/local_setup.zsh
[5.170s] -- Up-to-date symlink: /home/th1rt3en/DOCO/ws/install_rework/uav_bridge/share/uav_bridge/local_setup.dsv
[5.171s] -- Symlinking: /home/th1rt3en/DOCO/ws/install_rework/uav_bridge/share/uav_bridge/package.dsv
[5.182s] -- Up-to-date symlink: /home/th1rt3en/DOCO/ws/install_rework/uav_bridge/share/ament_index/resource_index/packages/uav_bridge
[5.182s] -- Up-to-date symlink: /home/th1rt3en/DOCO/ws/install_rework/uav_bridge/share/uav_bridge/cmake/uav_bridgeConfig.cmake
[5.182s] -- Up-to-date symlink: /home/th1rt3en/DOCO/ws/install_rework/uav_bridge/share/uav_bridge/cmake/uav_bridgeConfig-version.cmake
[5.182s] -- Up-to-date symlink: /home/th1rt3en/DOCO/ws/install_rework/uav_bridge/share/uav_bridge/package.xml
[5.185s] Invoked command in '/home/th1rt3en/DOCO/ws/build_rework/uav_bridge' returned '0': CMAKE_PREFIX_PATH=/home/th1rt3en/DOCO/ws/install_rework/quadrotor_msgs:/home/th1rt3en/DOCO/ws/install_rework/px4_msgs:/home/th1rt3en/DOCO/ws/install_rework/uav_bringup:/home/th1rt3en/DOCO/ws/install_rework/sim_worlds:/home/th1rt3en/DOCO/ws/install_rework/ugv_sim_tools:/home/th1rt3en/DOCO/ws/install_rework/uav_visual_landing:/home/th1rt3en/DOCO/ws/install_rework/uav_description:/home/th1rt3en/DOCO/ws/install_rework/uav_bridge:/home/th1rt3en/DOCO/ws/install_rework/relative_position_fusion:/opt/ros/humble LD_LIBRARY_PATH=/home/th1rt3en/DOCO/ws/install_rework/quadrotor_msgs/lib:/home/th1rt3en/DOCO/ws/install_rework/px4_msgs/lib:/home/th1rt3en/DOCO/ws/install_rework/uav_visual_landing/lib:/opt/ros/humble/opt/rviz_ogre_vendor/lib:/opt/ros/humble/lib/x86_64-linux-gnu:/opt/ros/humble/lib /usr/bin/cmake --install /home/th1rt3en/DOCO/ws/build_rework/uav_bridge
