-- The C compiler identification is GNU 11.4.0
-- The CXX compiler identification is GNU 11.4.0
-- Detecting C compiler ABI info
-- Detecting C compiler ABI info - done
-- Check for working C compiler: /usr/bin/cc - skipped
-- Detecting C compile features
-- Detecting C compile features - done
-- Detecting CXX compiler ABI info
-- Detecting CXX compiler ABI info - done
-- Check for working CXX compiler: /usr/bin/c++ - skipped
-- Detecting CXX compile features
-- Detecting CXX compile features - done
-- Found ament_cmake: 1.3.13 (/opt/ros/humble/share/ament_cmake/cmake)
-- Found Python3: /usr/bin/python3 (found version "3.10.12") found components: Interpreter 
-- Override CMake install command with custom implementation using symlinks instead of copying resources
-- Found ament_cmake_gtest: 1.3.13 (/opt/ros/humble/share/ament_cmake_gtest/cmake)
-- Found rclcpp: 16.0.18 (/opt/ros/humble/share/rclcpp/cmake)
-- Found rosidl_generator_c: 3.1.8 (/opt/ros/humble/share/rosidl_generator_c/cmake)
-- Found rosidl_adapter: 3.1.8 (/opt/ros/humble/share/rosidl_adapter/cmake)
-- Found rosidl_generator_cpp: 3.1.8 (/opt/ros/humble/share/rosidl_generator_cpp/cmake)
-- Using all available rosidl_typesupport_c: rosidl_typesupport_fastrtps_c;rosidl_typesupport_introspection_c
-- Using all available rosidl_typesupport_cpp: rosidl_typesupport_fastrtps_cpp;rosidl_typesupport_introspection_cpp
-- Found rmw_implementation_cmake: 6.1.2 (/opt/ros/humble/share/rmw_implementation_cmake/cmake)
-- Found rmw_fastrtps_cpp: 6.2.10 (/opt/ros/humble/share/rmw_fastrtps_cpp/cmake)
-- Found OpenSSL: /usr/lib/x86_64-linux-gnu/libcrypto.so (found version "3.0.2")  
-- Found FastRTPS: /opt/ros/humble/include  
-- Using RMW implementation 'rmw_fastrtps_cpp' as default
-- Looking for pthread.h
-- Looking for pthread.h - found
-- Performing Test CMAKE_HAVE_LIBC_PTHREAD
-- Performing Test CMAKE_HAVE_LIBC_PTHREAD - Success
-- Found Threads: TRUE  
-- Found sensor_msgs: 4.9.1 (/opt/ros/humble/share/sensor_msgs/cmake)
-- Found nav_msgs: 4.9.1 (/opt/ros/humble/share/nav_msgs/cmake)
-- Found px4_msgs: 2.0.1 (/home/th1rt3en/DOCO/ws/install_rework/px4_msgs/share/px4_msgs/cmake)
-- Found rosidl_default_generators: 1.2.0 (/opt/ros/humble/share/rosidl_default_generators/cmake)
-- Found std_srvs: 4.9.1 (/opt/ros/humble/share/std_srvs/cmake)
-- Found cv_bridge: 3.2.1 (/opt/ros/humble/share/cv_bridge/cmake)
-- Found image_transport: 3.1.12 (/opt/ros/humble/share/image_transport/cmake)
-- Found OpenCV: /usr (found version "4.5.4") found components: core imgproc calib3d aruco 
-- Found ament_cmake_ros: 0.10.0 (/opt/ros/humble/share/ament_cmake_ros/cmake)
-- Using all available rosidl_typesupport_c: rosidl_typesupport_fastrtps_c;rosidl_typesupport_introspection_c
-- Using all available rosidl_typesupport_cpp: rosidl_typesupport_fastrtps_cpp;rosidl_typesupport_introspection_cpp
-- Found PythonInterp: /usr/bin/python3 (found suitable version "3.10.12", minimum required is "3.6") 
-- Found python_cmake_module: 0.10.0 (/opt/ros/humble/share/python_cmake_module/cmake)
-- Found PythonLibs: /usr/lib/x86_64-linux-gnu/libpython3.10.so (found suitable version "3.10.12", minimum required is "3.5") 
-- Using PYTHON_EXECUTABLE: /usr/bin/python3
-- Using PYTHON_INCLUDE_DIRS: /usr/include/python3.10
-- Using PYTHON_LIBRARIES: /usr/lib/x86_64-linux-gnu/libpython3.10.so
-- Found PythonExtra: .so  
-- Found ament_lint_auto: 0.12.15 (/opt/ros/humble/share/ament_lint_auto/cmake)
-- Found gtest sources under '/opt/ros/humble/src/gtest_vendor': C++ tests using 'Google Test' will be built
-- Added test 'cppcheck' to perform static code analysis on C / C++ code
-- Configured cppcheck include dirs: /home/th1rt3en/DOCO/ws/src/uav_visual_landing/include
-- Configured cppcheck exclude dirs and/or files: 
-- Added test 'lint_cmake' to check CMake code style
-- Added test 'uncrustify' to check C / C++ code style
-- Configured uncrustify additional arguments: 
-- Added test 'xmllint' to check XML markup files
-- Configuring done
-- Generating done
-- Build files have been written to: /home/th1rt3en/DOCO/ws/build_rework/uav_visual_landing
[  2%] Generating C code for ROS interfaces
[  6%] Building CXX object gtest/CMakeFiles/gtest.dir/src/gtest-all.cc.o
[  6%] Building CXX object gtest/CMakeFiles/gtest_main.dir/src/gtest_main.cc.o
[  8%] Generating C++ code for ROS interfaces
[  8%] Built target ament_cmake_python_symlink_uav_visual_landing
running egg_info
creating uav_visual_landing.egg-info
writing uav_visual_landing.egg-info/PKG-INFO
writing dependency_links to uav_visual_landing.egg-info/dependency_links.txt
writing top-level names to uav_visual_landing.egg-info/top_level.txt
writing manifest file 'uav_visual_landing.egg-info/SOURCES.txt'
reading manifest file 'uav_visual_landing.egg-info/SOURCES.txt'
writing manifest file 'uav_visual_landing.egg-info/SOURCES.txt'
[ 10%] Built target ament_cmake_python_build_uav_visual_landing_egg
[ 10%] Building C object CMakeFiles/uav_visual_landing__rosidl_generator_c.dir/rosidl_generator_c/uav_visual_landing/msg/detail/target_observation__functions.c.o
[ 12%] Building C object CMakeFiles/uav_visual_landing__rosidl_generator_c.dir/rosidl_generator_c/uav_visual_landing/msg/detail/landing_controller_state__functions.c.o
[ 14%] Linking C shared library libuav_visual_landing__rosidl_generator_c.so
[ 14%] Built target uav_visual_landing__rosidl_generator_c
[ 16%] Generating C introspection for ROS interfaces
[ 18%] Generating C type support for eProsima Fast-RTPS
[ 20%] Generating C type support dispatch for ROS interfaces
[ 20%] Built target uav_visual_landing__cpp
[ 22%] Generating C++ type support dispatch for ROS interfaces
[ 24%] Generating C++ introspection for ROS interfaces
[ 26%] Generating C++ type support for eProsima Fast-RTPS
[ 28%] Building CXX object CMakeFiles/uav_visual_landing__rosidl_typesupport_cpp.dir/rosidl_typesupport_cpp/uav_visual_landing/msg/target_observation__type_support.cpp.o
[ 30%] Building CXX object CMakeFiles/uav_visual_landing__rosidl_typesupport_cpp.dir/rosidl_typesupport_cpp/uav_visual_landing/msg/landing_controller_state__type_support.cpp.o
[ 32%] Building CXX object CMakeFiles/uav_visual_landing__rosidl_typesupport_fastrtps_cpp.dir/rosidl_typesupport_fastrtps_cpp/uav_visual_landing/msg/detail/dds_fastrtps/target_observation__type_support.cpp.o
[ 34%] Building CXX object CMakeFiles/uav_visual_landing__rosidl_typesupport_fastrtps_cpp.dir/rosidl_typesupport_fastrtps_cpp/uav_visual_landing/msg/detail/dds_fastrtps/landing_controller_state__type_support.cpp.o
[ 36%] Building C object CMakeFiles/uav_visual_landing__rosidl_typesupport_introspection_c.dir/rosidl_typesupport_introspection_c/uav_visual_landing/msg/detail/target_observation__type_support.c.o
[ 38%] Building C object CMakeFiles/uav_visual_landing__rosidl_typesupport_introspection_c.dir/rosidl_typesupport_introspection_c/uav_visual_landing/msg/detail/landing_controller_state__type_support.c.o
[ 40%] Building CXX object CMakeFiles/uav_visual_landing__rosidl_typesupport_fastrtps_c.dir/rosidl_typesupport_fastrtps_c/uav_visual_landing/msg/detail/target_observation__type_support_c.cpp.o
[ 42%] Building CXX object CMakeFiles/uav_visual_landing__rosidl_typesupport_fastrtps_c.dir/rosidl_typesupport_fastrtps_c/uav_visual_landing/msg/detail/landing_controller_state__type_support_c.cpp.o
[ 44%] Building CXX object CMakeFiles/uav_visual_landing__rosidl_typesupport_c.dir/rosidl_typesupport_c/uav_visual_landing/msg/target_observation__type_support.cpp.o
[ 46%] Building CXX object CMakeFiles/uav_visual_landing__rosidl_typesupport_c.dir/rosidl_typesupport_c/uav_visual_landing/msg/landing_controller_state__type_support.cpp.o
[ 48%] Linking C shared library libuav_visual_landing__rosidl_typesupport_introspection_c.so
[ 51%] Linking CXX shared library libuav_visual_landing__rosidl_typesupport_c.so
[ 51%] Built target uav_visual_landing__rosidl_typesupport_introspection_c
[ 51%] Built target uav_visual_landing__rosidl_typesupport_c
[ 53%] Building CXX object CMakeFiles/uav_visual_landing__rosidl_typesupport_introspection_cpp.dir/rosidl_typesupport_introspection_cpp/uav_visual_landing/msg/detail/target_observation__type_support.cpp.o
[ 55%] Building CXX object CMakeFiles/uav_visual_landing__rosidl_typesupport_introspection_cpp.dir/rosidl_typesupport_introspection_cpp/uav_visual_landing/msg/detail/landing_controller_state__type_support.cpp.o
[ 57%] Linking CXX shared library libuav_visual_landing__rosidl_typesupport_cpp.so
[ 57%] Built target uav_visual_landing__rosidl_typesupport_cpp
[ 59%] Linking CXX static library libgtest_main.a
[ 61%] Linking CXX shared library libuav_visual_landing__rosidl_typesupport_introspection_cpp.so
[ 61%] Built target gtest_main
[ 63%] Linking CXX shared library libuav_visual_landing__rosidl_typesupport_fastrtps_cpp.so
[ 65%] Linking CXX shared library libuav_visual_landing__rosidl_typesupport_fastrtps_c.so
[ 65%] Built target uav_visual_landing__rosidl_typesupport_introspection_cpp
[ 65%] Built target uav_visual_landing__rosidl_typesupport_fastrtps_cpp
[ 65%] Built target uav_visual_landing__rosidl_typesupport_fastrtps_c
[ 65%] Built target uav_visual_landing
[ 67%] Generating Python code for ROS interfaces
[ 69%] Building CXX object CMakeFiles/aruco_detector_node.dir/src/aruco_detector_node.cpp.o
[ 71%] Building CXX object CMakeFiles/visual_landing_node.dir/src/visual_landing_node.cpp.o
[ 71%] Built target uav_visual_landing__py
[ 73%] Building C object CMakeFiles/uav_visual_landing__rosidl_generator_py.dir/rosidl_generator_py/uav_visual_landing/msg/_target_observation_s.c.o
[ 75%] Building C object CMakeFiles/uav_visual_landing__rosidl_generator_py.dir/rosidl_generator_py/uav_visual_landing/msg/_landing_controller_state_s.c.o
[ 77%] Linking C shared library rosidl_generator_py/uav_visual_landing/libuav_visual_landing__rosidl_generator_py.so
[ 77%] Built target uav_visual_landing__rosidl_generator_py
[ 79%] Building C object CMakeFiles/uav_visual_landing__rosidl_typesupport_introspection_c__pyext.dir/rosidl_generator_py/uav_visual_landing/_uav_visual_landing_s.ep.rosidl_typesupport_introspection_c.c.o
[ 81%] Building C object CMakeFiles/uav_visual_landing__rosidl_typesupport_fastrtps_c__pyext.dir/rosidl_generator_py/uav_visual_landing/_uav_visual_landing_s.ep.rosidl_typesupport_fastrtps_c.c.o
[ 83%] Building C object CMakeFiles/uav_visual_landing__rosidl_typesupport_c__pyext.dir/rosidl_generator_py/uav_visual_landing/_uav_visual_landing_s.ep.rosidl_typesupport_c.c.o
[ 85%] Linking C shared library rosidl_generator_py/uav_visual_landing/uav_visual_landing_s__rosidl_typesupport_fastrtps_c.cpython-310-x86_64-linux-gnu.so
[ 87%] Linking C shared library rosidl_generator_py/uav_visual_landing/uav_visual_landing_s__rosidl_typesupport_introspection_c.cpython-310-x86_64-linux-gnu.so
[ 89%] Linking C shared library rosidl_generator_py/uav_visual_landing/uav_visual_landing_s__rosidl_typesupport_c.cpython-310-x86_64-linux-gnu.so
[ 89%] Built target uav_visual_landing__rosidl_typesupport_fastrtps_c__pyext
[ 89%] Built target uav_visual_landing__rosidl_typesupport_introspection_c__pyext
[ 89%] Built target uav_visual_landing__rosidl_typesupport_c__pyext
[ 91%] Linking CXX static library libgtest.a
[ 91%] Built target gtest
[ 93%] Building CXX object CMakeFiles/test_visual_landing_logic.dir/test/test_visual_landing_logic.cpp.o
[ 95%] Linking CXX executable test_visual_landing_logic
[ 95%] Built target test_visual_landing_logic
[ 97%] Linking CXX executable aruco_detector_node
[ 97%] Built target aruco_detector_node
