[0.009s] Invoking command in '/home/th1rt3en/DOCO/ws/build_rework/uav_visual_landing': AMENT_PREFIX_PATH=/home/th1rt3en/DOCO/ws/install_rework/px4_msgs:${AMENT_PREFIX_PATH} CMAKE_PREFIX_PATH=/home/th1rt3en/DOCO/ws/install_rework/px4_msgs:/opt/ros/humble LD_LIBRARY_PATH=/home/th1rt3en/DOCO/ws/install_rework/px4_msgs/lib:${LD_LIBRARY_PATH} PYTHONPATH=/home/th1rt3en/DOCO/ws/install_rework/px4_msgs/local/lib/python3.10/dist-packages:${PYTHONPATH} /usr/bin/cmake /home/th1rt3en/DOCO/ws/src/uav_visual_landing -DAMENT_CMAKE_SYMLINK_INSTALL=1 -DCMAKE_INSTALL_PREFIX=/home/th1rt3en/DOCO/ws/install_rework/uav_visual_landing
[0.057s] -- The C compiler identification is GNU 11.4.0
[0.101s] -- The CXX compiler identification is GNU 11.4.0
[0.107s] -- Detecting C compiler ABI info
[0.171s] -- Detecting C compiler ABI info - done
[0.176s] -- Check for working C compiler: /usr/bin/cc - skipped
[0.176s] -- Detecting C compile features
[0.176s] -- Detecting C compile features - done
[0.178s] -- Detecting CXX compiler ABI info
[0.252s] -- Detecting CXX compiler ABI info - done
[0.258s] -- Check for working CXX compiler: /usr/bin/c++ - skipped
[0.258s] -- Detecting CXX compile features
[0.258s] -- Detecting CXX compile features - done
[0.259s] -- Found ament_cmake: 1.3.13 (/opt/ros/humble/share/ament_cmake/cmake)
[0.389s] -- Found Python3: /usr/bin/python3 (found version "3.10.12") found components: Interpreter 
[0.449s] -- Override CMake install command with custom implementation using symlinks instead of copying resources
[0.467s] -- Found ament_cmake_gtest: 1.3.13 (/opt/ros/humble/share/ament_cmake_gtest/cmake)
[0.468s] -- Found rclcpp: 16.0.18 (/opt/ros/humble/share/rclcpp/cmake)
[0.497s] -- Found rosidl_generator_c: 3.1.8 (/opt/ros/humble/share/rosidl_generator_c/cmake)
[0.499s] -- Found rosidl_adapter: 3.1.8 (/opt/ros/humble/share/rosidl_adapter/cmake)
[0.505s] -- Found rosidl_generator_cpp: 3.1.8 (/opt/ros/humble/share/rosidl_generator_cpp/cmake)
[0.513s] -- Using all available rosidl_typesupport_c: rosidl_typesupport_fastrtps_c;rosidl_typesupport_introspection_c
[0.523s] -- Using all available rosidl_typesupport_cpp: rosidl_typesupport_fastrtps_cpp;rosidl_typesupport_introspection_cpp
[0.552s] -- Found rmw_implementation_cmake: 6.1.2 (/opt/ros/humble/share/rmw_implementation_cmake/cmake)
[0.553s] -- Found rmw_fastrtps_cpp: 6.2.10 (/opt/ros/humble/share/rmw_fastrtps_cpp/cmake)
[0.633s] -- Found OpenSSL: /usr/lib/x86_64-linux-gnu/libcrypto.so (found version "3.0.2")  
[0.658s] -- Found FastRTPS: /opt/ros/humble/include  
[0.695s] -- Using RMW implementation 'rmw_fastrtps_cpp' as default
[0.701s] -- Looking for pthread.h
[0.765s] -- Looking for pthread.h - found
[0.765s] -- Performing Test CMAKE_HAVE_LIBC_PTHREAD
[0.831s] -- Performing Test CMAKE_HAVE_LIBC_PTHREAD - Success
[0.832s] -- Found Threads: TRUE  
[0.867s] -- Found sensor_msgs: 4.9.1 (/opt/ros/humble/share/sensor_msgs/cmake)
[0.887s] -- Found nav_msgs: 4.9.1 (/opt/ros/humble/share/nav_msgs/cmake)
[0.897s] -- Found px4_msgs: 2.0.1 (/home/th1rt3en/DOCO/ws/install_rework/px4_msgs/share/px4_msgs/cmake)
[0.905s] -- Found rosidl_default_generators: 1.2.0 (/opt/ros/humble/share/rosidl_default_generators/cmake)
[0.912s] -- Found std_srvs: 4.9.1 (/opt/ros/humble/share/std_srvs/cmake)
[0.918s] -- Found cv_bridge: 3.2.1 (/opt/ros/humble/share/cv_bridge/cmake)
[0.926s] -- Found image_transport: 3.1.12 (/opt/ros/humble/share/image_transport/cmake)
[0.954s] -- Found OpenCV: /usr (found version "4.5.4") found components: core imgproc calib3d aruco 
[1.157s] -- Found ament_cmake_ros: 0.10.0 (/opt/ros/humble/share/ament_cmake_ros/cmake)
[1.456s] -- Using all available rosidl_typesupport_c: rosidl_typesupport_fastrtps_c;rosidl_typesupport_introspection_c
[1.643s] -- Using all available rosidl_typesupport_cpp: rosidl_typesupport_fastrtps_cpp;rosidl_typesupport_introspection_cpp
[1.698s] -- Found PythonInterp: /usr/bin/python3 (found suitable version "3.10.12", minimum required is "3.6") 
[1.706s] -- Found python_cmake_module: 0.10.0 (/opt/ros/humble/share/python_cmake_module/cmake)
[1.769s] -- Found PythonLibs: /usr/lib/x86_64-linux-gnu/libpython3.10.so (found suitable version "3.10.12", minimum required is "3.5") 
[1.769s] -- Using PYTHON_EXECUTABLE: /usr/bin/python3
[1.769s] -- Using PYTHON_INCLUDE_DIRS: /usr/include/python3.10
[1.769s] -- Using PYTHON_LIBRARIES: /usr/lib/x86_64-linux-gnu/libpython3.10.so
[1.837s] -- Found PythonExtra: .so  
[1.987s] -- Found ament_lint_auto: 0.12.15 (/opt/ros/humble/share/ament_lint_auto/cmake)
[2.020s] -- Found gtest sources under '/opt/ros/humble/src/gtest_vendor': C++ tests using 'Google Test' will be built
[2.054s] -- Added test 'cppcheck' to perform static code analysis on C / C++ code
[2.055s] -- Configured cppcheck include dirs: /home/th1rt3en/DOCO/ws/src/uav_visual_landing/include
[2.055s] -- Configured cppcheck exclude dirs and/or files: 
[2.061s] -- Added test 'lint_cmake' to check CMake code style
[2.062s] -- Added test 'uncrustify' to check C / C++ code style
[2.062s] -- Configured uncrustify additional arguments: 
[2.062s] -- Added test 'xmllint' to check XML markup files
[2.072s] -- Configuring done
[2.208s] -- Generating done
[2.253s] -- Build files have been written to: /home/th1rt3en/DOCO/ws/build_rework/uav_visual_landing
[2.300s] Invoked command in '/home/th1rt3en/DOCO/ws/build_rework/uav_visual_landing' returned '0': AMENT_PREFIX_PATH=/home/th1rt3en/DOCO/ws/install_rework/px4_msgs:${AMENT_PREFIX_PATH} CMAKE_PREFIX_PATH=/home/th1rt3en/DOCO/ws/install_rework/px4_msgs:/opt/ros/humble LD_LIBRARY_PATH=/home/th1rt3en/DOCO/ws/install_rework/px4_msgs/lib:${LD_LIBRARY_PATH} PYTHONPATH=/home/th1rt3en/DOCO/ws/install_rework/px4_msgs/local/lib/python3.10/dist-packages:${PYTHONPATH} /usr/bin/cmake /home/th1rt3en/DOCO/ws/src/uav_visual_landing -DAMENT_CMAKE_SYMLINK_INSTALL=1 -DCMAKE_INSTALL_PREFIX=/home/th1rt3en/DOCO/ws/install_rework/uav_visual_landing
[2.306s] Invoking command in '/home/th1rt3en/DOCO/ws/build_rework/uav_visual_landing': AMENT_PREFIX_PATH=/home/th1rt3en/DOCO/ws/install_rework/px4_msgs:${AMENT_PREFIX_PATH} CMAKE_PREFIX_PATH=/home/th1rt3en/DOCO/ws/install_rework/px4_msgs:/opt/ros/humble LD_LIBRARY_PATH=/home/th1rt3en/DOCO/ws/install_rework/px4_msgs/lib:${LD_LIBRARY_PATH} PYTHONPATH=/home/th1rt3en/DOCO/ws/install_rework/px4_msgs/local/lib/python3.10/dist-packages:${PYTHONPATH} /usr/bin/cmake --build /home/th1rt3en/DOCO/ws/build_rework/uav_visual_landing -- -j16 -l16
[2.442s] [  2%] Generating C code for ROS interfaces
[2.482s] [  6%] Building CXX object gtest/CMakeFiles/gtest.dir/src/gtest-all.cc.o
[2.482s] [  6%] Building CXX object gtest/CMakeFiles/gtest_main.dir/src/gtest_main.cc.o
[2.489s] [  8%] Generating C++ code for ROS interfaces
[2.502s] [  8%] Built target ament_cmake_python_symlink_uav_visual_landing
[3.028s] running egg_info
[3.034s] creating uav_visual_landing.egg-info
[3.034s] writing uav_visual_landing.egg-info/PKG-INFO
[3.034s] writing dependency_links to uav_visual_landing.egg-info/dependency_links.txt
[3.034s] writing top-level names to uav_visual_landing.egg-info/top_level.txt
[3.034s] writing manifest file 'uav_visual_landing.egg-info/SOURCES.txt'
[3.038s] reading manifest file 'uav_visual_landing.egg-info/SOURCES.txt'
[3.039s] writing manifest file 'uav_visual_landing.egg-info/SOURCES.txt'
[3.173s] [ 10%] Built target ament_cmake_python_build_uav_visual_landing_egg
[3.174s] [ 10%] Building C object CMakeFiles/uav_visual_landing__rosidl_generator_c.dir/rosidl_generator_c/uav_visual_landing/msg/detail/target_observation__functions.c.o
[3.175s] [ 12%] Building C object CMakeFiles/uav_visual_landing__rosidl_generator_c.dir/rosidl_generator_c/uav_visual_landing/msg/detail/landing_controller_state__functions.c.o
[3.304s] [ 14%] Linking C shared library libuav_visual_landing__rosidl_generator_c.so
[3.423s] [ 14%] Built target uav_visual_landing__rosidl_generator_c
[3.451s] [ 16%] Generating C introspection for ROS interfaces
[3.458s] [ 18%] Generating C type support for eProsima Fast-RTPS
[3.460s] [ 20%] Generating C type support dispatch for ROS interfaces
[3.483s] [ 20%] Built target uav_visual_landing__cpp
[3.522s] [ 22%] Generating C++ type support dispatch for ROS interfaces
[3.523s] [ 24%] Generating C++ introspection for ROS interfaces
[3.524s] [ 26%] Generating C++ type support for eProsima Fast-RTPS
[4.140s] [ 28%] Building CXX object CMakeFiles/uav_visual_landing__rosidl_typesupport_cpp.dir/rosidl_typesupport_cpp/uav_visual_landing/msg/target_observation__type_support.cpp.o
[4.141s] [ 30%] Building CXX object CMakeFiles/uav_visual_landing__rosidl_typesupport_cpp.dir/rosidl_typesupport_cpp/uav_visual_landing/msg/landing_controller_state__type_support.cpp.o
[4.193s] [ 32%] Building CXX object CMakeFiles/uav_visual_landing__rosidl_typesupport_fastrtps_cpp.dir/rosidl_typesupport_fastrtps_cpp/uav_visual_landing/msg/detail/dds_fastrtps/target_observation__type_support.cpp.o
[4.206s] [ 34%] Building CXX object CMakeFiles/uav_visual_landing__rosidl_typesupport_fastrtps_cpp.dir/rosidl_typesupport_fastrtps_cpp/uav_visual_landing/msg/detail/dds_fastrtps/landing_controller_state__type_support.cpp.o
[4.219s] [ 36%] Building C object CMakeFiles/uav_visual_landing__rosidl_typesupport_introspection_c.dir/rosidl_typesupport_introspection_c/uav_visual_landing/msg/detail/target_observation__type_support.c.o
[4.227s] [ 38%] Building C object CMakeFiles/uav_visual_landing__rosidl_typesupport_introspection_c.dir/rosidl_typesupport_introspection_c/uav_visual_landing/msg/detail/landing_controller_state__type_support.c.o
[4.256s] [ 40%] Building CXX object CMakeFiles/uav_visual_landing__rosidl_typesupport_fastrtps_c.dir/rosidl_typesupport_fastrtps_c/uav_visual_landing/msg/detail/target_observation__type_support_c.cpp.o
[4.263s] [ 42%] Building CXX object CMakeFiles/uav_visual_landing__rosidl_typesupport_fastrtps_c.dir/rosidl_typesupport_fastrtps_c/uav_visual_landing/msg/detail/landing_controller_state__type_support_c.cpp.o
[4.270s] [ 44%] Building CXX object CMakeFiles/uav_visual_landing__rosidl_typesupport_c.dir/rosidl_typesupport_c/uav_visual_landing/msg/target_observation__type_support.cpp.o
[4.286s] [ 46%] Building CXX object CMakeFiles/uav_visual_landing__rosidl_typesupport_c.dir/rosidl_typesupport_c/uav_visual_landing/msg/landing_controller_state__type_support.cpp.o
[4.360s] [ 48%] Linking C shared library libuav_visual_landing__rosidl_typesupport_introspection_c.so
[4.402s] [ 51%] Linking CXX shared library libuav_visual_landing__rosidl_typesupport_c.so
[4.487s] [ 51%] Built target uav_visual_landing__rosidl_typesupport_introspection_c
[4.550s] [ 51%] Built target uav_visual_landing__rosidl_typesupport_c
[4.605s] [ 53%] Building CXX object CMakeFiles/uav_visual_landing__rosidl_typesupport_introspection_cpp.dir/rosidl_typesupport_introspection_cpp/uav_visual_landing/msg/detail/target_observation__type_support.cpp.o
[4.613s] [ 55%] Building CXX object CMakeFiles/uav_visual_landing__rosidl_typesupport_introspection_cpp.dir/rosidl_typesupport_introspection_cpp/uav_visual_landing/msg/detail/landing_controller_state__type_support.cpp.o
[4.829s] [ 57%] Linking CXX shared library libuav_visual_landing__rosidl_typesupport_cpp.so
[5.003s] [ 57%] Built target uav_visual_landing__rosidl_typesupport_cpp
[5.040s] [ 59%] Linking CXX static library libgtest_main.a
[5.252s] [ 61%] Linking CXX shared library libuav_visual_landing__rosidl_typesupport_introspection_cpp.so
[5.259s] [ 61%] Built target gtest_main
[5.266s] [ 63%] Linking CXX shared library libuav_visual_landing__rosidl_typesupport_fastrtps_cpp.so
[5.320s] [ 65%] Linking CXX shared library libuav_visual_landing__rosidl_typesupport_fastrtps_c.so
[5.438s] [ 65%] Built target uav_visual_landing__rosidl_typesupport_introspection_cpp
[5.443s] [ 65%] Built target uav_visual_landing__rosidl_typesupport_fastrtps_cpp
[5.642s] [ 65%] Built target uav_visual_landing__rosidl_typesupport_fastrtps_c
[5.717s] [ 65%] Built target uav_visual_landing
[5.781s] [ 67%] Generating Python code for ROS interfaces
[5.788s] [ 69%] Building CXX object CMakeFiles/aruco_detector_node.dir/src/aruco_detector_node.cpp.o
[5.788s] [ 71%] Building CXX object CMakeFiles/visual_landing_node.dir/src/visual_landing_node.cpp.o
[6.613s] [ 71%] Built target uav_visual_landing__py
[6.714s] [ 73%] Building C object CMakeFiles/uav_visual_landing__rosidl_generator_py.dir/rosidl_generator_py/uav_visual_landing/msg/_target_observation_s.c.o
[6.720s] [ 75%] Building C object CMakeFiles/uav_visual_landing__rosidl_generator_py.dir/rosidl_generator_py/uav_visual_landing/msg/_landing_controller_state_s.c.o
[6.985s] [ 77%] Linking C shared library rosidl_generator_py/uav_visual_landing/libuav_visual_landing__rosidl_generator_py.so
[7.073s] [ 77%] Built target uav_visual_landing__rosidl_generator_py
[7.116s] [ 79%] Building C object CMakeFiles/uav_visual_landing__rosidl_typesupport_introspection_c__pyext.dir/rosidl_generator_py/uav_visual_landing/_uav_visual_landing_s.ep.rosidl_typesupport_introspection_c.c.o
[7.129s] [ 81%] Building C object CMakeFiles/uav_visual_landing__rosidl_typesupport_fastrtps_c__pyext.dir/rosidl_generator_py/uav_visual_landing/_uav_visual_landing_s.ep.rosidl_typesupport_fastrtps_c.c.o
[7.133s] [ 83%] Building C object CMakeFiles/uav_visual_landing__rosidl_typesupport_c__pyext.dir/rosidl_generator_py/uav_visual_landing/_uav_visual_landing_s.ep.rosidl_typesupport_c.c.o
[7.262s] [ 85%] Linking C shared library rosidl_generator_py/uav_visual_landing/uav_visual_landing_s__rosidl_typesupport_fastrtps_c.cpython-310-x86_64-linux-gnu.so
[7.263s] [ 87%] Linking C shared library rosidl_generator_py/uav_visual_landing/uav_visual_landing_s__rosidl_typesupport_introspection_c.cpython-310-x86_64-linux-gnu.so
[7.287s] [ 89%] Linking C shared library rosidl_generator_py/uav_visual_landing/uav_visual_landing_s__rosidl_typesupport_c.cpython-310-x86_64-linux-gnu.so
[7.348s] [ 89%] Built target uav_visual_landing__rosidl_typesupport_fastrtps_c__pyext
[7.366s] [ 89%] Built target uav_visual_landing__rosidl_typesupport_introspection_c__pyext
[7.377s] [ 89%] Built target uav_visual_landing__rosidl_typesupport_c__pyext
[8.837s] [ 91%] Linking CXX static library libgtest.a
[9.047s] [ 91%] Built target gtest
[9.082s] [ 93%] Building CXX object CMakeFiles/test_visual_landing_logic.dir/test/test_visual_landing_logic.cpp.o
[10.650s] /home/th1rt3en/DOCO/ws/src/uav_visual_landing/src/visual_landing_node.cpp: In member function ‘void uav_visual_landing::VisualLandingNode::timerCallback()’:
[10.651s] /home/th1rt3en/DOCO/ws/src/uav_visual_landing/src/visual_landing_node.cpp:333:29: error: no matching function for call to ‘uav_visual_landing::VisualLandingNode::publishControllerState(bool, std::string&, const bool&, const float&, float, float, float, float, float)’
[10.651s]   333 |       publishControllerState(false, height_source, range.valid, range.effective_height_m, 0.0f, 0.0f, 0.0f, 0.0f, 0.0f);
[10.651s]       |       ~~~~~~~~~~~~~~~~~~~~~~^~~~~~~~~~~~~~~~~~~~~~~~~~~~~~~~~~~~~~~~~~~~~~~~~~~~~~~~~~~~~~~~~~~~~~~~~~~~~~~~~~~~~~~~~~~
[10.651s] /home/th1rt3en/DOCO/ws/src/uav_visual_landing/src/visual_landing_node.cpp:265:8: note: candidate: ‘void uav_visual_landing::VisualLandingNode::publishControllerState(bool, const string&, bool, float, float, float, float, float)’
[10.651s]   265 |   void publishControllerState(
[10.651s]       |        ^~~~~~~~~~~~~~~~~~~~~~
[10.651s] /home/th1rt3en/DOCO/ws/src/uav_visual_landing/src/visual_landing_node.cpp:265:8: note:   candidate expects 8 arguments, 9 provided
[10.747s] [ 95%] Linking CXX executable test_visual_landing_logic
[11.013s] [ 95%] Built target test_visual_landing_logic
[18.118s] gmake[2]: *** [CMakeFiles/visual_landing_node.dir/build.make:76: CMakeFiles/visual_landing_node.dir/src/visual_landing_node.cpp.o] Error 1
[18.118s] gmake[1]: *** [CMakeFiles/Makefile2:645: CMakeFiles/visual_landing_node.dir/all] Error 2
[18.118s] gmake[1]: *** Waiting for unfinished jobs....
[21.369s] [ 97%] Linking CXX executable aruco_detector_node
[22.197s] [ 97%] Built target aruco_detector_node
[22.198s] gmake: *** [Makefile:146: all] Error 2
[22.200s] Invoked command in '/home/th1rt3en/DOCO/ws/build_rework/uav_visual_landing' returned '2': AMENT_PREFIX_PATH=/home/th1rt3en/DOCO/ws/install_rework/px4_msgs:${AMENT_PREFIX_PATH} CMAKE_PREFIX_PATH=/home/th1rt3en/DOCO/ws/install_rework/px4_msgs:/opt/ros/humble LD_LIBRARY_PATH=/home/th1rt3en/DOCO/ws/install_rework/px4_msgs/lib:${LD_LIBRARY_PATH} PYTHONPATH=/home/th1rt3en/DOCO/ws/install_rework/px4_msgs/local/lib/python3.10/dist-packages:${PYTHONPATH} /usr/bin/cmake --build /home/th1rt3en/DOCO/ws/build_rework/uav_visual_landing -- -j16 -l16
