[0.014s] Invoking command in '/home/th1rt3en/DOCO/ws/build_rework/uav_bridge': CMAKE_PREFIX_PATH=/home/th1rt3en/DOCO/ws/install_rework/quadrotor_msgs:/home/th1rt3en/DOCO/ws/install_rework/px4_msgs:/home/th1rt3en/DOCO/ws/install_rework/uav_bringup:/home/th1rt3en/DOCO/ws/install_rework/sim_worlds:/home/th1rt3en/DOCO/ws/install_rework/ugv_sim_tools:/home/th1rt3en/DOCO/ws/install_rework/uav_visual_landing:/home/th1rt3en/DOCO/ws/install_rework/uav_description:/home/th1rt3en/DOCO/ws/install_rework/uav_bridge:/home/th1rt3en/DOCO/ws/install_rework/relative_position_fusion:/opt/ros/humble LD_LIBRARY_PATH=/home/th1rt3en/DOCO/ws/install_rework/quadrotor_msgs/lib:/home/th1rt3en/DOCO/ws/install_rework/px4_msgs/lib:/home/th1rt3en/DOCO/ws/install_rework/uav_visual_landing/lib:/opt/ros/humble/opt/rviz_ogre_vendor/lib:/opt/ros/humble/lib/x86_64-linux-gnu:/opt/ros/humble/lib /usr/bin/cmake --build /home/th1rt3en/DOCO/ws/build_rework/uav_bridge -- -j16 -l16
[0.049s] -- Found ament_cmake: 1.3.13 (/opt/ros/humble/share/ament_cmake/cmake)
[0.192s] -- Override CMake install command with custom implementation using symlinks instead of copying resources
[0.201s] -- Found rclcpp: 16.0.18 (/opt/ros/humble/share/rclcpp/cmake)
[0.234s] -- Found rosidl_generator_c: 3.1.8 (/opt/ros/humble/share/rosidl_generator_c/cmake)
[0.236s] -- Found rosidl_adapter: 3.1.8 (/opt/ros/humble/share/rosidl_adapter/cmake)
[0.242s] -- Found rosidl_generator_cpp: 3.1.8 (/opt/ros/humble/share/rosidl_generator_cpp/cmake)
[0.252s] -- Using all available rosidl_typesupport_c: rosidl_typesupport_fastrtps_c;rosidl_typesupport_introspection_c
[0.263s] -- Using all available rosidl_typesupport_cpp: rosidl_typesupport_fastrtps_cpp;rosidl_typesupport_introspection_cpp
[0.294s] -- Found rmw_implementation_cmake: 6.1.2 (/opt/ros/humble/share/rmw_implementation_cmake/cmake)
[0.296s] -- Found rmw_fastrtps_cpp: 6.2.10 (/opt/ros/humble/share/rmw_fastrtps_cpp/cmake)
[0.411s] -- Using RMW implementation 'rmw_fastrtps_cpp' as default
[0.454s] -- Found sensor_msgs: 4.9.1 (/opt/ros/humble/share/sensor_msgs/cmake)
[0.480s] -- Found nav_msgs: 4.9.1 (/opt/ros/humble/share/nav_msgs/cmake)
[0.498s] -- Found std_srvs: 4.9.1 (/opt/ros/humble/share/std_srvs/cmake)
[0.507s] -- Found tf2: 0.25.19 (/opt/ros/humble/share/tf2/cmake)
[0.512s] -- Found tf2_ros: 0.25.19 (/opt/ros/humble/share/tf2_ros/cmake)
[0.576s] -- Found quadrotor_msgs: 0.0.0 (/home/th1rt3en/DOCO/ws/install_rework/quadrotor_msgs/share/quadrotor_msgs/cmake)
[0.598s] -- Found px4_msgs: 2.0.1 (/home/th1rt3en/DOCO/ws/install_rework/px4_msgs/share/px4_msgs/cmake)
[0.611s] -- Found OpenCV: /usr (found version "4.5.4") found components: core imgproc video videoio 
[0.612s] -- Looking for gz-transport13 -- found version 13.5.0
[0.617s] -- Searching for dependencies of gz-transport13
[0.652s] -- Config-file not installed for ZeroMQ -- checking for pkg-config
[0.657s] -- Checking for module 'libzmq >= 4'
[0.679s] --   Found libzmq , version 4.3.4
[0.738s] -- Checking for module 'uuid'
[0.756s] --   Found uuid, version 2.37.2
[0.806s] -- Looking for gz-utils2 -- found version 2.2.1
[0.806s] -- Searching for dependencies of gz-utils2
[0.807s] -- Searching for <gz-utils2> component [cli]
[0.807s] -- Looking for gz-utils2-cli -- found version 2.2.1
[0.808s] -- Searching for dependencies of gz-utils2-cli
[0.811s] -- Looking for gz-msgs10 -- found version 10.3.2
[0.811s] -- Searching for dependencies of gz-msgs10
[0.832s] -- Looking for gz-utils2 -- found version 2.2.1
[0.832s] -- Looking for gz-math7 -- found version 7.5.1
[0.832s] -- Searching for dependencies of gz-math7
[0.832s] -- Looking for gz-utils2 -- found version 2.2.1
[0.840s] -- Checking for module 'tinyxml2'
[0.859s] --   Found tinyxml2, version 9.0.0
[0.903s] -- Looking for gz-msgs10 -- found version 10.3.2
[0.917s] -- Found ament_cmake_gtest: 1.3.13 (/opt/ros/humble/share/ament_cmake_gtest/cmake)
[0.921s] -- Found ament_lint_auto: 0.12.15 (/opt/ros/humble/share/ament_lint_auto/cmake)
[0.985s] -- Found gtest sources under '/opt/ros/humble/src/gtest_vendor': C++ tests using 'Google Test' will be built
[1.000s] -- Added test 'cppcheck' to perform static code analysis on C / C++ code
[1.000s] -- Configured cppcheck include dirs: /home/th1rt3en/DOCO/ws/src/uav_bridge/include
[1.000s] -- Configured cppcheck exclude dirs and/or files: 
[1.001s] -- Added test 'lint_cmake' to check CMake code style
[1.003s] -- Added test 'uncrustify' to check C / C++ code style
[1.003s] -- Configured uncrustify additional arguments: 
[1.004s] -- Added test 'xmllint' to check XML markup files
[1.005s] -- Configuring done
[1.064s] -- Generating done
[1.087s] -- Build files have been written to: /home/th1rt3en/DOCO/ws/build_rework/uav_bridge
[1.134s] Consolidate compiler generated dependencies of target uav_bridge_px4_odom_adapter_logic
[1.136s] Consolidate compiler generated dependencies of target uav_bridge_uav_state_bridge_logic
[1.140s] Consolidate compiler generated dependencies of target mono_camera_bridge_node
[1.140s] Consolidate compiler generated dependencies of target stereo_camera_bridge_node
[1.140s] Consolidate compiler generated dependencies of target rangefinder_bridge_node
[1.140s] Consolidate compiler generated dependencies of target optical_flow_bridge_node
[1.141s] Consolidate compiler generated dependencies of target px4_planar_state_reader_node
[1.141s] Consolidate compiler generated dependencies of target fmu_topic_namespace_bridge_node
[1.142s] Consolidate compiler generated dependencies of target uav_control_node
[1.143s] Consolidate compiler generated dependencies of target tf_bridge_node
[1.144s] Consolidate compiler generated dependencies of target gtest_main
[1.146s] Consolidate compiler generated dependencies of target offboard_bridge_node
[1.148s] Consolidate compiler generated dependencies of target gtest
[1.150s] [  2%] Building CXX object CMakeFiles/mono_camera_source_node.dir/src/mono_camera_source_node.cpp.o
[1.166s] [ 11%] Built target uav_bridge_uav_state_bridge_logic
[1.166s] [ 16%] Built target uav_bridge_px4_odom_adapter_logic
[1.166s] [ 11%] Built target stereo_camera_bridge_node
[1.167s] [ 18%] Linking CXX executable optical_flow_bridge_node
[1.169s] [ 27%] Built target mono_camera_bridge_node
[1.169s] [ 27%] Built target rangefinder_bridge_node
[1.173s] [ 41%] Built target offboard_bridge_node
[1.175s] [ 51%] Built target px4_planar_state_reader_node
[1.175s] [ 51%] Built target fmu_topic_namespace_bridge_node
[1.175s] [ 55%] Built target tf_bridge_node
[1.176s] [ 60%] Built target gtest_main
[1.179s] [ 65%] Built target gtest
[1.181s] [ 67%] Building CXX object CMakeFiles/uav_control_node.dir/src/uav_control_node.cpp.o
[1.188s] Consolidate compiler generated dependencies of target px4_odom_adapter_node
[1.188s] Consolidate compiler generated dependencies of target uav_state_bridge_node
[1.196s] Consolidate compiler generated dependencies of target test_uav_control_logic
[1.198s] Consolidate compiler generated dependencies of target test_px4_odom_adapter_logic
[1.198s] Consolidate compiler generated dependencies of target test_uav_state_bridge_logic
[1.208s] [ 72%] Built target px4_odom_adapter_node
[1.214s] [ 86%] Built target test_uav_control_logic
[1.214s] [ 86%] Built target uav_state_bridge_node
[1.214s] [ 86%] Built target test_uav_state_bridge_logic
[1.220s] [ 90%] Built target test_px4_odom_adapter_logic
[1.533s] [ 93%] Built target optical_flow_bridge_node
[3.692s] /home/th1rt3en/DOCO/ws/src/uav_bridge/src/mono_camera_source_node.cpp: In constructor ‘uav_bridge::MonoCameraSourceNode::MonoCameraSourceNode()’:
[3.692s] /home/th1rt3en/DOCO/ws/src/uav_bridge/src/mono_camera_source_node.cpp:51:32: error: no matching function for call to ‘max(int, int64_t)’
[3.692s]    51 |     requested_width_ = std::max(1, this->get_parameter("image_width").as_int());
[3.692s]       |                        ~~~~~~~~^~~~~~~~~~~~~~~~~~~~~~~~~~~~~~~~~~~~~~~~~~~~~~~~
[3.692s] In file included from /usr/include/c++/11/algorithm:61,
[3.692s]                  from /home/th1rt3en/DOCO/ws/src/uav_bridge/src/mono_camera_source_node.cpp:1:
[3.692s] /usr/include/c++/11/bits/stl_algobase.h:254:5: note: candidate: ‘template<class _Tp> constexpr const _Tp& std::max(const _Tp&, const _Tp&)’
[3.692s]   254 |     max(const _Tp& __a, const _Tp& __b)
[3.692s]       |     ^~~
[3.692s] /usr/include/c++/11/bits/stl_algobase.h:254:5: note:   template argument deduction/substitution failed:
[3.692s] /home/th1rt3en/DOCO/ws/src/uav_bridge/src/mono_camera_source_node.cpp:51:32: note:   deduced conflicting types for parameter ‘const _Tp’ (‘int’ and ‘int64_t’ {aka ‘long int’})
[3.692s]    51 |     requested_width_ = std::max(1, this->get_parameter("image_width").as_int());
[3.692s]       |                        ~~~~~~~~^~~~~~~~~~~~~~~~~~~~~~~~~~~~~~~~~~~~~~~~~~~~~~~~
[3.692s] In file included from /usr/include/c++/11/algorithm:61,
[3.692s]                  from /home/th1rt3en/DOCO/ws/src/uav_bridge/src/mono_camera_source_node.cpp:1:
[3.692s] /usr/include/c++/11/bits/stl_algobase.h:300:5: note: candidate: ‘template<class _Tp, class _Compare> constexpr const _Tp& std::max(const _Tp&, const _Tp&, _Compare)’
[3.692s]   300 |     max(const _Tp& __a, const _Tp& __b, _Compare __comp)
[3.692s]       |     ^~~
[3.692s] /usr/include/c++/11/bits/stl_algobase.h:300:5: note:   template argument deduction/substitution failed:
[3.693s] /home/th1rt3en/DOCO/ws/src/uav_bridge/src/mono_camera_source_node.cpp:51:32: note:   deduced conflicting types for parameter ‘const _Tp’ (‘int’ and ‘int64_t’ {aka ‘long int’})
[3.693s]    51 |     requested_width_ = std::max(1, this->get_parameter("image_width").as_int());
[3.693s]       |                        ~~~~~~~~^~~~~~~~~~~~~~~~~~~~~~~~~~~~~~~~~~~~~~~~~~~~~~~~
[3.693s] In file included from /usr/include/c++/11/algorithm:62,
[3.693s]                  from /home/th1rt3en/DOCO/ws/src/uav_bridge/src/mono_camera_source_node.cpp:1:
[3.693s] /usr/include/c++/11/bits/stl_algo.h:3461:5: note: candidate: ‘template<class _Tp> constexpr _Tp std::max(std::initializer_list<_Tp>)’
[3.693s]  3461 |     max(initializer_list<_Tp> __l)
[3.693s]       |     ^~~
[3.693s] /usr/include/c++/11/bits/stl_algo.h:3461:5: note:   template argument deduction/substitution failed:
[3.693s] /home/th1rt3en/DOCO/ws/src/uav_bridge/src/mono_camera_source_node.cpp:51:32: note:   mismatched types ‘std::initializer_list<_Tp>’ and ‘int’
[3.693s]    51 |     requested_width_ = std::max(1, this->get_parameter("image_width").as_int());
[3.693s]       |                        ~~~~~~~~^~~~~~~~~~~~~~~~~~~~~~~~~~~~~~~~~~~~~~~~~~~~~~~~
[3.693s] In file included from /usr/include/c++/11/algorithm:62,
[3.693s]                  from /home/th1rt3en/DOCO/ws/src/uav_bridge/src/mono_camera_source_node.cpp:1:
[3.693s] /usr/include/c++/11/bits/stl_algo.h:3467:5: note: candidate: ‘template<class _Tp, class _Compare> constexpr _Tp std::max(std::initializer_list<_Tp>, _Compare)’
[3.693s]  3467 |     max(initializer_list<_Tp> __l, _Compare __comp)
[3.693s]       |     ^~~
[3.693s] /usr/include/c++/11/bits/stl_algo.h:3467:5: note:   template argument deduction/substitution failed:
[3.693s] /home/th1rt3en/DOCO/ws/src/uav_bridge/src/mono_camera_source_node.cpp:51:32: note:   mismatched types ‘std::initializer_list<_Tp>’ and ‘int’
[3.693s]    51 |     requested_width_ = std::max(1, this->get_parameter("image_width").as_int());
[3.693s]       |                        ~~~~~~~~^~~~~~~~~~~~~~~~~~~~~~~~~~~~~~~~~~~~~~~~~~~~~~~~
[3.693s] /home/th1rt3en/DOCO/ws/src/uav_bridge/src/mono_camera_source_node.cpp:52:33: error: no matching function for call to ‘max(int, int64_t)’
[3.693s]    52 |     requested_height_ = std::max(1, this->get_parameter("image_height").as_int());
[3.693s]       |                         ~~~~~~~~^~~~~~~~~~~~~~~~~~~~~~~~~~~~~~~~~~~~~~~~~~~~~~~~~
[3.693s] In file included from /usr/include/c++/11/algorithm:61,
[3.693s]                  from /home/th1rt3en/DOCO/ws/src/uav_bridge/src/mono_camera_source_node.cpp:1:
[3.694s] /usr/include/c++/11/bits/stl_algobase.h:254:5: note: candidate: ‘template<class _Tp> constexpr const _Tp& std::max(const _Tp&, const _Tp&)’
[3.694s]   254 |     max(const _Tp& __a, const _Tp& __b)
[3.694s]       |     ^~~
[3.694s] /usr/include/c++/11/bits/stl_algobase.h:254:5: note:   template argument deduction/substitution failed:
[3.694s] /home/th1rt3en/DOCO/ws/src/uav_bridge/src/mono_camera_source_node.cpp:52:33: note:   deduced conflicting types for parameter ‘const _Tp’ (‘int’ and ‘int64_t’ {aka ‘long int’})
[3.694s]    52 |     requested_height_ = std::max(1, this->get_parameter("image_height").as_int());
[3.694s]       |                         ~~~~~~~~^~~~~~~~~~~~~~~~~~~~~~~~~~~~~~~~~~~~~~~~~~~~~~~~~
[3.694s] In file included from /usr/include/c++/11/algorithm:61,
[3.694s]                  from /home/th1rt3en/DOCO/ws/src/uav_bridge/src/mono_camera_source_node.cpp:1:
[3.694s] /usr/include/c++/11/bits/stl_algobase.h:300:5: note: candidate: ‘template<class _Tp, class _Compare> constexpr const _Tp& std::max(const _Tp&, const _Tp&, _Compare)’
[3.694s]   300 |     max(const _Tp& __a, const _Tp& __b, _Compare __comp)
[3.694s]       |     ^~~
[3.694s] /usr/include/c++/11/bits/stl_algobase.h:300:5: note:   template argument deduction/substitution failed:
[3.694s] /home/th1rt3en/DOCO/ws/src/uav_bridge/src/mono_camera_source_node.cpp:52:33: note:   deduced conflicting types for parameter ‘const _Tp’ (‘int’ and ‘int64_t’ {aka ‘long int’})
[3.694s]    52 |     requested_height_ = std::max(1, this->get_parameter("image_height").as_int());
[3.694s]       |                         ~~~~~~~~^~~~~~~~~~~~~~~~~~~~~~~~~~~~~~~~~~~~~~~~~~~~~~~~~
[3.694s] In file included from /usr/include/c++/11/algorithm:62,
[3.694s]                  from /home/th1rt3en/DOCO/ws/src/uav_bridge/src/mono_camera_source_node.cpp:1:
[3.694s] /usr/include/c++/11/bits/stl_algo.h:3461:5: note: candidate: ‘template<class _Tp> constexpr _Tp std::max(std::initializer_list<_Tp>)’
[3.694s]  3461 |     max(initializer_list<_Tp> __l)
[3.694s]       |     ^~~
[3.694s] /usr/include/c++/11/bits/stl_algo.h:3461:5: note:   template argument deduction/substitution failed:
[3.694s] /home/th1rt3en/DOCO/ws/src/uav_bridge/src/mono_camera_source_node.cpp:52:33: note:   mismatched types ‘std::initializer_list<_Tp>’ and ‘int’
[3.694s]    52 |     requested_height_ = std::max(1, this->get_parameter("image_height").as_int());
[3.694s]       |                         ~~~~~~~~^~~~~~~~~~~~~~~~~~~~~~~~~~~~~~~~~~~~~~~~~~~~~~~~~
[3.695s] In file included from /usr/include/c++/11/algorithm:62,
[3.695s]                  from /home/th1rt3en/DOCO/ws/src/uav_bridge/src/mono_camera_source_node.cpp:1:
[3.695s] /usr/include/c++/11/bits/stl_algo.h:3467:5: note: candidate: ‘template<class _Tp, class _Compare> constexpr _Tp std::max(std::initializer_list<_Tp>, _Compare)’
[3.695s]  3467 |     max(initializer_list<_Tp> __l, _Compare __comp)
[3.695s]       |     ^~~
[3.695s] /usr/include/c++/11/bits/stl_algo.h:3467:5: note:   template argument deduction/substitution failed:
[3.695s] /home/th1rt3en/DOCO/ws/src/uav_bridge/src/mono_camera_source_node.cpp:52:33: note:   mismatched types ‘std::initializer_list<_Tp>’ and ‘int’
[3.695s]    52 |     requested_height_ = std::max(1, this->get_parameter("image_height").as_int());
[3.695s]       |                         ~~~~~~~~^~~~~~~~~~~~~~~~~~~~~~~~~~~~~~~~~~~~~~~~~~~~~~~~~
[5.259s] gmake[2]: *** [CMakeFiles/mono_camera_source_node.dir/build.make:76: CMakeFiles/mono_camera_source_node.dir/src/mono_camera_source_node.cpp.o] Error 1
[5.259s] gmake[1]: *** [CMakeFiles/Makefile2:265: CMakeFiles/mono_camera_source_node.dir/all] Error 2
[5.259s] gmake[1]: *** Waiting for unfinished jobs....
[24.902s] [ 95%] Linking CXX executable uav_control_node
[26.412s] [ 97%] Built target uav_control_node
[26.413s] gmake: *** [Makefile:146: all] Error 2
[26.415s] Invoked command in '/home/th1rt3en/DOCO/ws/build_rework/uav_bridge' returned '2': CMAKE_PREFIX_PATH=/home/th1rt3en/DOCO/ws/install_rework/quadrotor_msgs:/home/th1rt3en/DOCO/ws/install_rework/px4_msgs:/home/th1rt3en/DOCO/ws/install_rework/uav_bringup:/home/th1rt3en/DOCO/ws/install_rework/sim_worlds:/home/th1rt3en/DOCO/ws/install_rework/ugv_sim_tools:/home/th1rt3en/DOCO/ws/install_rework/uav_visual_landing:/home/th1rt3en/DOCO/ws/install_rework/uav_description:/home/th1rt3en/DOCO/ws/install_rework/uav_bridge:/home/th1rt3en/DOCO/ws/install_rework/relative_position_fusion:/opt/ros/humble LD_LIBRARY_PATH=/home/th1rt3en/DOCO/ws/install_rework/quadrotor_msgs/lib:/home/th1rt3en/DOCO/ws/install_rework/px4_msgs/lib:/home/th1rt3en/DOCO/ws/install_rework/uav_visual_landing/lib:/opt/ros/humble/opt/rviz_ogre_vendor/lib:/opt/ros/humble/lib/x86_64-linux-gnu:/opt/ros/humble/lib /usr/bin/cmake --build /home/th1rt3en/DOCO/ws/build_rework/uav_bridge -- -j16 -l16
