[0.088s] DEBUG:colcon:Command line arguments: ['/home/th1rt3en/.local/bin/colcon', '--log-base', 'log_rework', 'build', '--build-base', 'build_rework', '--install-base', 'install_rework', '--packages-select', 'px4_msgs', 'quadrotor_msgs', 'uav_bridge', 'uav_visual_landing', 'uav_bringup', 'relative_position_fusion', '--symlink-install', '--event-handlers', 'console_direct+']
[0.088s] DEBUG:colcon:Parsed command line arguments: Namespace(log_base='log_rework', log_level=None, verb_name='build', build_base='/home/th1rt3en/DOCO/ws/build_rework', install_base='/home/th1rt3en/DOCO/ws/install_rework', merge_install=False, symlink_install=True, test_result_base=None, continue_on_error=False, executor='parallel', parallel_workers=16, event_handlers=['console_direct+'], ignore_user_meta=False, metas=['./colcon.meta'], base_paths=['.'], packages_ignore=None, packages_ignore_regex=None, paths=None, packages_up_to=None, packages_up_to_regex=None, packages_above=None, packages_above_and_dependencies=None, packages_above_depth=None, packages_select_by_dep=None, packages_skip_by_dep=None, packages_skip_up_to=None, packages_select_build_failed=False, packages_skip_build_finished=False, packages_select_test_failures=False, packages_skip_test_passed=False, packages_select=['px4_msgs', 'quadrotor_msgs', 'uav_bridge', 'uav_visual_landing', 'uav_bringup', 'relative_position_fusion'], packages_skip=None, packages_select_regex=None, packages_skip_regex=None, packages_start=None, packages_end=None, cmake_args=None, cmake_target=None, cmake_target_skip_unavailable=False, cmake_clean_cache=False, cmake_clean_first=False, cmake_force_configure=False, ament_cmake_args=None, catkin_cmake_args=None, catkin_skip_building_tests=False, verb_parser=<colcon_defaults.argument_parser.defaults.DefaultArgumentsDecorator object at 0x71c439644e20>, verb_extension=<colcon_core.verb.build.BuildVerb object at 0x71c439644880>, main=<bound method BuildVerb.main of <colcon_core.verb.build.BuildVerb object at 0x71c439644880>>)
[0.179s] Level 1:colcon.colcon_core.package_discovery:discover_packages(colcon_meta) check parameters
[0.179s] Level 1:colcon.colcon_core.package_discovery:discover_packages(recursive) check parameters
[0.179s] Level 1:colcon.colcon_core.package_discovery:discover_packages(ignore) check parameters
[0.179s] Level 1:colcon.colcon_core.package_discovery:discover_packages(path) check parameters
[0.179s] Level 1:colcon.colcon_core.package_discovery:discover_packages(colcon_meta) discover
[0.179s] Level 1:colcon.colcon_core.package_discovery:discover_packages(recursive) discover
[0.179s] INFO:colcon.colcon_core.package_discovery:Crawling recursively for packages in '/home/th1rt3en/DOCO/ws'
[0.179s] Level 1:colcon.colcon_core.package_identification:_identify(.) by extensions ['ignore', 'ignore_ament_install']
[0.179s] Level 1:colcon.colcon_core.package_identification:_identify(.) by extension 'ignore'
[0.179s] Level 1:colcon.colcon_core.package_identification:_identify(.) by extension 'ignore_ament_install'
[0.179s] Level 1:colcon.colcon_core.package_identification:_identify(.) by extensions ['colcon_pkg']
[0.179s] Level 1:colcon.colcon_core.package_identification:_identify(.) by extension 'colcon_pkg'
[0.179s] Level 1:colcon.colcon_core.package_identification:_identify(.) by extensions ['colcon_meta']
[0.179s] Level 1:colcon.colcon_core.package_identification:_identify(.) by extension 'colcon_meta'
[0.179s] Level 1:colcon.colcon_core.package_identification:_identify(.) by extensions ['ros']
[0.179s] Level 1:colcon.colcon_core.package_identification:_identify(.) by extension 'ros'
[0.187s] Level 1:colcon.colcon_core.package_identification:_identify(.) by extensions ['cmake', 'python']
[0.187s] Level 1:colcon.colcon_core.package_identification:_identify(.) by extension 'cmake'
[0.187s] Level 1:colcon.colcon_core.package_identification:_identify(.) by extension 'python'
[0.187s] Level 1:colcon.colcon_core.package_identification:_identify(.) by extensions ['python_setup_py']
[0.187s] Level 1:colcon.colcon_core.package_identification:_identify(.) by extension 'python_setup_py'
[0.187s] Level 1:colcon.colcon_core.package_identification:_identify(build) by extensions ['ignore', 'ignore_ament_install']
[0.187s] Level 1:colcon.colcon_core.package_identification:_identify(build) by extension 'ignore'
[0.187s] Level 1:colcon.colcon_core.package_identification:_identify(build) ignored
[0.187s] Level 1:colcon.colcon_core.package_identification:_identify(build_rework) by extensions ['ignore', 'ignore_ament_install']
[0.187s] Level 1:colcon.colcon_core.package_identification:_identify(build_rework) by extension 'ignore'
[0.187s] Level 1:colcon.colcon_core.package_identification:_identify(build_rework) ignored
[0.187s] Level 1:colcon.colcon_core.package_identification:_identify(install) by extensions ['ignore', 'ignore_ament_install']
[0.187s] Level 1:colcon.colcon_core.package_identification:_identify(install) by extension 'ignore'
[0.187s] Level 1:colcon.colcon_core.package_identification:_identify(install) ignored
[0.187s] Level 1:colcon.colcon_core.package_identification:_identify(install_rework) by extensions ['ignore', 'ignore_ament_install']
[0.187s] Level 1:colcon.colcon_core.package_identification:_identify(install_rework) by extension 'ignore'
[0.187s] Level 1:colcon.colcon_core.package_identification:_identify(install_rework) ignored
[0.187s] Level 1:colcon.colcon_core.package_identification:_identify(log) by extensions ['ignore', 'ignore_ament_install']
[0.187s] Level 1:colcon.colcon_core.package_identification:_identify(log) by extension 'ignore'
[0.187s] Level 1:colcon.colcon_core.package_identification:_identify(log) ignored
[0.187s] Level 1:colcon.colcon_core.package_identification:_identify(log_rework) by extensions ['ignore', 'ignore_ament_install']
[0.187s] Level 1:colcon.colcon_core.package_identification:_identify(log_rework) by extension 'ignore'
[0.187s] Level 1:colcon.colcon_core.package_identification:_identify(log_rework) ignored
[0.188s] Level 1:colcon.colcon_core.package_identification:_identify(scripts) by extensions ['ignore', 'ignore_ament_install']
[0.188s] Level 1:colcon.colcon_core.package_identification:_identify(scripts) by extension 'ignore'
[0.188s] Level 1:colcon.colcon_core.package_identification:_identify(scripts) by extension 'ignore_ament_install'
[0.188s] Level 1:colcon.colcon_core.package_identification:_identify(scripts) by extensions ['colcon_pkg']
[0.188s] Level 1:colcon.colcon_core.package_identification:_identify(scripts) by extension 'colcon_pkg'
[0.188s] Level 1:colcon.colcon_core.package_identification:_identify(scripts) by extensions ['colcon_meta']
[0.188s] Level 1:colcon.colcon_core.package_identification:_identify(scripts) by extension 'colcon_meta'
[0.188s] Level 1:colcon.colcon_core.package_identification:_identify(scripts) by extensions ['ros']
[0.188s] Level 1:colcon.colcon_core.package_identification:_identify(scripts) by extension 'ros'
[0.188s] Level 1:colcon.colcon_core.package_identification:_identify(scripts) by extensions ['cmake', 'python']
[0.188s] Level 1:colcon.colcon_core.package_identification:_identify(scripts) by extension 'cmake'
[0.188s] Level 1:colcon.colcon_core.package_identification:_identify(scripts) by extension 'python'
[0.188s] Level 1:colcon.colcon_core.package_identification:_identify(scripts) by extensions ['python_setup_py']
[0.188s] Level 1:colcon.colcon_core.package_identification:_identify(scripts) by extension 'python_setup_py'
[0.188s] Level 1:colcon.colcon_core.package_identification:_identify(src) by extensions ['ignore', 'ignore_ament_install']
[0.188s] Level 1:colcon.colcon_core.package_identification:_identify(src) by extension 'ignore'
[0.188s] Level 1:colcon.colcon_core.package_identification:_identify(src) by extension 'ignore_ament_install'
[0.188s] Level 1:colcon.colcon_core.package_identification:_identify(src) by extensions ['colcon_pkg']
[0.188s] Level 1:colcon.colcon_core.package_identification:_identify(src) by extension 'colcon_pkg'
[0.188s] Level 1:colcon.colcon_core.package_identification:_identify(src) by extensions ['colcon_meta']
[0.188s] Level 1:colcon.colcon_core.package_identification:_identify(src) by extension 'colcon_meta'
[0.188s] Level 1:colcon.colcon_core.package_identification:_identify(src) by extensions ['ros']
[0.188s] Level 1:colcon.colcon_core.package_identification:_identify(src) by extension 'ros'
[0.188s] Level 1:colcon.colcon_core.package_identification:_identify(src) by extensions ['cmake', 'python']
[0.188s] Level 1:colcon.colcon_core.package_identification:_identify(src) by extension 'cmake'
[0.188s] Level 1:colcon.colcon_core.package_identification:_identify(src) by extension 'python'
[0.188s] Level 1:colcon.colcon_core.package_identification:_identify(src) by extensions ['python_setup_py']
[0.188s] Level 1:colcon.colcon_core.package_identification:_identify(src) by extension 'python_setup_py'
[0.188s] Level 1:colcon.colcon_core.package_identification:_identify(src/duojin01_bringup) by extensions ['ignore', 'ignore_ament_install']
[0.188s] Level 1:colcon.colcon_core.package_identification:_identify(src/duojin01_bringup) by extension 'ignore'
[0.188s] Level 1:colcon.colcon_core.package_identification:_identify(src/duojin01_bringup) by extension 'ignore_ament_install'
[0.188s] Level 1:colcon.colcon_core.package_identification:_identify(src/duojin01_bringup) by extensions ['colcon_pkg']
[0.188s] Level 1:colcon.colcon_core.package_identification:_identify(src/duojin01_bringup) by extension 'colcon_pkg'
[0.188s] Level 1:colcon.colcon_core.package_identification:_identify(src/duojin01_bringup) by extensions ['colcon_meta']
[0.188s] Level 1:colcon.colcon_core.package_identification:_identify(src/duojin01_bringup) by extension 'colcon_meta'
[0.188s] Level 1:colcon.colcon_core.package_identification:_identify(src/duojin01_bringup) by extensions ['ros']
[0.188s] Level 1:colcon.colcon_core.package_identification:_identify(src/duojin01_bringup) by extension 'ros'
[0.190s] DEBUG:colcon.colcon_core.package_identification:Package 'src/duojin01_bringup' with type 'ros.ament_python' and name 'duojin01_bringup'
[0.190s] Level 1:colcon.colcon_core.package_identification:_identify(src/lslidar_driver) by extensions ['ignore', 'ignore_ament_install']
[0.190s] Level 1:colcon.colcon_core.package_identification:_identify(src/lslidar_driver) by extension 'ignore'
[0.190s] Level 1:colcon.colcon_core.package_identification:_identify(src/lslidar_driver) by extension 'ignore_ament_install'
[0.190s] Level 1:colcon.colcon_core.package_identification:_identify(src/lslidar_driver) by extensions ['colcon_pkg']
[0.190s] Level 1:colcon.colcon_core.package_identification:_identify(src/lslidar_driver) by extension 'colcon_pkg'
[0.190s] Level 1:colcon.colcon_core.package_identification:_identify(src/lslidar_driver) by extensions ['colcon_meta']
[0.190s] Level 1:colcon.colcon_core.package_identification:_identify(src/lslidar_driver) by extension 'colcon_meta'
[0.190s] Level 1:colcon.colcon_core.package_identification:_identify(src/lslidar_driver) by extensions ['ros']
[0.190s] Level 1:colcon.colcon_core.package_identification:_identify(src/lslidar_driver) by extension 'ros'
[0.190s] Level 1:colcon.colcon_core.package_identification:_identify(src/lslidar_driver) by extensions ['cmake', 'python']
[0.190s] Level 1:colcon.colcon_core.package_identification:_identify(src/lslidar_driver) by extension 'cmake'
[0.190s] Level 1:colcon.colcon_core.package_identification:_identify(src/lslidar_driver) by extension 'python'
[0.190s] Level 1:colcon.colcon_core.package_identification:_identify(src/lslidar_driver) by extensions ['python_setup_py']
[0.190s] Level 1:colcon.colcon_core.package_identification:_identify(src/lslidar_driver) by extension 'python_setup_py'
[0.190s] Level 1:colcon.colcon_core.package_identification:_identify(src/lslidar_driver/lslidar_driver) by extensions ['ignore', 'ignore_ament_install']
[0.190s] Level 1:colcon.colcon_core.package_identification:_identify(src/lslidar_driver/lslidar_driver) by extension 'ignore'
[0.190s] Level 1:colcon.colcon_core.package_identification:_identify(src/lslidar_driver/lslidar_driver) by extension 'ignore_ament_install'
[0.190s] Level 1:colcon.colcon_core.package_identification:_identify(src/lslidar_driver/lslidar_driver) by extensions ['colcon_pkg']
[0.190s] Level 1:colcon.colcon_core.package_identification:_identify(src/lslidar_driver/lslidar_driver) by extension 'colcon_pkg'
[0.190s] Level 1:colcon.colcon_core.package_identification:_identify(src/lslidar_driver/lslidar_driver) by extensions ['colcon_meta']
[0.190s] Level 1:colcon.colcon_core.package_identification:_identify(src/lslidar_driver/lslidar_driver) by extension 'colcon_meta'
[0.190s] Level 1:colcon.colcon_core.package_identification:_identify(src/lslidar_driver/lslidar_driver) by extensions ['ros']
[0.190s] Level 1:colcon.colcon_core.package_identification:_identify(src/lslidar_driver/lslidar_driver) by extension 'ros'
[0.191s] DEBUG:colcon.colcon_core.package_identification:Package 'src/lslidar_driver/lslidar_driver' with type 'ros.ament_cmake' and name 'lslidar_driver'
[0.191s] Level 1:colcon.colcon_core.package_identification:_identify(src/lslidar_driver/lslidar_msgs) by extensions ['ignore', 'ignore_ament_install']
[0.191s] Level 1:colcon.colcon_core.package_identification:_identify(src/lslidar_driver/lslidar_msgs) by extension 'ignore'
[0.191s] Level 1:colcon.colcon_core.package_identification:_identify(src/lslidar_driver/lslidar_msgs) by extension 'ignore_ament_install'
[0.191s] Level 1:colcon.colcon_core.package_identification:_identify(src/lslidar_driver/lslidar_msgs) by extensions ['colcon_pkg']
[0.191s] Level 1:colcon.colcon_core.package_identification:_identify(src/lslidar_driver/lslidar_msgs) by extension 'colcon_pkg'
[0.191s] Level 1:colcon.colcon_core.package_identification:_identify(src/lslidar_driver/lslidar_msgs) by extensions ['colcon_meta']
[0.191s] Level 1:colcon.colcon_core.package_identification:_identify(src/lslidar_driver/lslidar_msgs) by extension 'colcon_meta'
[0.191s] Level 1:colcon.colcon_core.package_identification:_identify(src/lslidar_driver/lslidar_msgs) by extensions ['ros']
[0.191s] Level 1:colcon.colcon_core.package_identification:_identify(src/lslidar_driver/lslidar_msgs) by extension 'ros'
[0.191s] DEBUG:colcon.colcon_core.package_identification:Package 'src/lslidar_driver/lslidar_msgs' with type 'ros.ament_cmake' and name 'lslidar_msgs'
[0.191s] Level 1:colcon.colcon_core.package_identification:_identify(src/orbbec_sdk) by extensions ['ignore', 'ignore_ament_install']
[0.191s] Level 1:colcon.colcon_core.package_identification:_identify(src/orbbec_sdk) by extension 'ignore'
[0.191s] Level 1:colcon.colcon_core.package_identification:_identify(src/orbbec_sdk) by extension 'ignore_ament_install'
[0.192s] Level 1:colcon.colcon_core.package_identification:_identify(src/orbbec_sdk) by extensions ['colcon_pkg']
[0.192s] Level 1:colcon.colcon_core.package_identification:_identify(src/orbbec_sdk) by extension 'colcon_pkg'
[0.192s] Level 1:colcon.colcon_core.package_identification:_identify(src/orbbec_sdk) by extensions ['colcon_meta']
[0.192s] Level 1:colcon.colcon_core.package_identification:_identify(src/orbbec_sdk) by extension 'colcon_meta'
[0.192s] Level 1:colcon.colcon_core.package_identification:_identify(src/orbbec_sdk) by extensions ['ros']
[0.192s] Level 1:colcon.colcon_core.package_identification:_identify(src/orbbec_sdk) by extension 'ros'
[0.192s] Level 1:colcon.colcon_core.package_identification:_identify(src/orbbec_sdk) by extensions ['cmake', 'python']
[0.192s] Level 1:colcon.colcon_core.package_identification:_identify(src/orbbec_sdk) by extension 'cmake'
[0.192s] Level 1:colcon.colcon_core.package_identification:_identify(src/orbbec_sdk) by extension 'python'
[0.192s] Level 1:colcon.colcon_core.package_identification:_identify(src/orbbec_sdk) by extensions ['python_setup_py']
[0.192s] Level 1:colcon.colcon_core.package_identification:_identify(src/orbbec_sdk) by extension 'python_setup_py'
[0.192s] Level 1:colcon.colcon_core.package_identification:_identify(src/orbbec_sdk/orbbec_camera) by extensions ['ignore', 'ignore_ament_install']
[0.192s] Level 1:colcon.colcon_core.package_identification:_identify(src/orbbec_sdk/orbbec_camera) by extension 'ignore'
[0.192s] Level 1:colcon.colcon_core.package_identification:_identify(src/orbbec_sdk/orbbec_camera) by extension 'ignore_ament_install'
[0.192s] Level 1:colcon.colcon_core.package_identification:_identify(src/orbbec_sdk/orbbec_camera) by extensions ['colcon_pkg']
[0.192s] Level 1:colcon.colcon_core.package_identification:_identify(src/orbbec_sdk/orbbec_camera) by extension 'colcon_pkg'
[0.192s] Level 1:colcon.colcon_core.package_identification:_identify(src/orbbec_sdk/orbbec_camera) by extensions ['colcon_meta']
[0.192s] Level 1:colcon.colcon_core.package_identification:_identify(src/orbbec_sdk/orbbec_camera) by extension 'colcon_meta'
[0.192s] Level 1:colcon.colcon_core.package_identification:_identify(src/orbbec_sdk/orbbec_camera) by extensions ['ros']
[0.192s] Level 1:colcon.colcon_core.package_identification:_identify(src/orbbec_sdk/orbbec_camera) by extension 'ros'
[0.193s] DEBUG:colcon.colcon_core.package_identification:Package 'src/orbbec_sdk/orbbec_camera' with type 'ros.ament_cmake' and name 'orbbec_camera'
[0.193s] Level 1:colcon.colcon_core.package_identification:_identify(src/orbbec_sdk/orbbec_camera_msgs) by extensions ['ignore', 'ignore_ament_install']
[0.193s] Level 1:colcon.colcon_core.package_identification:_identify(src/orbbec_sdk/orbbec_camera_msgs) by extension 'ignore'
[0.193s] Level 1:colcon.colcon_core.package_identification:_identify(src/orbbec_sdk/orbbec_camera_msgs) by extension 'ignore_ament_install'
[0.193s] Level 1:colcon.colcon_core.package_identification:_identify(src/orbbec_sdk/orbbec_camera_msgs) by extensions ['colcon_pkg']
[0.193s] Level 1:colcon.colcon_core.package_identification:_identify(src/orbbec_sdk/orbbec_camera_msgs) by extension 'colcon_pkg'
[0.194s] Level 1:colcon.colcon_core.package_identification:_identify(src/orbbec_sdk/orbbec_camera_msgs) by extensions ['colcon_meta']
[0.194s] Level 1:colcon.colcon_core.package_identification:_identify(src/orbbec_sdk/orbbec_camera_msgs) by extension 'colcon_meta'
[0.194s] Level 1:colcon.colcon_core.package_identification:_identify(src/orbbec_sdk/orbbec_camera_msgs) by extensions ['ros']
[0.194s] Level 1:colcon.colcon_core.package_identification:_identify(src/orbbec_sdk/orbbec_camera_msgs) by extension 'ros'
[0.194s] DEBUG:colcon.colcon_core.package_identification:Package 'src/orbbec_sdk/orbbec_camera_msgs' with type 'ros.ament_cmake' and name 'orbbec_camera_msgs'
[0.194s] Level 1:colcon.colcon_core.package_identification:_identify(src/orbbec_sdk/orbbec_description) by extensions ['ignore', 'ignore_ament_install']
[0.194s] Level 1:colcon.colcon_core.package_identification:_identify(src/orbbec_sdk/orbbec_description) by extension 'ignore'
[0.194s] Level 1:colcon.colcon_core.package_identification:_identify(src/orbbec_sdk/orbbec_description) by extension 'ignore_ament_install'
[0.194s] Level 1:colcon.colcon_core.package_identification:_identify(src/orbbec_sdk/orbbec_description) by extensions ['colcon_pkg']
[0.194s] Level 1:colcon.colcon_core.package_identification:_identify(src/orbbec_sdk/orbbec_description) by extension 'colcon_pkg'
[0.194s] Level 1:colcon.colcon_core.package_identification:_identify(src/orbbec_sdk/orbbec_description) by extensions ['colcon_meta']
[0.194s] Level 1:colcon.colcon_core.package_identification:_identify(src/orbbec_sdk/orbbec_description) by extension 'colcon_meta'
[0.194s] Level 1:colcon.colcon_core.package_identification:_identify(src/orbbec_sdk/orbbec_description) by extensions ['ros']
[0.194s] Level 1:colcon.colcon_core.package_identification:_identify(src/orbbec_sdk/orbbec_description) by extension 'ros'
[0.194s] DEBUG:colcon.colcon_core.package_identification:Package 'src/orbbec_sdk/orbbec_description' with type 'ros.ament_cmake' and name 'orbbec_description'
[0.194s] Level 1:colcon.colcon_core.package_identification:_identify(src/px4_msgs) by extensions ['ignore', 'ignore_ament_install']
[0.194s] Level 1:colcon.colcon_core.package_identification:_identify(src/px4_msgs) by extension 'ignore'
[0.195s] Level 1:colcon.colcon_core.package_identification:_identify(src/px4_msgs) by extension 'ignore_ament_install'
[0.195s] Level 1:colcon.colcon_core.package_identification:_identify(src/px4_msgs) by extensions ['colcon_pkg']
[0.195s] Level 1:colcon.colcon_core.package_identification:_identify(src/px4_msgs) by extension 'colcon_pkg'
[0.195s] Level 1:colcon.colcon_core.package_identification:_identify(src/px4_msgs) by extensions ['colcon_meta']
[0.195s] Level 1:colcon.colcon_core.package_identification:_identify(src/px4_msgs) by extension 'colcon_meta'
[0.195s] Level 1:colcon.colcon_core.package_identification:_identify(src/px4_msgs) by extensions ['ros']
[0.195s] Level 1:colcon.colcon_core.package_identification:_identify(src/px4_msgs) by extension 'ros'
[0.195s] DEBUG:colcon.colcon_core.package_identification:Package 'src/px4_msgs' with type 'ros.ament_cmake' and name 'px4_msgs'
[0.195s] Level 1:colcon.colcon_core.package_identification:_identify(src/quadrotor_msgs) by extensions ['ignore', 'ignore_ament_install']
[0.195s] Level 1:colcon.colcon_core.package_identification:_identify(src/quadrotor_msgs) by extension 'ignore'
[0.195s] Level 1:colcon.colcon_core.package_identification:_identify(src/quadrotor_msgs) by extension 'ignore_ament_install'
[0.195s] Level 1:colcon.colcon_core.package_identification:_identify(src/quadrotor_msgs) by extensions ['colcon_pkg']
[0.195s] Level 1:colcon.colcon_core.package_identification:_identify(src/quadrotor_msgs) by extension 'colcon_pkg'
[0.195s] Level 1:colcon.colcon_core.package_identification:_identify(src/quadrotor_msgs) by extensions ['colcon_meta']
[0.195s] Level 1:colcon.colcon_core.package_identification:_identify(src/quadrotor_msgs) by extension 'colcon_meta'
[0.195s] Level 1:colcon.colcon_core.package_identification:_identify(src/quadrotor_msgs) by extensions ['ros']
[0.195s] Level 1:colcon.colcon_core.package_identification:_identify(src/quadrotor_msgs) by extension 'ros'
[0.196s] DEBUG:colcon.colcon_core.package_identification:Package 'src/quadrotor_msgs' with type 'ros.ament_cmake' and name 'quadrotor_msgs'
[0.196s] Level 1:colcon.colcon_core.package_identification:_identify(src/relative_position_fusion) by extensions ['ignore', 'ignore_ament_install']
[0.196s] Level 1:colcon.colcon_core.package_identification:_identify(src/relative_position_fusion) by extension 'ignore'
[0.196s] Level 1:colcon.colcon_core.package_identification:_identify(src/relative_position_fusion) by extension 'ignore_ament_install'
[0.196s] Level 1:colcon.colcon_core.package_identification:_identify(src/relative_position_fusion) by extensions ['colcon_pkg']
[0.196s] Level 1:colcon.colcon_core.package_identification:_identify(src/relative_position_fusion) by extension 'colcon_pkg'
[0.196s] Level 1:colcon.colcon_core.package_identification:_identify(src/relative_position_fusion) by extensions ['colcon_meta']
[0.196s] Level 1:colcon.colcon_core.package_identification:_identify(src/relative_position_fusion) by extension 'colcon_meta'
[0.196s] Level 1:colcon.colcon_core.package_identification:_identify(src/relative_position_fusion) by extensions ['ros']
[0.196s] Level 1:colcon.colcon_core.package_identification:_identify(src/relative_position_fusion) by extension 'ros'
[0.197s] DEBUG:colcon.colcon_core.package_identification:Package 'src/relative_position_fusion' with type 'ros.ament_cmake' and name 'relative_position_fusion'
[0.197s] Level 1:colcon.colcon_core.package_identification:_identify(src/sim_worlds) by extensions ['ignore', 'ignore_ament_install']
[0.197s] Level 1:colcon.colcon_core.package_identification:_identify(src/sim_worlds) by extension 'ignore'
[0.197s] Level 1:colcon.colcon_core.package_identification:_identify(src/sim_worlds) by extension 'ignore_ament_install'
[0.197s] Level 1:colcon.colcon_core.package_identification:_identify(src/sim_worlds) by extensions ['colcon_pkg']
[0.197s] Level 1:colcon.colcon_core.package_identification:_identify(src/sim_worlds) by extension 'colcon_pkg'
[0.197s] Level 1:colcon.colcon_core.package_identification:_identify(src/sim_worlds) by extensions ['colcon_meta']
[0.197s] Level 1:colcon.colcon_core.package_identification:_identify(src/sim_worlds) by extension 'colcon_meta'
[0.197s] Level 1:colcon.colcon_core.package_identification:_identify(src/sim_worlds) by extensions ['ros']
[0.197s] Level 1:colcon.colcon_core.package_identification:_identify(src/sim_worlds) by extension 'ros'
[0.197s] DEBUG:colcon.colcon_core.package_identification:Package 'src/sim_worlds' with type 'ros.ament_cmake' and name 'sim_worlds'
[0.197s] Level 1:colcon.colcon_core.package_identification:_identify(src/uav_bridge) by extensions ['ignore', 'ignore_ament_install']
[0.197s] Level 1:colcon.colcon_core.package_identification:_identify(src/uav_bridge) by extension 'ignore'
[0.197s] Level 1:colcon.colcon_core.package_identification:_identify(src/uav_bridge) by extension 'ignore_ament_install'
[0.197s] Level 1:colcon.colcon_core.package_identification:_identify(src/uav_bridge) by extensions ['colcon_pkg']
[0.197s] Level 1:colcon.colcon_core.package_identification:_identify(src/uav_bridge) by extension 'colcon_pkg'
[0.197s] Level 1:colcon.colcon_core.package_identification:_identify(src/uav_bridge) by extensions ['colcon_meta']
[0.197s] Level 1:colcon.colcon_core.package_identification:_identify(src/uav_bridge) by extension 'colcon_meta'
[0.197s] Level 1:colcon.colcon_core.package_identification:_identify(src/uav_bridge) by extensions ['ros']
[0.197s] Level 1:colcon.colcon_core.package_identification:_identify(src/uav_bridge) by extension 'ros'
[0.198s] DEBUG:colcon.colcon_core.package_identification:Package 'src/uav_bridge' with type 'ros.ament_cmake' and name 'uav_bridge'
[0.198s] Level 1:colcon.colcon_core.package_identification:_identify(src/uav_bringup) by extensions ['ignore', 'ignore_ament_install']
[0.198s] Level 1:colcon.colcon_core.package_identification:_identify(src/uav_bringup) by extension 'ignore'
[0.198s] Level 1:colcon.colcon_core.package_identification:_identify(src/uav_bringup) by extension 'ignore_ament_install'
[0.198s] Level 1:colcon.colcon_core.package_identification:_identify(src/uav_bringup) by extensions ['colcon_pkg']
[0.198s] Level 1:colcon.colcon_core.package_identification:_identify(src/uav_bringup) by extension 'colcon_pkg'
[0.198s] Level 1:colcon.colcon_core.package_identification:_identify(src/uav_bringup) by extensions ['colcon_meta']
[0.198s] Level 1:colcon.colcon_core.package_identification:_identify(src/uav_bringup) by extension 'colcon_meta'
[0.198s] Level 1:colcon.colcon_core.package_identification:_identify(src/uav_bringup) by extensions ['ros']
[0.198s] Level 1:colcon.colcon_core.package_identification:_identify(src/uav_bringup) by extension 'ros'
[0.198s] DEBUG:colcon.colcon_core.package_identification:Package 'src/uav_bringup' with type 'ros.ament_cmake' and name 'uav_bringup'
[0.199s] Level 1:colcon.colcon_core.package_identification:_identify(src/uav_description) by extensions ['ignore', 'ignore_ament_install']
[0.199s] Level 1:colcon.colcon_core.package_identification:_identify(src/uav_description) by extension 'ignore'
[0.199s] Level 1:colcon.colcon_core.package_identification:_identify(src/uav_description) by extension 'ignore_ament_install'
[0.199s] Level 1:colcon.colcon_core.package_identification:_identify(src/uav_description) by extensions ['colcon_pkg']
[0.199s] Level 1:colcon.colcon_core.package_identification:_identify(src/uav_description) by extension 'colcon_pkg'
[0.199s] Level 1:colcon.colcon_core.package_identification:_identify(src/uav_description) by extensions ['colcon_meta']
[0.199s] Level 1:colcon.colcon_core.package_identification:_identify(src/uav_description) by extension 'colcon_meta'
[0.199s] Level 1:colcon.colcon_core.package_identification:_identify(src/uav_description) by extensions ['ros']
[0.199s] Level 1:colcon.colcon_core.package_identification:_identify(src/uav_description) by extension 'ros'
[0.199s] DEBUG:colcon.colcon_core.package_identification:Package 'src/uav_description' with type 'ros.ament_cmake' and name 'uav_description'
[0.199s] Level 1:colcon.colcon_core.package_identification:_identify(src/uav_visual_landing) by extensions ['ignore', 'ignore_ament_install']
[0.199s] Level 1:colcon.colcon_core.package_identification:_identify(src/uav_visual_landing) by extension 'ignore'
[0.199s] Level 1:colcon.colcon_core.package_identification:_identify(src/uav_visual_landing) by extension 'ignore_ament_install'
[0.199s] Level 1:colcon.colcon_core.package_identification:_identify(src/uav_visual_landing) by extensions ['colcon_pkg']
[0.199s] Level 1:colcon.colcon_core.package_identification:_identify(src/uav_visual_landing) by extension 'colcon_pkg'
[0.199s] Level 1:colcon.colcon_core.package_identification:_identify(src/uav_visual_landing) by extensions ['colcon_meta']
[0.199s] Level 1:colcon.colcon_core.package_identification:_identify(src/uav_visual_landing) by extension 'colcon_meta'
[0.199s] Level 1:colcon.colcon_core.package_identification:_identify(src/uav_visual_landing) by extensions ['ros']
[0.199s] Level 1:colcon.colcon_core.package_identification:_identify(src/uav_visual_landing) by extension 'ros'
[0.200s] DEBUG:colcon.colcon_core.package_identification:Package 'src/uav_visual_landing' with type 'ros.ament_cmake' and name 'uav_visual_landing'
[0.200s] Level 1:colcon.colcon_core.package_identification:_identify(src/ugv_base_driver) by extensions ['ignore', 'ignore_ament_install']
[0.200s] Level 1:colcon.colcon_core.package_identification:_identify(src/ugv_base_driver) by extension 'ignore'
[0.200s] Level 1:colcon.colcon_core.package_identification:_identify(src/ugv_base_driver) by extension 'ignore_ament_install'
[0.200s] Level 1:colcon.colcon_core.package_identification:_identify(src/ugv_base_driver) by extensions ['colcon_pkg']
[0.200s] Level 1:colcon.colcon_core.package_identification:_identify(src/ugv_base_driver) by extension 'colcon_pkg'
[0.200s] Level 1:colcon.colcon_core.package_identification:_identify(src/ugv_base_driver) by extensions ['colcon_meta']
[0.200s] Level 1:colcon.colcon_core.package_identification:_identify(src/ugv_base_driver) by extension 'colcon_meta'
[0.200s] Level 1:colcon.colcon_core.package_identification:_identify(src/ugv_base_driver) by extensions ['ros']
[0.200s] Level 1:colcon.colcon_core.package_identification:_identify(src/ugv_base_driver) by extension 'ros'
[0.201s] DEBUG:colcon.colcon_core.package_identification:Package 'src/ugv_base_driver' with type 'ros.ament_cmake' and name 'ugv_base_driver'
[0.201s] Level 1:colcon.colcon_core.package_identification:_identify(src/ugv_bringup) by extensions ['ignore', 'ignore_ament_install']
[0.201s] Level 1:colcon.colcon_core.package_identification:_identify(src/ugv_bringup) by extension 'ignore'
[0.201s] Level 1:colcon.colcon_core.package_identification:_identify(src/ugv_bringup) by extension 'ignore_ament_install'
[0.201s] Level 1:colcon.colcon_core.package_identification:_identify(src/ugv_bringup) by extensions ['colcon_pkg']
[0.201s] Level 1:colcon.colcon_core.package_identification:_identify(src/ugv_bringup) by extension 'colcon_pkg'
[0.201s] Level 1:colcon.colcon_core.package_identification:_identify(src/ugv_bringup) by extensions ['colcon_meta']
[0.201s] Level 1:colcon.colcon_core.package_identification:_identify(src/ugv_bringup) by extension 'colcon_meta'
[0.201s] Level 1:colcon.colcon_core.package_identification:_identify(src/ugv_bringup) by extensions ['ros']
[0.201s] Level 1:colcon.colcon_core.package_identification:_identify(src/ugv_bringup) by extension 'ros'
[0.201s] DEBUG:colcon.colcon_core.package_identification:Package 'src/ugv_bringup' with type 'ros.ament_python' and name 'ugv_bringup'
[0.201s] Level 1:colcon.colcon_core.package_identification:_identify(src/ugv_controller_emulator) by extensions ['ignore', 'ignore_ament_install']
[0.201s] Level 1:colcon.colcon_core.package_identification:_identify(src/ugv_controller_emulator) by extension 'ignore'
[0.201s] Level 1:colcon.colcon_core.package_identification:_identify(src/ugv_controller_emulator) by extension 'ignore_ament_install'
[0.202s] Level 1:colcon.colcon_core.package_identification:_identify(src/ugv_controller_emulator) by extensions ['colcon_pkg']
[0.202s] Level 1:colcon.colcon_core.package_identification:_identify(src/ugv_controller_emulator) by extension 'colcon_pkg'
[0.202s] Level 1:colcon.colcon_core.package_identification:_identify(src/ugv_controller_emulator) by extensions ['colcon_meta']
[0.202s] Level 1:colcon.colcon_core.package_identification:_identify(src/ugv_controller_emulator) by extension 'colcon_meta'
[0.202s] Level 1:colcon.colcon_core.package_identification:_identify(src/ugv_controller_emulator) by extensions ['ros']
[0.202s] Level 1:colcon.colcon_core.package_identification:_identify(src/ugv_controller_emulator) by extension 'ros'
[0.202s] DEBUG:colcon.colcon_core.package_identification:Package 'src/ugv_controller_emulator' with type 'ros.ament_cmake' and name 'ugv_controller_emulator'
[0.202s] Level 1:colcon.colcon_core.package_identification:_identify(src/ugv_description) by extensions ['ignore', 'ignore_ament_install']
[0.202s] Level 1:colcon.colcon_core.package_identification:_identify(src/ugv_description) by extension 'ignore'
[0.202s] Level 1:colcon.colcon_core.package_identification:_identify(src/ugv_description) by extension 'ignore_ament_install'
[0.202s] Level 1:colcon.colcon_core.package_identification:_identify(src/ugv_description) by extensions ['colcon_pkg']
[0.202s] Level 1:colcon.colcon_core.package_identification:_identify(src/ugv_description) by extension 'colcon_pkg'
[0.202s] Level 1:colcon.colcon_core.package_identification:_identify(src/ugv_description) by extensions ['colcon_meta']
[0.202s] Level 1:colcon.colcon_core.package_identification:_identify(src/ugv_description) by extension 'colcon_meta'
[0.202s] Level 1:colcon.colcon_core.package_identification:_identify(src/ugv_description) by extensions ['ros']
[0.202s] Level 1:colcon.colcon_core.package_identification:_identify(src/ugv_description) by extension 'ros'
[0.202s] DEBUG:colcon.colcon_core.package_identification:Package 'src/ugv_description' with type 'ros.ament_python' and name 'ugv_description'
[0.202s] Level 1:colcon.colcon_core.package_identification:_identify(src/ugv_safety_watchdog) by extensions ['ignore', 'ignore_ament_install']
[0.203s] Level 1:colcon.colcon_core.package_identification:_identify(src/ugv_safety_watchdog) by extension 'ignore'
[0.203s] Level 1:colcon.colcon_core.package_identification:_identify(src/ugv_safety_watchdog) by extension 'ignore_ament_install'
[0.203s] Level 1:colcon.colcon_core.package_identification:_identify(src/ugv_safety_watchdog) by extensions ['colcon_pkg']
[0.203s] Level 1:colcon.colcon_core.package_identification:_identify(src/ugv_safety_watchdog) by extension 'colcon_pkg'
[0.203s] Level 1:colcon.colcon_core.package_identification:_identify(src/ugv_safety_watchdog) by extensions ['colcon_meta']
[0.203s] Level 1:colcon.colcon_core.package_identification:_identify(src/ugv_safety_watchdog) by extension 'colcon_meta'
[0.203s] Level 1:colcon.colcon_core.package_identification:_identify(src/ugv_safety_watchdog) by extensions ['ros']
[0.203s] Level 1:colcon.colcon_core.package_identification:_identify(src/ugv_safety_watchdog) by extension 'ros'
[0.203s] DEBUG:colcon.colcon_core.package_identification:Package 'src/ugv_safety_watchdog' with type 'ros.ament_cmake' and name 'ugv_safety_watchdog'
[0.203s] Level 1:colcon.colcon_core.package_identification:_identify(src/ugv_sim_tools) by extensions ['ignore', 'ignore_ament_install']
[0.203s] Level 1:colcon.colcon_core.package_identification:_identify(src/ugv_sim_tools) by extension 'ignore'
[0.203s] Level 1:colcon.colcon_core.package_identification:_identify(src/ugv_sim_tools) by extension 'ignore_ament_install'
[0.203s] Level 1:colcon.colcon_core.package_identification:_identify(src/ugv_sim_tools) by extensions ['colcon_pkg']
[0.203s] Level 1:colcon.colcon_core.package_identification:_identify(src/ugv_sim_tools) by extension 'colcon_pkg'
[0.203s] Level 1:colcon.colcon_core.package_identification:_identify(src/ugv_sim_tools) by extensions ['colcon_meta']
[0.203s] Level 1:colcon.colcon_core.package_identification:_identify(src/ugv_sim_tools) by extension 'colcon_meta'
[0.203s] Level 1:colcon.colcon_core.package_identification:_identify(src/ugv_sim_tools) by extensions ['ros']
[0.203s] Level 1:colcon.colcon_core.package_identification:_identify(src/ugv_sim_tools) by extension 'ros'
[0.204s] DEBUG:colcon.colcon_core.package_identification:Package 'src/ugv_sim_tools' with type 'ros.ament_cmake' and name 'ugv_sim_tools'
[0.204s] Level 1:colcon.colcon_core.package_identification:_identify(src/ugv_slam_tools) by extensions ['ignore', 'ignore_ament_install']
[0.204s] Level 1:colcon.colcon_core.package_identification:_identify(src/ugv_slam_tools) by extension 'ignore'
[0.204s] Level 1:colcon.colcon_core.package_identification:_identify(src/ugv_slam_tools) by extension 'ignore_ament_install'
[0.204s] Level 1:colcon.colcon_core.package_identification:_identify(src/ugv_slam_tools) by extensions ['colcon_pkg']
[0.204s] Level 1:colcon.colcon_core.package_identification:_identify(src/ugv_slam_tools) by extension 'colcon_pkg'
[0.204s] Level 1:colcon.colcon_core.package_identification:_identify(src/ugv_slam_tools) by extensions ['colcon_meta']
[0.204s] Level 1:colcon.colcon_core.package_identification:_identify(src/ugv_slam_tools) by extension 'colcon_meta'
[0.204s] Level 1:colcon.colcon_core.package_identification:_identify(src/ugv_slam_tools) by extensions ['ros']
[0.204s] Level 1:colcon.colcon_core.package_identification:_identify(src/ugv_slam_tools) by extension 'ros'
[0.204s] DEBUG:colcon.colcon_core.package_identification:Package 'src/ugv_slam_tools' with type 'ros.ament_cmake' and name 'ugv_slam_tools'
[0.204s] Level 1:colcon.colcon_core.package_identification:_identify(src/ugv_teleop) by extensions ['ignore', 'ignore_ament_install']
[0.204s] Level 1:colcon.colcon_core.package_identification:_identify(src/ugv_teleop) by extension 'ignore'
[0.204s] Level 1:colcon.colcon_core.package_identification:_identify(src/ugv_teleop) by extension 'ignore_ament_install'
[0.204s] Level 1:colcon.colcon_core.package_identification:_identify(src/ugv_teleop) by extensions ['colcon_pkg']
[0.204s] Level 1:colcon.colcon_core.package_identification:_identify(src/ugv_teleop) by extension 'colcon_pkg'
[0.205s] Level 1:colcon.colcon_core.package_identification:_identify(src/ugv_teleop) by extensions ['colcon_meta']
[0.205s] Level 1:colcon.colcon_core.package_identification:_identify(src/ugv_teleop) by extension 'colcon_meta'
[0.205s] Level 1:colcon.colcon_core.package_identification:_identify(src/ugv_teleop) by extensions ['ros']
[0.205s] Level 1:colcon.colcon_core.package_identification:_identify(src/ugv_teleop) by extension 'ros'
[0.205s] DEBUG:colcon.colcon_core.package_identification:Package 'src/ugv_teleop' with type 'ros.ament_cmake' and name 'ugv_teleop'
[0.205s] Level 1:colcon.colcon_core.package_discovery:discover_packages(recursive) using defaults
[0.205s] Level 1:colcon.colcon_core.package_discovery:discover_packages(ignore) discover
[0.205s] Level 1:colcon.colcon_core.package_discovery:discover_packages(ignore) using defaults
[0.205s] Level 1:colcon.colcon_core.package_discovery:discover_packages(path) discover
[0.205s] Level 1:colcon.colcon_core.package_discovery:discover_packages(path) using defaults
[0.236s] INFO:colcon.colcon_core.package_selection:Skipping not selected package 'lslidar_msgs' in 'src/lslidar_driver/lslidar_msgs'
[0.236s] INFO:colcon.colcon_core.package_selection:Skipping not selected package 'orbbec_camera_msgs' in 'src/orbbec_sdk/orbbec_camera_msgs'
[0.236s] INFO:colcon.colcon_core.package_selection:Skipping not selected package 'orbbec_description' in 'src/orbbec_sdk/orbbec_description'
[0.236s] INFO:colcon.colcon_core.package_selection:Skipping not selected package 'uav_description' in 'src/uav_description'
[0.236s] INFO:colcon.colcon_core.package_selection:Skipping not selected package 'ugv_base_driver' in 'src/ugv_base_driver'
[0.237s] INFO:colcon.colcon_core.package_selection:Skipping not selected package 'ugv_controller_emulator' in 'src/ugv_controller_emulator'
[0.237s] INFO:colcon.colcon_core.package_selection:Skipping not selected package 'ugv_description' in 'src/ugv_description'
[0.237s] INFO:colcon.colcon_core.package_selection:Skipping not selected package 'ugv_safety_watchdog' in 'src/ugv_safety_watchdog'
[0.237s] INFO:colcon.colcon_core.package_selection:Skipping not selected package 'ugv_sim_tools' in 'src/ugv_sim_tools'
[0.237s] INFO:colcon.colcon_core.package_selection:Skipping not selected package 'ugv_slam_tools' in 'src/ugv_slam_tools'
[0.237s] INFO:colcon.colcon_core.package_selection:Skipping not selected package 'ugv_teleop' in 'src/ugv_teleop'
[0.237s] INFO:colcon.colcon_core.package_selection:Skipping not selected package 'lslidar_driver' in 'src/lslidar_driver/lslidar_driver'
[0.237s] INFO:colcon.colcon_core.package_selection:Skipping not selected package 'orbbec_camera' in 'src/orbbec_sdk/orbbec_camera'
[0.237s] INFO:colcon.colcon_core.package_selection:Skipping not selected package 'sim_worlds' in 'src/sim_worlds'
[0.237s] INFO:colcon.colcon_core.package_selection:Skipping not selected package 'ugv_bringup' in 'src/ugv_bringup'
[0.237s] INFO:colcon.colcon_core.package_selection:Skipping not selected package 'duojin01_bringup' in 'src/duojin01_bringup'
[0.237s] Level 5:colcon.colcon_core.verb:set package 'px4_msgs' build argument 'cmake_args' from command line to 'None'
[0.237s] Level 5:colcon.colcon_core.verb:set package 'px4_msgs' build argument 'cmake_target' from command line to 'None'
[0.237s] Level 5:colcon.colcon_core.verb:set package 'px4_msgs' build argument 'cmake_target_skip_unavailable' from command line to 'False'
[0.237s] Level 5:colcon.colcon_core.verb:set package 'px4_msgs' build argument 'cmake_clean_cache' from command line to 'False'
[0.237s] Level 5:colcon.colcon_core.verb:set package 'px4_msgs' build argument 'cmake_clean_first' from command line to 'False'
[0.237s] Level 5:colcon.colcon_core.verb:set package 'px4_msgs' build argument 'cmake_force_configure' from command line to 'False'
[0.237s] Level 5:colcon.colcon_core.verb:set package 'px4_msgs' build argument 'ament_cmake_args' from command line to 'None'
[0.237s] Level 5:colcon.colcon_core.verb:set package 'px4_msgs' build argument 'catkin_cmake_args' from command line to 'None'
[0.237s] Level 5:colcon.colcon_core.verb:set package 'px4_msgs' build argument 'catkin_skip_building_tests' from command line to 'False'
[0.237s] DEBUG:colcon.colcon_core.verb:Building package 'px4_msgs' with the following arguments: {'ament_cmake_args': None, 'build_base': '/home/th1rt3en/DOCO/ws/build_rework/px4_msgs', 'catkin_cmake_args': None, 'catkin_skip_building_tests': False, 'cmake_args': None, 'cmake_clean_cache': False, 'cmake_clean_first': False, 'cmake_force_configure': False, 'cmake_target': None, 'cmake_target_skip_unavailable': False, 'install_base': '/home/th1rt3en/DOCO/ws/install_rework/px4_msgs', 'merge_install': False, 'path': '/home/th1rt3en/DOCO/ws/src/px4_msgs', 'symlink_install': True, 'test_result_base': None}
[0.237s] Level 5:colcon.colcon_core.verb:set package 'quadrotor_msgs' build argument 'cmake_args' from command line to 'None'
[0.237s] Level 5:colcon.colcon_core.verb:set package 'quadrotor_msgs' build argument 'cmake_target' from command line to 'None'
[0.237s] Level 5:colcon.colcon_core.verb:set package 'quadrotor_msgs' build argument 'cmake_target_skip_unavailable' from command line to 'False'
[0.237s] Level 5:colcon.colcon_core.verb:set package 'quadrotor_msgs' build argument 'cmake_clean_cache' from command line to 'False'
[0.237s] Level 5:colcon.colcon_core.verb:set package 'quadrotor_msgs' build argument 'cmake_clean_first' from command line to 'False'
[0.237s] Level 5:colcon.colcon_core.verb:set package 'quadrotor_msgs' build argument 'cmake_force_configure' from command line to 'False'
[0.237s] Level 5:colcon.colcon_core.verb:set package 'quadrotor_msgs' build argument 'ament_cmake_args' from command line to 'None'
[0.237s] Level 5:colcon.colcon_core.verb:set package 'quadrotor_msgs' build argument 'catkin_cmake_args' from command line to 'None'
[0.237s] Level 5:colcon.colcon_core.verb:set package 'quadrotor_msgs' build argument 'catkin_skip_building_tests' from command line to 'False'
[0.237s] DEBUG:colcon.colcon_core.verb:Building package 'quadrotor_msgs' with the following arguments: {'ament_cmake_args': None, 'build_base': '/home/th1rt3en/DOCO/ws/build_rework/quadrotor_msgs', 'catkin_cmake_args': None, 'catkin_skip_building_tests': False, 'cmake_args': None, 'cmake_clean_cache': False, 'cmake_clean_first': False, 'cmake_force_configure': False, 'cmake_target': None, 'cmake_target_skip_unavailable': False, 'install_base': '/home/th1rt3en/DOCO/ws/install_rework/quadrotor_msgs', 'merge_install': False, 'path': '/home/th1rt3en/DOCO/ws/src/quadrotor_msgs', 'symlink_install': True, 'test_result_base': None}
[0.237s] Level 5:colcon.colcon_core.verb:set package 'relative_position_fusion' build argument 'cmake_args' from command line to 'None'
[0.237s] Level 5:colcon.colcon_core.verb:set package 'relative_position_fusion' build argument 'cmake_target' from command line to 'None'
[0.237s] Level 5:colcon.colcon_core.verb:set package 'relative_position_fusion' build argument 'cmake_target_skip_unavailable' from command line to 'False'
[0.237s] Level 5:colcon.colcon_core.verb:set package 'relative_position_fusion' build argument 'cmake_clean_cache' from command line to 'False'
[0.237s] Level 5:colcon.colcon_core.verb:set package 'relative_position_fusion' build argument 'cmake_clean_first' from command line to 'False'
[0.237s] Level 5:colcon.colcon_core.verb:set package 'relative_position_fusion' build argument 'cmake_force_configure' from command line to 'False'
[0.237s] Level 5:colcon.colcon_core.verb:set package 'relative_position_fusion' build argument 'ament_cmake_args' from command line to 'None'
[0.237s] Level 5:colcon.colcon_core.verb:set package 'relative_position_fusion' build argument 'catkin_cmake_args' from command line to 'None'
[0.237s] Level 5:colcon.colcon_core.verb:set package 'relative_position_fusion' build argument 'catkin_skip_building_tests' from command line to 'False'
[0.237s] DEBUG:colcon.colcon_core.verb:Building package 'relative_position_fusion' with the following arguments: {'ament_cmake_args': None, 'build_base': '/home/th1rt3en/DOCO/ws/build_rework/relative_position_fusion', 'catkin_cmake_args': None, 'catkin_skip_building_tests': False, 'cmake_args': None, 'cmake_clean_cache': False, 'cmake_clean_first': False, 'cmake_force_configure': False, 'cmake_target': None, 'cmake_target_skip_unavailable': False, 'install_base': '/home/th1rt3en/DOCO/ws/install_rework/relative_position_fusion', 'merge_install': False, 'path': '/home/th1rt3en/DOCO/ws/src/relative_position_fusion', 'symlink_install': True, 'test_result_base': None}
[0.238s] Level 5:colcon.colcon_core.verb:set package 'uav_bridge' build argument 'cmake_args' from command line to 'None'
[0.238s] Level 5:colcon.colcon_core.verb:set package 'uav_bridge' build argument 'cmake_target' from command line to 'None'
[0.238s] Level 5:colcon.colcon_core.verb:set package 'uav_bridge' build argument 'cmake_target_skip_unavailable' from command line to 'False'
[0.238s] Level 5:colcon.colcon_core.verb:set package 'uav_bridge' build argument 'cmake_clean_cache' from command line to 'False'
[0.238s] Level 5:colcon.colcon_core.verb:set package 'uav_bridge' build argument 'cmake_clean_first' from command line to 'False'
[0.238s] Level 5:colcon.colcon_core.verb:set package 'uav_bridge' build argument 'cmake_force_configure' from command line to 'False'
[0.238s] Level 5:colcon.colcon_core.verb:set package 'uav_bridge' build argument 'ament_cmake_args' from command line to 'None'
[0.238s] Level 5:colcon.colcon_core.verb:set package 'uav_bridge' build argument 'catkin_cmake_args' from command line to 'None'
[0.238s] Level 5:colcon.colcon_core.verb:set package 'uav_bridge' build argument 'catkin_skip_building_tests' from command line to 'False'
[0.238s] DEBUG:colcon.colcon_core.verb:Building package 'uav_bridge' with the following arguments: {'ament_cmake_args': None, 'build_base': '/home/th1rt3en/DOCO/ws/build_rework/uav_bridge', 'catkin_cmake_args': None, 'catkin_skip_building_tests': False, 'cmake_args': None, 'cmake_clean_cache': False, 'cmake_clean_first': False, 'cmake_force_configure': False, 'cmake_target': None, 'cmake_target_skip_unavailable': False, 'install_base': '/home/th1rt3en/DOCO/ws/install_rework/uav_bridge', 'merge_install': False, 'path': '/home/th1rt3en/DOCO/ws/src/uav_bridge', 'symlink_install': True, 'test_result_base': None}
[0.238s] Level 5:colcon.colcon_core.verb:set package 'uav_visual_landing' build argument 'cmake_args' from command line to 'None'
[0.238s] Level 5:colcon.colcon_core.verb:set package 'uav_visual_landing' build argument 'cmake_target' from command line to 'None'
[0.238s] Level 5:colcon.colcon_core.verb:set package 'uav_visual_landing' build argument 'cmake_target_skip_unavailable' from command line to 'False'
[0.238s] Level 5:colcon.colcon_core.verb:set package 'uav_visual_landing' build argument 'cmake_clean_cache' from command line to 'False'
[0.238s] Level 5:colcon.colcon_core.verb:set package 'uav_visual_landing' build argument 'cmake_clean_first' from command line to 'False'
[0.238s] Level 5:colcon.colcon_core.verb:set package 'uav_visual_landing' build argument 'cmake_force_configure' from command line to 'False'
[0.238s] Level 5:colcon.colcon_core.verb:set package 'uav_visual_landing' build argument 'ament_cmake_args' from command line to 'None'
[0.238s] Level 5:colcon.colcon_core.verb:set package 'uav_visual_landing' build argument 'catkin_cmake_args' from command line to 'None'
[0.238s] Level 5:colcon.colcon_core.verb:set package 'uav_visual_landing' build argument 'catkin_skip_building_tests' from command line to 'False'
[0.238s] DEBUG:colcon.colcon_core.verb:Building package 'uav_visual_landing' with the following arguments: {'ament_cmake_args': None, 'build_base': '/home/th1rt3en/DOCO/ws/build_rework/uav_visual_landing', 'catkin_cmake_args': None, 'catkin_skip_building_tests': False, 'cmake_args': None, 'cmake_clean_cache': False, 'cmake_clean_first': False, 'cmake_force_configure': False, 'cmake_target': None, 'cmake_target_skip_unavailable': False, 'install_base': '/home/th1rt3en/DOCO/ws/install_rework/uav_visual_landing', 'merge_install': False, 'path': '/home/th1rt3en/DOCO/ws/src/uav_visual_landing', 'symlink_install': True, 'test_result_base': None}
[0.238s] Level 5:colcon.colcon_core.verb:set package 'uav_bringup' build argument 'cmake_args' from command line to 'None'
[0.238s] Level 5:colcon.colcon_core.verb:set package 'uav_bringup' build argument 'cmake_target' from command line to 'None'
[0.238s] Level 5:colcon.colcon_core.verb:set package 'uav_bringup' build argument 'cmake_target_skip_unavailable' from command line to 'False'
[0.238s] Level 5:colcon.colcon_core.verb:set package 'uav_bringup' build argument 'cmake_clean_cache' from command line to 'False'
[0.238s] Level 5:colcon.colcon_core.verb:set package 'uav_bringup' build argument 'cmake_clean_first' from command line to 'False'
[0.238s] Level 5:colcon.colcon_core.verb:set package 'uav_bringup' build argument 'cmake_force_configure' from command line to 'False'
[0.238s] Level 5:colcon.colcon_core.verb:set package 'uav_bringup' build argument 'ament_cmake_args' from command line to 'None'
[0.238s] Level 5:colcon.colcon_core.verb:set package 'uav_bringup' build argument 'catkin_cmake_args' from command line to 'None'
[0.238s] Level 5:colcon.colcon_core.verb:set package 'uav_bringup' build argument 'catkin_skip_building_tests' from command line to 'False'
[0.238s] DEBUG:colcon.colcon_core.verb:Building package 'uav_bringup' with the following arguments: {'ament_cmake_args': None, 'build_base': '/home/th1rt3en/DOCO/ws/build_rework/uav_bringup', 'catkin_cmake_args': None, 'catkin_skip_building_tests': False, 'cmake_args': None, 'cmake_clean_cache': False, 'cmake_clean_first': False, 'cmake_force_configure': False, 'cmake_target': None, 'cmake_target_skip_unavailable': False, 'install_base': '/home/th1rt3en/DOCO/ws/install_rework/uav_bringup', 'merge_install': False, 'path': '/home/th1rt3en/DOCO/ws/src/uav_bringup', 'symlink_install': True, 'test_result_base': None}
[0.238s] INFO:colcon.colcon_core.executor:Executing jobs using 'parallel' executor
[0.239s] DEBUG:colcon.colcon_parallel_executor.executor.parallel:run_until_complete
[0.239s] INFO:colcon.colcon_ros.task.ament_cmake.build:Building ROS package in '/home/th1rt3en/DOCO/ws/src/px4_msgs' with build type 'ament_cmake'
[0.239s] INFO:colcon.colcon_cmake.task.cmake.build:Building CMake package in '/home/th1rt3en/DOCO/ws/src/px4_msgs'
[0.241s] INFO:colcon.colcon_core.plugin_system:Skipping extension 'colcon_core.shell.bat': Not used on non-Windows systems
[0.241s] INFO:colcon.colcon_core.shell:Skip shell extension 'powershell' for command environment: Not usable outside of PowerShell
[0.241s] DEBUG:colcon.colcon_core.shell:Skip shell extension 'dsv' for command environment
[0.244s] INFO:colcon.colcon_ros.task.ament_cmake.build:Building ROS package in '/home/th1rt3en/DOCO/ws/src/quadrotor_msgs' with build type 'ament_cmake'
[0.244s] INFO:colcon.colcon_cmake.task.cmake.build:Building CMake package in '/home/th1rt3en/DOCO/ws/src/quadrotor_msgs'
[0.245s] INFO:colcon.colcon_core.shell:Skip shell extension 'powershell' for command environment: Not usable outside of PowerShell
[0.245s] DEBUG:colcon.colcon_core.shell:Skip shell extension 'dsv' for command environment
[0.247s] INFO:colcon.colcon_ros.task.ament_cmake.build:Building ROS package in '/home/th1rt3en/DOCO/ws/src/relative_position_fusion' with build type 'ament_cmake'
[0.247s] INFO:colcon.colcon_cmake.task.cmake.build:Building CMake package in '/home/th1rt3en/DOCO/ws/src/relative_position_fusion'
[0.247s] INFO:colcon.colcon_core.shell:Skip shell extension 'powershell' for command environment: Not usable outside of PowerShell
[0.247s] DEBUG:colcon.colcon_core.shell:Skip shell extension 'dsv' for command environment
[0.251s] DEBUG:colcon.colcon_core.event_handler.log_command:Invoking command in '/home/th1rt3en/DOCO/ws/build_rework/px4_msgs': CMAKE_PREFIX_PATH=/opt/ros/humble /usr/bin/cmake /home/th1rt3en/DOCO/ws/src/px4_msgs -DAMENT_CMAKE_SYMLINK_INSTALL=1 -DCMAKE_INSTALL_PREFIX=/home/th1rt3en/DOCO/ws/install_rework/px4_msgs
[0.253s] DEBUG:colcon.colcon_core.event_handler.log_command:Invoking command in '/home/th1rt3en/DOCO/ws/build_rework/quadrotor_msgs': CMAKE_PREFIX_PATH=/opt/ros/humble /usr/bin/cmake /home/th1rt3en/DOCO/ws/src/quadrotor_msgs -DAMENT_CMAKE_SYMLINK_INSTALL=1 -DCMAKE_INSTALL_PREFIX=/home/th1rt3en/DOCO/ws/install_rework/quadrotor_msgs
[0.255s] DEBUG:colcon.colcon_core.event_handler.log_command:Invoking command in '/home/th1rt3en/DOCO/ws/build_rework/relative_position_fusion': CMAKE_PREFIX_PATH=/opt/ros/humble /usr/bin/cmake /home/th1rt3en/DOCO/ws/src/relative_position_fusion -DAMENT_CMAKE_SYMLINK_INSTALL=1 -DCMAKE_INSTALL_PREFIX=/home/th1rt3en/DOCO/ws/install_rework/relative_position_fusion
[1.332s] DEBUG:colcon.colcon_core.event_handler.log_command:Invoked command in '/home/th1rt3en/DOCO/ws/build_rework/relative_position_fusion' returned '0': CMAKE_PREFIX_PATH=/opt/ros/humble /usr/bin/cmake /home/th1rt3en/DOCO/ws/src/relative_position_fusion -DAMENT_CMAKE_SYMLINK_INSTALL=1 -DCMAKE_INSTALL_PREFIX=/home/th1rt3en/DOCO/ws/install_rework/relative_position_fusion
[1.333s] DEBUG:colcon.colcon_core.event_handler.log_command:Invoking command in '/home/th1rt3en/DOCO/ws/build_rework/relative_position_fusion': CMAKE_PREFIX_PATH=/opt/ros/humble /usr/bin/cmake --build /home/th1rt3en/DOCO/ws/build_rework/relative_position_fusion -- -j16 -l16
[2.291s] DEBUG:colcon.colcon_core.event_handler.log_command:Invoked command in '/home/th1rt3en/DOCO/ws/build_rework/quadrotor_msgs' returned '0': CMAKE_PREFIX_PATH=/opt/ros/humble /usr/bin/cmake /home/th1rt3en/DOCO/ws/src/quadrotor_msgs -DAMENT_CMAKE_SYMLINK_INSTALL=1 -DCMAKE_INSTALL_PREFIX=/home/th1rt3en/DOCO/ws/install_rework/quadrotor_msgs
[2.293s] DEBUG:colcon.colcon_core.event_handler.log_command:Invoking command in '/home/th1rt3en/DOCO/ws/build_rework/quadrotor_msgs': CMAKE_PREFIX_PATH=/opt/ros/humble /usr/bin/cmake --build /home/th1rt3en/DOCO/ws/build_rework/quadrotor_msgs -- -j16 -l16
[3.186s] DEBUG:colcon.colcon_core.event_handler.log_command:Invoked command in '/home/th1rt3en/DOCO/ws/build_rework/px4_msgs' returned '0': CMAKE_PREFIX_PATH=/opt/ros/humble /usr/bin/cmake /home/th1rt3en/DOCO/ws/src/px4_msgs -DAMENT_CMAKE_SYMLINK_INSTALL=1 -DCMAKE_INSTALL_PREFIX=/home/th1rt3en/DOCO/ws/install_rework/px4_msgs
[3.187s] DEBUG:colcon.colcon_core.event_handler.log_command:Invoking command in '/home/th1rt3en/DOCO/ws/build_rework/px4_msgs': CMAKE_PREFIX_PATH=/opt/ros/humble /usr/bin/cmake --build /home/th1rt3en/DOCO/ws/build_rework/px4_msgs -- -j16 -l16
[10.030s] DEBUG:colcon.colcon_core.event_handler.log_command:Invoked command in '/home/th1rt3en/DOCO/ws/build_rework/quadrotor_msgs' returned '0': CMAKE_PREFIX_PATH=/opt/ros/humble /usr/bin/cmake --build /home/th1rt3en/DOCO/ws/build_rework/quadrotor_msgs -- -j16 -l16
[10.043s] DEBUG:colcon.colcon_core.event_handler.log_command:Invoking command in '/home/th1rt3en/DOCO/ws/build_rework/quadrotor_msgs': CMAKE_PREFIX_PATH=/opt/ros/humble /usr/bin/cmake --install /home/th1rt3en/DOCO/ws/build_rework/quadrotor_msgs
[12.928s] Level 1:colcon.colcon_core.environment:create_environment_scripts_only(quadrotor_msgs)
[12.929s] DEBUG:colcon.colcon_core.event_handler.log_command:Invoked command in '/home/th1rt3en/DOCO/ws/build_rework/quadrotor_msgs' returned '0': CMAKE_PREFIX_PATH=/opt/ros/humble /usr/bin/cmake --install /home/th1rt3en/DOCO/ws/build_rework/quadrotor_msgs
[12.931s] Level 1:colcon.colcon_core.environment:checking '/home/th1rt3en/DOCO/ws/install_rework/quadrotor_msgs' for CMake module files
[12.931s] Level 1:colcon.colcon_core.environment:checking '/home/th1rt3en/DOCO/ws/install_rework/quadrotor_msgs' for CMake config files
[12.932s] Level 1:colcon.colcon_core.shell:create_environment_hook('quadrotor_msgs', 'cmake_prefix_path')
[12.932s] INFO:colcon.colcon_core.shell:Creating environment hook '/home/th1rt3en/DOCO/ws/install_rework/quadrotor_msgs/share/quadrotor_msgs/hook/cmake_prefix_path.ps1'
[12.933s] INFO:colcon.colcon_core.shell:Creating environment descriptor '/home/th1rt3en/DOCO/ws/install_rework/quadrotor_msgs/share/quadrotor_msgs/hook/cmake_prefix_path.dsv'
[12.933s] INFO:colcon.colcon_core.shell:Creating environment hook '/home/th1rt3en/DOCO/ws/install_rework/quadrotor_msgs/share/quadrotor_msgs/hook/cmake_prefix_path.sh'
[12.934s] Level 1:colcon.colcon_core.environment:checking '/home/th1rt3en/DOCO/ws/install_rework/quadrotor_msgs/lib'
[12.934s] Level 1:colcon.colcon_core.shell:create_environment_hook('quadrotor_msgs', 'ld_library_path_lib')
[12.935s] INFO:colcon.colcon_core.shell:Creating environment hook '/home/th1rt3en/DOCO/ws/install_rework/quadrotor_msgs/share/quadrotor_msgs/hook/ld_library_path_lib.ps1'
[12.935s] INFO:colcon.colcon_core.shell:Creating environment descriptor '/home/th1rt3en/DOCO/ws/install_rework/quadrotor_msgs/share/quadrotor_msgs/hook/ld_library_path_lib.dsv'
[12.935s] INFO:colcon.colcon_core.shell:Creating environment hook '/home/th1rt3en/DOCO/ws/install_rework/quadrotor_msgs/share/quadrotor_msgs/hook/ld_library_path_lib.sh'
[12.935s] Level 1:colcon.colcon_core.environment:checking '/home/th1rt3en/DOCO/ws/install_rework/quadrotor_msgs/bin'
[12.935s] Level 1:colcon.colcon_core.environment:checking '/home/th1rt3en/DOCO/ws/install_rework/quadrotor_msgs/lib/pkgconfig/quadrotor_msgs.pc'
[12.937s] Level 1:colcon.colcon_core.environment:checking '/home/th1rt3en/DOCO/ws/install_rework/quadrotor_msgs/lib/python3.10/site-packages'
[12.938s] Level 1:colcon.colcon_core.environment:checking '/home/th1rt3en/DOCO/ws/install_rework/quadrotor_msgs/bin'
[12.938s] INFO:colcon.colcon_core.shell:Creating package script '/home/th1rt3en/DOCO/ws/install_rework/quadrotor_msgs/share/quadrotor_msgs/package.ps1'
[12.939s] INFO:colcon.colcon_core.shell:Creating package descriptor '/home/th1rt3en/DOCO/ws/install_rework/quadrotor_msgs/share/quadrotor_msgs/package.dsv'
[12.940s] INFO:colcon.colcon_core.shell:Creating package script '/home/th1rt3en/DOCO/ws/install_rework/quadrotor_msgs/share/quadrotor_msgs/package.sh'
[12.941s] INFO:colcon.colcon_core.shell:Creating package script '/home/th1rt3en/DOCO/ws/install_rework/quadrotor_msgs/share/quadrotor_msgs/package.bash'
[12.941s] INFO:colcon.colcon_core.shell:Creating package script '/home/th1rt3en/DOCO/ws/install_rework/quadrotor_msgs/share/quadrotor_msgs/package.zsh'
[12.942s] Level 1:colcon.colcon_core.environment:create_file_with_runtime_dependencies(/home/th1rt3en/DOCO/ws/install_rework/quadrotor_msgs/share/colcon-core/packages/quadrotor_msgs)
[12.942s] Level 1:colcon.colcon_core.environment:create_environment_scripts_only(quadrotor_msgs)
[12.943s] Level 1:colcon.colcon_core.environment:checking '/home/th1rt3en/DOCO/ws/install_rework/quadrotor_msgs' for CMake module files
[12.943s] Level 1:colcon.colcon_core.environment:checking '/home/th1rt3en/DOCO/ws/install_rework/quadrotor_msgs' for CMake config files
[12.944s] Level 1:colcon.colcon_core.shell:create_environment_hook('quadrotor_msgs', 'cmake_prefix_path')
[12.944s] INFO:colcon.colcon_core.shell:Creating environment hook '/home/th1rt3en/DOCO/ws/install_rework/quadrotor_msgs/share/quadrotor_msgs/hook/cmake_prefix_path.ps1'
[12.944s] INFO:colcon.colcon_core.shell:Creating environment descriptor '/home/th1rt3en/DOCO/ws/install_rework/quadrotor_msgs/share/quadrotor_msgs/hook/cmake_prefix_path.dsv'
[12.945s] INFO:colcon.colcon_core.shell:Creating environment hook '/home/th1rt3en/DOCO/ws/install_rework/quadrotor_msgs/share/quadrotor_msgs/hook/cmake_prefix_path.sh'
[12.945s] Level 1:colcon.colcon_core.environment:checking '/home/th1rt3en/DOCO/ws/install_rework/quadrotor_msgs/lib'
[12.945s] Level 1:colcon.colcon_core.shell:create_environment_hook('quadrotor_msgs', 'ld_library_path_lib')
[12.945s] INFO:colcon.colcon_core.shell:Creating environment hook '/home/th1rt3en/DOCO/ws/install_rework/quadrotor_msgs/share/quadrotor_msgs/hook/ld_library_path_lib.ps1'
[12.945s] INFO:colcon.colcon_core.shell:Creating environment descriptor '/home/th1rt3en/DOCO/ws/install_rework/quadrotor_msgs/share/quadrotor_msgs/hook/ld_library_path_lib.dsv'
[12.946s] INFO:colcon.colcon_core.shell:Creating environment hook '/home/th1rt3en/DOCO/ws/install_rework/quadrotor_msgs/share/quadrotor_msgs/hook/ld_library_path_lib.sh'
[12.946s] Level 1:colcon.colcon_core.environment:checking '/home/th1rt3en/DOCO/ws/install_rework/quadrotor_msgs/bin'
[12.946s] Level 1:colcon.colcon_core.environment:checking '/home/th1rt3en/DOCO/ws/install_rework/quadrotor_msgs/lib/pkgconfig/quadrotor_msgs.pc'
[12.946s] Level 1:colcon.colcon_core.environment:checking '/home/th1rt3en/DOCO/ws/install_rework/quadrotor_msgs/lib/python3.10/site-packages'
[12.946s] Level 1:colcon.colcon_core.environment:checking '/home/th1rt3en/DOCO/ws/install_rework/quadrotor_msgs/bin'
[12.947s] INFO:colcon.colcon_core.shell:Creating package script '/home/th1rt3en/DOCO/ws/install_rework/quadrotor_msgs/share/quadrotor_msgs/package.ps1'
[12.947s] INFO:colcon.colcon_core.shell:Creating package descriptor '/home/th1rt3en/DOCO/ws/install_rework/quadrotor_msgs/share/quadrotor_msgs/package.dsv'
[12.947s] INFO:colcon.colcon_core.shell:Creating package script '/home/th1rt3en/DOCO/ws/install_rework/quadrotor_msgs/share/quadrotor_msgs/package.sh'
[12.948s] INFO:colcon.colcon_core.shell:Creating package script '/home/th1rt3en/DOCO/ws/install_rework/quadrotor_msgs/share/quadrotor_msgs/package.bash'
[12.948s] INFO:colcon.colcon_core.shell:Creating package script '/home/th1rt3en/DOCO/ws/install_rework/quadrotor_msgs/share/quadrotor_msgs/package.zsh'
[12.948s] Level 1:colcon.colcon_core.environment:create_file_with_runtime_dependencies(/home/th1rt3en/DOCO/ws/install_rework/quadrotor_msgs/share/colcon-core/packages/quadrotor_msgs)
[33.309s] DEBUG:colcon.colcon_core.event_handler.log_command:Invoked command in '/home/th1rt3en/DOCO/ws/build_rework/relative_position_fusion' returned '0': CMAKE_PREFIX_PATH=/opt/ros/humble /usr/bin/cmake --build /home/th1rt3en/DOCO/ws/build_rework/relative_position_fusion -- -j16 -l16
[33.310s] DEBUG:colcon.colcon_core.event_handler.log_command:Invoking command in '/home/th1rt3en/DOCO/ws/build_rework/relative_position_fusion': CMAKE_PREFIX_PATH=/opt/ros/humble /usr/bin/cmake --install /home/th1rt3en/DOCO/ws/build_rework/relative_position_fusion
[33.689s] Level 1:colcon.colcon_core.environment:create_environment_scripts_only(relative_position_fusion)
[33.690s] Level 1:colcon.colcon_core.environment:checking '/home/th1rt3en/DOCO/ws/install_rework/relative_position_fusion' for CMake module files
[33.690s] DEBUG:colcon.colcon_core.event_handler.log_command:Invoked command in '/home/th1rt3en/DOCO/ws/build_rework/relative_position_fusion' returned '0': CMAKE_PREFIX_PATH=/opt/ros/humble /usr/bin/cmake --install /home/th1rt3en/DOCO/ws/build_rework/relative_position_fusion
[33.690s] Level 1:colcon.colcon_core.environment:checking '/home/th1rt3en/DOCO/ws/install_rework/relative_position_fusion' for CMake config files
[33.691s] Level 1:colcon.colcon_core.shell:create_environment_hook('relative_position_fusion', 'cmake_prefix_path')
[33.691s] INFO:colcon.colcon_core.shell:Creating environment hook '/home/th1rt3en/DOCO/ws/install_rework/relative_position_fusion/share/relative_position_fusion/hook/cmake_prefix_path.ps1'
[33.691s] INFO:colcon.colcon_core.shell:Creating environment descriptor '/home/th1rt3en/DOCO/ws/install_rework/relative_position_fusion/share/relative_position_fusion/hook/cmake_prefix_path.dsv'
[33.692s] INFO:colcon.colcon_core.shell:Creating environment hook '/home/th1rt3en/DOCO/ws/install_rework/relative_position_fusion/share/relative_position_fusion/hook/cmake_prefix_path.sh'
[33.692s] Level 1:colcon.colcon_core.environment:checking '/home/th1rt3en/DOCO/ws/install_rework/relative_position_fusion/lib'
[33.692s] Level 1:colcon.colcon_core.environment:checking '/home/th1rt3en/DOCO/ws/install_rework/relative_position_fusion/bin'
[33.692s] Level 1:colcon.colcon_core.environment:checking '/home/th1rt3en/DOCO/ws/install_rework/relative_position_fusion/lib/pkgconfig/relative_position_fusion.pc'
[33.692s] Level 1:colcon.colcon_core.environment:checking '/home/th1rt3en/DOCO/ws/install_rework/relative_position_fusion/lib/python3.10/site-packages'
[33.693s] Level 1:colcon.colcon_core.environment:checking '/home/th1rt3en/DOCO/ws/install_rework/relative_position_fusion/bin'
[33.693s] INFO:colcon.colcon_core.shell:Creating package script '/home/th1rt3en/DOCO/ws/install_rework/relative_position_fusion/share/relative_position_fusion/package.ps1'
[33.693s] INFO:colcon.colcon_core.shell:Creating package descriptor '/home/th1rt3en/DOCO/ws/install_rework/relative_position_fusion/share/relative_position_fusion/package.dsv'
[33.694s] INFO:colcon.colcon_core.shell:Creating package script '/home/th1rt3en/DOCO/ws/install_rework/relative_position_fusion/share/relative_position_fusion/package.sh'
[33.694s] INFO:colcon.colcon_core.shell:Creating package script '/home/th1rt3en/DOCO/ws/install_rework/relative_position_fusion/share/relative_position_fusion/package.bash'
[33.694s] INFO:colcon.colcon_core.shell:Creating package script '/home/th1rt3en/DOCO/ws/install_rework/relative_position_fusion/share/relative_position_fusion/package.zsh'
[33.694s] Level 1:colcon.colcon_core.environment:create_file_with_runtime_dependencies(/home/th1rt3en/DOCO/ws/install_rework/relative_position_fusion/share/colcon-core/packages/relative_position_fusion)
[33.695s] Level 1:colcon.colcon_core.environment:create_environment_scripts_only(relative_position_fusion)
[33.695s] Level 1:colcon.colcon_core.environment:checking '/home/th1rt3en/DOCO/ws/install_rework/relative_position_fusion' for CMake module files
[33.695s] Level 1:colcon.colcon_core.environment:checking '/home/th1rt3en/DOCO/ws/install_rework/relative_position_fusion' for CMake config files
[33.696s] Level 1:colcon.colcon_core.shell:create_environment_hook('relative_position_fusion', 'cmake_prefix_path')
[33.696s] INFO:colcon.colcon_core.shell:Creating environment hook '/home/th1rt3en/DOCO/ws/install_rework/relative_position_fusion/share/relative_position_fusion/hook/cmake_prefix_path.ps1'
[33.696s] INFO:colcon.colcon_core.shell:Creating environment descriptor '/home/th1rt3en/DOCO/ws/install_rework/relative_position_fusion/share/relative_position_fusion/hook/cmake_prefix_path.dsv'
[33.697s] INFO:colcon.colcon_core.shell:Creating environment hook '/home/th1rt3en/DOCO/ws/install_rework/relative_position_fusion/share/relative_position_fusion/hook/cmake_prefix_path.sh'
[33.697s] Level 1:colcon.colcon_core.environment:checking '/home/th1rt3en/DOCO/ws/install_rework/relative_position_fusion/lib'
[33.697s] Level 1:colcon.colcon_core.environment:checking '/home/th1rt3en/DOCO/ws/install_rework/relative_position_fusion/bin'
[33.697s] Level 1:colcon.colcon_core.environment:checking '/home/th1rt3en/DOCO/ws/install_rework/relative_position_fusion/lib/pkgconfig/relative_position_fusion.pc'
[33.697s] Level 1:colcon.colcon_core.environment:checking '/home/th1rt3en/DOCO/ws/install_rework/relative_position_fusion/lib/python3.10/site-packages'
[33.697s] Level 1:colcon.colcon_core.environment:checking '/home/th1rt3en/DOCO/ws/install_rework/relative_position_fusion/bin'
[33.698s] INFO:colcon.colcon_core.shell:Creating package script '/home/th1rt3en/DOCO/ws/install_rework/relative_position_fusion/share/relative_position_fusion/package.ps1'
[33.698s] INFO:colcon.colcon_core.shell:Creating package descriptor '/home/th1rt3en/DOCO/ws/install_rework/relative_position_fusion/share/relative_position_fusion/package.dsv'
[33.698s] INFO:colcon.colcon_core.shell:Creating package script '/home/th1rt3en/DOCO/ws/install_rework/relative_position_fusion/share/relative_position_fusion/package.sh'
[33.698s] INFO:colcon.colcon_core.shell:Creating package script '/home/th1rt3en/DOCO/ws/install_rework/relative_position_fusion/share/relative_position_fusion/package.bash'
[33.699s] INFO:colcon.colcon_core.shell:Creating package script '/home/th1rt3en/DOCO/ws/install_rework/relative_position_fusion/share/relative_position_fusion/package.zsh'
[33.699s] Level 1:colcon.colcon_core.environment:create_file_with_runtime_dependencies(/home/th1rt3en/DOCO/ws/install_rework/relative_position_fusion/share/colcon-core/packages/relative_position_fusion)
[128.752s] DEBUG:colcon.colcon_core.event_handler.log_command:Invoked command in '/home/th1rt3en/DOCO/ws/build_rework/px4_msgs' returned '0': CMAKE_PREFIX_PATH=/opt/ros/humble /usr/bin/cmake --build /home/th1rt3en/DOCO/ws/build_rework/px4_msgs -- -j16 -l16
[128.754s] DEBUG:colcon.colcon_core.event_handler.log_command:Invoking command in '/home/th1rt3en/DOCO/ws/build_rework/px4_msgs': CMAKE_PREFIX_PATH=/opt/ros/humble /usr/bin/cmake --install /home/th1rt3en/DOCO/ws/build_rework/px4_msgs
[165.696s] Level 1:colcon.colcon_core.environment:create_environment_scripts_only(px4_msgs)
[165.696s] Level 1:colcon.colcon_core.environment:checking '/home/th1rt3en/DOCO/ws/install_rework/px4_msgs' for CMake module files
[165.697s] DEBUG:colcon.colcon_core.event_handler.log_command:Invoked command in '/home/th1rt3en/DOCO/ws/build_rework/px4_msgs' returned '0': CMAKE_PREFIX_PATH=/opt/ros/humble /usr/bin/cmake --install /home/th1rt3en/DOCO/ws/build_rework/px4_msgs
[165.697s] Level 1:colcon.colcon_core.environment:checking '/home/th1rt3en/DOCO/ws/install_rework/px4_msgs' for CMake config files
[165.698s] Level 1:colcon.colcon_core.shell:create_environment_hook('px4_msgs', 'cmake_prefix_path')
[165.698s] INFO:colcon.colcon_core.shell:Creating environment hook '/home/th1rt3en/DOCO/ws/install_rework/px4_msgs/share/px4_msgs/hook/cmake_prefix_path.ps1'
[165.698s] INFO:colcon.colcon_core.shell:Creating environment descriptor '/home/th1rt3en/DOCO/ws/install_rework/px4_msgs/share/px4_msgs/hook/cmake_prefix_path.dsv'
[165.699s] INFO:colcon.colcon_core.shell:Creating environment hook '/home/th1rt3en/DOCO/ws/install_rework/px4_msgs/share/px4_msgs/hook/cmake_prefix_path.sh'
[165.700s] Level 1:colcon.colcon_core.environment:checking '/home/th1rt3en/DOCO/ws/install_rework/px4_msgs/lib'
[165.700s] Level 1:colcon.colcon_core.shell:create_environment_hook('px4_msgs', 'ld_library_path_lib')
[165.700s] INFO:colcon.colcon_core.shell:Creating environment hook '/home/th1rt3en/DOCO/ws/install_rework/px4_msgs/share/px4_msgs/hook/ld_library_path_lib.ps1'
[165.700s] INFO:colcon.colcon_core.shell:Creating environment descriptor '/home/th1rt3en/DOCO/ws/install_rework/px4_msgs/share/px4_msgs/hook/ld_library_path_lib.dsv'
[165.700s] INFO:colcon.colcon_core.shell:Creating environment hook '/home/th1rt3en/DOCO/ws/install_rework/px4_msgs/share/px4_msgs/hook/ld_library_path_lib.sh'
[165.701s] Level 1:colcon.colcon_core.environment:checking '/home/th1rt3en/DOCO/ws/install_rework/px4_msgs/bin'
[165.701s] Level 1:colcon.colcon_core.environment:checking '/home/th1rt3en/DOCO/ws/install_rework/px4_msgs/lib/pkgconfig/px4_msgs.pc'
[165.701s] Level 1:colcon.colcon_core.environment:checking '/home/th1rt3en/DOCO/ws/install_rework/px4_msgs/lib/python3.10/site-packages'
[165.701s] Level 1:colcon.colcon_core.environment:checking '/home/th1rt3en/DOCO/ws/install_rework/px4_msgs/bin'
[165.701s] INFO:colcon.colcon_core.shell:Creating package script '/home/th1rt3en/DOCO/ws/install_rework/px4_msgs/share/px4_msgs/package.ps1'
[165.702s] INFO:colcon.colcon_core.shell:Creating package descriptor '/home/th1rt3en/DOCO/ws/install_rework/px4_msgs/share/px4_msgs/package.dsv'
[165.702s] INFO:colcon.colcon_core.shell:Creating package script '/home/th1rt3en/DOCO/ws/install_rework/px4_msgs/share/px4_msgs/package.sh'
[165.702s] INFO:colcon.colcon_core.shell:Creating package script '/home/th1rt3en/DOCO/ws/install_rework/px4_msgs/share/px4_msgs/package.bash'
[165.703s] INFO:colcon.colcon_core.shell:Creating package script '/home/th1rt3en/DOCO/ws/install_rework/px4_msgs/share/px4_msgs/package.zsh'
[165.703s] Level 1:colcon.colcon_core.environment:create_file_with_runtime_dependencies(/home/th1rt3en/DOCO/ws/install_rework/px4_msgs/share/colcon-core/packages/px4_msgs)
[165.704s] Level 1:colcon.colcon_core.environment:create_environment_scripts_only(px4_msgs)
[165.704s] Level 1:colcon.colcon_core.environment:checking '/home/th1rt3en/DOCO/ws/install_rework/px4_msgs' for CMake module files
[165.704s] Level 1:colcon.colcon_core.environment:checking '/home/th1rt3en/DOCO/ws/install_rework/px4_msgs' for CMake config files
[165.704s] Level 1:colcon.colcon_core.shell:create_environment_hook('px4_msgs', 'cmake_prefix_path')
[165.705s] INFO:colcon.colcon_core.shell:Creating environment hook '/home/th1rt3en/DOCO/ws/install_rework/px4_msgs/share/px4_msgs/hook/cmake_prefix_path.ps1'
[165.705s] INFO:colcon.colcon_core.shell:Creating environment descriptor '/home/th1rt3en/DOCO/ws/install_rework/px4_msgs/share/px4_msgs/hook/cmake_prefix_path.dsv'
[165.705s] INFO:colcon.colcon_core.shell:Creating environment hook '/home/th1rt3en/DOCO/ws/install_rework/px4_msgs/share/px4_msgs/hook/cmake_prefix_path.sh'
[165.705s] Level 1:colcon.colcon_core.environment:checking '/home/th1rt3en/DOCO/ws/install_rework/px4_msgs/lib'
[165.705s] Level 1:colcon.colcon_core.shell:create_environment_hook('px4_msgs', 'ld_library_path_lib')
[165.706s] INFO:colcon.colcon_core.shell:Creating environment hook '/home/th1rt3en/DOCO/ws/install_rework/px4_msgs/share/px4_msgs/hook/ld_library_path_lib.ps1'
[165.706s] INFO:colcon.colcon_core.shell:Creating environment descriptor '/home/th1rt3en/DOCO/ws/install_rework/px4_msgs/share/px4_msgs/hook/ld_library_path_lib.dsv'
[165.706s] INFO:colcon.colcon_core.shell:Creating environment hook '/home/th1rt3en/DOCO/ws/install_rework/px4_msgs/share/px4_msgs/hook/ld_library_path_lib.sh'
[165.706s] Level 1:colcon.colcon_core.environment:checking '/home/th1rt3en/DOCO/ws/install_rework/px4_msgs/bin'
[165.706s] Level 1:colcon.colcon_core.environment:checking '/home/th1rt3en/DOCO/ws/install_rework/px4_msgs/lib/pkgconfig/px4_msgs.pc'
[165.706s] Level 1:colcon.colcon_core.environment:checking '/home/th1rt3en/DOCO/ws/install_rework/px4_msgs/lib/python3.10/site-packages'
[165.706s] Level 1:colcon.colcon_core.environment:checking '/home/th1rt3en/DOCO/ws/install_rework/px4_msgs/bin'
[165.707s] INFO:colcon.colcon_core.shell:Creating package script '/home/th1rt3en/DOCO/ws/install_rework/px4_msgs/share/px4_msgs/package.ps1'
[165.707s] INFO:colcon.colcon_core.shell:Creating package descriptor '/home/th1rt3en/DOCO/ws/install_rework/px4_msgs/share/px4_msgs/package.dsv'
[165.707s] INFO:colcon.colcon_core.shell:Creating package script '/home/th1rt3en/DOCO/ws/install_rework/px4_msgs/share/px4_msgs/package.sh'
[165.708s] INFO:colcon.colcon_core.shell:Creating package script '/home/th1rt3en/DOCO/ws/install_rework/px4_msgs/share/px4_msgs/package.bash'
[165.708s] INFO:colcon.colcon_core.shell:Creating package script '/home/th1rt3en/DOCO/ws/install_rework/px4_msgs/share/px4_msgs/package.zsh'
[165.708s] Level 1:colcon.colcon_core.environment:create_file_with_runtime_dependencies(/home/th1rt3en/DOCO/ws/install_rework/px4_msgs/share/colcon-core/packages/px4_msgs)
[165.708s] INFO:colcon.colcon_ros.task.ament_cmake.build:Building ROS package in '/home/th1rt3en/DOCO/ws/src/uav_bridge' with build type 'ament_cmake'
[165.708s] INFO:colcon.colcon_cmake.task.cmake.build:Building CMake package in '/home/th1rt3en/DOCO/ws/src/uav_bridge'
[165.709s] INFO:colcon.colcon_core.shell:Skip shell extension 'powershell' for command environment: Not usable outside of PowerShell
[165.709s] DEBUG:colcon.colcon_core.shell:Skip shell extension 'dsv' for command environment
[165.711s] INFO:colcon.colcon_ros.task.ament_cmake.build:Building ROS package in '/home/th1rt3en/DOCO/ws/src/uav_visual_landing' with build type 'ament_cmake'
[165.711s] INFO:colcon.colcon_cmake.task.cmake.build:Building CMake package in '/home/th1rt3en/DOCO/ws/src/uav_visual_landing'
[165.711s] INFO:colcon.colcon_core.shell:Skip shell extension 'powershell' for command environment: Not usable outside of PowerShell
[165.711s] DEBUG:colcon.colcon_core.shell:Skip shell extension 'dsv' for command environment
[165.719s] DEBUG:colcon.colcon_core.event_handler.log_command:Invoking command in '/home/th1rt3en/DOCO/ws/build_rework/uav_bridge': AMENT_PREFIX_PATH=/home/th1rt3en/DOCO/ws/install_rework/quadrotor_msgs:/home/th1rt3en/DOCO/ws/install_rework/px4_msgs:${AMENT_PREFIX_PATH} CMAKE_PREFIX_PATH=/home/th1rt3en/DOCO/ws/install_rework/quadrotor_msgs:/home/th1rt3en/DOCO/ws/install_rework/px4_msgs:/opt/ros/humble LD_LIBRARY_PATH=/home/th1rt3en/DOCO/ws/install_rework/quadrotor_msgs/lib:/home/th1rt3en/DOCO/ws/install_rework/px4_msgs/lib:${LD_LIBRARY_PATH} PYTHONPATH=/home/th1rt3en/DOCO/ws/install_rework/quadrotor_msgs/local/lib/python3.10/dist-packages:/home/th1rt3en/DOCO/ws/install_rework/px4_msgs/local/lib/python3.10/dist-packages:${PYTHONPATH} /usr/bin/cmake /home/th1rt3en/DOCO/ws/src/uav_bridge -DAMENT_CMAKE_SYMLINK_INSTALL=1 -DCMAKE_INSTALL_PREFIX=/home/th1rt3en/DOCO/ws/install_rework/uav_bridge
[165.721s] DEBUG:colcon.colcon_core.event_handler.log_command:Invoking command in '/home/th1rt3en/DOCO/ws/build_rework/uav_visual_landing': AMENT_PREFIX_PATH=/home/th1rt3en/DOCO/ws/install_rework/px4_msgs:${AMENT_PREFIX_PATH} CMAKE_PREFIX_PATH=/home/th1rt3en/DOCO/ws/install_rework/px4_msgs:/opt/ros/humble LD_LIBRARY_PATH=/home/th1rt3en/DOCO/ws/install_rework/px4_msgs/lib:${LD_LIBRARY_PATH} PYTHONPATH=/home/th1rt3en/DOCO/ws/install_rework/px4_msgs/local/lib/python3.10/dist-packages:${PYTHONPATH} /usr/bin/cmake /home/th1rt3en/DOCO/ws/src/uav_visual_landing -DAMENT_CMAKE_SYMLINK_INSTALL=1 -DCMAKE_INSTALL_PREFIX=/home/th1rt3en/DOCO/ws/install_rework/uav_visual_landing
[167.179s] DEBUG:colcon.colcon_core.event_handler.log_command:Invoked command in '/home/th1rt3en/DOCO/ws/build_rework/uav_bridge' returned '0': AMENT_PREFIX_PATH=/home/th1rt3en/DOCO/ws/install_rework/quadrotor_msgs:/home/th1rt3en/DOCO/ws/install_rework/px4_msgs:${AMENT_PREFIX_PATH} CMAKE_PREFIX_PATH=/home/th1rt3en/DOCO/ws/install_rework/quadrotor_msgs:/home/th1rt3en/DOCO/ws/install_rework/px4_msgs:/opt/ros/humble LD_LIBRARY_PATH=/home/th1rt3en/DOCO/ws/install_rework/quadrotor_msgs/lib:/home/th1rt3en/DOCO/ws/install_rework/px4_msgs/lib:${LD_LIBRARY_PATH} PYTHONPATH=/home/th1rt3en/DOCO/ws/install_rework/quadrotor_msgs/local/lib/python3.10/dist-packages:/home/th1rt3en/DOCO/ws/install_rework/px4_msgs/local/lib/python3.10/dist-packages:${PYTHONPATH} /usr/bin/cmake /home/th1rt3en/DOCO/ws/src/uav_bridge -DAMENT_CMAKE_SYMLINK_INSTALL=1 -DCMAKE_INSTALL_PREFIX=/home/th1rt3en/DOCO/ws/install_rework/uav_bridge
[167.180s] DEBUG:colcon.colcon_core.event_handler.log_command:Invoking command in '/home/th1rt3en/DOCO/ws/build_rework/uav_bridge': AMENT_PREFIX_PATH=/home/th1rt3en/DOCO/ws/install_rework/quadrotor_msgs:/home/th1rt3en/DOCO/ws/install_rework/px4_msgs:${AMENT_PREFIX_PATH} CMAKE_PREFIX_PATH=/home/th1rt3en/DOCO/ws/install_rework/quadrotor_msgs:/home/th1rt3en/DOCO/ws/install_rework/px4_msgs:/opt/ros/humble LD_LIBRARY_PATH=/home/th1rt3en/DOCO/ws/install_rework/quadrotor_msgs/lib:/home/th1rt3en/DOCO/ws/install_rework/px4_msgs/lib:${LD_LIBRARY_PATH} PYTHONPATH=/home/th1rt3en/DOCO/ws/install_rework/quadrotor_msgs/local/lib/python3.10/dist-packages:/home/th1rt3en/DOCO/ws/install_rework/px4_msgs/local/lib/python3.10/dist-packages:${PYTHONPATH} /usr/bin/cmake --build /home/th1rt3en/DOCO/ws/build_rework/uav_bridge -- -j16 -l16
[168.012s] DEBUG:colcon.colcon_core.event_handler.log_command:Invoked command in '/home/th1rt3en/DOCO/ws/build_rework/uav_visual_landing' returned '0': AMENT_PREFIX_PATH=/home/th1rt3en/DOCO/ws/install_rework/px4_msgs:${AMENT_PREFIX_PATH} CMAKE_PREFIX_PATH=/home/th1rt3en/DOCO/ws/install_rework/px4_msgs:/opt/ros/humble LD_LIBRARY_PATH=/home/th1rt3en/DOCO/ws/install_rework/px4_msgs/lib:${LD_LIBRARY_PATH} PYTHONPATH=/home/th1rt3en/DOCO/ws/install_rework/px4_msgs/local/lib/python3.10/dist-packages:${PYTHONPATH} /usr/bin/cmake /home/th1rt3en/DOCO/ws/src/uav_visual_landing -DAMENT_CMAKE_SYMLINK_INSTALL=1 -DCMAKE_INSTALL_PREFIX=/home/th1rt3en/DOCO/ws/install_rework/uav_visual_landing
[168.017s] DEBUG:colcon.colcon_core.event_handler.log_command:Invoking command in '/home/th1rt3en/DOCO/ws/build_rework/uav_visual_landing': AMENT_PREFIX_PATH=/home/th1rt3en/DOCO/ws/install_rework/px4_msgs:${AMENT_PREFIX_PATH} CMAKE_PREFIX_PATH=/home/th1rt3en/DOCO/ws/install_rework/px4_msgs:/opt/ros/humble LD_LIBRARY_PATH=/home/th1rt3en/DOCO/ws/install_rework/px4_msgs/lib:${LD_LIBRARY_PATH} PYTHONPATH=/home/th1rt3en/DOCO/ws/install_rework/px4_msgs/local/lib/python3.10/dist-packages:${PYTHONPATH} /usr/bin/cmake --build /home/th1rt3en/DOCO/ws/build_rework/uav_visual_landing -- -j16 -l16
[187.912s] DEBUG:colcon.colcon_core.event_handler.log_command:Invoked command in '/home/th1rt3en/DOCO/ws/build_rework/uav_visual_landing' returned '2': AMENT_PREFIX_PATH=/home/th1rt3en/DOCO/ws/install_rework/px4_msgs:${AMENT_PREFIX_PATH} CMAKE_PREFIX_PATH=/home/th1rt3en/DOCO/ws/install_rework/px4_msgs:/opt/ros/humble LD_LIBRARY_PATH=/home/th1rt3en/DOCO/ws/install_rework/px4_msgs/lib:${LD_LIBRARY_PATH} PYTHONPATH=/home/th1rt3en/DOCO/ws/install_rework/px4_msgs/local/lib/python3.10/dist-packages:${PYTHONPATH} /usr/bin/cmake --build /home/th1rt3en/DOCO/ws/build_rework/uav_visual_landing -- -j16 -l16
[187.912s] Level 1:colcon.colcon_core.environment:create_environment_scripts_only(uav_visual_landing)
[187.912s] Level 1:colcon.colcon_core.environment:checking '/home/th1rt3en/DOCO/ws/install_rework/uav_visual_landing' for CMake module files
[187.913s] Level 1:colcon.colcon_core.environment:checking '/home/th1rt3en/DOCO/ws/install_rework/uav_visual_landing' for CMake config files
[187.913s] Level 1:colcon.colcon_core.environment:checking '/home/th1rt3en/DOCO/ws/install_rework/uav_visual_landing/bin'
[187.913s] Level 1:colcon.colcon_core.environment:checking '/home/th1rt3en/DOCO/ws/install_rework/uav_visual_landing/lib/pkgconfig/uav_visual_landing.pc'
[187.913s] Level 1:colcon.colcon_core.environment:checking '/home/th1rt3en/DOCO/ws/install_rework/uav_visual_landing/lib/python3.10/site-packages'
[187.913s] Level 1:colcon.colcon_core.environment:checking '/home/th1rt3en/DOCO/ws/install_rework/uav_visual_landing/bin'
[187.913s] INFO:colcon.colcon_core.shell:Creating package script '/home/th1rt3en/DOCO/ws/install_rework/uav_visual_landing/share/uav_visual_landing/package.ps1'
[187.914s] INFO:colcon.colcon_core.shell:Creating package descriptor '/home/th1rt3en/DOCO/ws/install_rework/uav_visual_landing/share/uav_visual_landing/package.dsv'
[187.914s] INFO:colcon.colcon_core.shell:Creating package script '/home/th1rt3en/DOCO/ws/install_rework/uav_visual_landing/share/uav_visual_landing/package.sh'
[187.914s] INFO:colcon.colcon_core.shell:Creating package script '/home/th1rt3en/DOCO/ws/install_rework/uav_visual_landing/share/uav_visual_landing/package.bash'
[187.915s] INFO:colcon.colcon_core.shell:Creating package script '/home/th1rt3en/DOCO/ws/install_rework/uav_visual_landing/share/uav_visual_landing/package.zsh'
[187.915s] Level 1:colcon.colcon_core.environment:create_file_with_runtime_dependencies(/home/th1rt3en/DOCO/ws/install_rework/uav_visual_landing/share/colcon-core/packages/uav_visual_landing)
[201.441s] DEBUG:colcon.colcon_parallel_executor.executor.parallel:closing loop
[201.442s] DEBUG:colcon.colcon_parallel_executor.executor.parallel:loop closed
[201.442s] DEBUG:colcon.colcon_parallel_executor.executor.parallel:run_until_complete finished with '2'
[201.442s] DEBUG:colcon.colcon_core.event_reactor:joining thread
[201.449s] INFO:colcon.colcon_core.plugin_system:Skipping extension 'colcon_notification.desktop_notification.terminal_notifier': Not used on non-Darwin systems
[201.449s] INFO:colcon.colcon_core.plugin_system:Skipping extension 'colcon_notification.desktop_notification.win32': Not used on non-Windows systems
[201.449s] INFO:colcon.colcon_notification.desktop_notification:Sending desktop notification using 'notify2'
[201.467s] DEBUG:colcon.colcon_core.event_reactor:joined thread
[201.467s] INFO:colcon.colcon_core.shell:Creating prefix script '/home/th1rt3en/DOCO/ws/install_rework/local_setup.ps1'
[201.468s] INFO:colcon.colcon_core.shell:Creating prefix util module '/home/th1rt3en/DOCO/ws/install_rework/_local_setup_util_ps1.py'
[201.469s] INFO:colcon.colcon_core.shell:Creating prefix chain script '/home/th1rt3en/DOCO/ws/install_rework/setup.ps1'
[201.469s] INFO:colcon.colcon_core.shell:Creating prefix script '/home/th1rt3en/DOCO/ws/install_rework/local_setup.sh'
[201.470s] INFO:colcon.colcon_core.shell:Creating prefix util module '/home/th1rt3en/DOCO/ws/install_rework/_local_setup_util_sh.py'
[201.470s] INFO:colcon.colcon_core.shell:Creating prefix chain script '/home/th1rt3en/DOCO/ws/install_rework/setup.sh'
[201.471s] INFO:colcon.colcon_core.shell:Creating prefix script '/home/th1rt3en/DOCO/ws/install_rework/local_setup.bash'
[201.471s] INFO:colcon.colcon_core.shell:Creating prefix chain script '/home/th1rt3en/DOCO/ws/install_rework/setup.bash'
[201.472s] INFO:colcon.colcon_core.shell:Creating prefix script '/home/th1rt3en/DOCO/ws/install_rework/local_setup.zsh'
[201.472s] INFO:colcon.colcon_core.shell:Creating prefix chain script '/home/th1rt3en/DOCO/ws/install_rework/setup.zsh'
