Consolidate compiler generated dependencies of target gtest_main
Consolidate compiler generated dependencies of target uav_bridge_uav_state_bridge_logic
Consolidate compiler generated dependencies of target px4_planar_state_reader_node
Consolidate compiler generated dependencies of target uav_control_node
Consolidate compiler generated dependencies of target uav_bridge_px4_odom_adapter_logic
Consolidate compiler generated dependencies of target mono_camera_bridge_node
Consolidate compiler generated dependencies of target optical_flow_bridge_node
Consolidate compiler generated dependencies of target gtest
Consolidate compiler generated dependencies of target fmu_topic_namespace_bridge_node
Consolidate compiler generated dependencies of target stereo_camera_bridge_node
Consolidate compiler generated dependencies of target rangefinder_bridge_node
Consolidate compiler generated dependencies of target tf_bridge_node
[  4%] Built target gtest_main
Consolidate compiler generated dependencies of target offboard_bridge_node
[  7%] Building CXX object CMakeFiles/uav_control_node.dir/src/uav_control_node.cpp.o
[ 12%] Built target uav_bridge_px4_odom_adapter_logic
[ 17%] Built target uav_bridge_uav_state_bridge_logic
[ 21%] Built target px4_planar_state_reader_node
[ 31%] Built target mono_camera_bridge_node
[ 31%] Built target fmu_topic_namespace_bridge_node
[ 36%] Built target optical_flow_bridge_node
[ 41%] Built target stereo_camera_bridge_node
[ 46%] Built target rangefinder_bridge_node
[ 51%] Built target gtest
[ 56%] Built target tf_bridge_node
Consolidate compiler generated dependencies of target px4_odom_adapter_node
[ 70%] Built target offboard_bridge_node
Consolidate compiler generated dependencies of target uav_state_bridge_node
[ 73%] Building CXX object CMakeFiles/test_uav_control_logic.dir/test/test_uav_control_logic.cpp.o
[ 78%] Building CXX object CMakeFiles/test_uav_state_bridge_logic.dir/test/test_uav_state_bridge_logic.cpp.o
[ 78%] Building CXX object CMakeFiles/test_px4_odom_adapter_logic.dir/test/test_px4_odom_adapter_logic.cpp.o
[ 82%] Built target uav_state_bridge_node
[ 87%] Built target px4_odom_adapter_node
[ 90%] Linking CXX executable test_uav_control_logic
/home/th1rt3en/DOCO/ws/src/uav_bridge/src/uav_control_node.cpp:25:10: fatal error: tf2/LinearMath/Matrix3x3.h: No such file or directory
   25 | #include <tf2/LinearMath/Matrix3x3.h>
      |          ^~~~~~~~~~~~~~~~~~~~~~~~~~~~
compilation terminated.
gmake[2]: *** [CMakeFiles/uav_control_node.dir/build.make:76: CMakeFiles/uav_control_node.dir/src/uav_control_node.cpp.o] Error 1
gmake[1]: *** [CMakeFiles/Makefile2:471: CMakeFiles/uav_control_node.dir/all] Error 2
gmake[1]: *** Waiting for unfinished jobs....
[ 90%] Built target test_uav_control_logic
[ 92%] Linking CXX executable test_uav_state_bridge_logic
[ 95%] Linking CXX executable test_px4_odom_adapter_logic
[ 95%] Built target test_uav_state_bridge_logic
[ 95%] Built target test_px4_odom_adapter_logic
gmake: *** [Makefile:146: all] Error 2
