[0.015s] Invoking command in '/home/th1rt3en/DOCO/ws/build_rework/uav_bridge': CMAKE_PREFIX_PATH=/home/th1rt3en/DOCO/ws/install_rework/quadrotor_msgs:/home/th1rt3en/DOCO/ws/install_rework/px4_msgs:/home/th1rt3en/DOCO/ws/install_rework/relative_position_fusion:/opt/ros/humble /usr/bin/cmake --build /home/th1rt3en/DOCO/ws/build_rework/uav_bridge -- -j16 -l16
[0.058s] Consolidate compiler generated dependencies of target gtest_main
[0.058s] Consolidate compiler generated dependencies of target uav_bridge_uav_state_bridge_logic
[0.058s] Consolidate compiler generated dependencies of target px4_planar_state_reader_node
[0.058s] Consolidate compiler generated dependencies of target uav_control_node
[0.058s] Consolidate compiler generated dependencies of target uav_bridge_px4_odom_adapter_logic
[0.059s] Consolidate compiler generated dependencies of target mono_camera_bridge_node
[0.059s] Consolidate compiler generated dependencies of target optical_flow_bridge_node
[0.059s] Consolidate compiler generated dependencies of target gtest
[0.061s] Consolidate compiler generated dependencies of target fmu_topic_namespace_bridge_node
[0.061s] Consolidate compiler generated dependencies of target stereo_camera_bridge_node
[0.067s] Consolidate compiler generated dependencies of target rangefinder_bridge_node
[0.070s] Consolidate compiler generated dependencies of target tf_bridge_node
[0.077s] [  4%] Built target gtest_main
[0.077s] Consolidate compiler generated dependencies of target offboard_bridge_node
[0.077s] [  7%] Building CXX object CMakeFiles/uav_control_node.dir/src/uav_control_node.cpp.o
[0.083s] [ 12%] Built target uav_bridge_px4_odom_adapter_logic
[0.083s] [ 17%] Built target uav_bridge_uav_state_bridge_logic
[0.084s] [ 21%] Built target px4_planar_state_reader_node
[0.085s] [ 31%] Built target mono_camera_bridge_node
[0.085s] [ 31%] Built target fmu_topic_namespace_bridge_node
[0.086s] [ 36%] Built target optical_flow_bridge_node
[0.088s] [ 41%] Built target stereo_camera_bridge_node
[0.091s] [ 46%] Built target rangefinder_bridge_node
[0.092s] [ 51%] Built target gtest
[0.099s] [ 56%] Built target tf_bridge_node
[0.106s] Consolidate compiler generated dependencies of target px4_odom_adapter_node
[0.108s] [ 70%] Built target offboard_bridge_node
[0.110s] Consolidate compiler generated dependencies of target uav_state_bridge_node
[0.116s] [ 73%] Building CXX object CMakeFiles/test_uav_control_logic.dir/test/test_uav_control_logic.cpp.o
[0.118s] [ 78%] Building CXX object CMakeFiles/test_uav_state_bridge_logic.dir/test/test_uav_state_bridge_logic.cpp.o
[0.119s] [ 78%] Building CXX object CMakeFiles/test_px4_odom_adapter_logic.dir/test/test_px4_odom_adapter_logic.cpp.o
[0.125s] [ 82%] Built target uav_state_bridge_node
[0.125s] [ 87%] Built target px4_odom_adapter_node
[0.856s] [ 90%] Linking CXX executable test_uav_control_logic
[0.895s] /home/th1rt3en/DOCO/ws/src/uav_bridge/src/uav_control_node.cpp:25:10: fatal error: tf2/LinearMath/Matrix3x3.h: No such file or directory
[0.895s]    25 | #include <tf2/LinearMath/Matrix3x3.h>
[0.895s]       |          ^~~~~~~~~~~~~~~~~~~~~~~~~~~~
[0.895s] compilation terminated.
[0.916s] gmake[2]: *** [CMakeFiles/uav_control_node.dir/build.make:76: CMakeFiles/uav_control_node.dir/src/uav_control_node.cpp.o] Error 1
[0.917s] gmake[1]: *** [CMakeFiles/Makefile2:471: CMakeFiles/uav_control_node.dir/all] Error 2
[0.917s] gmake[1]: *** Waiting for unfinished jobs....
[0.975s] [ 90%] Built target test_uav_control_logic
[1.087s] [ 92%] Linking CXX executable test_uav_state_bridge_logic
[1.143s] [ 95%] Linking CXX executable test_px4_odom_adapter_logic
[1.245s] [ 95%] Built target test_uav_state_bridge_logic
[1.298s] [ 95%] Built target test_px4_odom_adapter_logic
[1.299s] gmake: *** [Makefile:146: all] Error 2
[1.302s] Invoked command in '/home/th1rt3en/DOCO/ws/build_rework/uav_bridge' returned '2': CMAKE_PREFIX_PATH=/home/th1rt3en/DOCO/ws/install_rework/quadrotor_msgs:/home/th1rt3en/DOCO/ws/install_rework/px4_msgs:/home/th1rt3en/DOCO/ws/install_rework/relative_position_fusion:/opt/ros/humble /usr/bin/cmake --build /home/th1rt3en/DOCO/ws/build_rework/uav_bridge -- -j16 -l16
