Consolidate compiler generated dependencies of target mono_camera_bridge_node
Consolidate compiler generated dependencies of target uav_bridge_px4_odom_adapter_logic
Consolidate compiler generated dependencies of target px4_planar_state_reader_node
Consolidate compiler generated dependencies of target fmu_topic_namespace_bridge_node
Consolidate compiler generated dependencies of target optical_flow_bridge_node
Consolidate compiler generated dependencies of target uav_bridge_uav_state_bridge_logic
Consolidate compiler generated dependencies of target stereo_camera_bridge_node
Consolidate compiler generated dependencies of target rangefinder_bridge_node
Consolidate compiler generated dependencies of target uav_control_node
Consolidate compiler generated dependencies of target mono_camera_source_node
Consolidate compiler generated dependencies of target gtest_main
Consolidate compiler generated dependencies of target tf_bridge_node
Consolidate compiler generated dependencies of target gtest
[  9%] Built target uav_bridge_uav_state_bridge_logic
[  9%] Built target uav_bridge_px4_odom_adapter_logic
Consolidate compiler generated dependencies of target offboard_bridge_node
[ 13%] Built target gtest_main
[ 18%] Built target optical_flow_bridge_node
[ 23%] Built target px4_planar_state_reader_node
Consolidate compiler generated dependencies of target px4_odom_adapter_node
[ 27%] Built target gtest
[ 30%] Building CXX object CMakeFiles/uav_control_node.dir/src/uav_control_node.cpp.o
[ 34%] Built target mono_camera_bridge_node
[ 48%] Built target stereo_camera_bridge_node
[ 44%] Built target mono_camera_source_node
[ 48%] Built target rangefinder_bridge_node
[ 53%] Built target tf_bridge_node
[ 58%] Built target fmu_topic_namespace_bridge_node
Consolidate compiler generated dependencies of target uav_state_bridge_node
[ 72%] Built target offboard_bridge_node
Consolidate compiler generated dependencies of target test_px4_odom_adapter_logic
[ 76%] Built target px4_odom_adapter_node
Consolidate compiler generated dependencies of target test_uav_state_bridge_logic
Consolidate compiler generated dependencies of target test_uav_control_logic
[ 81%] Built target uav_state_bridge_node
[ 86%] Building CXX object CMakeFiles/test_uav_control_logic.dir/test/test_uav_control_logic.cpp.o
[ 88%] Built target test_px4_odom_adapter_logic
[ 93%] Built target test_uav_state_bridge_logic
[ 95%] Linking CXX executable test_uav_control_logic
[ 95%] Built target test_uav_control_logic
