[0.016s] Invoking command in '/home/th1rt3en/DOCO/ws/build_rework/uav_bridge': AMENT_PREFIX_PATH=/home/th1rt3en/DOCO/ws/install_rework/quadrotor_msgs:/home/th1rt3en/DOCO/ws/install_rework/px4_msgs:${AMENT_PREFIX_PATH} CMAKE_PREFIX_PATH=/home/th1rt3en/DOCO/ws/install_rework/quadrotor_msgs:/home/th1rt3en/DOCO/ws/install_rework/px4_msgs:/opt/ros/humble LD_LIBRARY_PATH=/home/th1rt3en/DOCO/ws/install_rework/quadrotor_msgs/lib:/home/th1rt3en/DOCO/ws/install_rework/px4_msgs/lib:${LD_LIBRARY_PATH} PYTHONPATH=/home/th1rt3en/DOCO/ws/install_rework/quadrotor_msgs/local/lib/python3.10/dist-packages:/home/th1rt3en/DOCO/ws/install_rework/px4_msgs/local/lib/python3.10/dist-packages:${PYTHONPATH} /usr/bin/cmake --build /home/th1rt3en/DOCO/ws/build_rework/uav_bridge -- -j16 -l16
[0.077s] Consolidate compiler generated dependencies of target mono_camera_bridge_node
[0.077s] Consolidate compiler generated dependencies of target uav_bridge_px4_odom_adapter_logic
[0.077s] Consolidate compiler generated dependencies of target px4_planar_state_reader_node
[0.077s] Consolidate compiler generated dependencies of target fmu_topic_namespace_bridge_node
[0.078s] Consolidate compiler generated dependencies of target optical_flow_bridge_node
[0.078s] Consolidate compiler generated dependencies of target uav_bridge_uav_state_bridge_logic
[0.078s] Consolidate compiler generated dependencies of target stereo_camera_bridge_node
[0.081s] Consolidate compiler generated dependencies of target rangefinder_bridge_node
[0.083s] Consolidate compiler generated dependencies of target uav_control_node
[0.084s] Consolidate compiler generated dependencies of target mono_camera_source_node
[0.085s] Consolidate compiler generated dependencies of target gtest_main
[0.089s] Consolidate compiler generated dependencies of target tf_bridge_node
[0.096s] Consolidate compiler generated dependencies of target gtest
[0.097s] [  9%] Built target uav_bridge_uav_state_bridge_logic
[0.097s] [  9%] Built target uav_bridge_px4_odom_adapter_logic
[0.098s] Consolidate compiler generated dependencies of target offboard_bridge_node
[0.100s] [ 13%] Built target gtest_main
[0.120s] [ 18%] Built target optical_flow_bridge_node
[0.120s] [ 23%] Built target px4_planar_state_reader_node
[0.120s] Consolidate compiler generated dependencies of target px4_odom_adapter_node
[0.120s] [ 27%] Built target gtest
[0.120s] [ 30%] Building CXX object CMakeFiles/uav_control_node.dir/src/uav_control_node.cpp.o
[0.120s] [ 34%] Built target mono_camera_bridge_node
[0.125s] [ 48%] Built target stereo_camera_bridge_node
[0.125s] [ 44%] Built target mono_camera_source_node
[0.125s] [ 48%] Built target rangefinder_bridge_node
[0.125s] [ 53%] Built target tf_bridge_node
[0.126s] [ 58%] Built target fmu_topic_namespace_bridge_node
[0.128s] Consolidate compiler generated dependencies of target uav_state_bridge_node
[0.132s] [ 72%] Built target offboard_bridge_node
[0.137s] Consolidate compiler generated dependencies of target test_px4_odom_adapter_logic
[0.138s] [ 76%] Built target px4_odom_adapter_node
[0.141s] Consolidate compiler generated dependencies of target test_uav_state_bridge_logic
[0.141s] Consolidate compiler generated dependencies of target test_uav_control_logic
[0.147s] [ 81%] Built target uav_state_bridge_node
[0.156s] [ 86%] Building CXX object CMakeFiles/test_uav_control_logic.dir/test/test_uav_control_logic.cpp.o
[0.156s] [ 88%] Built target test_px4_odom_adapter_logic
[0.159s] [ 93%] Built target test_uav_state_bridge_logic
[0.993s] [ 95%] Linking CXX executable test_uav_control_logic
[1.141s] [ 95%] Built target test_uav_control_logic
[4.734s] /home/th1rt3en/DOCO/ws/src/uav_bridge/src/uav_control_node.cpp: In lambda function:
[4.734s] /home/th1rt3en/DOCO/ws/src/uav_bridge/src/uav_control_node.cpp:128:9: error: ‘handleVelocityBodyTarget’ was not declared in this scope; did you mean ‘handleVelocityBodyMode’?
[4.734s]   128 |         handleVelocityBodyTarget(*msg);
[4.734s]       |         ^~~~~~~~~~~~~~~~~~~~~~~~
[4.734s]       |         handleVelocityBodyMode
[10.898s] gmake[2]: *** [CMakeFiles/uav_control_node.dir/build.make:76: CMakeFiles/uav_control_node.dir/src/uav_control_node.cpp.o] Error 1
[10.898s] gmake[1]: *** [CMakeFiles/Makefile2:499: CMakeFiles/uav_control_node.dir/all] Error 2
[10.898s] gmake: *** [Makefile:146: all] Error 2
[10.900s] Invoked command in '/home/th1rt3en/DOCO/ws/build_rework/uav_bridge' returned '2': AMENT_PREFIX_PATH=/home/th1rt3en/DOCO/ws/install_rework/quadrotor_msgs:/home/th1rt3en/DOCO/ws/install_rework/px4_msgs:${AMENT_PREFIX_PATH} CMAKE_PREFIX_PATH=/home/th1rt3en/DOCO/ws/install_rework/quadrotor_msgs:/home/th1rt3en/DOCO/ws/install_rework/px4_msgs:/opt/ros/humble LD_LIBRARY_PATH=/home/th1rt3en/DOCO/ws/install_rework/quadrotor_msgs/lib:/home/th1rt3en/DOCO/ws/install_rework/px4_msgs/lib:${LD_LIBRARY_PATH} PYTHONPATH=/home/th1rt3en/DOCO/ws/install_rework/quadrotor_msgs/local/lib/python3.10/dist-packages:/home/th1rt3en/DOCO/ws/install_rework/px4_msgs/local/lib/python3.10/dist-packages:${PYTHONPATH} /usr/bin/cmake --build /home/th1rt3en/DOCO/ws/build_rework/uav_bridge -- -j16 -l16
