[0.010s] Invoking command in '/home/th1rt3en/DOCO/ws/build_rework/uav_description': CMAKE_PREFIX_PATH=/opt/ros/humble /usr/bin/cmake /home/th1rt3en/DOCO/ws/src/uav_description -DAMENT_CMAKE_SYMLINK_INSTALL=1 -DCMAKE_INSTALL_PREFIX=/home/th1rt3en/DOCO/ws/install_rework/uav_description
[0.053s] -- The C compiler identification is GNU 11.4.0
[0.101s] -- The CXX compiler identification is GNU 11.4.0
[0.107s] -- Detecting C compiler ABI info
[0.167s] -- Detecting C compiler ABI info - done
[0.172s] -- Check for working C compiler: /usr/bin/cc - skipped
[0.172s] -- Detecting C compile features
[0.173s] -- Detecting C compile features - done
[0.175s] -- Detecting CXX compiler ABI info
[0.252s] -- Detecting CXX compiler ABI info - done
[0.259s] -- Check for working CXX compiler: /usr/bin/c++ - skipped
[0.259s] -- Detecting CXX compile features
[0.259s] -- Detecting CXX compile features - done
[0.263s] -- Found ament_cmake: 1.3.13 (/opt/ros/humble/share/ament_cmake/cmake)
[0.393s] -- Found Python3: /usr/bin/python3 (found version "3.10.12") found components: Interpreter 
[0.447s] -- Override CMake install command with custom implementation using symlinks instead of copying resources
[0.518s] -- Configuring done
[0.520s] -- Generating done
[0.522s] -- Build files have been written to: /home/th1rt3en/DOCO/ws/build_rework/uav_description
[0.526s] Invoked command in '/home/th1rt3en/DOCO/ws/build_rework/uav_description' returned '0': CMAKE_PREFIX_PATH=/opt/ros/humble /usr/bin/cmake /home/th1rt3en/DOCO/ws/src/uav_description -DAMENT_CMAKE_SYMLINK_INSTALL=1 -DCMAKE_INSTALL_PREFIX=/home/th1rt3en/DOCO/ws/install_rework/uav_description
[0.528s] Invoking command in '/home/th1rt3en/DOCO/ws/build_rework/uav_description': CMAKE_PREFIX_PATH=/opt/ros/humble /usr/bin/cmake --build /home/th1rt3en/DOCO/ws/build_rework/uav_description -- -j16 -l16
[0.567s] Invoked command in '/home/th1rt3en/DOCO/ws/build_rework/uav_description' returned '0': CMAKE_PREFIX_PATH=/opt/ros/humble /usr/bin/cmake --build /home/th1rt3en/DOCO/ws/build_rework/uav_description -- -j16 -l16
[0.577s] Invoking command in '/home/th1rt3en/DOCO/ws/build_rework/uav_description': CMAKE_PREFIX_PATH=/opt/ros/humble /usr/bin/cmake --install /home/th1rt3en/DOCO/ws/build_rework/uav_description
[0.584s] -- Install configuration: ""
[0.584s] -- Execute custom install script
[0.585s] -- Symlinking: /home/th1rt3en/DOCO/ws/install_rework/uav_description/share/uav_description/models/uav/model.config
[0.594s] -- Symlinking: /home/th1rt3en/DOCO/ws/install_rework/uav_description/share/uav_description/models/uav/model.sdf
[0.603s] -- Symlinking: /home/th1rt3en/DOCO/ws/install_rework/uav_description/share/uav_description/models/uav_base/meshes/camera_orbbec_gemini336_link.stl
[0.612s] -- Symlinking: /home/th1rt3en/DOCO/ws/install_rework/uav_description/share/uav_description/models/uav_base/meshes/dj250_airframe.dae
[0.621s] -- Symlinking: /home/th1rt3en/DOCO/ws/install_rework/uav_description/share/uav_description/models/uav_base/meshes/motor_2306_base.dae
[0.631s] -- Symlinking: /home/th1rt3en/DOCO/ws/install_rework/uav_description/share/uav_description/models/uav_base/meshes/motor_2306_bell.dae
[0.642s] -- Symlinking: /home/th1rt3en/DOCO/ws/install_rework/uav_description/share/uav_description/models/uav_base/meshes/propeller_5x3.stl
[0.652s] -- Symlinking: /home/th1rt3en/DOCO/ws/install_rework/uav_description/share/uav_description/models/uav_base/model.config
[0.662s] -- Symlinking: /home/th1rt3en/DOCO/ws/install_rework/uav_description/share/uav_description/models/uav_base/model.sdf
[0.672s] -- Symlinking: /home/th1rt3en/DOCO/ws/install_rework/uav_description/share/uav_description/urdf/uav.urdf.xacro
[0.682s] -- Symlinking: /home/th1rt3en/DOCO/ws/install_rework/uav_description/share/ament_index/resource_index/package_run_dependencies/uav_description
[0.691s] -- Symlinking: /home/th1rt3en/DOCO/ws/install_rework/uav_description/share/ament_index/resource_index/parent_prefix_path/uav_description
[0.701s] -- Symlinking: /home/th1rt3en/DOCO/ws/install_rework/uav_description/share/uav_description/environment/ament_prefix_path.sh
[0.711s] -- Symlinking: /home/th1rt3en/DOCO/ws/install_rework/uav_description/share/uav_description/environment/ament_prefix_path.dsv
[0.720s] -- Symlinking: /home/th1rt3en/DOCO/ws/install_rework/uav_description/share/uav_description/environment/path.sh
[0.731s] -- Symlinking: /home/th1rt3en/DOCO/ws/install_rework/uav_description/share/uav_description/environment/path.dsv
[0.740s] -- Symlinking: /home/th1rt3en/DOCO/ws/install_rework/uav_description/share/uav_description/local_setup.bash
[0.749s] -- Symlinking: /home/th1rt3en/DOCO/ws/install_rework/uav_description/share/uav_description/local_setup.sh
[0.757s] -- Symlinking: /home/th1rt3en/DOCO/ws/install_rework/uav_description/share/uav_description/local_setup.zsh
[0.766s] -- Symlinking: /home/th1rt3en/DOCO/ws/install_rework/uav_description/share/uav_description/local_setup.dsv
[0.774s] -- Symlinking: /home/th1rt3en/DOCO/ws/install_rework/uav_description/share/uav_description/package.dsv
[0.784s] -- Symlinking: /home/th1rt3en/DOCO/ws/install_rework/uav_description/share/ament_index/resource_index/packages/uav_description
[0.796s] -- Symlinking: /home/th1rt3en/DOCO/ws/install_rework/uav_description/share/uav_description/cmake/uav_descriptionConfig.cmake
[0.804s] -- Symlinking: /home/th1rt3en/DOCO/ws/install_rework/uav_description/share/uav_description/cmake/uav_descriptionConfig-version.cmake
[0.814s] -- Symlinking: /home/th1rt3en/DOCO/ws/install_rework/uav_description/share/uav_description/package.xml
[0.826s] Invoked command in '/home/th1rt3en/DOCO/ws/build_rework/uav_description' returned '0': CMAKE_PREFIX_PATH=/opt/ros/humble /usr/bin/cmake --install /home/th1rt3en/DOCO/ws/build_rework/uav_description
