[0.012s] Invoking command in '/home/th1rt3en/DOCO/ws/build_rework/uav_visual_landing': CMAKE_PREFIX_PATH=/home/th1rt3en/DOCO/ws/install_rework/px4_msgs:/home/th1rt3en/DOCO/ws/install_rework/relative_position_fusion:/home/th1rt3en/DOCO/ws/install_rework/quadrotor_msgs:/opt/ros/humble LD_LIBRARY_PATH=/home/th1rt3en/DOCO/ws/install_rework/px4_msgs/lib:/home/th1rt3en/DOCO/ws/install_rework/quadrotor_msgs/lib:/opt/ros/humble/opt/rviz_ogre_vendor/lib:/opt/ros/humble/lib/x86_64-linux-gnu:/opt/ros/humble/lib /usr/bin/cmake --build /home/th1rt3en/DOCO/ws/build_rework/uav_visual_landing -- -j16 -l16
[0.053s] Consolidate compiler generated dependencies of target uav_visual_landing__rosidl_generator_c
[0.053s] Consolidate compiler generated dependencies of target gtest_main
[0.054s] Consolidate compiler generated dependencies of target gtest
[0.065s] [  4%] Built target gtest_main
[0.068s] [ 12%] Built target uav_visual_landing__rosidl_generator_c
[0.072s] [ 16%] Built target ament_cmake_python_symlink_uav_visual_landing
[0.072s] [ 16%] Built target uav_visual_landing__cpp
[0.072s] [ 18%] Built target gtest
[0.082s] Consolidate compiler generated dependencies of target uav_visual_landing__rosidl_typesupport_c
[0.083s] Consolidate compiler generated dependencies of target uav_visual_landing__rosidl_typesupport_introspection_c
[0.085s] Consolidate compiler generated dependencies of target uav_visual_landing__rosidl_typesupport_fastrtps_c
[0.087s] Consolidate compiler generated dependencies of target uav_visual_landing__rosidl_typesupport_introspection_cpp
[0.091s] Consolidate compiler generated dependencies of target test_visual_landing_logic
[0.094s] [ 26%] Built target uav_visual_landing__rosidl_typesupport_c
[0.098s] [ 34%] Built target uav_visual_landing__rosidl_typesupport_introspection_c
[0.102s] [ 42%] Built target uav_visual_landing__rosidl_typesupport_fastrtps_c
[0.106s] [ 46%] Built target test_visual_landing_logic
[0.109s] Consolidate compiler generated dependencies of target uav_visual_landing__rosidl_typesupport_cpp
[0.112s] [ 55%] Built target uav_visual_landing__rosidl_typesupport_introspection_cpp
[0.125s] Consolidate compiler generated dependencies of target uav_visual_landing__rosidl_typesupport_fastrtps_cpp
[0.132s] [ 63%] Built target uav_visual_landing__rosidl_typesupport_cpp
[0.146s] [ 71%] Built target uav_visual_landing__rosidl_typesupport_fastrtps_cpp
[0.169s] [ 71%] Built target uav_visual_landing
[0.186s] Consolidate compiler generated dependencies of target visual_landing_node
[0.186s] Consolidate compiler generated dependencies of target aruco_detector_node
[0.192s] [ 73%] Built target uav_visual_landing__py
[0.203s] [ 77%] Built target aruco_detector_node
[0.203s] [ 79%] Building CXX object CMakeFiles/visual_landing_node.dir/src/visual_landing_node.cpp.o
[0.207s] Consolidate compiler generated dependencies of target uav_visual_landing__rosidl_generator_py
[0.230s] [ 85%] Built target uav_visual_landing__rosidl_generator_py
[0.245s] Consolidate compiler generated dependencies of target uav_visual_landing__rosidl_typesupport_fastrtps_c__pyext
[0.246s] Consolidate compiler generated dependencies of target uav_visual_landing__rosidl_typesupport_introspection_c__pyext
[0.246s] Consolidate compiler generated dependencies of target uav_visual_landing__rosidl_typesupport_c__pyext
[0.260s] [ 97%] Built target uav_visual_landing__rosidl_typesupport_introspection_c__pyext
[0.260s] [ 97%] Built target uav_visual_landing__rosidl_typesupport_fastrtps_c__pyext
[0.260s] [ 97%] Built target uav_visual_landing__rosidl_typesupport_c__pyext
[0.283s] running egg_info
[0.284s] writing uav_visual_landing.egg-info/PKG-INFO
[0.284s] writing dependency_links to uav_visual_landing.egg-info/dependency_links.txt
[0.284s] writing top-level names to uav_visual_landing.egg-info/top_level.txt
[0.286s] reading manifest file 'uav_visual_landing.egg-info/SOURCES.txt'
[0.286s] writing manifest file 'uav_visual_landing.egg-info/SOURCES.txt'
[0.313s] [ 97%] Built target ament_cmake_python_build_uav_visual_landing_egg
[12.411s] [100%] Linking CXX executable visual_landing_node
[13.132s] [100%] Built target visual_landing_node
