[  8%] Built target uav_visual_landing__cpp
[ 14%] Built target uav_visual_landing__rosidl_generator_c
[ 18%] Built target gtest_main
[ 10%] Built target gtest
[ 18%] Built target ament_cmake_python_symlink_uav_visual_landing
Consolidate compiler generated dependencies of target test_visual_landing_logic
[ 34%] Built target uav_visual_landing__rosidl_typesupport_introspection_c
[ 34%] Built target uav_visual_landing__rosidl_typesupport_c
[ 42%] Built target uav_visual_landing__rosidl_typesupport_fastrtps_cpp
[ 55%] Built target uav_visual_landing__rosidl_typesupport_introspection_cpp
[ 59%] Built target uav_visual_landing__rosidl_typesupport_cpp
[ 67%] Built target uav_visual_landing__rosidl_typesupport_fastrtps_c
[ 71%] Built target test_visual_landing_logic
[ 71%] Built target uav_visual_landing
Consolidate compiler generated dependencies of target visual_landing_node
[ 73%] Built target uav_visual_landing__py
[ 77%] Built target aruco_detector_node
[ 81%] Built target visual_landing_node
[ 87%] Built target uav_visual_landing__rosidl_generator_py
[ 91%] Built target uav_visual_landing__rosidl_typesupport_c__pyext
[100%] Built target uav_visual_landing__rosidl_typesupport_fastrtps_c__pyext
[100%] Built target uav_visual_landing__rosidl_typesupport_introspection_c__pyext
running egg_info
writing uav_visual_landing.egg-info/PKG-INFO
writing dependency_links to uav_visual_landing.egg-info/dependency_links.txt
writing top-level names to uav_visual_landing.egg-info/top_level.txt
reading manifest file 'uav_visual_landing.egg-info/SOURCES.txt'
writing manifest file 'uav_visual_landing.egg-info/SOURCES.txt'
[100%] Built target ament_cmake_python_build_uav_visual_landing_egg
-- Install configuration: ""
-- Execute custom install script
-- Up-to-date symlink: /home/th1rt3en/DOCO/ws/install_rework/uav_visual_landing/share/ament_index/resource_index/rosidl_interfaces/uav_visual_landing
-- Up-to-date symlink: /home/th1rt3en/DOCO/ws/install_rework/uav_visual_landing/include/uav_visual_landing/uav_visual_landing/msg/detail/landing_controller_state__functions.h
-- Up-to-date symlink: /home/th1rt3en/DOCO/ws/install_rework/uav_visual_landing/include/uav_visual_landing/uav_visual_landing/msg/detail/landing_controller_state__struct.h
-- Up-to-date symlink: /home/th1rt3en/DOCO/ws/install_rework/uav_visual_landing/include/uav_visual_landing/uav_visual_landing/msg/detail/landing_controller_state__type_support.h
-- Up-to-date symlink: /home/th1rt3en/DOCO/ws/install_rework/uav_visual_landing/include/uav_visual_landing/uav_visual_landing/msg/detail/target_observation__functions.h
-- Up-to-date symlink: /home/th1rt3en/DOCO/ws/install_rework/uav_visual_landing/include/uav_visual_landing/uav_visual_landing/msg/detail/target_observation__struct.h
-- Up-to-date symlink: /home/th1rt3en/DOCO/ws/install_rework/uav_visual_landing/include/uav_visual_landing/uav_visual_landing/msg/detail/target_observation__type_support.h
-- Up-to-date symlink: /home/th1rt3en/DOCO/ws/install_rework/uav_visual_landing/include/uav_visual_landing/uav_visual_landing/msg/landing_controller_state.h
-- Up-to-date symlink: /home/th1rt3en/DOCO/ws/install_rework/uav_visual_landing/include/uav_visual_landing/uav_visual_landing/msg/rosidl_generator_c__visibility_control.h
-- Up-to-date symlink: /home/th1rt3en/DOCO/ws/install_rework/uav_visual_landing/include/uav_visual_landing/uav_visual_landing/msg/target_observation.h
-- Up-to-date symlink: /home/th1rt3en/DOCO/ws/install_rework/uav_visual_landing/share/uav_visual_landing/environment/library_path.sh
-- Up-to-date symlink: /home/th1rt3en/DOCO/ws/install_rework/uav_visual_landing/share/uav_visual_landing/environment/library_path.dsv
-- Up-to-date symlink: /home/th1rt3en/DOCO/ws/install_rework/uav_visual_landing/include/uav_visual_landing/uav_visual_landing/msg/detail/landing_controller_state__rosidl_typesupport_fastrtps_c.h
-- Up-to-date symlink: /home/th1rt3en/DOCO/ws/install_rework/uav_visual_landing/include/uav_visual_landing/uav_visual_landing/msg/detail/target_observation__rosidl_typesupport_fastrtps_c.h
-- Up-to-date symlink: /home/th1rt3en/DOCO/ws/install_rework/uav_visual_landing/include/uav_visual_landing/uav_visual_landing/msg/rosidl_typesupport_fastrtps_c__visibility_control.h
-- Up-to-date symlink: /home/th1rt3en/DOCO/ws/install_rework/uav_visual_landing/include/uav_visual_landing/uav_visual_landing/msg/detail/landing_controller_state__builder.hpp
-- Up-to-date symlink: /home/th1rt3en/DOCO/ws/install_rework/uav_visual_landing/include/uav_visual_landing/uav_visual_landing/msg/detail/landing_controller_state__struct.hpp
-- Up-to-date symlink: /home/th1rt3en/DOCO/ws/install_rework/uav_visual_landing/include/uav_visual_landing/uav_visual_landing/msg/detail/landing_controller_state__traits.hpp
-- Up-to-date symlink: /home/th1rt3en/DOCO/ws/install_rework/uav_visual_landing/include/uav_visual_landing/uav_visual_landing/msg/detail/landing_controller_state__type_support.hpp
-- Up-to-date symlink: /home/th1rt3en/DOCO/ws/install_rework/uav_visual_landing/include/uav_visual_landing/uav_visual_landing/msg/detail/target_observation__builder.hpp
-- Up-to-date symlink: /home/th1rt3en/DOCO/ws/install_rework/uav_visual_landing/include/uav_visual_landing/uav_visual_landing/msg/detail/target_observation__struct.hpp
-- Up-to-date symlink: /home/th1rt3en/DOCO/ws/install_rework/uav_visual_landing/include/uav_visual_landing/uav_visual_landing/msg/detail/target_observation__traits.hpp
-- Up-to-date symlink: /home/th1rt3en/DOCO/ws/install_rework/uav_visual_landing/include/uav_visual_landing/uav_visual_landing/msg/detail/target_observation__type_support.hpp
-- Up-to-date symlink: /home/th1rt3en/DOCO/ws/install_rework/uav_visual_landing/include/uav_visual_landing/uav_visual_landing/msg/landing_controller_state.hpp
-- Up-to-date symlink: /home/th1rt3en/DOCO/ws/install_rework/uav_visual_landing/include/uav_visual_landing/uav_visual_landing/msg/rosidl_generator_cpp__visibility_control.hpp
-- Up-to-date symlink: /home/th1rt3en/DOCO/ws/install_rework/uav_visual_landing/include/uav_visual_landing/uav_visual_landing/msg/target_observation.hpp
-- Up-to-date symlink: /home/th1rt3en/DOCO/ws/install_rework/uav_visual_landing/include/uav_visual_landing/uav_visual_landing/msg/detail/landing_controller_state__rosidl_typesupport_fastrtps_cpp.hpp
-- Up-to-date symlink: /home/th1rt3en/DOCO/ws/install_rework/uav_visual_landing/include/uav_visual_landing/uav_visual_landing/msg/detail/target_observation__rosidl_typesupport_fastrtps_cpp.hpp
-- Up-to-date symlink: /home/th1rt3en/DOCO/ws/install_rework/uav_visual_landing/include/uav_visual_landing/uav_visual_landing/msg/rosidl_typesupport_fastrtps_cpp__visibility_control.h
-- Up-to-date symlink: /home/th1rt3en/DOCO/ws/install_rework/uav_visual_landing/include/uav_visual_landing/uav_visual_landing/msg/detail/landing_controller_state__rosidl_typesupport_introspection_c.h
-- Up-to-date symlink: /home/th1rt3en/DOCO/ws/install_rework/uav_visual_landing/include/uav_visual_landing/uav_visual_landing/msg/detail/target_observation__rosidl_typesupport_introspection_c.h
-- Up-to-date symlink: /home/th1rt3en/DOCO/ws/install_rework/uav_visual_landing/include/uav_visual_landing/uav_visual_landing/msg/rosidl_typesupport_introspection_c__visibility_control.h
-- Up-to-date symlink: /home/th1rt3en/DOCO/ws/install_rework/uav_visual_landing/include/uav_visual_landing/uav_visual_landing/msg/detail/landing_controller_state__rosidl_typesupport_introspection_cpp.hpp
-- Up-to-date symlink: /home/th1rt3en/DOCO/ws/install_rework/uav_visual_landing/include/uav_visual_landing/uav_visual_landing/msg/detail/target_observation__rosidl_typesupport_introspection_cpp.hpp
-- Up-to-date symlink: /home/th1rt3en/DOCO/ws/install_rework/uav_visual_landing/share/uav_visual_landing/environment/pythonpath.sh
-- Up-to-date symlink: /home/th1rt3en/DOCO/ws/install_rework/uav_visual_landing/share/uav_visual_landing/environment/pythonpath.dsv
-- Up-to-date symlink: /home/th1rt3en/DOCO/ws/install_rework/uav_visual_landing/local/lib/python3.10/dist-packages/uav_visual_landing-0.0.0-py3.10.egg-info/PKG-INFO
-- Up-to-date symlink: /home/th1rt3en/DOCO/ws/install_rework/uav_visual_landing/local/lib/python3.10/dist-packages/uav_visual_landing-0.0.0-py3.10.egg-info/SOURCES.txt
-- Up-to-date symlink: /home/th1rt3en/DOCO/ws/install_rework/uav_visual_landing/local/lib/python3.10/dist-packages/uav_visual_landing-0.0.0-py3.10.egg-info/dependency_links.txt
-- Up-to-date symlink: /home/th1rt3en/DOCO/ws/install_rework/uav_visual_landing/local/lib/python3.10/dist-packages/uav_visual_landing-0.0.0-py3.10.egg-info/top_level.txt
-- Up-to-date symlink: /home/th1rt3en/DOCO/ws/install_rework/uav_visual_landing/local/lib/python3.10/dist-packages/uav_visual_landing/__init__.py
-- Up-to-date symlink: /home/th1rt3en/DOCO/ws/install_rework/uav_visual_landing/local/lib/python3.10/dist-packages/uav_visual_landing/_uav_visual_landing_s.ep.rosidl_typesupport_c.c
-- Up-to-date symlink: /home/th1rt3en/DOCO/ws/install_rework/uav_visual_landing/local/lib/python3.10/dist-packages/uav_visual_landing/_uav_visual_landing_s.ep.rosidl_typesupport_fastrtps_c.c
-- Up-to-date symlink: /home/th1rt3en/DOCO/ws/install_rework/uav_visual_landing/local/lib/python3.10/dist-packages/uav_visual_landing/_uav_visual_landing_s.ep.rosidl_typesupport_introspection_c.c
-- Up-to-date symlink: /home/th1rt3en/DOCO/ws/install_rework/uav_visual_landing/local/lib/python3.10/dist-packages/uav_visual_landing/libuav_visual_landing__rosidl_generator_py.so
-- Up-to-date symlink: /home/th1rt3en/DOCO/ws/install_rework/uav_visual_landing/local/lib/python3.10/dist-packages/uav_visual_landing/msg/__init__.py
-- Up-to-date symlink: /home/th1rt3en/DOCO/ws/install_rework/uav_visual_landing/local/lib/python3.10/dist-packages/uav_visual_landing/msg/_landing_controller_state.py
-- Up-to-date symlink: /home/th1rt3en/DOCO/ws/install_rework/uav_visual_landing/local/lib/python3.10/dist-packages/uav_visual_landing/msg/_landing_controller_state_s.c
-- Up-to-date symlink: /home/th1rt3en/DOCO/ws/install_rework/uav_visual_landing/local/lib/python3.10/dist-packages/uav_visual_landing/msg/_target_observation.py
-- Up-to-date symlink: /home/th1rt3en/DOCO/ws/install_rework/uav_visual_landing/local/lib/python3.10/dist-packages/uav_visual_landing/msg/_target_observation_s.c
-- Up-to-date symlink: /home/th1rt3en/DOCO/ws/install_rework/uav_visual_landing/local/lib/python3.10/dist-packages/uav_visual_landing/uav_visual_landing_s__rosidl_typesupport_c.cpython-310-x86_64-linux-gnu.so
-- Up-to-date symlink: /home/th1rt3en/DOCO/ws/install_rework/uav_visual_landing/local/lib/python3.10/dist-packages/uav_visual_landing/uav_visual_landing_s__rosidl_typesupport_fastrtps_c.cpython-310-x86_64-linux-gnu.so
-- Up-to-date symlink: /home/th1rt3en/DOCO/ws/install_rework/uav_visual_landing/local/lib/python3.10/dist-packages/uav_visual_landing/uav_visual_landing_s__rosidl_typesupport_introspection_c.cpython-310-x86_64-linux-gnu.so
-- Up-to-date symlink: /home/th1rt3en/DOCO/ws/install_rework/uav_visual_landing/local/lib/python3.10/dist-packages/uav_visual_landing/uav_visual_landing_s__rosidl_typesupport_fastrtps_c.cpython-310-x86_64-linux-gnu.so
-- Up-to-date symlink: /home/th1rt3en/DOCO/ws/install_rework/uav_visual_landing/local/lib/python3.10/dist-packages/uav_visual_landing/uav_visual_landing_s__rosidl_typesupport_introspection_c.cpython-310-x86_64-linux-gnu.so
-- Up-to-date symlink: /home/th1rt3en/DOCO/ws/install_rework/uav_visual_landing/local/lib/python3.10/dist-packages/uav_visual_landing/uav_visual_landing_s__rosidl_typesupport_c.cpython-310-x86_64-linux-gnu.so
-- Up-to-date symlink: /home/th1rt3en/DOCO/ws/install_rework/uav_visual_landing/share/uav_visual_landing/msg/TargetObservation.idl
-- Up-to-date symlink: /home/th1rt3en/DOCO/ws/install_rework/uav_visual_landing/share/uav_visual_landing/msg/LandingControllerState.idl
-- Up-to-date symlink: /home/th1rt3en/DOCO/ws/install_rework/uav_visual_landing/share/uav_visual_landing/msg/TargetObservation.msg
-- Up-to-date symlink: /home/th1rt3en/DOCO/ws/install_rework/uav_visual_landing/share/uav_visual_landing/msg/LandingControllerState.msg
-- Up-to-date symlink: /home/th1rt3en/DOCO/ws/install_rework/uav_visual_landing/lib/uav_visual_landing/aruco_detector_node
-- Up-to-date symlink: /home/th1rt3en/DOCO/ws/install_rework/uav_visual_landing/lib/uav_visual_landing/visual_landing_node
-- Up-to-date symlink: /home/th1rt3en/DOCO/ws/install_rework/uav_visual_landing/share/uav_visual_landing/config/visual_landing_stable.yaml
-- Up-to-date symlink: /home/th1rt3en/DOCO/ws/install_rework/uav_visual_landing/include/uav_visual_landing/visual_landing_logic.hpp
-- Up-to-date symlink: /home/th1rt3en/DOCO/ws/install_rework/uav_visual_landing/share/ament_index/resource_index/package_run_dependencies/uav_visual_landing
-- Up-to-date symlink: /home/th1rt3en/DOCO/ws/install_rework/uav_visual_landing/share/ament_index/resource_index/parent_prefix_path/uav_visual_landing
-- Up-to-date symlink: /home/th1rt3en/DOCO/ws/install_rework/uav_visual_landing/share/uav_visual_landing/environment/ament_prefix_path.sh
-- Up-to-date symlink: /home/th1rt3en/DOCO/ws/install_rework/uav_visual_landing/share/uav_visual_landing/environment/ament_prefix_path.dsv
-- Up-to-date symlink: /home/th1rt3en/DOCO/ws/install_rework/uav_visual_landing/share/uav_visual_landing/environment/path.sh
-- Up-to-date symlink: /home/th1rt3en/DOCO/ws/install_rework/uav_visual_landing/share/uav_visual_landing/environment/path.dsv
-- Up-to-date symlink: /home/th1rt3en/DOCO/ws/install_rework/uav_visual_landing/share/uav_visual_landing/local_setup.bash
-- Up-to-date symlink: /home/th1rt3en/DOCO/ws/install_rework/uav_visual_landing/share/uav_visual_landing/local_setup.sh
-- Up-to-date symlink: /home/th1rt3en/DOCO/ws/install_rework/uav_visual_landing/share/uav_visual_landing/local_setup.zsh
-- Up-to-date symlink: /home/th1rt3en/DOCO/ws/install_rework/uav_visual_landing/share/uav_visual_landing/local_setup.dsv
-- Symlinking: /home/th1rt3en/DOCO/ws/install_rework/uav_visual_landing/share/uav_visual_landing/package.dsv
-- Up-to-date symlink: /home/th1rt3en/DOCO/ws/install_rework/uav_visual_landing/share/ament_index/resource_index/packages/uav_visual_landing
-- Up-to-date symlink: /home/th1rt3en/DOCO/ws/install_rework/uav_visual_landing/share/uav_visual_landing/cmake/rosidl_cmake-extras.cmake
-- Up-to-date symlink: /home/th1rt3en/DOCO/ws/install_rework/uav_visual_landing/share/uav_visual_landing/cmake/ament_cmake_export_dependencies-extras.cmake
-- Up-to-date symlink: /home/th1rt3en/DOCO/ws/install_rework/uav_visual_landing/share/uav_visual_landing/cmake/ament_cmake_export_include_directories-extras.cmake
-- Up-to-date symlink: /home/th1rt3en/DOCO/ws/install_rework/uav_visual_landing/share/uav_visual_landing/cmake/ament_cmake_export_libraries-extras.cmake
-- Up-to-date symlink: /home/th1rt3en/DOCO/ws/install_rework/uav_visual_landing/share/uav_visual_landing/cmake/ament_cmake_export_targets-extras.cmake
-- Up-to-date symlink: /home/th1rt3en/DOCO/ws/install_rework/uav_visual_landing/share/uav_visual_landing/cmake/rosidl_cmake_export_typesupport_targets-extras.cmake
-- Up-to-date symlink: /home/th1rt3en/DOCO/ws/install_rework/uav_visual_landing/share/uav_visual_landing/cmake/rosidl_cmake_export_typesupport_libraries-extras.cmake
-- Up-to-date symlink: /home/th1rt3en/DOCO/ws/install_rework/uav_visual_landing/share/uav_visual_landing/cmake/uav_visual_landingConfig.cmake
-- Up-to-date symlink: /home/th1rt3en/DOCO/ws/install_rework/uav_visual_landing/share/uav_visual_landing/cmake/uav_visual_landingConfig-version.cmake
-- Up-to-date symlink: /home/th1rt3en/DOCO/ws/install_rework/uav_visual_landing/share/uav_visual_landing/package.xml
-- Up-to-date: /home/th1rt3en/DOCO/ws/install_rework/uav_visual_landing/lib/libuav_visual_landing__rosidl_generator_c.so
-- Up-to-date: /home/th1rt3en/DOCO/ws/install_rework/uav_visual_landing/lib/libuav_visual_landing__rosidl_typesupport_fastrtps_c.so
-- Up-to-date: /home/th1rt3en/DOCO/ws/install_rework/uav_visual_landing/lib/libuav_visual_landing__rosidl_typesupport_fastrtps_cpp.so
-- Up-to-date: /home/th1rt3en/DOCO/ws/install_rework/uav_visual_landing/lib/libuav_visual_landing__rosidl_typesupport_introspection_c.so
-- Up-to-date: /home/th1rt3en/DOCO/ws/install_rework/uav_visual_landing/lib/libuav_visual_landing__rosidl_typesupport_c.so
-- Up-to-date: /home/th1rt3en/DOCO/ws/install_rework/uav_visual_landing/lib/libuav_visual_landing__rosidl_typesupport_introspection_cpp.so
-- Up-to-date: /home/th1rt3en/DOCO/ws/install_rework/uav_visual_landing/lib/libuav_visual_landing__rosidl_typesupport_cpp.so
Listing '/home/th1rt3en/DOCO/ws/install_rework/uav_visual_landing/local/lib/python3.10/dist-packages/uav_visual_landing'...
Listing '/home/th1rt3en/DOCO/ws/install_rework/uav_visual_landing/local/lib/python3.10/dist-packages/uav_visual_landing/msg'...
-- Up-to-date: /home/th1rt3en/DOCO/ws/install_rework/uav_visual_landing/lib/libuav_visual_landing__rosidl_generator_py.so
-- Up-to-date: /home/th1rt3en/DOCO/ws/install_rework/uav_visual_landing/share/uav_visual_landing/cmake/export_uav_visual_landing__rosidl_generator_cExport.cmake
-- Up-to-date: /home/th1rt3en/DOCO/ws/install_rework/uav_visual_landing/share/uav_visual_landing/cmake/export_uav_visual_landing__rosidl_generator_cExport-noconfig.cmake
-- Up-to-date: /home/th1rt3en/DOCO/ws/install_rework/uav_visual_landing/share/uav_visual_landing/cmake/export_uav_visual_landing__rosidl_typesupport_fastrtps_cExport.cmake
-- Up-to-date: /home/th1rt3en/DOCO/ws/install_rework/uav_visual_landing/share/uav_visual_landing/cmake/export_uav_visual_landing__rosidl_typesupport_fastrtps_cExport-noconfig.cmake
-- Up-to-date: /home/th1rt3en/DOCO/ws/install_rework/uav_visual_landing/share/uav_visual_landing/cmake/export_uav_visual_landing__rosidl_generator_cppExport.cmake
-- Up-to-date: /home/th1rt3en/DOCO/ws/install_rework/uav_visual_landing/share/uav_visual_landing/cmake/export_uav_visual_landing__rosidl_typesupport_fastrtps_cppExport.cmake
-- Up-to-date: /home/th1rt3en/DOCO/ws/install_rework/uav_visual_landing/share/uav_visual_landing/cmake/export_uav_visual_landing__rosidl_typesupport_fastrtps_cppExport-noconfig.cmake
-- Up-to-date: /home/th1rt3en/DOCO/ws/install_rework/uav_visual_landing/share/uav_visual_landing/cmake/uav_visual_landing__rosidl_typesupport_introspection_cExport.cmake
-- Up-to-date: /home/th1rt3en/DOCO/ws/install_rework/uav_visual_landing/share/uav_visual_landing/cmake/uav_visual_landing__rosidl_typesupport_introspection_cExport-noconfig.cmake
-- Up-to-date: /home/th1rt3en/DOCO/ws/install_rework/uav_visual_landing/share/uav_visual_landing/cmake/uav_visual_landing__rosidl_typesupport_cExport.cmake
-- Up-to-date: /home/th1rt3en/DOCO/ws/install_rework/uav_visual_landing/share/uav_visual_landing/cmake/uav_visual_landing__rosidl_typesupport_cExport-noconfig.cmake
-- Up-to-date: /home/th1rt3en/DOCO/ws/install_rework/uav_visual_landing/share/uav_visual_landing/cmake/uav_visual_landing__rosidl_typesupport_introspection_cppExport.cmake
-- Up-to-date: /home/th1rt3en/DOCO/ws/install_rework/uav_visual_landing/share/uav_visual_landing/cmake/uav_visual_landing__rosidl_typesupport_introspection_cppExport-noconfig.cmake
-- Up-to-date: /home/th1rt3en/DOCO/ws/install_rework/uav_visual_landing/share/uav_visual_landing/cmake/uav_visual_landing__rosidl_typesupport_cppExport.cmake
-- Up-to-date: /home/th1rt3en/DOCO/ws/install_rework/uav_visual_landing/share/uav_visual_landing/cmake/uav_visual_landing__rosidl_typesupport_cppExport-noconfig.cmake
-- Up-to-date: /home/th1rt3en/DOCO/ws/install_rework/uav_visual_landing/share/uav_visual_landing/cmake/export_uav_visual_landing__rosidl_generator_pyExport.cmake
-- Up-to-date: /home/th1rt3en/DOCO/ws/install_rework/uav_visual_landing/share/uav_visual_landing/cmake/export_uav_visual_landing__rosidl_generator_pyExport-noconfig.cmake
