[0.009s] Invoking command in '/home/th1rt3en/DOCO/ws/build_rework/uav_visual_landing': CMAKE_PREFIX_PATH=/home/th1rt3en/DOCO/ws/install_rework/px4_msgs:/home/th1rt3en/DOCO/ws/install_rework/uav_bringup:/home/th1rt3en/DOCO/ws/install_rework/sim_worlds:/home/th1rt3en/DOCO/ws/install_rework/ugv_sim_tools:/home/th1rt3en/DOCO/ws/install_rework/uav_visual_landing:/home/th1rt3en/DOCO/ws/install_rework/uav_description:/home/th1rt3en/DOCO/ws/install_rework/uav_bridge:/home/th1rt3en/DOCO/ws/install_rework/relative_position_fusion:/home/th1rt3en/DOCO/ws/install_rework/quadrotor_msgs:/opt/ros/humble LD_LIBRARY_PATH=/home/th1rt3en/DOCO/ws/install_rework/px4_msgs/lib:/home/th1rt3en/DOCO/ws/install_rework/uav_visual_landing/lib:/home/th1rt3en/DOCO/ws/install_rework/quadrotor_msgs/lib:/opt/ros/humble/opt/rviz_ogre_vendor/lib:/opt/ros/humble/lib/x86_64-linux-gnu:/opt/ros/humble/lib /usr/bin/cmake --build /home/th1rt3en/DOCO/ws/build_rework/uav_visual_landing -- -j16 -l16
[0.072s] [  8%] Built target uav_visual_landing__cpp
[0.073s] [ 14%] Built target uav_visual_landing__rosidl_generator_c
[0.073s] [ 18%] Built target gtest_main
[0.073s] [ 10%] Built target gtest
[0.083s] [ 18%] Built target ament_cmake_python_symlink_uav_visual_landing
[0.097s] Consolidate compiler generated dependencies of target test_visual_landing_logic
[0.113s] [ 34%] Built target uav_visual_landing__rosidl_typesupport_introspection_c
[0.114s] [ 34%] Built target uav_visual_landing__rosidl_typesupport_c
[0.115s] [ 42%] Built target uav_visual_landing__rosidl_typesupport_fastrtps_cpp
[0.115s] [ 55%] Built target uav_visual_landing__rosidl_typesupport_introspection_cpp
[0.115s] [ 59%] Built target uav_visual_landing__rosidl_typesupport_cpp
[0.115s] [ 67%] Built target uav_visual_landing__rosidl_typesupport_fastrtps_c
[0.122s] [ 71%] Built target test_visual_landing_logic
[0.139s] [ 71%] Built target uav_visual_landing
[0.156s] Consolidate compiler generated dependencies of target visual_landing_node
[0.162s] [ 73%] Built target uav_visual_landing__py
[0.168s] [ 77%] Built target aruco_detector_node
[0.173s] [ 81%] Built target visual_landing_node
[0.187s] [ 87%] Built target uav_visual_landing__rosidl_generator_py
[0.211s] [ 91%] Built target uav_visual_landing__rosidl_typesupport_c__pyext
[0.211s] [100%] Built target uav_visual_landing__rosidl_typesupport_fastrtps_c__pyext
[0.211s] [100%] Built target uav_visual_landing__rosidl_typesupport_introspection_c__pyext
[0.282s] running egg_info
[0.282s] writing uav_visual_landing.egg-info/PKG-INFO
[0.283s] writing dependency_links to uav_visual_landing.egg-info/dependency_links.txt
[0.283s] writing top-level names to uav_visual_landing.egg-info/top_level.txt
[0.285s] reading manifest file 'uav_visual_landing.egg-info/SOURCES.txt'
[0.285s] writing manifest file 'uav_visual_landing.egg-info/SOURCES.txt'
[0.319s] [100%] Built target ament_cmake_python_build_uav_visual_landing_egg
[0.332s] Invoked command in '/home/th1rt3en/DOCO/ws/build_rework/uav_visual_landing' returned '0': CMAKE_PREFIX_PATH=/home/th1rt3en/DOCO/ws/install_rework/px4_msgs:/home/th1rt3en/DOCO/ws/install_rework/uav_bringup:/home/th1rt3en/DOCO/ws/install_rework/sim_worlds:/home/th1rt3en/DOCO/ws/install_rework/ugv_sim_tools:/home/th1rt3en/DOCO/ws/install_rework/uav_visual_landing:/home/th1rt3en/DOCO/ws/install_rework/uav_description:/home/th1rt3en/DOCO/ws/install_rework/uav_bridge:/home/th1rt3en/DOCO/ws/install_rework/relative_position_fusion:/home/th1rt3en/DOCO/ws/install_rework/quadrotor_msgs:/opt/ros/humble LD_LIBRARY_PATH=/home/th1rt3en/DOCO/ws/install_rework/px4_msgs/lib:/home/th1rt3en/DOCO/ws/install_rework/uav_visual_landing/lib:/home/th1rt3en/DOCO/ws/install_rework/quadrotor_msgs/lib:/opt/ros/humble/opt/rviz_ogre_vendor/lib:/opt/ros/humble/lib/x86_64-linux-gnu:/opt/ros/humble/lib /usr/bin/cmake --build /home/th1rt3en/DOCO/ws/build_rework/uav_visual_landing -- -j16 -l16
[0.344s] Invoking command in '/home/th1rt3en/DOCO/ws/build_rework/uav_visual_landing': CMAKE_PREFIX_PATH=/home/th1rt3en/DOCO/ws/install_rework/px4_msgs:/home/th1rt3en/DOCO/ws/install_rework/uav_bringup:/home/th1rt3en/DOCO/ws/install_rework/sim_worlds:/home/th1rt3en/DOCO/ws/install_rework/ugv_sim_tools:/home/th1rt3en/DOCO/ws/install_rework/uav_visual_landing:/home/th1rt3en/DOCO/ws/install_rework/uav_description:/home/th1rt3en/DOCO/ws/install_rework/uav_bridge:/home/th1rt3en/DOCO/ws/install_rework/relative_position_fusion:/home/th1rt3en/DOCO/ws/install_rework/quadrotor_msgs:/opt/ros/humble LD_LIBRARY_PATH=/home/th1rt3en/DOCO/ws/install_rework/px4_msgs/lib:/home/th1rt3en/DOCO/ws/install_rework/uav_visual_landing/lib:/home/th1rt3en/DOCO/ws/install_rework/quadrotor_msgs/lib:/opt/ros/humble/opt/rviz_ogre_vendor/lib:/opt/ros/humble/lib/x86_64-linux-gnu:/opt/ros/humble/lib /usr/bin/cmake --install /home/th1rt3en/DOCO/ws/build_rework/uav_visual_landing
[0.353s] -- Install configuration: ""
[0.353s] -- Execute custom install script
[0.354s] -- Up-to-date symlink: /home/th1rt3en/DOCO/ws/install_rework/uav_visual_landing/share/ament_index/resource_index/rosidl_interfaces/uav_visual_landing
[0.354s] -- Up-to-date symlink: /home/th1rt3en/DOCO/ws/install_rework/uav_visual_landing/include/uav_visual_landing/uav_visual_landing/msg/detail/landing_controller_state__functions.h
[0.354s] -- Up-to-date symlink: /home/th1rt3en/DOCO/ws/install_rework/uav_visual_landing/include/uav_visual_landing/uav_visual_landing/msg/detail/landing_controller_state__struct.h
[0.354s] -- Up-to-date symlink: /home/th1rt3en/DOCO/ws/install_rework/uav_visual_landing/include/uav_visual_landing/uav_visual_landing/msg/detail/landing_controller_state__type_support.h
[0.354s] -- Up-to-date symlink: /home/th1rt3en/DOCO/ws/install_rework/uav_visual_landing/include/uav_visual_landing/uav_visual_landing/msg/detail/target_observation__functions.h
[0.354s] -- Up-to-date symlink: /home/th1rt3en/DOCO/ws/install_rework/uav_visual_landing/include/uav_visual_landing/uav_visual_landing/msg/detail/target_observation__struct.h
[0.354s] -- Up-to-date symlink: /home/th1rt3en/DOCO/ws/install_rework/uav_visual_landing/include/uav_visual_landing/uav_visual_landing/msg/detail/target_observation__type_support.h
[0.355s] -- Up-to-date symlink: /home/th1rt3en/DOCO/ws/install_rework/uav_visual_landing/include/uav_visual_landing/uav_visual_landing/msg/landing_controller_state.h
[0.355s] -- Up-to-date symlink: /home/th1rt3en/DOCO/ws/install_rework/uav_visual_landing/include/uav_visual_landing/uav_visual_landing/msg/rosidl_generator_c__visibility_control.h
[0.355s] -- Up-to-date symlink: /home/th1rt3en/DOCO/ws/install_rework/uav_visual_landing/include/uav_visual_landing/uav_visual_landing/msg/target_observation.h
[0.355s] -- Up-to-date symlink: /home/th1rt3en/DOCO/ws/install_rework/uav_visual_landing/share/uav_visual_landing/environment/library_path.sh
[0.355s] -- Up-to-date symlink: /home/th1rt3en/DOCO/ws/install_rework/uav_visual_landing/share/uav_visual_landing/environment/library_path.dsv
[0.355s] -- Up-to-date symlink: /home/th1rt3en/DOCO/ws/install_rework/uav_visual_landing/include/uav_visual_landing/uav_visual_landing/msg/detail/landing_controller_state__rosidl_typesupport_fastrtps_c.h
[0.355s] -- Up-to-date symlink: /home/th1rt3en/DOCO/ws/install_rework/uav_visual_landing/include/uav_visual_landing/uav_visual_landing/msg/detail/target_observation__rosidl_typesupport_fastrtps_c.h
[0.355s] -- Up-to-date symlink: /home/th1rt3en/DOCO/ws/install_rework/uav_visual_landing/include/uav_visual_landing/uav_visual_landing/msg/rosidl_typesupport_fastrtps_c__visibility_control.h
[0.356s] -- Up-to-date symlink: /home/th1rt3en/DOCO/ws/install_rework/uav_visual_landing/include/uav_visual_landing/uav_visual_landing/msg/detail/landing_controller_state__builder.hpp
[0.356s] -- Up-to-date symlink: /home/th1rt3en/DOCO/ws/install_rework/uav_visual_landing/include/uav_visual_landing/uav_visual_landing/msg/detail/landing_controller_state__struct.hpp
[0.356s] -- Up-to-date symlink: /home/th1rt3en/DOCO/ws/install_rework/uav_visual_landing/include/uav_visual_landing/uav_visual_landing/msg/detail/landing_controller_state__traits.hpp
[0.356s] -- Up-to-date symlink: /home/th1rt3en/DOCO/ws/install_rework/uav_visual_landing/include/uav_visual_landing/uav_visual_landing/msg/detail/landing_controller_state__type_support.hpp
[0.356s] -- Up-to-date symlink: /home/th1rt3en/DOCO/ws/install_rework/uav_visual_landing/include/uav_visual_landing/uav_visual_landing/msg/detail/target_observation__builder.hpp
[0.356s] -- Up-to-date symlink: /home/th1rt3en/DOCO/ws/install_rework/uav_visual_landing/include/uav_visual_landing/uav_visual_landing/msg/detail/target_observation__struct.hpp
[0.356s] -- Up-to-date symlink: /home/th1rt3en/DOCO/ws/install_rework/uav_visual_landing/include/uav_visual_landing/uav_visual_landing/msg/detail/target_observation__traits.hpp
[0.356s] -- Up-to-date symlink: /home/th1rt3en/DOCO/ws/install_rework/uav_visual_landing/include/uav_visual_landing/uav_visual_landing/msg/detail/target_observation__type_support.hpp
[0.357s] -- Up-to-date symlink: /home/th1rt3en/DOCO/ws/install_rework/uav_visual_landing/include/uav_visual_landing/uav_visual_landing/msg/landing_controller_state.hpp
[0.357s] -- Up-to-date symlink: /home/th1rt3en/DOCO/ws/install_rework/uav_visual_landing/include/uav_visual_landing/uav_visual_landing/msg/rosidl_generator_cpp__visibility_control.hpp
[0.357s] -- Up-to-date symlink: /home/th1rt3en/DOCO/ws/install_rework/uav_visual_landing/include/uav_visual_landing/uav_visual_landing/msg/target_observation.hpp
[0.357s] -- Up-to-date symlink: /home/th1rt3en/DOCO/ws/install_rework/uav_visual_landing/include/uav_visual_landing/uav_visual_landing/msg/detail/landing_controller_state__rosidl_typesupport_fastrtps_cpp.hpp
[0.357s] -- Up-to-date symlink: /home/th1rt3en/DOCO/ws/install_rework/uav_visual_landing/include/uav_visual_landing/uav_visual_landing/msg/detail/target_observation__rosidl_typesupport_fastrtps_cpp.hpp
[0.357s] -- Up-to-date symlink: /home/th1rt3en/DOCO/ws/install_rework/uav_visual_landing/include/uav_visual_landing/uav_visual_landing/msg/rosidl_typesupport_fastrtps_cpp__visibility_control.h
[0.357s] -- Up-to-date symlink: /home/th1rt3en/DOCO/ws/install_rework/uav_visual_landing/include/uav_visual_landing/uav_visual_landing/msg/detail/landing_controller_state__rosidl_typesupport_introspection_c.h
[0.358s] -- Up-to-date symlink: /home/th1rt3en/DOCO/ws/install_rework/uav_visual_landing/include/uav_visual_landing/uav_visual_landing/msg/detail/target_observation__rosidl_typesupport_introspection_c.h
[0.358s] -- Up-to-date symlink: /home/th1rt3en/DOCO/ws/install_rework/uav_visual_landing/include/uav_visual_landing/uav_visual_landing/msg/rosidl_typesupport_introspection_c__visibility_control.h
[0.358s] -- Up-to-date symlink: /home/th1rt3en/DOCO/ws/install_rework/uav_visual_landing/include/uav_visual_landing/uav_visual_landing/msg/detail/landing_controller_state__rosidl_typesupport_introspection_cpp.hpp
[0.358s] -- Up-to-date symlink: /home/th1rt3en/DOCO/ws/install_rework/uav_visual_landing/include/uav_visual_landing/uav_visual_landing/msg/detail/target_observation__rosidl_typesupport_introspection_cpp.hpp
[0.360s] -- Up-to-date symlink: /home/th1rt3en/DOCO/ws/install_rework/uav_visual_landing/share/uav_visual_landing/environment/pythonpath.sh
[0.361s] -- Up-to-date symlink: /home/th1rt3en/DOCO/ws/install_rework/uav_visual_landing/share/uav_visual_landing/environment/pythonpath.dsv
[0.361s] -- Up-to-date symlink: /home/th1rt3en/DOCO/ws/install_rework/uav_visual_landing/local/lib/python3.10/dist-packages/uav_visual_landing-0.0.0-py3.10.egg-info/PKG-INFO
[0.361s] -- Up-to-date symlink: /home/th1rt3en/DOCO/ws/install_rework/uav_visual_landing/local/lib/python3.10/dist-packages/uav_visual_landing-0.0.0-py3.10.egg-info/SOURCES.txt
[0.361s] -- Up-to-date symlink: /home/th1rt3en/DOCO/ws/install_rework/uav_visual_landing/local/lib/python3.10/dist-packages/uav_visual_landing-0.0.0-py3.10.egg-info/dependency_links.txt
[0.361s] -- Up-to-date symlink: /home/th1rt3en/DOCO/ws/install_rework/uav_visual_landing/local/lib/python3.10/dist-packages/uav_visual_landing-0.0.0-py3.10.egg-info/top_level.txt
[0.361s] -- Up-to-date symlink: /home/th1rt3en/DOCO/ws/install_rework/uav_visual_landing/local/lib/python3.10/dist-packages/uav_visual_landing/__init__.py
[0.361s] -- Up-to-date symlink: /home/th1rt3en/DOCO/ws/install_rework/uav_visual_landing/local/lib/python3.10/dist-packages/uav_visual_landing/_uav_visual_landing_s.ep.rosidl_typesupport_c.c
[0.361s] -- Up-to-date symlink: /home/th1rt3en/DOCO/ws/install_rework/uav_visual_landing/local/lib/python3.10/dist-packages/uav_visual_landing/_uav_visual_landing_s.ep.rosidl_typesupport_fastrtps_c.c
[0.361s] -- Up-to-date symlink: /home/th1rt3en/DOCO/ws/install_rework/uav_visual_landing/local/lib/python3.10/dist-packages/uav_visual_landing/_uav_visual_landing_s.ep.rosidl_typesupport_introspection_c.c
[0.361s] -- Up-to-date symlink: /home/th1rt3en/DOCO/ws/install_rework/uav_visual_landing/local/lib/python3.10/dist-packages/uav_visual_landing/libuav_visual_landing__rosidl_generator_py.so
[0.361s] -- Up-to-date symlink: /home/th1rt3en/DOCO/ws/install_rework/uav_visual_landing/local/lib/python3.10/dist-packages/uav_visual_landing/msg/__init__.py
[0.362s] -- Up-to-date symlink: /home/th1rt3en/DOCO/ws/install_rework/uav_visual_landing/local/lib/python3.10/dist-packages/uav_visual_landing/msg/_landing_controller_state.py
[0.362s] -- Up-to-date symlink: /home/th1rt3en/DOCO/ws/install_rework/uav_visual_landing/local/lib/python3.10/dist-packages/uav_visual_landing/msg/_landing_controller_state_s.c
[0.362s] -- Up-to-date symlink: /home/th1rt3en/DOCO/ws/install_rework/uav_visual_landing/local/lib/python3.10/dist-packages/uav_visual_landing/msg/_target_observation.py
[0.362s] -- Up-to-date symlink: /home/th1rt3en/DOCO/ws/install_rework/uav_visual_landing/local/lib/python3.10/dist-packages/uav_visual_landing/msg/_target_observation_s.c
[0.362s] -- Up-to-date symlink: /home/th1rt3en/DOCO/ws/install_rework/uav_visual_landing/local/lib/python3.10/dist-packages/uav_visual_landing/uav_visual_landing_s__rosidl_typesupport_c.cpython-310-x86_64-linux-gnu.so
[0.362s] -- Up-to-date symlink: /home/th1rt3en/DOCO/ws/install_rework/uav_visual_landing/local/lib/python3.10/dist-packages/uav_visual_landing/uav_visual_landing_s__rosidl_typesupport_fastrtps_c.cpython-310-x86_64-linux-gnu.so
[0.362s] -- Up-to-date symlink: /home/th1rt3en/DOCO/ws/install_rework/uav_visual_landing/local/lib/python3.10/dist-packages/uav_visual_landing/uav_visual_landing_s__rosidl_typesupport_introspection_c.cpython-310-x86_64-linux-gnu.so
[0.362s] -- Up-to-date symlink: /home/th1rt3en/DOCO/ws/install_rework/uav_visual_landing/local/lib/python3.10/dist-packages/uav_visual_landing/uav_visual_landing_s__rosidl_typesupport_fastrtps_c.cpython-310-x86_64-linux-gnu.so
[0.362s] -- Up-to-date symlink: /home/th1rt3en/DOCO/ws/install_rework/uav_visual_landing/local/lib/python3.10/dist-packages/uav_visual_landing/uav_visual_landing_s__rosidl_typesupport_introspection_c.cpython-310-x86_64-linux-gnu.so
[0.362s] -- Up-to-date symlink: /home/th1rt3en/DOCO/ws/install_rework/uav_visual_landing/local/lib/python3.10/dist-packages/uav_visual_landing/uav_visual_landing_s__rosidl_typesupport_c.cpython-310-x86_64-linux-gnu.so
[0.362s] -- Up-to-date symlink: /home/th1rt3en/DOCO/ws/install_rework/uav_visual_landing/share/uav_visual_landing/msg/TargetObservation.idl
[0.362s] -- Up-to-date symlink: /home/th1rt3en/DOCO/ws/install_rework/uav_visual_landing/share/uav_visual_landing/msg/LandingControllerState.idl
[0.362s] -- Up-to-date symlink: /home/th1rt3en/DOCO/ws/install_rework/uav_visual_landing/share/uav_visual_landing/msg/TargetObservation.msg
[0.363s] -- Up-to-date symlink: /home/th1rt3en/DOCO/ws/install_rework/uav_visual_landing/share/uav_visual_landing/msg/LandingControllerState.msg
[0.363s] -- Up-to-date symlink: /home/th1rt3en/DOCO/ws/install_rework/uav_visual_landing/lib/uav_visual_landing/aruco_detector_node
[0.363s] -- Up-to-date symlink: /home/th1rt3en/DOCO/ws/install_rework/uav_visual_landing/lib/uav_visual_landing/visual_landing_node
[0.363s] -- Up-to-date symlink: /home/th1rt3en/DOCO/ws/install_rework/uav_visual_landing/share/uav_visual_landing/config/visual_landing_stable.yaml
[0.363s] -- Up-to-date symlink: /home/th1rt3en/DOCO/ws/install_rework/uav_visual_landing/include/uav_visual_landing/visual_landing_logic.hpp
[0.363s] -- Up-to-date symlink: /home/th1rt3en/DOCO/ws/install_rework/uav_visual_landing/share/ament_index/resource_index/package_run_dependencies/uav_visual_landing
[0.363s] -- Up-to-date symlink: /home/th1rt3en/DOCO/ws/install_rework/uav_visual_landing/share/ament_index/resource_index/parent_prefix_path/uav_visual_landing
[0.363s] -- Up-to-date symlink: /home/th1rt3en/DOCO/ws/install_rework/uav_visual_landing/share/uav_visual_landing/environment/ament_prefix_path.sh
[0.363s] -- Up-to-date symlink: /home/th1rt3en/DOCO/ws/install_rework/uav_visual_landing/share/uav_visual_landing/environment/ament_prefix_path.dsv
[0.364s] -- Up-to-date symlink: /home/th1rt3en/DOCO/ws/install_rework/uav_visual_landing/share/uav_visual_landing/environment/path.sh
[0.364s] -- Up-to-date symlink: /home/th1rt3en/DOCO/ws/install_rework/uav_visual_landing/share/uav_visual_landing/environment/path.dsv
[0.364s] -- Up-to-date symlink: /home/th1rt3en/DOCO/ws/install_rework/uav_visual_landing/share/uav_visual_landing/local_setup.bash
[0.364s] -- Up-to-date symlink: /home/th1rt3en/DOCO/ws/install_rework/uav_visual_landing/share/uav_visual_landing/local_setup.sh
[0.364s] -- Up-to-date symlink: /home/th1rt3en/DOCO/ws/install_rework/uav_visual_landing/share/uav_visual_landing/local_setup.zsh
[0.364s] -- Up-to-date symlink: /home/th1rt3en/DOCO/ws/install_rework/uav_visual_landing/share/uav_visual_landing/local_setup.dsv
[0.364s] -- Symlinking: /home/th1rt3en/DOCO/ws/install_rework/uav_visual_landing/share/uav_visual_landing/package.dsv
[0.378s] -- Up-to-date symlink: /home/th1rt3en/DOCO/ws/install_rework/uav_visual_landing/share/ament_index/resource_index/packages/uav_visual_landing
[0.378s] -- Up-to-date symlink: /home/th1rt3en/DOCO/ws/install_rework/uav_visual_landing/share/uav_visual_landing/cmake/rosidl_cmake-extras.cmake
[0.378s] -- Up-to-date symlink: /home/th1rt3en/DOCO/ws/install_rework/uav_visual_landing/share/uav_visual_landing/cmake/ament_cmake_export_dependencies-extras.cmake
[0.378s] -- Up-to-date symlink: /home/th1rt3en/DOCO/ws/install_rework/uav_visual_landing/share/uav_visual_landing/cmake/ament_cmake_export_include_directories-extras.cmake
[0.379s] -- Up-to-date symlink: /home/th1rt3en/DOCO/ws/install_rework/uav_visual_landing/share/uav_visual_landing/cmake/ament_cmake_export_libraries-extras.cmake
[0.379s] -- Up-to-date symlink: /home/th1rt3en/DOCO/ws/install_rework/uav_visual_landing/share/uav_visual_landing/cmake/ament_cmake_export_targets-extras.cmake
[0.379s] -- Up-to-date symlink: /home/th1rt3en/DOCO/ws/install_rework/uav_visual_landing/share/uav_visual_landing/cmake/rosidl_cmake_export_typesupport_targets-extras.cmake
[0.381s] -- Up-to-date symlink: /home/th1rt3en/DOCO/ws/install_rework/uav_visual_landing/share/uav_visual_landing/cmake/rosidl_cmake_export_typesupport_libraries-extras.cmake
[0.381s] -- Up-to-date symlink: /home/th1rt3en/DOCO/ws/install_rework/uav_visual_landing/share/uav_visual_landing/cmake/uav_visual_landingConfig.cmake
[0.381s] -- Up-to-date symlink: /home/th1rt3en/DOCO/ws/install_rework/uav_visual_landing/share/uav_visual_landing/cmake/uav_visual_landingConfig-version.cmake
[0.381s] -- Up-to-date symlink: /home/th1rt3en/DOCO/ws/install_rework/uav_visual_landing/share/uav_visual_landing/package.xml
[0.381s] -- Up-to-date: /home/th1rt3en/DOCO/ws/install_rework/uav_visual_landing/lib/libuav_visual_landing__rosidl_generator_c.so
[0.381s] -- Up-to-date: /home/th1rt3en/DOCO/ws/install_rework/uav_visual_landing/lib/libuav_visual_landing__rosidl_typesupport_fastrtps_c.so
[0.382s] -- Up-to-date: /home/th1rt3en/DOCO/ws/install_rework/uav_visual_landing/lib/libuav_visual_landing__rosidl_typesupport_fastrtps_cpp.so
[0.382s] -- Up-to-date: /home/th1rt3en/DOCO/ws/install_rework/uav_visual_landing/lib/libuav_visual_landing__rosidl_typesupport_introspection_c.so
[0.382s] -- Up-to-date: /home/th1rt3en/DOCO/ws/install_rework/uav_visual_landing/lib/libuav_visual_landing__rosidl_typesupport_c.so
[0.382s] -- Up-to-date: /home/th1rt3en/DOCO/ws/install_rework/uav_visual_landing/lib/libuav_visual_landing__rosidl_typesupport_introspection_cpp.so
[0.382s] -- Up-to-date: /home/th1rt3en/DOCO/ws/install_rework/uav_visual_landing/lib/libuav_visual_landing__rosidl_typesupport_cpp.so
[0.419s] Listing '/home/th1rt3en/DOCO/ws/install_rework/uav_visual_landing/local/lib/python3.10/dist-packages/uav_visual_landing'...
[0.419s] Listing '/home/th1rt3en/DOCO/ws/install_rework/uav_visual_landing/local/lib/python3.10/dist-packages/uav_visual_landing/msg'...
[0.425s] -- Up-to-date: /home/th1rt3en/DOCO/ws/install_rework/uav_visual_landing/lib/libuav_visual_landing__rosidl_generator_py.so
[0.426s] -- Up-to-date: /home/th1rt3en/DOCO/ws/install_rework/uav_visual_landing/share/uav_visual_landing/cmake/export_uav_visual_landing__rosidl_generator_cExport.cmake
[0.426s] -- Up-to-date: /home/th1rt3en/DOCO/ws/install_rework/uav_visual_landing/share/uav_visual_landing/cmake/export_uav_visual_landing__rosidl_generator_cExport-noconfig.cmake
[0.427s] -- Up-to-date: /home/th1rt3en/DOCO/ws/install_rework/uav_visual_landing/share/uav_visual_landing/cmake/export_uav_visual_landing__rosidl_typesupport_fastrtps_cExport.cmake
[0.427s] -- Up-to-date: /home/th1rt3en/DOCO/ws/install_rework/uav_visual_landing/share/uav_visual_landing/cmake/export_uav_visual_landing__rosidl_typesupport_fastrtps_cExport-noconfig.cmake
[0.427s] -- Up-to-date: /home/th1rt3en/DOCO/ws/install_rework/uav_visual_landing/share/uav_visual_landing/cmake/export_uav_visual_landing__rosidl_generator_cppExport.cmake
[0.427s] -- Up-to-date: /home/th1rt3en/DOCO/ws/install_rework/uav_visual_landing/share/uav_visual_landing/cmake/export_uav_visual_landing__rosidl_typesupport_fastrtps_cppExport.cmake
[0.427s] -- Up-to-date: /home/th1rt3en/DOCO/ws/install_rework/uav_visual_landing/share/uav_visual_landing/cmake/export_uav_visual_landing__rosidl_typesupport_fastrtps_cppExport-noconfig.cmake
[0.427s] -- Up-to-date: /home/th1rt3en/DOCO/ws/install_rework/uav_visual_landing/share/uav_visual_landing/cmake/uav_visual_landing__rosidl_typesupport_introspection_cExport.cmake
[0.428s] -- Up-to-date: /home/th1rt3en/DOCO/ws/install_rework/uav_visual_landing/share/uav_visual_landing/cmake/uav_visual_landing__rosidl_typesupport_introspection_cExport-noconfig.cmake
[0.428s] -- Up-to-date: /home/th1rt3en/DOCO/ws/install_rework/uav_visual_landing/share/uav_visual_landing/cmake/uav_visual_landing__rosidl_typesupport_cExport.cmake
[0.428s] -- Up-to-date: /home/th1rt3en/DOCO/ws/install_rework/uav_visual_landing/share/uav_visual_landing/cmake/uav_visual_landing__rosidl_typesupport_cExport-noconfig.cmake
[0.428s] -- Up-to-date: /home/th1rt3en/DOCO/ws/install_rework/uav_visual_landing/share/uav_visual_landing/cmake/uav_visual_landing__rosidl_typesupport_introspection_cppExport.cmake
[0.428s] -- Up-to-date: /home/th1rt3en/DOCO/ws/install_rework/uav_visual_landing/share/uav_visual_landing/cmake/uav_visual_landing__rosidl_typesupport_introspection_cppExport-noconfig.cmake
[0.428s] -- Up-to-date: /home/th1rt3en/DOCO/ws/install_rework/uav_visual_landing/share/uav_visual_landing/cmake/uav_visual_landing__rosidl_typesupport_cppExport.cmake
[0.428s] -- Up-to-date: /home/th1rt3en/DOCO/ws/install_rework/uav_visual_landing/share/uav_visual_landing/cmake/uav_visual_landing__rosidl_typesupport_cppExport-noconfig.cmake
[0.429s] -- Up-to-date: /home/th1rt3en/DOCO/ws/install_rework/uav_visual_landing/share/uav_visual_landing/cmake/export_uav_visual_landing__rosidl_generator_pyExport.cmake
[0.430s] -- Up-to-date: /home/th1rt3en/DOCO/ws/install_rework/uav_visual_landing/share/uav_visual_landing/cmake/export_uav_visual_landing__rosidl_generator_pyExport-noconfig.cmake
[0.432s] Invoked command in '/home/th1rt3en/DOCO/ws/build_rework/uav_visual_landing' returned '0': CMAKE_PREFIX_PATH=/home/th1rt3en/DOCO/ws/install_rework/px4_msgs:/home/th1rt3en/DOCO/ws/install_rework/uav_bringup:/home/th1rt3en/DOCO/ws/install_rework/sim_worlds:/home/th1rt3en/DOCO/ws/install_rework/ugv_sim_tools:/home/th1rt3en/DOCO/ws/install_rework/uav_visual_landing:/home/th1rt3en/DOCO/ws/install_rework/uav_description:/home/th1rt3en/DOCO/ws/install_rework/uav_bridge:/home/th1rt3en/DOCO/ws/install_rework/relative_position_fusion:/home/th1rt3en/DOCO/ws/install_rework/quadrotor_msgs:/opt/ros/humble LD_LIBRARY_PATH=/home/th1rt3en/DOCO/ws/install_rework/px4_msgs/lib:/home/th1rt3en/DOCO/ws/install_rework/uav_visual_landing/lib:/home/th1rt3en/DOCO/ws/install_rework/quadrotor_msgs/lib:/opt/ros/humble/opt/rviz_ogre_vendor/lib:/opt/ros/humble/lib/x86_64-linux-gnu:/opt/ros/humble/lib /usr/bin/cmake --install /home/th1rt3en/DOCO/ws/build_rework/uav_visual_landing
