[0.100s] DEBUG:colcon:Command line arguments: ['/home/th1rt3en/.local/bin/colcon', '--log-base', 'log_rework', 'build', '--build-base', 'build_rework', '--install-base', 'install_rework', '--packages-select', 'sim_worlds', 'ugv_sim_tools', 'uav_description', 'uav_bringup', '--symlink-install', '--event-handlers', 'console_direct+']
[0.101s] DEBUG:colcon:Parsed command line arguments: Namespace(log_base='log_rework', log_level=None, verb_name='build', build_base='/home/th1rt3en/DOCO/ws/build_rework', install_base='/home/th1rt3en/DOCO/ws/install_rework', merge_install=False, symlink_install=True, test_result_base=None, continue_on_error=False, executor='parallel', parallel_workers=16, event_handlers=['console_direct+'], ignore_user_meta=False, metas=['./colcon.meta'], base_paths=['.'], packages_ignore=None, packages_ignore_regex=None, paths=None, packages_up_to=None, packages_up_to_regex=None, packages_above=None, packages_above_and_dependencies=None, packages_above_depth=None, packages_select_by_dep=None, packages_skip_by_dep=None, packages_skip_up_to=None, packages_select_build_failed=False, packages_skip_build_finished=False, packages_select_test_failures=False, packages_skip_test_passed=False, packages_select=['sim_worlds', 'ugv_sim_tools', 'uav_description', 'uav_bringup'], packages_skip=None, packages_select_regex=None, packages_skip_regex=None, packages_start=None, packages_end=None, cmake_args=None, cmake_target=None, cmake_target_skip_unavailable=False, cmake_clean_cache=False, cmake_clean_first=False, cmake_force_configure=False, ament_cmake_args=None, catkin_cmake_args=None, catkin_skip_building_tests=False, verb_parser=<colcon_defaults.argument_parser.defaults.DefaultArgumentsDecorator object at 0x712d11f51ae0>, verb_extension=<colcon_core.verb.build.BuildVerb object at 0x712d11f51540>, main=<bound method BuildVerb.main of <colcon_core.verb.build.BuildVerb object at 0x712d11f51540>>)
[0.190s] Level 1:colcon.colcon_core.package_discovery:discover_packages(colcon_meta) check parameters
[0.191s] Level 1:colcon.colcon_core.package_discovery:discover_packages(recursive) check parameters
[0.191s] Level 1:colcon.colcon_core.package_discovery:discover_packages(ignore) check parameters
[0.191s] Level 1:colcon.colcon_core.package_discovery:discover_packages(path) check parameters
[0.191s] Level 1:colcon.colcon_core.package_discovery:discover_packages(colcon_meta) discover
[0.191s] Level 1:colcon.colcon_core.package_discovery:discover_packages(recursive) discover
[0.191s] INFO:colcon.colcon_core.package_discovery:Crawling recursively for packages in '/home/th1rt3en/DOCO/ws'
[0.191s] Level 1:colcon.colcon_core.package_identification:_identify(.) by extensions ['ignore', 'ignore_ament_install']
[0.191s] Level 1:colcon.colcon_core.package_identification:_identify(.) by extension 'ignore'
[0.191s] Level 1:colcon.colcon_core.package_identification:_identify(.) by extension 'ignore_ament_install'
[0.191s] Level 1:colcon.colcon_core.package_identification:_identify(.) by extensions ['colcon_pkg']
[0.191s] Level 1:colcon.colcon_core.package_identification:_identify(.) by extension 'colcon_pkg'
[0.191s] Level 1:colcon.colcon_core.package_identification:_identify(.) by extensions ['colcon_meta']
[0.191s] Level 1:colcon.colcon_core.package_identification:_identify(.) by extension 'colcon_meta'
[0.191s] Level 1:colcon.colcon_core.package_identification:_identify(.) by extensions ['ros']
[0.191s] Level 1:colcon.colcon_core.package_identification:_identify(.) by extension 'ros'
[0.199s] Level 1:colcon.colcon_core.package_identification:_identify(.) by extensions ['cmake', 'python']
[0.199s] Level 1:colcon.colcon_core.package_identification:_identify(.) by extension 'cmake'
[0.199s] Level 1:colcon.colcon_core.package_identification:_identify(.) by extension 'python'
[0.199s] Level 1:colcon.colcon_core.package_identification:_identify(.) by extensions ['python_setup_py']
[0.199s] Level 1:colcon.colcon_core.package_identification:_identify(.) by extension 'python_setup_py'
[0.199s] Level 1:colcon.colcon_core.package_identification:_identify(build) by extensions ['ignore', 'ignore_ament_install']
[0.199s] Level 1:colcon.colcon_core.package_identification:_identify(build) by extension 'ignore'
[0.199s] Level 1:colcon.colcon_core.package_identification:_identify(build) ignored
[0.199s] Level 1:colcon.colcon_core.package_identification:_identify(build_rework) by extensions ['ignore', 'ignore_ament_install']
[0.199s] Level 1:colcon.colcon_core.package_identification:_identify(build_rework) by extension 'ignore'
[0.199s] Level 1:colcon.colcon_core.package_identification:_identify(build_rework) ignored
[0.199s] Level 1:colcon.colcon_core.package_identification:_identify(install) by extensions ['ignore', 'ignore_ament_install']
[0.200s] Level 1:colcon.colcon_core.package_identification:_identify(install) by extension 'ignore'
[0.200s] Level 1:colcon.colcon_core.package_identification:_identify(install) ignored
[0.200s] Level 1:colcon.colcon_core.package_identification:_identify(install_rework) by extensions ['ignore', 'ignore_ament_install']
[0.200s] Level 1:colcon.colcon_core.package_identification:_identify(install_rework) by extension 'ignore'
[0.200s] Level 1:colcon.colcon_core.package_identification:_identify(install_rework) ignored
[0.200s] Level 1:colcon.colcon_core.package_identification:_identify(log) by extensions ['ignore', 'ignore_ament_install']
[0.200s] Level 1:colcon.colcon_core.package_identification:_identify(log) by extension 'ignore'
[0.200s] Level 1:colcon.colcon_core.package_identification:_identify(log) ignored
[0.200s] Level 1:colcon.colcon_core.package_identification:_identify(log_rework) by extensions ['ignore', 'ignore_ament_install']
[0.200s] Level 1:colcon.colcon_core.package_identification:_identify(log_rework) by extension 'ignore'
[0.200s] Level 1:colcon.colcon_core.package_identification:_identify(log_rework) ignored
[0.200s] Level 1:colcon.colcon_core.package_identification:_identify(scripts) by extensions ['ignore', 'ignore_ament_install']
[0.200s] Level 1:colcon.colcon_core.package_identification:_identify(scripts) by extension 'ignore'
[0.200s] Level 1:colcon.colcon_core.package_identification:_identify(scripts) by extension 'ignore_ament_install'
[0.200s] Level 1:colcon.colcon_core.package_identification:_identify(scripts) by extensions ['colcon_pkg']
[0.200s] Level 1:colcon.colcon_core.package_identification:_identify(scripts) by extension 'colcon_pkg'
[0.200s] Level 1:colcon.colcon_core.package_identification:_identify(scripts) by extensions ['colcon_meta']
[0.200s] Level 1:colcon.colcon_core.package_identification:_identify(scripts) by extension 'colcon_meta'
[0.200s] Level 1:colcon.colcon_core.package_identification:_identify(scripts) by extensions ['ros']
[0.200s] Level 1:colcon.colcon_core.package_identification:_identify(scripts) by extension 'ros'
[0.200s] Level 1:colcon.colcon_core.package_identification:_identify(scripts) by extensions ['cmake', 'python']
[0.200s] Level 1:colcon.colcon_core.package_identification:_identify(scripts) by extension 'cmake'
[0.200s] Level 1:colcon.colcon_core.package_identification:_identify(scripts) by extension 'python'
[0.200s] Level 1:colcon.colcon_core.package_identification:_identify(scripts) by extensions ['python_setup_py']
[0.200s] Level 1:colcon.colcon_core.package_identification:_identify(scripts) by extension 'python_setup_py'
[0.200s] Level 1:colcon.colcon_core.package_identification:_identify(src) by extensions ['ignore', 'ignore_ament_install']
[0.200s] Level 1:colcon.colcon_core.package_identification:_identify(src) by extension 'ignore'
[0.200s] Level 1:colcon.colcon_core.package_identification:_identify(src) by extension 'ignore_ament_install'
[0.200s] Level 1:colcon.colcon_core.package_identification:_identify(src) by extensions ['colcon_pkg']
[0.200s] Level 1:colcon.colcon_core.package_identification:_identify(src) by extension 'colcon_pkg'
[0.200s] Level 1:colcon.colcon_core.package_identification:_identify(src) by extensions ['colcon_meta']
[0.200s] Level 1:colcon.colcon_core.package_identification:_identify(src) by extension 'colcon_meta'
[0.200s] Level 1:colcon.colcon_core.package_identification:_identify(src) by extensions ['ros']
[0.200s] Level 1:colcon.colcon_core.package_identification:_identify(src) by extension 'ros'
[0.200s] Level 1:colcon.colcon_core.package_identification:_identify(src) by extensions ['cmake', 'python']
[0.201s] Level 1:colcon.colcon_core.package_identification:_identify(src) by extension 'cmake'
[0.201s] Level 1:colcon.colcon_core.package_identification:_identify(src) by extension 'python'
[0.201s] Level 1:colcon.colcon_core.package_identification:_identify(src) by extensions ['python_setup_py']
[0.201s] Level 1:colcon.colcon_core.package_identification:_identify(src) by extension 'python_setup_py'
[0.201s] Level 1:colcon.colcon_core.package_identification:_identify(src/duojin01_bringup) by extensions ['ignore', 'ignore_ament_install']
[0.201s] Level 1:colcon.colcon_core.package_identification:_identify(src/duojin01_bringup) by extension 'ignore'
[0.201s] Level 1:colcon.colcon_core.package_identification:_identify(src/duojin01_bringup) by extension 'ignore_ament_install'
[0.201s] Level 1:colcon.colcon_core.package_identification:_identify(src/duojin01_bringup) by extensions ['colcon_pkg']
[0.201s] Level 1:colcon.colcon_core.package_identification:_identify(src/duojin01_bringup) by extension 'colcon_pkg'
[0.201s] Level 1:colcon.colcon_core.package_identification:_identify(src/duojin01_bringup) by extensions ['colcon_meta']
[0.201s] Level 1:colcon.colcon_core.package_identification:_identify(src/duojin01_bringup) by extension 'colcon_meta'
[0.201s] Level 1:colcon.colcon_core.package_identification:_identify(src/duojin01_bringup) by extensions ['ros']
[0.201s] Level 1:colcon.colcon_core.package_identification:_identify(src/duojin01_bringup) by extension 'ros'
[0.203s] DEBUG:colcon.colcon_core.package_identification:Package 'src/duojin01_bringup' with type 'ros.ament_python' and name 'duojin01_bringup'
[0.203s] Level 1:colcon.colcon_core.package_identification:_identify(src/lslidar_driver) by extensions ['ignore', 'ignore_ament_install']
[0.203s] Level 1:colcon.colcon_core.package_identification:_identify(src/lslidar_driver) by extension 'ignore'
[0.203s] Level 1:colcon.colcon_core.package_identification:_identify(src/lslidar_driver) by extension 'ignore_ament_install'
[0.203s] Level 1:colcon.colcon_core.package_identification:_identify(src/lslidar_driver) by extensions ['colcon_pkg']
[0.203s] Level 1:colcon.colcon_core.package_identification:_identify(src/lslidar_driver) by extension 'colcon_pkg'
[0.203s] Level 1:colcon.colcon_core.package_identification:_identify(src/lslidar_driver) by extensions ['colcon_meta']
[0.203s] Level 1:colcon.colcon_core.package_identification:_identify(src/lslidar_driver) by extension 'colcon_meta'
[0.203s] Level 1:colcon.colcon_core.package_identification:_identify(src/lslidar_driver) by extensions ['ros']
[0.203s] Level 1:colcon.colcon_core.package_identification:_identify(src/lslidar_driver) by extension 'ros'
[0.203s] Level 1:colcon.colcon_core.package_identification:_identify(src/lslidar_driver) by extensions ['cmake', 'python']
[0.203s] Level 1:colcon.colcon_core.package_identification:_identify(src/lslidar_driver) by extension 'cmake'
[0.203s] Level 1:colcon.colcon_core.package_identification:_identify(src/lslidar_driver) by extension 'python'
[0.203s] Level 1:colcon.colcon_core.package_identification:_identify(src/lslidar_driver) by extensions ['python_setup_py']
[0.203s] Level 1:colcon.colcon_core.package_identification:_identify(src/lslidar_driver) by extension 'python_setup_py'
[0.203s] Level 1:colcon.colcon_core.package_identification:_identify(src/lslidar_driver/lslidar_driver) by extensions ['ignore', 'ignore_ament_install']
[0.203s] Level 1:colcon.colcon_core.package_identification:_identify(src/lslidar_driver/lslidar_driver) by extension 'ignore'
[0.203s] Level 1:colcon.colcon_core.package_identification:_identify(src/lslidar_driver/lslidar_driver) by extension 'ignore_ament_install'
[0.203s] Level 1:colcon.colcon_core.package_identification:_identify(src/lslidar_driver/lslidar_driver) by extensions ['colcon_pkg']
[0.203s] Level 1:colcon.colcon_core.package_identification:_identify(src/lslidar_driver/lslidar_driver) by extension 'colcon_pkg'
[0.203s] Level 1:colcon.colcon_core.package_identification:_identify(src/lslidar_driver/lslidar_driver) by extensions ['colcon_meta']
[0.203s] Level 1:colcon.colcon_core.package_identification:_identify(src/lslidar_driver/lslidar_driver) by extension 'colcon_meta'
[0.203s] Level 1:colcon.colcon_core.package_identification:_identify(src/lslidar_driver/lslidar_driver) by extensions ['ros']
[0.203s] Level 1:colcon.colcon_core.package_identification:_identify(src/lslidar_driver/lslidar_driver) by extension 'ros'
[0.204s] DEBUG:colcon.colcon_core.package_identification:Package 'src/lslidar_driver/lslidar_driver' with type 'ros.ament_cmake' and name 'lslidar_driver'
[0.204s] Level 1:colcon.colcon_core.package_identification:_identify(src/lslidar_driver/lslidar_msgs) by extensions ['ignore', 'ignore_ament_install']
[0.204s] Level 1:colcon.colcon_core.package_identification:_identify(src/lslidar_driver/lslidar_msgs) by extension 'ignore'
[0.204s] Level 1:colcon.colcon_core.package_identification:_identify(src/lslidar_driver/lslidar_msgs) by extension 'ignore_ament_install'
[0.204s] Level 1:colcon.colcon_core.package_identification:_identify(src/lslidar_driver/lslidar_msgs) by extensions ['colcon_pkg']
[0.204s] Level 1:colcon.colcon_core.package_identification:_identify(src/lslidar_driver/lslidar_msgs) by extension 'colcon_pkg'
[0.204s] Level 1:colcon.colcon_core.package_identification:_identify(src/lslidar_driver/lslidar_msgs) by extensions ['colcon_meta']
[0.204s] Level 1:colcon.colcon_core.package_identification:_identify(src/lslidar_driver/lslidar_msgs) by extension 'colcon_meta'
[0.204s] Level 1:colcon.colcon_core.package_identification:_identify(src/lslidar_driver/lslidar_msgs) by extensions ['ros']
[0.204s] Level 1:colcon.colcon_core.package_identification:_identify(src/lslidar_driver/lslidar_msgs) by extension 'ros'
[0.205s] DEBUG:colcon.colcon_core.package_identification:Package 'src/lslidar_driver/lslidar_msgs' with type 'ros.ament_cmake' and name 'lslidar_msgs'
[0.205s] Level 1:colcon.colcon_core.package_identification:_identify(src/orbbec_sdk) by extensions ['ignore', 'ignore_ament_install']
[0.205s] Level 1:colcon.colcon_core.package_identification:_identify(src/orbbec_sdk) by extension 'ignore'
[0.205s] Level 1:colcon.colcon_core.package_identification:_identify(src/orbbec_sdk) by extension 'ignore_ament_install'
[0.205s] Level 1:colcon.colcon_core.package_identification:_identify(src/orbbec_sdk) by extensions ['colcon_pkg']
[0.205s] Level 1:colcon.colcon_core.package_identification:_identify(src/orbbec_sdk) by extension 'colcon_pkg'
[0.205s] Level 1:colcon.colcon_core.package_identification:_identify(src/orbbec_sdk) by extensions ['colcon_meta']
[0.205s] Level 1:colcon.colcon_core.package_identification:_identify(src/orbbec_sdk) by extension 'colcon_meta'
[0.205s] Level 1:colcon.colcon_core.package_identification:_identify(src/orbbec_sdk) by extensions ['ros']
[0.205s] Level 1:colcon.colcon_core.package_identification:_identify(src/orbbec_sdk) by extension 'ros'
[0.205s] Level 1:colcon.colcon_core.package_identification:_identify(src/orbbec_sdk) by extensions ['cmake', 'python']
[0.205s] Level 1:colcon.colcon_core.package_identification:_identify(src/orbbec_sdk) by extension 'cmake'
[0.205s] Level 1:colcon.colcon_core.package_identification:_identify(src/orbbec_sdk) by extension 'python'
[0.205s] Level 1:colcon.colcon_core.package_identification:_identify(src/orbbec_sdk) by extensions ['python_setup_py']
[0.205s] Level 1:colcon.colcon_core.package_identification:_identify(src/orbbec_sdk) by extension 'python_setup_py'
[0.205s] Level 1:colcon.colcon_core.package_identification:_identify(src/orbbec_sdk/orbbec_camera) by extensions ['ignore', 'ignore_ament_install']
[0.205s] Level 1:colcon.colcon_core.package_identification:_identify(src/orbbec_sdk/orbbec_camera) by extension 'ignore'
[0.205s] Level 1:colcon.colcon_core.package_identification:_identify(src/orbbec_sdk/orbbec_camera) by extension 'ignore_ament_install'
[0.205s] Level 1:colcon.colcon_core.package_identification:_identify(src/orbbec_sdk/orbbec_camera) by extensions ['colcon_pkg']
[0.205s] Level 1:colcon.colcon_core.package_identification:_identify(src/orbbec_sdk/orbbec_camera) by extension 'colcon_pkg'
[0.205s] Level 1:colcon.colcon_core.package_identification:_identify(src/orbbec_sdk/orbbec_camera) by extensions ['colcon_meta']
[0.205s] Level 1:colcon.colcon_core.package_identification:_identify(src/orbbec_sdk/orbbec_camera) by extension 'colcon_meta'
[0.205s] Level 1:colcon.colcon_core.package_identification:_identify(src/orbbec_sdk/orbbec_camera) by extensions ['ros']
[0.205s] Level 1:colcon.colcon_core.package_identification:_identify(src/orbbec_sdk/orbbec_camera) by extension 'ros'
[0.207s] DEBUG:colcon.colcon_core.package_identification:Package 'src/orbbec_sdk/orbbec_camera' with type 'ros.ament_cmake' and name 'orbbec_camera'
[0.207s] Level 1:colcon.colcon_core.package_identification:_identify(src/orbbec_sdk/orbbec_camera_msgs) by extensions ['ignore', 'ignore_ament_install']
[0.207s] Level 1:colcon.colcon_core.package_identification:_identify(src/orbbec_sdk/orbbec_camera_msgs) by extension 'ignore'
[0.207s] Level 1:colcon.colcon_core.package_identification:_identify(src/orbbec_sdk/orbbec_camera_msgs) by extension 'ignore_ament_install'
[0.207s] Level 1:colcon.colcon_core.package_identification:_identify(src/orbbec_sdk/orbbec_camera_msgs) by extensions ['colcon_pkg']
[0.207s] Level 1:colcon.colcon_core.package_identification:_identify(src/orbbec_sdk/orbbec_camera_msgs) by extension 'colcon_pkg'
[0.207s] Level 1:colcon.colcon_core.package_identification:_identify(src/orbbec_sdk/orbbec_camera_msgs) by extensions ['colcon_meta']
[0.207s] Level 1:colcon.colcon_core.package_identification:_identify(src/orbbec_sdk/orbbec_camera_msgs) by extension 'colcon_meta'
[0.207s] Level 1:colcon.colcon_core.package_identification:_identify(src/orbbec_sdk/orbbec_camera_msgs) by extensions ['ros']
[0.207s] Level 1:colcon.colcon_core.package_identification:_identify(src/orbbec_sdk/orbbec_camera_msgs) by extension 'ros'
[0.208s] DEBUG:colcon.colcon_core.package_identification:Package 'src/orbbec_sdk/orbbec_camera_msgs' with type 'ros.ament_cmake' and name 'orbbec_camera_msgs'
[0.208s] Level 1:colcon.colcon_core.package_identification:_identify(src/orbbec_sdk/orbbec_description) by extensions ['ignore', 'ignore_ament_install']
[0.208s] Level 1:colcon.colcon_core.package_identification:_identify(src/orbbec_sdk/orbbec_description) by extension 'ignore'
[0.208s] Level 1:colcon.colcon_core.package_identification:_identify(src/orbbec_sdk/orbbec_description) by extension 'ignore_ament_install'
[0.208s] Level 1:colcon.colcon_core.package_identification:_identify(src/orbbec_sdk/orbbec_description) by extensions ['colcon_pkg']
[0.208s] Level 1:colcon.colcon_core.package_identification:_identify(src/orbbec_sdk/orbbec_description) by extension 'colcon_pkg'
[0.208s] Level 1:colcon.colcon_core.package_identification:_identify(src/orbbec_sdk/orbbec_description) by extensions ['colcon_meta']
[0.208s] Level 1:colcon.colcon_core.package_identification:_identify(src/orbbec_sdk/orbbec_description) by extension 'colcon_meta'
[0.208s] Level 1:colcon.colcon_core.package_identification:_identify(src/orbbec_sdk/orbbec_description) by extensions ['ros']
[0.208s] Level 1:colcon.colcon_core.package_identification:_identify(src/orbbec_sdk/orbbec_description) by extension 'ros'
[0.208s] DEBUG:colcon.colcon_core.package_identification:Package 'src/orbbec_sdk/orbbec_description' with type 'ros.ament_cmake' and name 'orbbec_description'
[0.208s] Level 1:colcon.colcon_core.package_identification:_identify(src/px4_msgs) by extensions ['ignore', 'ignore_ament_install']
[0.208s] Level 1:colcon.colcon_core.package_identification:_identify(src/px4_msgs) by extension 'ignore'
[0.208s] Level 1:colcon.colcon_core.package_identification:_identify(src/px4_msgs) by extension 'ignore_ament_install'
[0.208s] Level 1:colcon.colcon_core.package_identification:_identify(src/px4_msgs) by extensions ['colcon_pkg']
[0.208s] Level 1:colcon.colcon_core.package_identification:_identify(src/px4_msgs) by extension 'colcon_pkg'
[0.208s] Level 1:colcon.colcon_core.package_identification:_identify(src/px4_msgs) by extensions ['colcon_meta']
[0.208s] Level 1:colcon.colcon_core.package_identification:_identify(src/px4_msgs) by extension 'colcon_meta'
[0.208s] Level 1:colcon.colcon_core.package_identification:_identify(src/px4_msgs) by extensions ['ros']
[0.208s] Level 1:colcon.colcon_core.package_identification:_identify(src/px4_msgs) by extension 'ros'
[0.209s] DEBUG:colcon.colcon_core.package_identification:Package 'src/px4_msgs' with type 'ros.ament_cmake' and name 'px4_msgs'
[0.209s] Level 1:colcon.colcon_core.package_identification:_identify(src/quadrotor_msgs) by extensions ['ignore', 'ignore_ament_install']
[0.209s] Level 1:colcon.colcon_core.package_identification:_identify(src/quadrotor_msgs) by extension 'ignore'
[0.209s] Level 1:colcon.colcon_core.package_identification:_identify(src/quadrotor_msgs) by extension 'ignore_ament_install'
[0.209s] Level 1:colcon.colcon_core.package_identification:_identify(src/quadrotor_msgs) by extensions ['colcon_pkg']
[0.209s] Level 1:colcon.colcon_core.package_identification:_identify(src/quadrotor_msgs) by extension 'colcon_pkg'
[0.209s] Level 1:colcon.colcon_core.package_identification:_identify(src/quadrotor_msgs) by extensions ['colcon_meta']
[0.209s] Level 1:colcon.colcon_core.package_identification:_identify(src/quadrotor_msgs) by extension 'colcon_meta'
[0.209s] Level 1:colcon.colcon_core.package_identification:_identify(src/quadrotor_msgs) by extensions ['ros']
[0.209s] Level 1:colcon.colcon_core.package_identification:_identify(src/quadrotor_msgs) by extension 'ros'
[0.210s] DEBUG:colcon.colcon_core.package_identification:Package 'src/quadrotor_msgs' with type 'ros.ament_cmake' and name 'quadrotor_msgs'
[0.210s] Level 1:colcon.colcon_core.package_identification:_identify(src/relative_position_fusion) by extensions ['ignore', 'ignore_ament_install']
[0.210s] Level 1:colcon.colcon_core.package_identification:_identify(src/relative_position_fusion) by extension 'ignore'
[0.210s] Level 1:colcon.colcon_core.package_identification:_identify(src/relative_position_fusion) by extension 'ignore_ament_install'
[0.210s] Level 1:colcon.colcon_core.package_identification:_identify(src/relative_position_fusion) by extensions ['colcon_pkg']
[0.210s] Level 1:colcon.colcon_core.package_identification:_identify(src/relative_position_fusion) by extension 'colcon_pkg'
[0.210s] Level 1:colcon.colcon_core.package_identification:_identify(src/relative_position_fusion) by extensions ['colcon_meta']
[0.210s] Level 1:colcon.colcon_core.package_identification:_identify(src/relative_position_fusion) by extension 'colcon_meta'
[0.210s] Level 1:colcon.colcon_core.package_identification:_identify(src/relative_position_fusion) by extensions ['ros']
[0.210s] Level 1:colcon.colcon_core.package_identification:_identify(src/relative_position_fusion) by extension 'ros'
[0.210s] DEBUG:colcon.colcon_core.package_identification:Package 'src/relative_position_fusion' with type 'ros.ament_cmake' and name 'relative_position_fusion'
[0.211s] Level 1:colcon.colcon_core.package_identification:_identify(src/sim_worlds) by extensions ['ignore', 'ignore_ament_install']
[0.211s] Level 1:colcon.colcon_core.package_identification:_identify(src/sim_worlds) by extension 'ignore'
[0.211s] Level 1:colcon.colcon_core.package_identification:_identify(src/sim_worlds) by extension 'ignore_ament_install'
[0.211s] Level 1:colcon.colcon_core.package_identification:_identify(src/sim_worlds) by extensions ['colcon_pkg']
[0.211s] Level 1:colcon.colcon_core.package_identification:_identify(src/sim_worlds) by extension 'colcon_pkg'
[0.211s] Level 1:colcon.colcon_core.package_identification:_identify(src/sim_worlds) by extensions ['colcon_meta']
[0.211s] Level 1:colcon.colcon_core.package_identification:_identify(src/sim_worlds) by extension 'colcon_meta'
[0.211s] Level 1:colcon.colcon_core.package_identification:_identify(src/sim_worlds) by extensions ['ros']
[0.211s] Level 1:colcon.colcon_core.package_identification:_identify(src/sim_worlds) by extension 'ros'
[0.211s] DEBUG:colcon.colcon_core.package_identification:Package 'src/sim_worlds' with type 'ros.ament_cmake' and name 'sim_worlds'
[0.211s] Level 1:colcon.colcon_core.package_identification:_identify(src/uav_bridge) by extensions ['ignore', 'ignore_ament_install']
[0.211s] Level 1:colcon.colcon_core.package_identification:_identify(src/uav_bridge) by extension 'ignore'
[0.211s] Level 1:colcon.colcon_core.package_identification:_identify(src/uav_bridge) by extension 'ignore_ament_install'
[0.211s] Level 1:colcon.colcon_core.package_identification:_identify(src/uav_bridge) by extensions ['colcon_pkg']
[0.211s] Level 1:colcon.colcon_core.package_identification:_identify(src/uav_bridge) by extension 'colcon_pkg'
[0.211s] Level 1:colcon.colcon_core.package_identification:_identify(src/uav_bridge) by extensions ['colcon_meta']
[0.211s] Level 1:colcon.colcon_core.package_identification:_identify(src/uav_bridge) by extension 'colcon_meta'
[0.211s] Level 1:colcon.colcon_core.package_identification:_identify(src/uav_bridge) by extensions ['ros']
[0.211s] Level 1:colcon.colcon_core.package_identification:_identify(src/uav_bridge) by extension 'ros'
[0.212s] DEBUG:colcon.colcon_core.package_identification:Package 'src/uav_bridge' with type 'ros.ament_cmake' and name 'uav_bridge'
[0.212s] Level 1:colcon.colcon_core.package_identification:_identify(src/uav_bringup) by extensions ['ignore', 'ignore_ament_install']
[0.212s] Level 1:colcon.colcon_core.package_identification:_identify(src/uav_bringup) by extension 'ignore'
[0.212s] Level 1:colcon.colcon_core.package_identification:_identify(src/uav_bringup) by extension 'ignore_ament_install'
[0.212s] Level 1:colcon.colcon_core.package_identification:_identify(src/uav_bringup) by extensions ['colcon_pkg']
[0.212s] Level 1:colcon.colcon_core.package_identification:_identify(src/uav_bringup) by extension 'colcon_pkg'
[0.212s] Level 1:colcon.colcon_core.package_identification:_identify(src/uav_bringup) by extensions ['colcon_meta']
[0.212s] Level 1:colcon.colcon_core.package_identification:_identify(src/uav_bringup) by extension 'colcon_meta'
[0.212s] Level 1:colcon.colcon_core.package_identification:_identify(src/uav_bringup) by extensions ['ros']
[0.212s] Level 1:colcon.colcon_core.package_identification:_identify(src/uav_bringup) by extension 'ros'
[0.213s] DEBUG:colcon.colcon_core.package_identification:Package 'src/uav_bringup' with type 'ros.ament_cmake' and name 'uav_bringup'
[0.213s] Level 1:colcon.colcon_core.package_identification:_identify(src/uav_description) by extensions ['ignore', 'ignore_ament_install']
[0.213s] Level 1:colcon.colcon_core.package_identification:_identify(src/uav_description) by extension 'ignore'
[0.213s] Level 1:colcon.colcon_core.package_identification:_identify(src/uav_description) by extension 'ignore_ament_install'
[0.213s] Level 1:colcon.colcon_core.package_identification:_identify(src/uav_description) by extensions ['colcon_pkg']
[0.213s] Level 1:colcon.colcon_core.package_identification:_identify(src/uav_description) by extension 'colcon_pkg'
[0.213s] Level 1:colcon.colcon_core.package_identification:_identify(src/uav_description) by extensions ['colcon_meta']
[0.213s] Level 1:colcon.colcon_core.package_identification:_identify(src/uav_description) by extension 'colcon_meta'
[0.213s] Level 1:colcon.colcon_core.package_identification:_identify(src/uav_description) by extensions ['ros']
[0.213s] Level 1:colcon.colcon_core.package_identification:_identify(src/uav_description) by extension 'ros'
[0.213s] DEBUG:colcon.colcon_core.package_identification:Package 'src/uav_description' with type 'ros.ament_cmake' and name 'uav_description'
[0.213s] Level 1:colcon.colcon_core.package_identification:_identify(src/uav_visual_landing) by extensions ['ignore', 'ignore_ament_install']
[0.213s] Level 1:colcon.colcon_core.package_identification:_identify(src/uav_visual_landing) by extension 'ignore'
[0.213s] Level 1:colcon.colcon_core.package_identification:_identify(src/uav_visual_landing) by extension 'ignore_ament_install'
[0.213s] Level 1:colcon.colcon_core.package_identification:_identify(src/uav_visual_landing) by extensions ['colcon_pkg']
[0.213s] Level 1:colcon.colcon_core.package_identification:_identify(src/uav_visual_landing) by extension 'colcon_pkg'
[0.213s] Level 1:colcon.colcon_core.package_identification:_identify(src/uav_visual_landing) by extensions ['colcon_meta']
[0.213s] Level 1:colcon.colcon_core.package_identification:_identify(src/uav_visual_landing) by extension 'colcon_meta'
[0.213s] Level 1:colcon.colcon_core.package_identification:_identify(src/uav_visual_landing) by extensions ['ros']
[0.213s] Level 1:colcon.colcon_core.package_identification:_identify(src/uav_visual_landing) by extension 'ros'
[0.214s] DEBUG:colcon.colcon_core.package_identification:Package 'src/uav_visual_landing' with type 'ros.ament_cmake' and name 'uav_visual_landing'
[0.214s] Level 1:colcon.colcon_core.package_identification:_identify(src/ugv_base_driver) by extensions ['ignore', 'ignore_ament_install']
[0.214s] Level 1:colcon.colcon_core.package_identification:_identify(src/ugv_base_driver) by extension 'ignore'
[0.214s] Level 1:colcon.colcon_core.package_identification:_identify(src/ugv_base_driver) by extension 'ignore_ament_install'
[0.214s] Level 1:colcon.colcon_core.package_identification:_identify(src/ugv_base_driver) by extensions ['colcon_pkg']
[0.214s] Level 1:colcon.colcon_core.package_identification:_identify(src/ugv_base_driver) by extension 'colcon_pkg'
[0.214s] Level 1:colcon.colcon_core.package_identification:_identify(src/ugv_base_driver) by extensions ['colcon_meta']
[0.214s] Level 1:colcon.colcon_core.package_identification:_identify(src/ugv_base_driver) by extension 'colcon_meta'
[0.214s] Level 1:colcon.colcon_core.package_identification:_identify(src/ugv_base_driver) by extensions ['ros']
[0.214s] Level 1:colcon.colcon_core.package_identification:_identify(src/ugv_base_driver) by extension 'ros'
[0.215s] DEBUG:colcon.colcon_core.package_identification:Package 'src/ugv_base_driver' with type 'ros.ament_cmake' and name 'ugv_base_driver'
[0.215s] Level 1:colcon.colcon_core.package_identification:_identify(src/ugv_bringup) by extensions ['ignore', 'ignore_ament_install']
[0.215s] Level 1:colcon.colcon_core.package_identification:_identify(src/ugv_bringup) by extension 'ignore'
[0.215s] Level 1:colcon.colcon_core.package_identification:_identify(src/ugv_bringup) by extension 'ignore_ament_install'
[0.215s] Level 1:colcon.colcon_core.package_identification:_identify(src/ugv_bringup) by extensions ['colcon_pkg']
[0.215s] Level 1:colcon.colcon_core.package_identification:_identify(src/ugv_bringup) by extension 'colcon_pkg'
[0.215s] Level 1:colcon.colcon_core.package_identification:_identify(src/ugv_bringup) by extensions ['colcon_meta']
[0.215s] Level 1:colcon.colcon_core.package_identification:_identify(src/ugv_bringup) by extension 'colcon_meta'
[0.215s] Level 1:colcon.colcon_core.package_identification:_identify(src/ugv_bringup) by extensions ['ros']
[0.215s] Level 1:colcon.colcon_core.package_identification:_identify(src/ugv_bringup) by extension 'ros'
[0.216s] DEBUG:colcon.colcon_core.package_identification:Package 'src/ugv_bringup' with type 'ros.ament_python' and name 'ugv_bringup'
[0.216s] Level 1:colcon.colcon_core.package_identification:_identify(src/ugv_controller_emulator) by extensions ['ignore', 'ignore_ament_install']
[0.216s] Level 1:colcon.colcon_core.package_identification:_identify(src/ugv_controller_emulator) by extension 'ignore'
[0.216s] Level 1:colcon.colcon_core.package_identification:_identify(src/ugv_controller_emulator) by extension 'ignore_ament_install'
[0.216s] Level 1:colcon.colcon_core.package_identification:_identify(src/ugv_controller_emulator) by extensions ['colcon_pkg']
[0.216s] Level 1:colcon.colcon_core.package_identification:_identify(src/ugv_controller_emulator) by extension 'colcon_pkg'
[0.216s] Level 1:colcon.colcon_core.package_identification:_identify(src/ugv_controller_emulator) by extensions ['colcon_meta']
[0.216s] Level 1:colcon.colcon_core.package_identification:_identify(src/ugv_controller_emulator) by extension 'colcon_meta'
[0.216s] Level 1:colcon.colcon_core.package_identification:_identify(src/ugv_controller_emulator) by extensions ['ros']
[0.216s] Level 1:colcon.colcon_core.package_identification:_identify(src/ugv_controller_emulator) by extension 'ros'
[0.216s] DEBUG:colcon.colcon_core.package_identification:Package 'src/ugv_controller_emulator' with type 'ros.ament_cmake' and name 'ugv_controller_emulator'
[0.216s] Level 1:colcon.colcon_core.package_identification:_identify(src/ugv_description) by extensions ['ignore', 'ignore_ament_install']
[0.216s] Level 1:colcon.colcon_core.package_identification:_identify(src/ugv_description) by extension 'ignore'
[0.216s] Level 1:colcon.colcon_core.package_identification:_identify(src/ugv_description) by extension 'ignore_ament_install'
[0.216s] Level 1:colcon.colcon_core.package_identification:_identify(src/ugv_description) by extensions ['colcon_pkg']
[0.216s] Level 1:colcon.colcon_core.package_identification:_identify(src/ugv_description) by extension 'colcon_pkg'
[0.216s] Level 1:colcon.colcon_core.package_identification:_identify(src/ugv_description) by extensions ['colcon_meta']
[0.216s] Level 1:colcon.colcon_core.package_identification:_identify(src/ugv_description) by extension 'colcon_meta'
[0.216s] Level 1:colcon.colcon_core.package_identification:_identify(src/ugv_description) by extensions ['ros']
[0.216s] Level 1:colcon.colcon_core.package_identification:_identify(src/ugv_description) by extension 'ros'
[0.217s] DEBUG:colcon.colcon_core.package_identification:Package 'src/ugv_description' with type 'ros.ament_python' and name 'ugv_description'
[0.217s] Level 1:colcon.colcon_core.package_identification:_identify(src/ugv_safety_watchdog) by extensions ['ignore', 'ignore_ament_install']
[0.217s] Level 1:colcon.colcon_core.package_identification:_identify(src/ugv_safety_watchdog) by extension 'ignore'
[0.217s] Level 1:colcon.colcon_core.package_identification:_identify(src/ugv_safety_watchdog) by extension 'ignore_ament_install'
[0.217s] Level 1:colcon.colcon_core.package_identification:_identify(src/ugv_safety_watchdog) by extensions ['colcon_pkg']
[0.217s] Level 1:colcon.colcon_core.package_identification:_identify(src/ugv_safety_watchdog) by extension 'colcon_pkg'
[0.217s] Level 1:colcon.colcon_core.package_identification:_identify(src/ugv_safety_watchdog) by extensions ['colcon_meta']
[0.217s] Level 1:colcon.colcon_core.package_identification:_identify(src/ugv_safety_watchdog) by extension 'colcon_meta'
[0.217s] Level 1:colcon.colcon_core.package_identification:_identify(src/ugv_safety_watchdog) by extensions ['ros']
[0.217s] Level 1:colcon.colcon_core.package_identification:_identify(src/ugv_safety_watchdog) by extension 'ros'
[0.218s] DEBUG:colcon.colcon_core.package_identification:Package 'src/ugv_safety_watchdog' with type 'ros.ament_cmake' and name 'ugv_safety_watchdog'
[0.218s] Level 1:colcon.colcon_core.package_identification:_identify(src/ugv_sim_tools) by extensions ['ignore', 'ignore_ament_install']
[0.218s] Level 1:colcon.colcon_core.package_identification:_identify(src/ugv_sim_tools) by extension 'ignore'
[0.218s] Level 1:colcon.colcon_core.package_identification:_identify(src/ugv_sim_tools) by extension 'ignore_ament_install'
[0.218s] Level 1:colcon.colcon_core.package_identification:_identify(src/ugv_sim_tools) by extensions ['colcon_pkg']
[0.218s] Level 1:colcon.colcon_core.package_identification:_identify(src/ugv_sim_tools) by extension 'colcon_pkg'
[0.218s] Level 1:colcon.colcon_core.package_identification:_identify(src/ugv_sim_tools) by extensions ['colcon_meta']
[0.218s] Level 1:colcon.colcon_core.package_identification:_identify(src/ugv_sim_tools) by extension 'colcon_meta'
[0.218s] Level 1:colcon.colcon_core.package_identification:_identify(src/ugv_sim_tools) by extensions ['ros']
[0.218s] Level 1:colcon.colcon_core.package_identification:_identify(src/ugv_sim_tools) by extension 'ros'
[0.218s] DEBUG:colcon.colcon_core.package_identification:Package 'src/ugv_sim_tools' with type 'ros.ament_cmake' and name 'ugv_sim_tools'
[0.218s] Level 1:colcon.colcon_core.package_identification:_identify(src/ugv_slam_tools) by extensions ['ignore', 'ignore_ament_install']
[0.218s] Level 1:colcon.colcon_core.package_identification:_identify(src/ugv_slam_tools) by extension 'ignore'
[0.218s] Level 1:colcon.colcon_core.package_identification:_identify(src/ugv_slam_tools) by extension 'ignore_ament_install'
[0.218s] Level 1:colcon.colcon_core.package_identification:_identify(src/ugv_slam_tools) by extensions ['colcon_pkg']
[0.218s] Level 1:colcon.colcon_core.package_identification:_identify(src/ugv_slam_tools) by extension 'colcon_pkg'
[0.218s] Level 1:colcon.colcon_core.package_identification:_identify(src/ugv_slam_tools) by extensions ['colcon_meta']
[0.218s] Level 1:colcon.colcon_core.package_identification:_identify(src/ugv_slam_tools) by extension 'colcon_meta'
[0.218s] Level 1:colcon.colcon_core.package_identification:_identify(src/ugv_slam_tools) by extensions ['ros']
[0.218s] Level 1:colcon.colcon_core.package_identification:_identify(src/ugv_slam_tools) by extension 'ros'
[0.219s] DEBUG:colcon.colcon_core.package_identification:Package 'src/ugv_slam_tools' with type 'ros.ament_cmake' and name 'ugv_slam_tools'
[0.219s] Level 1:colcon.colcon_core.package_identification:_identify(src/ugv_teleop) by extensions ['ignore', 'ignore_ament_install']
[0.219s] Level 1:colcon.colcon_core.package_identification:_identify(src/ugv_teleop) by extension 'ignore'
[0.219s] Level 1:colcon.colcon_core.package_identification:_identify(src/ugv_teleop) by extension 'ignore_ament_install'
[0.219s] Level 1:colcon.colcon_core.package_identification:_identify(src/ugv_teleop) by extensions ['colcon_pkg']
[0.219s] Level 1:colcon.colcon_core.package_identification:_identify(src/ugv_teleop) by extension 'colcon_pkg'
[0.219s] Level 1:colcon.colcon_core.package_identification:_identify(src/ugv_teleop) by extensions ['colcon_meta']
[0.219s] Level 1:colcon.colcon_core.package_identification:_identify(src/ugv_teleop) by extension 'colcon_meta'
[0.219s] Level 1:colcon.colcon_core.package_identification:_identify(src/ugv_teleop) by extensions ['ros']
[0.219s] Level 1:colcon.colcon_core.package_identification:_identify(src/ugv_teleop) by extension 'ros'
[0.219s] DEBUG:colcon.colcon_core.package_identification:Package 'src/ugv_teleop' with type 'ros.ament_cmake' and name 'ugv_teleop'
[0.220s] Level 1:colcon.colcon_core.package_discovery:discover_packages(recursive) using defaults
[0.220s] Level 1:colcon.colcon_core.package_discovery:discover_packages(ignore) discover
[0.220s] Level 1:colcon.colcon_core.package_discovery:discover_packages(ignore) using defaults
[0.220s] Level 1:colcon.colcon_core.package_discovery:discover_packages(path) discover
[0.220s] Level 1:colcon.colcon_core.package_discovery:discover_packages(path) using defaults
[0.250s] INFO:colcon.colcon_core.package_selection:Skipping not selected package 'lslidar_msgs' in 'src/lslidar_driver/lslidar_msgs'
[0.250s] INFO:colcon.colcon_core.package_selection:Skipping not selected package 'orbbec_camera_msgs' in 'src/orbbec_sdk/orbbec_camera_msgs'
[0.250s] INFO:colcon.colcon_core.package_selection:Skipping not selected package 'orbbec_description' in 'src/orbbec_sdk/orbbec_description'
[0.250s] INFO:colcon.colcon_core.package_selection:Skipping not selected package 'px4_msgs' in 'src/px4_msgs'
[0.250s] INFO:colcon.colcon_core.package_selection:Skipping not selected package 'quadrotor_msgs' in 'src/quadrotor_msgs'
[0.250s] INFO:colcon.colcon_core.package_selection:Skipping not selected package 'relative_position_fusion' in 'src/relative_position_fusion'
[0.250s] INFO:colcon.colcon_core.package_selection:Skipping not selected package 'ugv_base_driver' in 'src/ugv_base_driver'
[0.250s] INFO:colcon.colcon_core.package_selection:Skipping not selected package 'ugv_controller_emulator' in 'src/ugv_controller_emulator'
[0.250s] INFO:colcon.colcon_core.package_selection:Skipping not selected package 'ugv_description' in 'src/ugv_description'
[0.250s] INFO:colcon.colcon_core.package_selection:Skipping not selected package 'ugv_safety_watchdog' in 'src/ugv_safety_watchdog'
[0.250s] INFO:colcon.colcon_core.package_selection:Skipping not selected package 'ugv_slam_tools' in 'src/ugv_slam_tools'
[0.250s] INFO:colcon.colcon_core.package_selection:Skipping not selected package 'ugv_teleop' in 'src/ugv_teleop'
[0.250s] INFO:colcon.colcon_core.package_selection:Skipping not selected package 'lslidar_driver' in 'src/lslidar_driver/lslidar_driver'
[0.250s] INFO:colcon.colcon_core.package_selection:Skipping not selected package 'orbbec_camera' in 'src/orbbec_sdk/orbbec_camera'
[0.250s] INFO:colcon.colcon_core.package_selection:Skipping not selected package 'uav_bridge' in 'src/uav_bridge'
[0.250s] INFO:colcon.colcon_core.package_selection:Skipping not selected package 'uav_visual_landing' in 'src/uav_visual_landing'
[0.250s] INFO:colcon.colcon_core.package_selection:Skipping not selected package 'ugv_bringup' in 'src/ugv_bringup'
[0.250s] INFO:colcon.colcon_core.package_selection:Skipping not selected package 'duojin01_bringup' in 'src/duojin01_bringup'
[0.250s] Level 5:colcon.colcon_core.verb:set package 'uav_description' build argument 'cmake_args' from command line to 'None'
[0.250s] Level 5:colcon.colcon_core.verb:set package 'uav_description' build argument 'cmake_target' from command line to 'None'
[0.250s] Level 5:colcon.colcon_core.verb:set package 'uav_description' build argument 'cmake_target_skip_unavailable' from command line to 'False'
[0.250s] Level 5:colcon.colcon_core.verb:set package 'uav_description' build argument 'cmake_clean_cache' from command line to 'False'
[0.250s] Level 5:colcon.colcon_core.verb:set package 'uav_description' build argument 'cmake_clean_first' from command line to 'False'
[0.250s] Level 5:colcon.colcon_core.verb:set package 'uav_description' build argument 'cmake_force_configure' from command line to 'False'
[0.250s] Level 5:colcon.colcon_core.verb:set package 'uav_description' build argument 'ament_cmake_args' from command line to 'None'
[0.250s] Level 5:colcon.colcon_core.verb:set package 'uav_description' build argument 'catkin_cmake_args' from command line to 'None'
[0.250s] Level 5:colcon.colcon_core.verb:set package 'uav_description' build argument 'catkin_skip_building_tests' from command line to 'False'
[0.250s] DEBUG:colcon.colcon_core.verb:Building package 'uav_description' with the following arguments: {'ament_cmake_args': None, 'build_base': '/home/th1rt3en/DOCO/ws/build_rework/uav_description', 'catkin_cmake_args': None, 'catkin_skip_building_tests': False, 'cmake_args': None, 'cmake_clean_cache': False, 'cmake_clean_first': False, 'cmake_force_configure': False, 'cmake_target': None, 'cmake_target_skip_unavailable': False, 'install_base': '/home/th1rt3en/DOCO/ws/install_rework/uav_description', 'merge_install': False, 'path': '/home/th1rt3en/DOCO/ws/src/uav_description', 'symlink_install': True, 'test_result_base': None}
[0.250s] Level 5:colcon.colcon_core.verb:set package 'ugv_sim_tools' build argument 'cmake_args' from command line to 'None'
[0.250s] Level 5:colcon.colcon_core.verb:set package 'ugv_sim_tools' build argument 'cmake_target' from command line to 'None'
[0.250s] Level 5:colcon.colcon_core.verb:set package 'ugv_sim_tools' build argument 'cmake_target_skip_unavailable' from command line to 'False'
[0.251s] Level 5:colcon.colcon_core.verb:set package 'ugv_sim_tools' build argument 'cmake_clean_cache' from command line to 'False'
[0.251s] Level 5:colcon.colcon_core.verb:set package 'ugv_sim_tools' build argument 'cmake_clean_first' from command line to 'False'
[0.251s] Level 5:colcon.colcon_core.verb:set package 'ugv_sim_tools' build argument 'cmake_force_configure' from command line to 'False'
[0.251s] Level 5:colcon.colcon_core.verb:set package 'ugv_sim_tools' build argument 'ament_cmake_args' from command line to 'None'
[0.251s] Level 5:colcon.colcon_core.verb:set package 'ugv_sim_tools' build argument 'catkin_cmake_args' from command line to 'None'
[0.251s] Level 5:colcon.colcon_core.verb:set package 'ugv_sim_tools' build argument 'catkin_skip_building_tests' from command line to 'False'
[0.251s] DEBUG:colcon.colcon_core.verb:Building package 'ugv_sim_tools' with the following arguments: {'ament_cmake_args': None, 'build_base': '/home/th1rt3en/DOCO/ws/build_rework/ugv_sim_tools', 'catkin_cmake_args': None, 'catkin_skip_building_tests': False, 'cmake_args': None, 'cmake_clean_cache': False, 'cmake_clean_first': False, 'cmake_force_configure': False, 'cmake_target': None, 'cmake_target_skip_unavailable': False, 'install_base': '/home/th1rt3en/DOCO/ws/install_rework/ugv_sim_tools', 'merge_install': False, 'path': '/home/th1rt3en/DOCO/ws/src/ugv_sim_tools', 'symlink_install': True, 'test_result_base': None}
[0.251s] Level 5:colcon.colcon_core.verb:set package 'sim_worlds' build argument 'cmake_args' from command line to 'None'
[0.251s] Level 5:colcon.colcon_core.verb:set package 'sim_worlds' build argument 'cmake_target' from command line to 'None'
[0.251s] Level 5:colcon.colcon_core.verb:set package 'sim_worlds' build argument 'cmake_target_skip_unavailable' from command line to 'False'
[0.251s] Level 5:colcon.colcon_core.verb:set package 'sim_worlds' build argument 'cmake_clean_cache' from command line to 'False'
[0.251s] Level 5:colcon.colcon_core.verb:set package 'sim_worlds' build argument 'cmake_clean_first' from command line to 'False'
[0.251s] Level 5:colcon.colcon_core.verb:set package 'sim_worlds' build argument 'cmake_force_configure' from command line to 'False'
[0.251s] Level 5:colcon.colcon_core.verb:set package 'sim_worlds' build argument 'ament_cmake_args' from command line to 'None'
[0.251s] Level 5:colcon.colcon_core.verb:set package 'sim_worlds' build argument 'catkin_cmake_args' from command line to 'None'
[0.251s] Level 5:colcon.colcon_core.verb:set package 'sim_worlds' build argument 'catkin_skip_building_tests' from command line to 'False'
[0.251s] DEBUG:colcon.colcon_core.verb:Building package 'sim_worlds' with the following arguments: {'ament_cmake_args': None, 'build_base': '/home/th1rt3en/DOCO/ws/build_rework/sim_worlds', 'catkin_cmake_args': None, 'catkin_skip_building_tests': False, 'cmake_args': None, 'cmake_clean_cache': False, 'cmake_clean_first': False, 'cmake_force_configure': False, 'cmake_target': None, 'cmake_target_skip_unavailable': False, 'install_base': '/home/th1rt3en/DOCO/ws/install_rework/sim_worlds', 'merge_install': False, 'path': '/home/th1rt3en/DOCO/ws/src/sim_worlds', 'symlink_install': True, 'test_result_base': None}
[0.251s] Level 5:colcon.colcon_core.verb:set package 'uav_bringup' build argument 'cmake_args' from command line to 'None'
[0.251s] Level 5:colcon.colcon_core.verb:set package 'uav_bringup' build argument 'cmake_target' from command line to 'None'
[0.251s] Level 5:colcon.colcon_core.verb:set package 'uav_bringup' build argument 'cmake_target_skip_unavailable' from command line to 'False'
[0.251s] Level 5:colcon.colcon_core.verb:set package 'uav_bringup' build argument 'cmake_clean_cache' from command line to 'False'
[0.251s] Level 5:colcon.colcon_core.verb:set package 'uav_bringup' build argument 'cmake_clean_first' from command line to 'False'
[0.251s] Level 5:colcon.colcon_core.verb:set package 'uav_bringup' build argument 'cmake_force_configure' from command line to 'False'
[0.251s] Level 5:colcon.colcon_core.verb:set package 'uav_bringup' build argument 'ament_cmake_args' from command line to 'None'
[0.251s] Level 5:colcon.colcon_core.verb:set package 'uav_bringup' build argument 'catkin_cmake_args' from command line to 'None'
[0.251s] Level 5:colcon.colcon_core.verb:set package 'uav_bringup' build argument 'catkin_skip_building_tests' from command line to 'False'
[0.251s] DEBUG:colcon.colcon_core.verb:Building package 'uav_bringup' with the following arguments: {'ament_cmake_args': None, 'build_base': '/home/th1rt3en/DOCO/ws/build_rework/uav_bringup', 'catkin_cmake_args': None, 'catkin_skip_building_tests': False, 'cmake_args': None, 'cmake_clean_cache': False, 'cmake_clean_first': False, 'cmake_force_configure': False, 'cmake_target': None, 'cmake_target_skip_unavailable': False, 'install_base': '/home/th1rt3en/DOCO/ws/install_rework/uav_bringup', 'merge_install': False, 'path': '/home/th1rt3en/DOCO/ws/src/uav_bringup', 'symlink_install': True, 'test_result_base': None}
[0.251s] INFO:colcon.colcon_core.executor:Executing jobs using 'parallel' executor
[0.252s] DEBUG:colcon.colcon_parallel_executor.executor.parallel:run_until_complete
[0.253s] INFO:colcon.colcon_ros.task.ament_cmake.build:Building ROS package in '/home/th1rt3en/DOCO/ws/src/ugv_sim_tools' with build type 'ament_cmake'
[0.253s] INFO:colcon.colcon_cmake.task.cmake.build:Building CMake package in '/home/th1rt3en/DOCO/ws/src/ugv_sim_tools'
[0.254s] INFO:colcon.colcon_core.plugin_system:Skipping extension 'colcon_core.shell.bat': Not used on non-Windows systems
[0.254s] INFO:colcon.colcon_core.shell:Skip shell extension 'powershell' for command environment: Not usable outside of PowerShell
[0.254s] DEBUG:colcon.colcon_core.shell:Skip shell extension 'dsv' for command environment
[0.257s] INFO:colcon.colcon_ros.task.ament_cmake.build:Building ROS package in '/home/th1rt3en/DOCO/ws/src/uav_description' with build type 'ament_cmake'
[0.257s] INFO:colcon.colcon_cmake.task.cmake.build:Building CMake package in '/home/th1rt3en/DOCO/ws/src/uav_description'
[0.258s] INFO:colcon.colcon_core.shell:Skip shell extension 'powershell' for command environment: Not usable outside of PowerShell
[0.258s] DEBUG:colcon.colcon_core.shell:Skip shell extension 'dsv' for command environment
[0.264s] DEBUG:colcon.colcon_core.event_handler.log_command:Invoking command in '/home/th1rt3en/DOCO/ws/build_rework/ugv_sim_tools': CMAKE_PREFIX_PATH=${CMAKE_PREFIX_PATH}:/opt/ros/humble /usr/bin/cmake /home/th1rt3en/DOCO/ws/src/ugv_sim_tools -DAMENT_CMAKE_SYMLINK_INSTALL=1 -DCMAKE_INSTALL_PREFIX=/home/th1rt3en/DOCO/ws/install_rework/ugv_sim_tools
[0.266s] DEBUG:colcon.colcon_core.event_handler.log_command:Invoking command in '/home/th1rt3en/DOCO/ws/build_rework/uav_description': CMAKE_PREFIX_PATH=${CMAKE_PREFIX_PATH}:/opt/ros/humble /usr/bin/cmake /home/th1rt3en/DOCO/ws/src/uav_description -DAMENT_CMAKE_SYMLINK_INSTALL=1 -DCMAKE_INSTALL_PREFIX=/home/th1rt3en/DOCO/ws/install_rework/uav_description
[0.745s] DEBUG:colcon.colcon_core.event_handler.log_command:Invoked command in '/home/th1rt3en/DOCO/ws/build_rework/uav_description' returned '0': CMAKE_PREFIX_PATH=${CMAKE_PREFIX_PATH}:/opt/ros/humble /usr/bin/cmake /home/th1rt3en/DOCO/ws/src/uav_description -DAMENT_CMAKE_SYMLINK_INSTALL=1 -DCMAKE_INSTALL_PREFIX=/home/th1rt3en/DOCO/ws/install_rework/uav_description
[0.746s] DEBUG:colcon.colcon_core.event_handler.log_command:Invoking command in '/home/th1rt3en/DOCO/ws/build_rework/uav_description': CMAKE_PREFIX_PATH=${CMAKE_PREFIX_PATH}:/opt/ros/humble /usr/bin/cmake --build /home/th1rt3en/DOCO/ws/build_rework/uav_description -- -j16 -l16
[0.785s] DEBUG:colcon.colcon_core.event_handler.log_command:Invoked command in '/home/th1rt3en/DOCO/ws/build_rework/uav_description' returned '0': CMAKE_PREFIX_PATH=${CMAKE_PREFIX_PATH}:/opt/ros/humble /usr/bin/cmake --build /home/th1rt3en/DOCO/ws/build_rework/uav_description -- -j16 -l16
[0.796s] DEBUG:colcon.colcon_core.event_handler.log_command:Invoking command in '/home/th1rt3en/DOCO/ws/build_rework/uav_description': CMAKE_PREFIX_PATH=${CMAKE_PREFIX_PATH}:/opt/ros/humble /usr/bin/cmake --install /home/th1rt3en/DOCO/ws/build_rework/uav_description
[1.034s] Level 1:colcon.colcon_core.environment:create_environment_scripts_only(uav_description)
[1.034s] DEBUG:colcon.colcon_core.event_handler.log_command:Invoked command in '/home/th1rt3en/DOCO/ws/build_rework/uav_description' returned '0': CMAKE_PREFIX_PATH=${CMAKE_PREFIX_PATH}:/opt/ros/humble /usr/bin/cmake --install /home/th1rt3en/DOCO/ws/build_rework/uav_description
[1.036s] Level 1:colcon.colcon_core.environment:checking '/home/th1rt3en/DOCO/ws/install_rework/uav_description' for CMake module files
[1.036s] Level 1:colcon.colcon_core.environment:checking '/home/th1rt3en/DOCO/ws/install_rework/uav_description' for CMake config files
[1.037s] Level 1:colcon.colcon_core.shell:create_environment_hook('uav_description', 'cmake_prefix_path')
[1.037s] INFO:colcon.colcon_core.shell:Creating environment hook '/home/th1rt3en/DOCO/ws/install_rework/uav_description/share/uav_description/hook/cmake_prefix_path.ps1'
[1.037s] INFO:colcon.colcon_core.shell:Creating environment descriptor '/home/th1rt3en/DOCO/ws/install_rework/uav_description/share/uav_description/hook/cmake_prefix_path.dsv'
[1.038s] INFO:colcon.colcon_core.shell:Creating environment hook '/home/th1rt3en/DOCO/ws/install_rework/uav_description/share/uav_description/hook/cmake_prefix_path.sh'
[1.038s] Level 1:colcon.colcon_core.environment:checking '/home/th1rt3en/DOCO/ws/install_rework/uav_description/bin'
[1.038s] Level 1:colcon.colcon_core.environment:checking '/home/th1rt3en/DOCO/ws/install_rework/uav_description/lib/pkgconfig/uav_description.pc'
[1.040s] Level 1:colcon.colcon_core.environment:checking '/home/th1rt3en/DOCO/ws/install_rework/uav_description/lib/python3.10/site-packages'
[1.040s] Level 1:colcon.colcon_core.environment:checking '/home/th1rt3en/DOCO/ws/install_rework/uav_description/bin'
[1.040s] INFO:colcon.colcon_core.shell:Creating package script '/home/th1rt3en/DOCO/ws/install_rework/uav_description/share/uav_description/package.ps1'
[1.041s] INFO:colcon.colcon_core.shell:Creating package descriptor '/home/th1rt3en/DOCO/ws/install_rework/uav_description/share/uav_description/package.dsv'
[1.042s] INFO:colcon.colcon_core.shell:Creating package script '/home/th1rt3en/DOCO/ws/install_rework/uav_description/share/uav_description/package.sh'
[1.042s] INFO:colcon.colcon_core.shell:Creating package script '/home/th1rt3en/DOCO/ws/install_rework/uav_description/share/uav_description/package.bash'
[1.043s] INFO:colcon.colcon_core.shell:Creating package script '/home/th1rt3en/DOCO/ws/install_rework/uav_description/share/uav_description/package.zsh'
[1.043s] Level 1:colcon.colcon_core.environment:create_file_with_runtime_dependencies(/home/th1rt3en/DOCO/ws/install_rework/uav_description/share/colcon-core/packages/uav_description)
[1.043s] Level 1:colcon.colcon_core.environment:create_environment_scripts_only(uav_description)
[1.044s] Level 1:colcon.colcon_core.environment:checking '/home/th1rt3en/DOCO/ws/install_rework/uav_description' for CMake module files
[1.044s] Level 1:colcon.colcon_core.environment:checking '/home/th1rt3en/DOCO/ws/install_rework/uav_description' for CMake config files
[1.044s] Level 1:colcon.colcon_core.shell:create_environment_hook('uav_description', 'cmake_prefix_path')
[1.044s] INFO:colcon.colcon_core.shell:Creating environment hook '/home/th1rt3en/DOCO/ws/install_rework/uav_description/share/uav_description/hook/cmake_prefix_path.ps1'
[1.045s] INFO:colcon.colcon_core.shell:Creating environment descriptor '/home/th1rt3en/DOCO/ws/install_rework/uav_description/share/uav_description/hook/cmake_prefix_path.dsv'
[1.045s] INFO:colcon.colcon_core.shell:Creating environment hook '/home/th1rt3en/DOCO/ws/install_rework/uav_description/share/uav_description/hook/cmake_prefix_path.sh'
[1.045s] Level 1:colcon.colcon_core.environment:checking '/home/th1rt3en/DOCO/ws/install_rework/uav_description/bin'
[1.045s] Level 1:colcon.colcon_core.environment:checking '/home/th1rt3en/DOCO/ws/install_rework/uav_description/lib/pkgconfig/uav_description.pc'
[1.046s] Level 1:colcon.colcon_core.environment:checking '/home/th1rt3en/DOCO/ws/install_rework/uav_description/lib/python3.10/site-packages'
[1.046s] Level 1:colcon.colcon_core.environment:checking '/home/th1rt3en/DOCO/ws/install_rework/uav_description/bin'
[1.046s] INFO:colcon.colcon_core.shell:Creating package script '/home/th1rt3en/DOCO/ws/install_rework/uav_description/share/uav_description/package.ps1'
[1.046s] INFO:colcon.colcon_core.shell:Creating package descriptor '/home/th1rt3en/DOCO/ws/install_rework/uav_description/share/uav_description/package.dsv'
[1.047s] INFO:colcon.colcon_core.shell:Creating package script '/home/th1rt3en/DOCO/ws/install_rework/uav_description/share/uav_description/package.sh'
[1.047s] INFO:colcon.colcon_core.shell:Creating package script '/home/th1rt3en/DOCO/ws/install_rework/uav_description/share/uav_description/package.bash'
[1.047s] INFO:colcon.colcon_core.shell:Creating package script '/home/th1rt3en/DOCO/ws/install_rework/uav_description/share/uav_description/package.zsh'
[1.047s] Level 1:colcon.colcon_core.environment:create_file_with_runtime_dependencies(/home/th1rt3en/DOCO/ws/install_rework/uav_description/share/colcon-core/packages/uav_description)
[1.349s] DEBUG:colcon.colcon_core.event_handler.log_command:Invoked command in '/home/th1rt3en/DOCO/ws/build_rework/ugv_sim_tools' returned '0': CMAKE_PREFIX_PATH=${CMAKE_PREFIX_PATH}:/opt/ros/humble /usr/bin/cmake /home/th1rt3en/DOCO/ws/src/ugv_sim_tools -DAMENT_CMAKE_SYMLINK_INSTALL=1 -DCMAKE_INSTALL_PREFIX=/home/th1rt3en/DOCO/ws/install_rework/ugv_sim_tools
[1.350s] DEBUG:colcon.colcon_core.event_handler.log_command:Invoking command in '/home/th1rt3en/DOCO/ws/build_rework/ugv_sim_tools': CMAKE_PREFIX_PATH=${CMAKE_PREFIX_PATH}:/opt/ros/humble /usr/bin/cmake --build /home/th1rt3en/DOCO/ws/build_rework/ugv_sim_tools -- -j16 -l16
[15.469s] DEBUG:colcon.colcon_core.event_handler.log_command:Invoked command in '/home/th1rt3en/DOCO/ws/build_rework/ugv_sim_tools' returned '0': CMAKE_PREFIX_PATH=${CMAKE_PREFIX_PATH}:/opt/ros/humble /usr/bin/cmake --build /home/th1rt3en/DOCO/ws/build_rework/ugv_sim_tools -- -j16 -l16
[15.471s] DEBUG:colcon.colcon_core.event_handler.log_command:Invoking command in '/home/th1rt3en/DOCO/ws/build_rework/ugv_sim_tools': CMAKE_PREFIX_PATH=${CMAKE_PREFIX_PATH}:/opt/ros/humble /usr/bin/cmake --install /home/th1rt3en/DOCO/ws/build_rework/ugv_sim_tools
[15.727s] Level 1:colcon.colcon_core.environment:create_environment_scripts_only(ugv_sim_tools)
[15.727s] Level 1:colcon.colcon_core.environment:checking '/home/th1rt3en/DOCO/ws/install_rework/ugv_sim_tools' for CMake module files
[15.728s] DEBUG:colcon.colcon_core.event_handler.log_command:Invoked command in '/home/th1rt3en/DOCO/ws/build_rework/ugv_sim_tools' returned '0': CMAKE_PREFIX_PATH=${CMAKE_PREFIX_PATH}:/opt/ros/humble /usr/bin/cmake --install /home/th1rt3en/DOCO/ws/build_rework/ugv_sim_tools
[15.728s] Level 1:colcon.colcon_core.environment:checking '/home/th1rt3en/DOCO/ws/install_rework/ugv_sim_tools' for CMake config files
[15.728s] Level 1:colcon.colcon_core.shell:create_environment_hook('ugv_sim_tools', 'cmake_prefix_path')
[15.728s] INFO:colcon.colcon_core.shell:Creating environment hook '/home/th1rt3en/DOCO/ws/install_rework/ugv_sim_tools/share/ugv_sim_tools/hook/cmake_prefix_path.ps1'
[15.729s] INFO:colcon.colcon_core.shell:Creating environment descriptor '/home/th1rt3en/DOCO/ws/install_rework/ugv_sim_tools/share/ugv_sim_tools/hook/cmake_prefix_path.dsv'
[15.729s] INFO:colcon.colcon_core.shell:Creating environment hook '/home/th1rt3en/DOCO/ws/install_rework/ugv_sim_tools/share/ugv_sim_tools/hook/cmake_prefix_path.sh'
[15.729s] Level 1:colcon.colcon_core.environment:checking '/home/th1rt3en/DOCO/ws/install_rework/ugv_sim_tools/lib'
[15.730s] Level 1:colcon.colcon_core.environment:checking '/home/th1rt3en/DOCO/ws/install_rework/ugv_sim_tools/bin'
[15.730s] Level 1:colcon.colcon_core.environment:checking '/home/th1rt3en/DOCO/ws/install_rework/ugv_sim_tools/lib/pkgconfig/ugv_sim_tools.pc'
[15.730s] Level 1:colcon.colcon_core.environment:checking '/home/th1rt3en/DOCO/ws/install_rework/ugv_sim_tools/lib/python3.10/site-packages'
[15.730s] Level 1:colcon.colcon_core.environment:checking '/home/th1rt3en/DOCO/ws/install_rework/ugv_sim_tools/bin'
[15.730s] INFO:colcon.colcon_core.shell:Creating package script '/home/th1rt3en/DOCO/ws/install_rework/ugv_sim_tools/share/ugv_sim_tools/package.ps1'
[15.731s] INFO:colcon.colcon_core.shell:Creating package descriptor '/home/th1rt3en/DOCO/ws/install_rework/ugv_sim_tools/share/ugv_sim_tools/package.dsv'
[15.731s] INFO:colcon.colcon_core.shell:Creating package script '/home/th1rt3en/DOCO/ws/install_rework/ugv_sim_tools/share/ugv_sim_tools/package.sh'
[15.731s] INFO:colcon.colcon_core.shell:Creating package script '/home/th1rt3en/DOCO/ws/install_rework/ugv_sim_tools/share/ugv_sim_tools/package.bash'
[15.731s] INFO:colcon.colcon_core.shell:Creating package script '/home/th1rt3en/DOCO/ws/install_rework/ugv_sim_tools/share/ugv_sim_tools/package.zsh'
[15.731s] Level 1:colcon.colcon_core.environment:create_file_with_runtime_dependencies(/home/th1rt3en/DOCO/ws/install_rework/ugv_sim_tools/share/colcon-core/packages/ugv_sim_tools)
[15.732s] Level 1:colcon.colcon_core.environment:create_environment_scripts_only(ugv_sim_tools)
[15.732s] Level 1:colcon.colcon_core.environment:checking '/home/th1rt3en/DOCO/ws/install_rework/ugv_sim_tools' for CMake module files
[15.732s] Level 1:colcon.colcon_core.environment:checking '/home/th1rt3en/DOCO/ws/install_rework/ugv_sim_tools' for CMake config files
[15.733s] Level 1:colcon.colcon_core.shell:create_environment_hook('ugv_sim_tools', 'cmake_prefix_path')
[15.733s] INFO:colcon.colcon_core.shell:Creating environment hook '/home/th1rt3en/DOCO/ws/install_rework/ugv_sim_tools/share/ugv_sim_tools/hook/cmake_prefix_path.ps1'
[15.733s] INFO:colcon.colcon_core.shell:Creating environment descriptor '/home/th1rt3en/DOCO/ws/install_rework/ugv_sim_tools/share/ugv_sim_tools/hook/cmake_prefix_path.dsv'
[15.733s] INFO:colcon.colcon_core.shell:Creating environment hook '/home/th1rt3en/DOCO/ws/install_rework/ugv_sim_tools/share/ugv_sim_tools/hook/cmake_prefix_path.sh'
[15.733s] Level 1:colcon.colcon_core.environment:checking '/home/th1rt3en/DOCO/ws/install_rework/ugv_sim_tools/lib'
[15.733s] Level 1:colcon.colcon_core.environment:checking '/home/th1rt3en/DOCO/ws/install_rework/ugv_sim_tools/bin'
[15.734s] Level 1:colcon.colcon_core.environment:checking '/home/th1rt3en/DOCO/ws/install_rework/ugv_sim_tools/lib/pkgconfig/ugv_sim_tools.pc'
[15.734s] Level 1:colcon.colcon_core.environment:checking '/home/th1rt3en/DOCO/ws/install_rework/ugv_sim_tools/lib/python3.10/site-packages'
[15.734s] Level 1:colcon.colcon_core.environment:checking '/home/th1rt3en/DOCO/ws/install_rework/ugv_sim_tools/bin'
[15.734s] INFO:colcon.colcon_core.shell:Creating package script '/home/th1rt3en/DOCO/ws/install_rework/ugv_sim_tools/share/ugv_sim_tools/package.ps1'
[15.734s] INFO:colcon.colcon_core.shell:Creating package descriptor '/home/th1rt3en/DOCO/ws/install_rework/ugv_sim_tools/share/ugv_sim_tools/package.dsv'
[15.735s] INFO:colcon.colcon_core.shell:Creating package script '/home/th1rt3en/DOCO/ws/install_rework/ugv_sim_tools/share/ugv_sim_tools/package.sh'
[15.735s] INFO:colcon.colcon_core.shell:Creating package script '/home/th1rt3en/DOCO/ws/install_rework/ugv_sim_tools/share/ugv_sim_tools/package.bash'
[15.735s] INFO:colcon.colcon_core.shell:Creating package script '/home/th1rt3en/DOCO/ws/install_rework/ugv_sim_tools/share/ugv_sim_tools/package.zsh'
[15.735s] Level 1:colcon.colcon_core.environment:create_file_with_runtime_dependencies(/home/th1rt3en/DOCO/ws/install_rework/ugv_sim_tools/share/colcon-core/packages/ugv_sim_tools)
[15.736s] INFO:colcon.colcon_ros.task.ament_cmake.build:Building ROS package in '/home/th1rt3en/DOCO/ws/src/sim_worlds' with build type 'ament_cmake'
[15.736s] INFO:colcon.colcon_cmake.task.cmake.build:Building CMake package in '/home/th1rt3en/DOCO/ws/src/sim_worlds'
[15.736s] INFO:colcon.colcon_core.shell:Skip shell extension 'powershell' for command environment: Not usable outside of PowerShell
[15.736s] DEBUG:colcon.colcon_core.shell:Skip shell extension 'dsv' for command environment
[15.744s] DEBUG:colcon.colcon_core.event_handler.log_command:Invoking command in '/home/th1rt3en/DOCO/ws/build_rework/sim_worlds': AMENT_PREFIX_PATH=/home/th1rt3en/DOCO/ws/install_rework/ugv_sim_tools:${AMENT_PREFIX_PATH} CMAKE_PREFIX_PATH=/home/th1rt3en/DOCO/ws/install_rework/ugv_sim_tools:/home/th1rt3en/DOCO/ws/install_rework/uav_visual_landing:/home/th1rt3en/DOCO/ws/install_rework/uav_bridge:/home/th1rt3en/DOCO/ws/install_rework/relative_position_fusion:/home/th1rt3en/DOCO/ws/install_rework/quadrotor_msgs:/home/th1rt3en/DOCO/ws/install_rework/px4_msgs:/opt/ros/humble /usr/bin/cmake /home/th1rt3en/DOCO/ws/src/sim_worlds -DAMENT_CMAKE_SYMLINK_INSTALL=1 -DCMAKE_INSTALL_PREFIX=/home/th1rt3en/DOCO/ws/install_rework/sim_worlds
[16.321s] DEBUG:colcon.colcon_core.event_handler.log_command:Invoked command in '/home/th1rt3en/DOCO/ws/build_rework/sim_worlds' returned '0': AMENT_PREFIX_PATH=/home/th1rt3en/DOCO/ws/install_rework/ugv_sim_tools:${AMENT_PREFIX_PATH} CMAKE_PREFIX_PATH=/home/th1rt3en/DOCO/ws/install_rework/ugv_sim_tools:/home/th1rt3en/DOCO/ws/install_rework/uav_visual_landing:/home/th1rt3en/DOCO/ws/install_rework/uav_bridge:/home/th1rt3en/DOCO/ws/install_rework/relative_position_fusion:/home/th1rt3en/DOCO/ws/install_rework/quadrotor_msgs:/home/th1rt3en/DOCO/ws/install_rework/px4_msgs:/opt/ros/humble /usr/bin/cmake /home/th1rt3en/DOCO/ws/src/sim_worlds -DAMENT_CMAKE_SYMLINK_INSTALL=1 -DCMAKE_INSTALL_PREFIX=/home/th1rt3en/DOCO/ws/install_rework/sim_worlds
[16.322s] DEBUG:colcon.colcon_core.event_handler.log_command:Invoking command in '/home/th1rt3en/DOCO/ws/build_rework/sim_worlds': AMENT_PREFIX_PATH=/home/th1rt3en/DOCO/ws/install_rework/ugv_sim_tools:${AMENT_PREFIX_PATH} CMAKE_PREFIX_PATH=/home/th1rt3en/DOCO/ws/install_rework/ugv_sim_tools:/home/th1rt3en/DOCO/ws/install_rework/uav_visual_landing:/home/th1rt3en/DOCO/ws/install_rework/uav_bridge:/home/th1rt3en/DOCO/ws/install_rework/relative_position_fusion:/home/th1rt3en/DOCO/ws/install_rework/quadrotor_msgs:/home/th1rt3en/DOCO/ws/install_rework/px4_msgs:/opt/ros/humble /usr/bin/cmake --build /home/th1rt3en/DOCO/ws/build_rework/sim_worlds -- -j16 -l16
[16.601s] DEBUG:colcon.colcon_core.event_handler.log_command:Invoked command in '/home/th1rt3en/DOCO/ws/build_rework/sim_worlds' returned '0': AMENT_PREFIX_PATH=/home/th1rt3en/DOCO/ws/install_rework/ugv_sim_tools:${AMENT_PREFIX_PATH} CMAKE_PREFIX_PATH=/home/th1rt3en/DOCO/ws/install_rework/ugv_sim_tools:/home/th1rt3en/DOCO/ws/install_rework/uav_visual_landing:/home/th1rt3en/DOCO/ws/install_rework/uav_bridge:/home/th1rt3en/DOCO/ws/install_rework/relative_position_fusion:/home/th1rt3en/DOCO/ws/install_rework/quadrotor_msgs:/home/th1rt3en/DOCO/ws/install_rework/px4_msgs:/opt/ros/humble /usr/bin/cmake --build /home/th1rt3en/DOCO/ws/build_rework/sim_worlds -- -j16 -l16
[16.602s] DEBUG:colcon.colcon_core.event_handler.log_command:Invoking command in '/home/th1rt3en/DOCO/ws/build_rework/sim_worlds': AMENT_PREFIX_PATH=/home/th1rt3en/DOCO/ws/install_rework/ugv_sim_tools:${AMENT_PREFIX_PATH} CMAKE_PREFIX_PATH=/home/th1rt3en/DOCO/ws/install_rework/ugv_sim_tools:/home/th1rt3en/DOCO/ws/install_rework/uav_visual_landing:/home/th1rt3en/DOCO/ws/install_rework/uav_bridge:/home/th1rt3en/DOCO/ws/install_rework/relative_position_fusion:/home/th1rt3en/DOCO/ws/install_rework/quadrotor_msgs:/home/th1rt3en/DOCO/ws/install_rework/px4_msgs:/opt/ros/humble /usr/bin/cmake --install /home/th1rt3en/DOCO/ws/build_rework/sim_worlds
[17.461s] Level 1:colcon.colcon_core.environment:create_environment_scripts_only(sim_worlds)
[17.462s] Level 1:colcon.colcon_core.environment:checking '/home/th1rt3en/DOCO/ws/install_rework/sim_worlds' for CMake module files
[17.462s] DEBUG:colcon.colcon_core.event_handler.log_command:Invoked command in '/home/th1rt3en/DOCO/ws/build_rework/sim_worlds' returned '0': AMENT_PREFIX_PATH=/home/th1rt3en/DOCO/ws/install_rework/ugv_sim_tools:${AMENT_PREFIX_PATH} CMAKE_PREFIX_PATH=/home/th1rt3en/DOCO/ws/install_rework/ugv_sim_tools:/home/th1rt3en/DOCO/ws/install_rework/uav_visual_landing:/home/th1rt3en/DOCO/ws/install_rework/uav_bridge:/home/th1rt3en/DOCO/ws/install_rework/relative_position_fusion:/home/th1rt3en/DOCO/ws/install_rework/quadrotor_msgs:/home/th1rt3en/DOCO/ws/install_rework/px4_msgs:/opt/ros/humble /usr/bin/cmake --install /home/th1rt3en/DOCO/ws/build_rework/sim_worlds
[17.462s] Level 1:colcon.colcon_core.environment:checking '/home/th1rt3en/DOCO/ws/install_rework/sim_worlds' for CMake config files
[17.463s] Level 1:colcon.colcon_core.shell:create_environment_hook('sim_worlds', 'cmake_prefix_path')
[17.463s] INFO:colcon.colcon_core.shell:Creating environment hook '/home/th1rt3en/DOCO/ws/install_rework/sim_worlds/share/sim_worlds/hook/cmake_prefix_path.ps1'
[17.463s] INFO:colcon.colcon_core.shell:Creating environment descriptor '/home/th1rt3en/DOCO/ws/install_rework/sim_worlds/share/sim_worlds/hook/cmake_prefix_path.dsv'
[17.463s] INFO:colcon.colcon_core.shell:Creating environment hook '/home/th1rt3en/DOCO/ws/install_rework/sim_worlds/share/sim_worlds/hook/cmake_prefix_path.sh'
[17.464s] Level 1:colcon.colcon_core.environment:checking '/home/th1rt3en/DOCO/ws/install_rework/sim_worlds/bin'
[17.464s] Level 1:colcon.colcon_core.environment:checking '/home/th1rt3en/DOCO/ws/install_rework/sim_worlds/lib/pkgconfig/sim_worlds.pc'
[17.464s] Level 1:colcon.colcon_core.environment:checking '/home/th1rt3en/DOCO/ws/install_rework/sim_worlds/lib/python3.10/site-packages'
[17.464s] Level 1:colcon.colcon_core.environment:checking '/home/th1rt3en/DOCO/ws/install_rework/sim_worlds/bin'
[17.464s] INFO:colcon.colcon_core.shell:Creating package script '/home/th1rt3en/DOCO/ws/install_rework/sim_worlds/share/sim_worlds/package.ps1'
[17.465s] INFO:colcon.colcon_core.shell:Creating package descriptor '/home/th1rt3en/DOCO/ws/install_rework/sim_worlds/share/sim_worlds/package.dsv'
[17.465s] INFO:colcon.colcon_core.shell:Creating package script '/home/th1rt3en/DOCO/ws/install_rework/sim_worlds/share/sim_worlds/package.sh'
[17.465s] INFO:colcon.colcon_core.shell:Creating package script '/home/th1rt3en/DOCO/ws/install_rework/sim_worlds/share/sim_worlds/package.bash'
[17.465s] INFO:colcon.colcon_core.shell:Creating package script '/home/th1rt3en/DOCO/ws/install_rework/sim_worlds/share/sim_worlds/package.zsh'
[17.465s] Level 1:colcon.colcon_core.environment:create_file_with_runtime_dependencies(/home/th1rt3en/DOCO/ws/install_rework/sim_worlds/share/colcon-core/packages/sim_worlds)
[17.466s] Level 1:colcon.colcon_core.environment:create_environment_scripts_only(sim_worlds)
[17.466s] Level 1:colcon.colcon_core.environment:checking '/home/th1rt3en/DOCO/ws/install_rework/sim_worlds' for CMake module files
[17.466s] Level 1:colcon.colcon_core.environment:checking '/home/th1rt3en/DOCO/ws/install_rework/sim_worlds' for CMake config files
[17.467s] Level 1:colcon.colcon_core.shell:create_environment_hook('sim_worlds', 'cmake_prefix_path')
[17.467s] INFO:colcon.colcon_core.shell:Creating environment hook '/home/th1rt3en/DOCO/ws/install_rework/sim_worlds/share/sim_worlds/hook/cmake_prefix_path.ps1'
[17.467s] INFO:colcon.colcon_core.shell:Creating environment descriptor '/home/th1rt3en/DOCO/ws/install_rework/sim_worlds/share/sim_worlds/hook/cmake_prefix_path.dsv'
[17.467s] INFO:colcon.colcon_core.shell:Creating environment hook '/home/th1rt3en/DOCO/ws/install_rework/sim_worlds/share/sim_worlds/hook/cmake_prefix_path.sh'
[17.468s] Level 1:colcon.colcon_core.environment:checking '/home/th1rt3en/DOCO/ws/install_rework/sim_worlds/bin'
[17.468s] Level 1:colcon.colcon_core.environment:checking '/home/th1rt3en/DOCO/ws/install_rework/sim_worlds/lib/pkgconfig/sim_worlds.pc'
[17.468s] Level 1:colcon.colcon_core.environment:checking '/home/th1rt3en/DOCO/ws/install_rework/sim_worlds/lib/python3.10/site-packages'
[17.468s] Level 1:colcon.colcon_core.environment:checking '/home/th1rt3en/DOCO/ws/install_rework/sim_worlds/bin'
[17.468s] INFO:colcon.colcon_core.shell:Creating package script '/home/th1rt3en/DOCO/ws/install_rework/sim_worlds/share/sim_worlds/package.ps1'
[17.469s] INFO:colcon.colcon_core.shell:Creating package descriptor '/home/th1rt3en/DOCO/ws/install_rework/sim_worlds/share/sim_worlds/package.dsv'
[17.469s] INFO:colcon.colcon_core.shell:Creating package script '/home/th1rt3en/DOCO/ws/install_rework/sim_worlds/share/sim_worlds/package.sh'
[17.469s] INFO:colcon.colcon_core.shell:Creating package script '/home/th1rt3en/DOCO/ws/install_rework/sim_worlds/share/sim_worlds/package.bash'
[17.470s] INFO:colcon.colcon_core.shell:Creating package script '/home/th1rt3en/DOCO/ws/install_rework/sim_worlds/share/sim_worlds/package.zsh'
[17.470s] Level 1:colcon.colcon_core.environment:create_file_with_runtime_dependencies(/home/th1rt3en/DOCO/ws/install_rework/sim_worlds/share/colcon-core/packages/sim_worlds)
[17.470s] INFO:colcon.colcon_ros.task.ament_cmake.build:Building ROS package in '/home/th1rt3en/DOCO/ws/src/uav_bringup' with build type 'ament_cmake'
[17.470s] INFO:colcon.colcon_cmake.task.cmake.build:Building CMake package in '/home/th1rt3en/DOCO/ws/src/uav_bringup'
[17.470s] INFO:colcon.colcon_core.shell:Skip shell extension 'powershell' for command environment: Not usable outside of PowerShell
[17.470s] DEBUG:colcon.colcon_core.shell:Skip shell extension 'dsv' for command environment
[17.484s] DEBUG:colcon.colcon_core.event_handler.log_command:Invoking command in '/home/th1rt3en/DOCO/ws/build_rework/uav_bringup': AMENT_PREFIX_PATH=/home/th1rt3en/DOCO/ws/install_rework/sim_worlds:/home/th1rt3en/DOCO/ws/install_rework/ugv_sim_tools:/home/th1rt3en/DOCO/ws/install_rework/uav_description:${AMENT_PREFIX_PATH} CMAKE_PREFIX_PATH=/home/th1rt3en/DOCO/ws/install_rework/uav_bridge:/home/th1rt3en/DOCO/ws/install_rework/sim_worlds:/home/th1rt3en/DOCO/ws/install_rework/ugv_sim_tools:/home/th1rt3en/DOCO/ws/install_rework/uav_description:/home/th1rt3en/DOCO/ws/install_rework/quadrotor_msgs:/home/th1rt3en/DOCO/ws/install_rework/px4_msgs:/home/th1rt3en/DOCO/ws/install_rework/uav_visual_landing:/home/th1rt3en/DOCO/ws/install_rework/relative_position_fusion:/opt/ros/humble LD_LIBRARY_PATH=/home/th1rt3en/DOCO/ws/install_rework/quadrotor_msgs/lib:/home/th1rt3en/DOCO/ws/install_rework/px4_msgs/lib:/home/th1rt3en/DOCO/ws/install_rework/uav_visual_landing/lib:/opt/ros/humble/opt/rviz_ogre_vendor/lib:/opt/ros/humble/lib/x86_64-linux-gnu:/opt/ros/humble/lib PYTHONPATH=/home/th1rt3en/DOCO/ws/install_rework/sim_worlds/local/lib/python3.10/dist-packages:${PYTHONPATH} /usr/bin/cmake /home/th1rt3en/DOCO/ws/src/uav_bringup -DAMENT_CMAKE_SYMLINK_INSTALL=1 -DCMAKE_INSTALL_PREFIX=/home/th1rt3en/DOCO/ws/install_rework/uav_bringup
[18.066s] DEBUG:colcon.colcon_core.event_handler.log_command:Invoked command in '/home/th1rt3en/DOCO/ws/build_rework/uav_bringup' returned '0': AMENT_PREFIX_PATH=/home/th1rt3en/DOCO/ws/install_rework/sim_worlds:/home/th1rt3en/DOCO/ws/install_rework/ugv_sim_tools:/home/th1rt3en/DOCO/ws/install_rework/uav_description:${AMENT_PREFIX_PATH} CMAKE_PREFIX_PATH=/home/th1rt3en/DOCO/ws/install_rework/uav_bridge:/home/th1rt3en/DOCO/ws/install_rework/sim_worlds:/home/th1rt3en/DOCO/ws/install_rework/ugv_sim_tools:/home/th1rt3en/DOCO/ws/install_rework/uav_description:/home/th1rt3en/DOCO/ws/install_rework/quadrotor_msgs:/home/th1rt3en/DOCO/ws/install_rework/px4_msgs:/home/th1rt3en/DOCO/ws/install_rework/uav_visual_landing:/home/th1rt3en/DOCO/ws/install_rework/relative_position_fusion:/opt/ros/humble LD_LIBRARY_PATH=/home/th1rt3en/DOCO/ws/install_rework/quadrotor_msgs/lib:/home/th1rt3en/DOCO/ws/install_rework/px4_msgs/lib:/home/th1rt3en/DOCO/ws/install_rework/uav_visual_landing/lib:/opt/ros/humble/opt/rviz_ogre_vendor/lib:/opt/ros/humble/lib/x86_64-linux-gnu:/opt/ros/humble/lib PYTHONPATH=/home/th1rt3en/DOCO/ws/install_rework/sim_worlds/local/lib/python3.10/dist-packages:${PYTHONPATH} /usr/bin/cmake /home/th1rt3en/DOCO/ws/src/uav_bringup -DAMENT_CMAKE_SYMLINK_INSTALL=1 -DCMAKE_INSTALL_PREFIX=/home/th1rt3en/DOCO/ws/install_rework/uav_bringup
[18.067s] DEBUG:colcon.colcon_core.event_handler.log_command:Invoking command in '/home/th1rt3en/DOCO/ws/build_rework/uav_bringup': AMENT_PREFIX_PATH=/home/th1rt3en/DOCO/ws/install_rework/sim_worlds:/home/th1rt3en/DOCO/ws/install_rework/ugv_sim_tools:/home/th1rt3en/DOCO/ws/install_rework/uav_description:${AMENT_PREFIX_PATH} CMAKE_PREFIX_PATH=/home/th1rt3en/DOCO/ws/install_rework/uav_bridge:/home/th1rt3en/DOCO/ws/install_rework/sim_worlds:/home/th1rt3en/DOCO/ws/install_rework/ugv_sim_tools:/home/th1rt3en/DOCO/ws/install_rework/uav_description:/home/th1rt3en/DOCO/ws/install_rework/quadrotor_msgs:/home/th1rt3en/DOCO/ws/install_rework/px4_msgs:/home/th1rt3en/DOCO/ws/install_rework/uav_visual_landing:/home/th1rt3en/DOCO/ws/install_rework/relative_position_fusion:/opt/ros/humble LD_LIBRARY_PATH=/home/th1rt3en/DOCO/ws/install_rework/quadrotor_msgs/lib:/home/th1rt3en/DOCO/ws/install_rework/px4_msgs/lib:/home/th1rt3en/DOCO/ws/install_rework/uav_visual_landing/lib:/opt/ros/humble/opt/rviz_ogre_vendor/lib:/opt/ros/humble/lib/x86_64-linux-gnu:/opt/ros/humble/lib PYTHONPATH=/home/th1rt3en/DOCO/ws/install_rework/sim_worlds/local/lib/python3.10/dist-packages:${PYTHONPATH} /usr/bin/cmake --build /home/th1rt3en/DOCO/ws/build_rework/uav_bringup -- -j16 -l16
[18.335s] DEBUG:colcon.colcon_core.event_handler.log_command:Invoked command in '/home/th1rt3en/DOCO/ws/build_rework/uav_bringup' returned '0': AMENT_PREFIX_PATH=/home/th1rt3en/DOCO/ws/install_rework/sim_worlds:/home/th1rt3en/DOCO/ws/install_rework/ugv_sim_tools:/home/th1rt3en/DOCO/ws/install_rework/uav_description:${AMENT_PREFIX_PATH} CMAKE_PREFIX_PATH=/home/th1rt3en/DOCO/ws/install_rework/uav_bridge:/home/th1rt3en/DOCO/ws/install_rework/sim_worlds:/home/th1rt3en/DOCO/ws/install_rework/ugv_sim_tools:/home/th1rt3en/DOCO/ws/install_rework/uav_description:/home/th1rt3en/DOCO/ws/install_rework/quadrotor_msgs:/home/th1rt3en/DOCO/ws/install_rework/px4_msgs:/home/th1rt3en/DOCO/ws/install_rework/uav_visual_landing:/home/th1rt3en/DOCO/ws/install_rework/relative_position_fusion:/opt/ros/humble LD_LIBRARY_PATH=/home/th1rt3en/DOCO/ws/install_rework/quadrotor_msgs/lib:/home/th1rt3en/DOCO/ws/install_rework/px4_msgs/lib:/home/th1rt3en/DOCO/ws/install_rework/uav_visual_landing/lib:/opt/ros/humble/opt/rviz_ogre_vendor/lib:/opt/ros/humble/lib/x86_64-linux-gnu:/opt/ros/humble/lib PYTHONPATH=/home/th1rt3en/DOCO/ws/install_rework/sim_worlds/local/lib/python3.10/dist-packages:${PYTHONPATH} /usr/bin/cmake --build /home/th1rt3en/DOCO/ws/build_rework/uav_bringup -- -j16 -l16
[18.336s] DEBUG:colcon.colcon_core.event_handler.log_command:Invoking command in '/home/th1rt3en/DOCO/ws/build_rework/uav_bringup': AMENT_PREFIX_PATH=/home/th1rt3en/DOCO/ws/install_rework/sim_worlds:/home/th1rt3en/DOCO/ws/install_rework/ugv_sim_tools:/home/th1rt3en/DOCO/ws/install_rework/uav_description:${AMENT_PREFIX_PATH} CMAKE_PREFIX_PATH=/home/th1rt3en/DOCO/ws/install_rework/uav_bridge:/home/th1rt3en/DOCO/ws/install_rework/sim_worlds:/home/th1rt3en/DOCO/ws/install_rework/ugv_sim_tools:/home/th1rt3en/DOCO/ws/install_rework/uav_description:/home/th1rt3en/DOCO/ws/install_rework/quadrotor_msgs:/home/th1rt3en/DOCO/ws/install_rework/px4_msgs:/home/th1rt3en/DOCO/ws/install_rework/uav_visual_landing:/home/th1rt3en/DOCO/ws/install_rework/relative_position_fusion:/opt/ros/humble LD_LIBRARY_PATH=/home/th1rt3en/DOCO/ws/install_rework/quadrotor_msgs/lib:/home/th1rt3en/DOCO/ws/install_rework/px4_msgs/lib:/home/th1rt3en/DOCO/ws/install_rework/uav_visual_landing/lib:/opt/ros/humble/opt/rviz_ogre_vendor/lib:/opt/ros/humble/lib/x86_64-linux-gnu:/opt/ros/humble/lib PYTHONPATH=/home/th1rt3en/DOCO/ws/install_rework/sim_worlds/local/lib/python3.10/dist-packages:${PYTHONPATH} /usr/bin/cmake --install /home/th1rt3en/DOCO/ws/build_rework/uav_bringup
[18.743s] Level 1:colcon.colcon_core.environment:create_environment_scripts_only(uav_bringup)
[18.743s] Level 1:colcon.colcon_core.environment:checking '/home/th1rt3en/DOCO/ws/install_rework/uav_bringup' for CMake module files
[18.744s] DEBUG:colcon.colcon_core.event_handler.log_command:Invoked command in '/home/th1rt3en/DOCO/ws/build_rework/uav_bringup' returned '0': AMENT_PREFIX_PATH=/home/th1rt3en/DOCO/ws/install_rework/sim_worlds:/home/th1rt3en/DOCO/ws/install_rework/ugv_sim_tools:/home/th1rt3en/DOCO/ws/install_rework/uav_description:${AMENT_PREFIX_PATH} CMAKE_PREFIX_PATH=/home/th1rt3en/DOCO/ws/install_rework/uav_bridge:/home/th1rt3en/DOCO/ws/install_rework/sim_worlds:/home/th1rt3en/DOCO/ws/install_rework/ugv_sim_tools:/home/th1rt3en/DOCO/ws/install_rework/uav_description:/home/th1rt3en/DOCO/ws/install_rework/quadrotor_msgs:/home/th1rt3en/DOCO/ws/install_rework/px4_msgs:/home/th1rt3en/DOCO/ws/install_rework/uav_visual_landing:/home/th1rt3en/DOCO/ws/install_rework/relative_position_fusion:/opt/ros/humble LD_LIBRARY_PATH=/home/th1rt3en/DOCO/ws/install_rework/quadrotor_msgs/lib:/home/th1rt3en/DOCO/ws/install_rework/px4_msgs/lib:/home/th1rt3en/DOCO/ws/install_rework/uav_visual_landing/lib:/opt/ros/humble/opt/rviz_ogre_vendor/lib:/opt/ros/humble/lib/x86_64-linux-gnu:/opt/ros/humble/lib PYTHONPATH=/home/th1rt3en/DOCO/ws/install_rework/sim_worlds/local/lib/python3.10/dist-packages:${PYTHONPATH} /usr/bin/cmake --install /home/th1rt3en/DOCO/ws/build_rework/uav_bringup
[18.744s] Level 1:colcon.colcon_core.environment:checking '/home/th1rt3en/DOCO/ws/install_rework/uav_bringup' for CMake config files
[18.744s] Level 1:colcon.colcon_core.shell:create_environment_hook('uav_bringup', 'cmake_prefix_path')
[18.745s] INFO:colcon.colcon_core.shell:Creating environment hook '/home/th1rt3en/DOCO/ws/install_rework/uav_bringup/share/uav_bringup/hook/cmake_prefix_path.ps1'
[18.745s] INFO:colcon.colcon_core.shell:Creating environment descriptor '/home/th1rt3en/DOCO/ws/install_rework/uav_bringup/share/uav_bringup/hook/cmake_prefix_path.dsv'
[18.745s] INFO:colcon.colcon_core.shell:Creating environment hook '/home/th1rt3en/DOCO/ws/install_rework/uav_bringup/share/uav_bringup/hook/cmake_prefix_path.sh'
[18.746s] Level 1:colcon.colcon_core.environment:checking '/home/th1rt3en/DOCO/ws/install_rework/uav_bringup/lib'
[18.746s] Level 1:colcon.colcon_core.environment:checking '/home/th1rt3en/DOCO/ws/install_rework/uav_bringup/bin'
[18.746s] Level 1:colcon.colcon_core.environment:checking '/home/th1rt3en/DOCO/ws/install_rework/uav_bringup/lib/pkgconfig/uav_bringup.pc'
[18.746s] Level 1:colcon.colcon_core.environment:checking '/home/th1rt3en/DOCO/ws/install_rework/uav_bringup/lib/python3.10/site-packages'
[18.746s] Level 1:colcon.colcon_core.environment:checking '/home/th1rt3en/DOCO/ws/install_rework/uav_bringup/bin'
[18.746s] INFO:colcon.colcon_core.shell:Creating package script '/home/th1rt3en/DOCO/ws/install_rework/uav_bringup/share/uav_bringup/package.ps1'
[18.747s] INFO:colcon.colcon_core.shell:Creating package descriptor '/home/th1rt3en/DOCO/ws/install_rework/uav_bringup/share/uav_bringup/package.dsv'
[18.747s] INFO:colcon.colcon_core.shell:Creating package script '/home/th1rt3en/DOCO/ws/install_rework/uav_bringup/share/uav_bringup/package.sh'
[18.747s] INFO:colcon.colcon_core.shell:Creating package script '/home/th1rt3en/DOCO/ws/install_rework/uav_bringup/share/uav_bringup/package.bash'
[18.747s] INFO:colcon.colcon_core.shell:Creating package script '/home/th1rt3en/DOCO/ws/install_rework/uav_bringup/share/uav_bringup/package.zsh'
[18.748s] Level 1:colcon.colcon_core.environment:create_file_with_runtime_dependencies(/home/th1rt3en/DOCO/ws/install_rework/uav_bringup/share/colcon-core/packages/uav_bringup)
[18.748s] Level 1:colcon.colcon_core.environment:create_environment_scripts_only(uav_bringup)
[18.748s] Level 1:colcon.colcon_core.environment:checking '/home/th1rt3en/DOCO/ws/install_rework/uav_bringup' for CMake module files
[18.749s] Level 1:colcon.colcon_core.environment:checking '/home/th1rt3en/DOCO/ws/install_rework/uav_bringup' for CMake config files
[18.749s] Level 1:colcon.colcon_core.shell:create_environment_hook('uav_bringup', 'cmake_prefix_path')
[18.749s] INFO:colcon.colcon_core.shell:Creating environment hook '/home/th1rt3en/DOCO/ws/install_rework/uav_bringup/share/uav_bringup/hook/cmake_prefix_path.ps1'
[18.749s] INFO:colcon.colcon_core.shell:Creating environment descriptor '/home/th1rt3en/DOCO/ws/install_rework/uav_bringup/share/uav_bringup/hook/cmake_prefix_path.dsv'
[18.749s] INFO:colcon.colcon_core.shell:Creating environment hook '/home/th1rt3en/DOCO/ws/install_rework/uav_bringup/share/uav_bringup/hook/cmake_prefix_path.sh'
[18.750s] Level 1:colcon.colcon_core.environment:checking '/home/th1rt3en/DOCO/ws/install_rework/uav_bringup/lib'
[18.750s] Level 1:colcon.colcon_core.environment:checking '/home/th1rt3en/DOCO/ws/install_rework/uav_bringup/bin'
[18.750s] Level 1:colcon.colcon_core.environment:checking '/home/th1rt3en/DOCO/ws/install_rework/uav_bringup/lib/pkgconfig/uav_bringup.pc'
[18.750s] Level 1:colcon.colcon_core.environment:checking '/home/th1rt3en/DOCO/ws/install_rework/uav_bringup/lib/python3.10/site-packages'
[18.750s] Level 1:colcon.colcon_core.environment:checking '/home/th1rt3en/DOCO/ws/install_rework/uav_bringup/bin'
[18.750s] INFO:colcon.colcon_core.shell:Creating package script '/home/th1rt3en/DOCO/ws/install_rework/uav_bringup/share/uav_bringup/package.ps1'
[18.751s] INFO:colcon.colcon_core.shell:Creating package descriptor '/home/th1rt3en/DOCO/ws/install_rework/uav_bringup/share/uav_bringup/package.dsv'
[18.751s] INFO:colcon.colcon_core.shell:Creating package script '/home/th1rt3en/DOCO/ws/install_rework/uav_bringup/share/uav_bringup/package.sh'
[18.751s] INFO:colcon.colcon_core.shell:Creating package script '/home/th1rt3en/DOCO/ws/install_rework/uav_bringup/share/uav_bringup/package.bash'
[18.752s] INFO:colcon.colcon_core.shell:Creating package script '/home/th1rt3en/DOCO/ws/install_rework/uav_bringup/share/uav_bringup/package.zsh'
[18.752s] Level 1:colcon.colcon_core.environment:create_file_with_runtime_dependencies(/home/th1rt3en/DOCO/ws/install_rework/uav_bringup/share/colcon-core/packages/uav_bringup)
[18.752s] DEBUG:colcon.colcon_parallel_executor.executor.parallel:closing loop
[18.752s] DEBUG:colcon.colcon_parallel_executor.executor.parallel:loop closed
[18.752s] DEBUG:colcon.colcon_parallel_executor.executor.parallel:run_until_complete finished with '0'
[18.752s] DEBUG:colcon.colcon_core.event_reactor:joining thread
[18.757s] INFO:colcon.colcon_core.plugin_system:Skipping extension 'colcon_notification.desktop_notification.terminal_notifier': Not used on non-Darwin systems
[18.757s] INFO:colcon.colcon_core.plugin_system:Skipping extension 'colcon_notification.desktop_notification.win32': Not used on non-Windows systems
[18.757s] INFO:colcon.colcon_notification.desktop_notification:Sending desktop notification using 'notify2'
[18.767s] DEBUG:colcon.colcon_core.event_reactor:joined thread
[18.767s] INFO:colcon.colcon_core.shell:Creating prefix script '/home/th1rt3en/DOCO/ws/install_rework/local_setup.ps1'
[18.768s] INFO:colcon.colcon_core.shell:Creating prefix util module '/home/th1rt3en/DOCO/ws/install_rework/_local_setup_util_ps1.py'
[18.769s] INFO:colcon.colcon_core.shell:Creating prefix chain script '/home/th1rt3en/DOCO/ws/install_rework/setup.ps1'
[18.770s] INFO:colcon.colcon_core.shell:Creating prefix script '/home/th1rt3en/DOCO/ws/install_rework/local_setup.sh'
[18.770s] INFO:colcon.colcon_core.shell:Creating prefix util module '/home/th1rt3en/DOCO/ws/install_rework/_local_setup_util_sh.py'
[18.771s] INFO:colcon.colcon_core.shell:Creating prefix chain script '/home/th1rt3en/DOCO/ws/install_rework/setup.sh'
[18.771s] INFO:colcon.colcon_core.shell:Creating prefix script '/home/th1rt3en/DOCO/ws/install_rework/local_setup.bash'
[18.772s] INFO:colcon.colcon_core.shell:Creating prefix chain script '/home/th1rt3en/DOCO/ws/install_rework/setup.bash'
[18.772s] INFO:colcon.colcon_core.shell:Creating prefix script '/home/th1rt3en/DOCO/ws/install_rework/local_setup.zsh'
[18.773s] INFO:colcon.colcon_core.shell:Creating prefix chain script '/home/th1rt3en/DOCO/ws/install_rework/setup.zsh'
