[0.007s] Invoking command in '/home/th1rt3en/DOCO/ws/build_rework/uav_visual_landing': AMENT_PREFIX_PATH=/home/th1rt3en/DOCO/ws/install_rework/px4_msgs:${AMENT_PREFIX_PATH} CMAKE_PREFIX_PATH=/home/th1rt3en/DOCO/ws/install_rework/px4_msgs:/opt/ros/humble LD_LIBRARY_PATH=/home/th1rt3en/DOCO/ws/install_rework/px4_msgs/lib:${LD_LIBRARY_PATH} PYTHONPATH=/home/th1rt3en/DOCO/ws/install_rework/px4_msgs/local/lib/python3.10/dist-packages:${PYTHONPATH} /usr/bin/cmake --build /home/th1rt3en/DOCO/ws/build_rework/uav_visual_landing -- -j16 -l16
[0.069s] Consolidate compiler generated dependencies of target uav_visual_landing__rosidl_generator_c
[0.069s] Consolidate compiler generated dependencies of target gtest_main
[0.070s] Consolidate compiler generated dependencies of target gtest
[0.084s] [  2%] Built target uav_visual_landing__cpp
[0.090s] [ 10%] Built target uav_visual_landing__rosidl_generator_c
[0.090s] [ 14%] Built target gtest
[0.093s] [ 18%] Built target gtest_main
[0.103s] [ 18%] Built target ament_cmake_python_symlink_uav_visual_landing
[0.108s] Consolidate compiler generated dependencies of target uav_visual_landing__rosidl_typesupport_fastrtps_cpp
[0.113s] Consolidate compiler generated dependencies of target uav_visual_landing__rosidl_typesupport_introspection_cpp
[0.113s] Consolidate compiler generated dependencies of target uav_visual_landing__rosidl_typesupport_cpp
[0.113s] Consolidate compiler generated dependencies of target uav_visual_landing__rosidl_typesupport_fastrtps_c
[0.115s] Consolidate compiler generated dependencies of target test_visual_landing_logic
[0.115s] Consolidate compiler generated dependencies of target uav_visual_landing__rosidl_typesupport_c
[0.124s] Consolidate compiler generated dependencies of target uav_visual_landing__rosidl_typesupport_introspection_c
[0.137s] [ 26%] Built target uav_visual_landing__rosidl_typesupport_cpp
[0.137s] [ 34%] Built target uav_visual_landing__rosidl_typesupport_fastrtps_c
[0.140s] [ 42%] Built target uav_visual_landing__rosidl_typesupport_introspection_cpp
[0.140s] [ 57%] Built target test_visual_landing_logic
[0.140s] [ 61%] Built target uav_visual_landing__rosidl_typesupport_introspection_c
[0.141s] [ 63%] Built target uav_visual_landing__rosidl_typesupport_fastrtps_cpp
[0.148s] [ 71%] Built target uav_visual_landing__rosidl_typesupport_c
[0.172s] [ 71%] Built target uav_visual_landing
[0.189s] Consolidate compiler generated dependencies of target visual_landing_node
[0.189s] Consolidate compiler generated dependencies of target aruco_detector_node
[0.199s] [ 73%] Built target uav_visual_landing__py
[0.206s] [ 81%] Built target visual_landing_node
[0.206s] [ 81%] Built target aruco_detector_node
[0.217s] Consolidate compiler generated dependencies of target uav_visual_landing__rosidl_generator_py
[0.231s] [ 87%] Built target uav_visual_landing__rosidl_generator_py
[0.245s] Consolidate compiler generated dependencies of target uav_visual_landing__rosidl_typesupport_fastrtps_c__pyext
[0.245s] Consolidate compiler generated dependencies of target uav_visual_landing__rosidl_typesupport_introspection_c__pyext
[0.245s] Consolidate compiler generated dependencies of target uav_visual_landing__rosidl_typesupport_c__pyext
[0.257s] [ 97%] Built target uav_visual_landing__rosidl_typesupport_introspection_c__pyext
[0.257s] [ 97%] Built target uav_visual_landing__rosidl_typesupport_c__pyext
[0.257s] [100%] Built target uav_visual_landing__rosidl_typesupport_fastrtps_c__pyext
[0.319s] running egg_info
[0.319s] writing uav_visual_landing.egg-info/PKG-INFO
[0.320s] writing dependency_links to uav_visual_landing.egg-info/dependency_links.txt
[0.320s] writing top-level names to uav_visual_landing.egg-info/top_level.txt
[0.323s] reading manifest file 'uav_visual_landing.egg-info/SOURCES.txt'
[0.323s] writing manifest file 'uav_visual_landing.egg-info/SOURCES.txt'
[0.357s] [100%] Built target ament_cmake_python_build_uav_visual_landing_egg
[0.370s] Invoked command in '/home/th1rt3en/DOCO/ws/build_rework/uav_visual_landing' returned '0': AMENT_PREFIX_PATH=/home/th1rt3en/DOCO/ws/install_rework/px4_msgs:${AMENT_PREFIX_PATH} CMAKE_PREFIX_PATH=/home/th1rt3en/DOCO/ws/install_rework/px4_msgs:/opt/ros/humble LD_LIBRARY_PATH=/home/th1rt3en/DOCO/ws/install_rework/px4_msgs/lib:${LD_LIBRARY_PATH} PYTHONPATH=/home/th1rt3en/DOCO/ws/install_rework/px4_msgs/local/lib/python3.10/dist-packages:${PYTHONPATH} /usr/bin/cmake --build /home/th1rt3en/DOCO/ws/build_rework/uav_visual_landing -- -j16 -l16
[0.381s] Invoking command in '/home/th1rt3en/DOCO/ws/build_rework/uav_visual_landing': AMENT_PREFIX_PATH=/home/th1rt3en/DOCO/ws/install_rework/px4_msgs:${AMENT_PREFIX_PATH} CMAKE_PREFIX_PATH=/home/th1rt3en/DOCO/ws/install_rework/px4_msgs:/opt/ros/humble LD_LIBRARY_PATH=/home/th1rt3en/DOCO/ws/install_rework/px4_msgs/lib:${LD_LIBRARY_PATH} PYTHONPATH=/home/th1rt3en/DOCO/ws/install_rework/px4_msgs/local/lib/python3.10/dist-packages:${PYTHONPATH} /usr/bin/cmake --install /home/th1rt3en/DOCO/ws/build_rework/uav_visual_landing
[0.389s] -- Install configuration: ""
[0.390s] -- Execute custom install script
[0.390s] -- Up-to-date symlink: /home/th1rt3en/DOCO/ws/install_rework/uav_visual_landing/share/ament_index/resource_index/rosidl_interfaces/uav_visual_landing
[0.390s] -- Up-to-date symlink: /home/th1rt3en/DOCO/ws/install_rework/uav_visual_landing/include/uav_visual_landing/uav_visual_landing/msg/detail/landing_controller_state__functions.h
[0.390s] -- Up-to-date symlink: /home/th1rt3en/DOCO/ws/install_rework/uav_visual_landing/include/uav_visual_landing/uav_visual_landing/msg/detail/landing_controller_state__struct.h
[0.390s] -- Up-to-date symlink: /home/th1rt3en/DOCO/ws/install_rework/uav_visual_landing/include/uav_visual_landing/uav_visual_landing/msg/detail/landing_controller_state__type_support.h
[0.391s] -- Up-to-date symlink: /home/th1rt3en/DOCO/ws/install_rework/uav_visual_landing/include/uav_visual_landing/uav_visual_landing/msg/detail/target_observation__functions.h
[0.391s] -- Up-to-date symlink: /home/th1rt3en/DOCO/ws/install_rework/uav_visual_landing/include/uav_visual_landing/uav_visual_landing/msg/detail/target_observation__struct.h
[0.391s] -- Up-to-date symlink: /home/th1rt3en/DOCO/ws/install_rework/uav_visual_landing/include/uav_visual_landing/uav_visual_landing/msg/detail/target_observation__type_support.h
[0.391s] -- Up-to-date symlink: /home/th1rt3en/DOCO/ws/install_rework/uav_visual_landing/include/uav_visual_landing/uav_visual_landing/msg/landing_controller_state.h
[0.391s] -- Up-to-date symlink: /home/th1rt3en/DOCO/ws/install_rework/uav_visual_landing/include/uav_visual_landing/uav_visual_landing/msg/rosidl_generator_c__visibility_control.h
[0.391s] -- Up-to-date symlink: /home/th1rt3en/DOCO/ws/install_rework/uav_visual_landing/include/uav_visual_landing/uav_visual_landing/msg/target_observation.h
[0.391s] -- Up-to-date symlink: /home/th1rt3en/DOCO/ws/install_rework/uav_visual_landing/share/uav_visual_landing/environment/library_path.sh
[0.391s] -- Up-to-date symlink: /home/th1rt3en/DOCO/ws/install_rework/uav_visual_landing/share/uav_visual_landing/environment/library_path.dsv
[0.392s] -- Up-to-date symlink: /home/th1rt3en/DOCO/ws/install_rework/uav_visual_landing/include/uav_visual_landing/uav_visual_landing/msg/detail/landing_controller_state__rosidl_typesupport_fastrtps_c.h
[0.392s] -- Up-to-date symlink: /home/th1rt3en/DOCO/ws/install_rework/uav_visual_landing/include/uav_visual_landing/uav_visual_landing/msg/detail/target_observation__rosidl_typesupport_fastrtps_c.h
[0.392s] -- Up-to-date symlink: /home/th1rt3en/DOCO/ws/install_rework/uav_visual_landing/include/uav_visual_landing/uav_visual_landing/msg/rosidl_typesupport_fastrtps_c__visibility_control.h
[0.392s] -- Up-to-date symlink: /home/th1rt3en/DOCO/ws/install_rework/uav_visual_landing/include/uav_visual_landing/uav_visual_landing/msg/detail/landing_controller_state__builder.hpp
[0.392s] -- Up-to-date symlink: /home/th1rt3en/DOCO/ws/install_rework/uav_visual_landing/include/uav_visual_landing/uav_visual_landing/msg/detail/landing_controller_state__struct.hpp
[0.392s] -- Up-to-date symlink: /home/th1rt3en/DOCO/ws/install_rework/uav_visual_landing/include/uav_visual_landing/uav_visual_landing/msg/detail/landing_controller_state__traits.hpp
[0.392s] -- Up-to-date symlink: /home/th1rt3en/DOCO/ws/install_rework/uav_visual_landing/include/uav_visual_landing/uav_visual_landing/msg/detail/landing_controller_state__type_support.hpp
[0.393s] -- Up-to-date symlink: /home/th1rt3en/DOCO/ws/install_rework/uav_visual_landing/include/uav_visual_landing/uav_visual_landing/msg/detail/target_observation__builder.hpp
[0.393s] -- Up-to-date symlink: /home/th1rt3en/DOCO/ws/install_rework/uav_visual_landing/include/uav_visual_landing/uav_visual_landing/msg/detail/target_observation__struct.hpp
[0.393s] -- Up-to-date symlink: /home/th1rt3en/DOCO/ws/install_rework/uav_visual_landing/include/uav_visual_landing/uav_visual_landing/msg/detail/target_observation__traits.hpp
[0.393s] -- Up-to-date symlink: /home/th1rt3en/DOCO/ws/install_rework/uav_visual_landing/include/uav_visual_landing/uav_visual_landing/msg/detail/target_observation__type_support.hpp
[0.393s] -- Up-to-date symlink: /home/th1rt3en/DOCO/ws/install_rework/uav_visual_landing/include/uav_visual_landing/uav_visual_landing/msg/landing_controller_state.hpp
[0.393s] -- Up-to-date symlink: /home/th1rt3en/DOCO/ws/install_rework/uav_visual_landing/include/uav_visual_landing/uav_visual_landing/msg/rosidl_generator_cpp__visibility_control.hpp
[0.393s] -- Up-to-date symlink: /home/th1rt3en/DOCO/ws/install_rework/uav_visual_landing/include/uav_visual_landing/uav_visual_landing/msg/target_observation.hpp
[0.393s] -- Up-to-date symlink: /home/th1rt3en/DOCO/ws/install_rework/uav_visual_landing/include/uav_visual_landing/uav_visual_landing/msg/detail/landing_controller_state__rosidl_typesupport_fastrtps_cpp.hpp
[0.393s] -- Up-to-date symlink: /home/th1rt3en/DOCO/ws/install_rework/uav_visual_landing/include/uav_visual_landing/uav_visual_landing/msg/detail/target_observation__rosidl_typesupport_fastrtps_cpp.hpp
[0.394s] -- Up-to-date symlink: /home/th1rt3en/DOCO/ws/install_rework/uav_visual_landing/include/uav_visual_landing/uav_visual_landing/msg/rosidl_typesupport_fastrtps_cpp__visibility_control.h
[0.394s] -- Up-to-date symlink: /home/th1rt3en/DOCO/ws/install_rework/uav_visual_landing/include/uav_visual_landing/uav_visual_landing/msg/detail/landing_controller_state__rosidl_typesupport_introspection_c.h
[0.394s] -- Up-to-date symlink: /home/th1rt3en/DOCO/ws/install_rework/uav_visual_landing/include/uav_visual_landing/uav_visual_landing/msg/detail/target_observation__rosidl_typesupport_introspection_c.h
[0.394s] -- Up-to-date symlink: /home/th1rt3en/DOCO/ws/install_rework/uav_visual_landing/include/uav_visual_landing/uav_visual_landing/msg/rosidl_typesupport_introspection_c__visibility_control.h
[0.394s] -- Up-to-date symlink: /home/th1rt3en/DOCO/ws/install_rework/uav_visual_landing/include/uav_visual_landing/uav_visual_landing/msg/detail/landing_controller_state__rosidl_typesupport_introspection_cpp.hpp
[0.394s] -- Up-to-date symlink: /home/th1rt3en/DOCO/ws/install_rework/uav_visual_landing/include/uav_visual_landing/uav_visual_landing/msg/detail/target_observation__rosidl_typesupport_introspection_cpp.hpp
[0.394s] -- Up-to-date symlink: /home/th1rt3en/DOCO/ws/install_rework/uav_visual_landing/share/uav_visual_landing/environment/pythonpath.sh
[0.395s] -- Up-to-date symlink: /home/th1rt3en/DOCO/ws/install_rework/uav_visual_landing/share/uav_visual_landing/environment/pythonpath.dsv
[0.395s] -- Up-to-date symlink: /home/th1rt3en/DOCO/ws/install_rework/uav_visual_landing/local/lib/python3.10/dist-packages/uav_visual_landing-0.0.0-py3.10.egg-info/PKG-INFO
[0.395s] -- Up-to-date symlink: /home/th1rt3en/DOCO/ws/install_rework/uav_visual_landing/local/lib/python3.10/dist-packages/uav_visual_landing-0.0.0-py3.10.egg-info/SOURCES.txt
[0.395s] -- Up-to-date symlink: /home/th1rt3en/DOCO/ws/install_rework/uav_visual_landing/local/lib/python3.10/dist-packages/uav_visual_landing-0.0.0-py3.10.egg-info/dependency_links.txt
[0.395s] -- Up-to-date symlink: /home/th1rt3en/DOCO/ws/install_rework/uav_visual_landing/local/lib/python3.10/dist-packages/uav_visual_landing-0.0.0-py3.10.egg-info/top_level.txt
[0.396s] -- Up-to-date symlink: /home/th1rt3en/DOCO/ws/install_rework/uav_visual_landing/local/lib/python3.10/dist-packages/uav_visual_landing/__init__.py
[0.396s] -- Up-to-date symlink: /home/th1rt3en/DOCO/ws/install_rework/uav_visual_landing/local/lib/python3.10/dist-packages/uav_visual_landing/_uav_visual_landing_s.ep.rosidl_typesupport_c.c
[0.396s] -- Up-to-date symlink: /home/th1rt3en/DOCO/ws/install_rework/uav_visual_landing/local/lib/python3.10/dist-packages/uav_visual_landing/_uav_visual_landing_s.ep.rosidl_typesupport_fastrtps_c.c
[0.396s] -- Up-to-date symlink: /home/th1rt3en/DOCO/ws/install_rework/uav_visual_landing/local/lib/python3.10/dist-packages/uav_visual_landing/_uav_visual_landing_s.ep.rosidl_typesupport_introspection_c.c
[0.396s] -- Up-to-date symlink: /home/th1rt3en/DOCO/ws/install_rework/uav_visual_landing/local/lib/python3.10/dist-packages/uav_visual_landing/libuav_visual_landing__rosidl_generator_py.so
[0.396s] -- Up-to-date symlink: /home/th1rt3en/DOCO/ws/install_rework/uav_visual_landing/local/lib/python3.10/dist-packages/uav_visual_landing/msg/__init__.py
[0.396s] -- Up-to-date symlink: /home/th1rt3en/DOCO/ws/install_rework/uav_visual_landing/local/lib/python3.10/dist-packages/uav_visual_landing/msg/_landing_controller_state.py
[0.396s] -- Up-to-date symlink: /home/th1rt3en/DOCO/ws/install_rework/uav_visual_landing/local/lib/python3.10/dist-packages/uav_visual_landing/msg/_landing_controller_state_s.c
[0.397s] -- Up-to-date symlink: /home/th1rt3en/DOCO/ws/install_rework/uav_visual_landing/local/lib/python3.10/dist-packages/uav_visual_landing/msg/_target_observation.py
[0.397s] -- Up-to-date symlink: /home/th1rt3en/DOCO/ws/install_rework/uav_visual_landing/local/lib/python3.10/dist-packages/uav_visual_landing/msg/_target_observation_s.c
[0.397s] -- Up-to-date symlink: /home/th1rt3en/DOCO/ws/install_rework/uav_visual_landing/local/lib/python3.10/dist-packages/uav_visual_landing/uav_visual_landing_s__rosidl_typesupport_c.cpython-310-x86_64-linux-gnu.so
[0.397s] -- Up-to-date symlink: /home/th1rt3en/DOCO/ws/install_rework/uav_visual_landing/local/lib/python3.10/dist-packages/uav_visual_landing/uav_visual_landing_s__rosidl_typesupport_fastrtps_c.cpython-310-x86_64-linux-gnu.so
[0.397s] -- Up-to-date symlink: /home/th1rt3en/DOCO/ws/install_rework/uav_visual_landing/local/lib/python3.10/dist-packages/uav_visual_landing/uav_visual_landing_s__rosidl_typesupport_introspection_c.cpython-310-x86_64-linux-gnu.so
[0.397s] -- Up-to-date symlink: /home/th1rt3en/DOCO/ws/install_rework/uav_visual_landing/local/lib/python3.10/dist-packages/uav_visual_landing/uav_visual_landing_s__rosidl_typesupport_fastrtps_c.cpython-310-x86_64-linux-gnu.so
[0.397s] -- Up-to-date symlink: /home/th1rt3en/DOCO/ws/install_rework/uav_visual_landing/local/lib/python3.10/dist-packages/uav_visual_landing/uav_visual_landing_s__rosidl_typesupport_introspection_c.cpython-310-x86_64-linux-gnu.so
[0.397s] -- Up-to-date symlink: /home/th1rt3en/DOCO/ws/install_rework/uav_visual_landing/local/lib/python3.10/dist-packages/uav_visual_landing/uav_visual_landing_s__rosidl_typesupport_c.cpython-310-x86_64-linux-gnu.so
[0.398s] -- Up-to-date symlink: /home/th1rt3en/DOCO/ws/install_rework/uav_visual_landing/share/uav_visual_landing/msg/TargetObservation.idl
[0.398s] -- Up-to-date symlink: /home/th1rt3en/DOCO/ws/install_rework/uav_visual_landing/share/uav_visual_landing/msg/LandingControllerState.idl
[0.398s] -- Up-to-date symlink: /home/th1rt3en/DOCO/ws/install_rework/uav_visual_landing/share/uav_visual_landing/msg/TargetObservation.msg
[0.398s] -- Up-to-date symlink: /home/th1rt3en/DOCO/ws/install_rework/uav_visual_landing/share/uav_visual_landing/msg/LandingControllerState.msg
[0.398s] -- Up-to-date symlink: /home/th1rt3en/DOCO/ws/install_rework/uav_visual_landing/lib/uav_visual_landing/aruco_detector_node
[0.398s] -- Up-to-date symlink: /home/th1rt3en/DOCO/ws/install_rework/uav_visual_landing/lib/uav_visual_landing/visual_landing_node
[0.398s] -- Up-to-date symlink: /home/th1rt3en/DOCO/ws/install_rework/uav_visual_landing/share/uav_visual_landing/config/visual_landing_stable.yaml
[0.399s] -- Up-to-date symlink: /home/th1rt3en/DOCO/ws/install_rework/uav_visual_landing/include/uav_visual_landing/visual_landing_logic.hpp
[0.399s] -- Up-to-date symlink: /home/th1rt3en/DOCO/ws/install_rework/uav_visual_landing/share/ament_index/resource_index/package_run_dependencies/uav_visual_landing
[0.399s] -- Up-to-date symlink: /home/th1rt3en/DOCO/ws/install_rework/uav_visual_landing/share/ament_index/resource_index/parent_prefix_path/uav_visual_landing
[0.399s] -- Up-to-date symlink: /home/th1rt3en/DOCO/ws/install_rework/uav_visual_landing/share/uav_visual_landing/environment/ament_prefix_path.sh
[0.399s] -- Up-to-date symlink: /home/th1rt3en/DOCO/ws/install_rework/uav_visual_landing/share/uav_visual_landing/environment/ament_prefix_path.dsv
[0.399s] -- Up-to-date symlink: /home/th1rt3en/DOCO/ws/install_rework/uav_visual_landing/share/uav_visual_landing/environment/path.sh
[0.400s] -- Up-to-date symlink: /home/th1rt3en/DOCO/ws/install_rework/uav_visual_landing/share/uav_visual_landing/environment/path.dsv
[0.400s] -- Up-to-date symlink: /home/th1rt3en/DOCO/ws/install_rework/uav_visual_landing/share/uav_visual_landing/local_setup.bash
[0.400s] -- Up-to-date symlink: /home/th1rt3en/DOCO/ws/install_rework/uav_visual_landing/share/uav_visual_landing/local_setup.sh
[0.400s] -- Up-to-date symlink: /home/th1rt3en/DOCO/ws/install_rework/uav_visual_landing/share/uav_visual_landing/local_setup.zsh
[0.400s] -- Up-to-date symlink: /home/th1rt3en/DOCO/ws/install_rework/uav_visual_landing/share/uav_visual_landing/local_setup.dsv
[0.400s] -- Symlinking: /home/th1rt3en/DOCO/ws/install_rework/uav_visual_landing/share/uav_visual_landing/package.dsv
[0.410s] -- Up-to-date symlink: /home/th1rt3en/DOCO/ws/install_rework/uav_visual_landing/share/ament_index/resource_index/packages/uav_visual_landing
[0.410s] -- Up-to-date symlink: /home/th1rt3en/DOCO/ws/install_rework/uav_visual_landing/share/uav_visual_landing/cmake/rosidl_cmake-extras.cmake
[0.410s] -- Up-to-date symlink: /home/th1rt3en/DOCO/ws/install_rework/uav_visual_landing/share/uav_visual_landing/cmake/ament_cmake_export_dependencies-extras.cmake
[0.410s] -- Up-to-date symlink: /home/th1rt3en/DOCO/ws/install_rework/uav_visual_landing/share/uav_visual_landing/cmake/ament_cmake_export_include_directories-extras.cmake
[0.410s] -- Up-to-date symlink: /home/th1rt3en/DOCO/ws/install_rework/uav_visual_landing/share/uav_visual_landing/cmake/ament_cmake_export_libraries-extras.cmake
[0.410s] -- Up-to-date symlink: /home/th1rt3en/DOCO/ws/install_rework/uav_visual_landing/share/uav_visual_landing/cmake/ament_cmake_export_targets-extras.cmake
[0.410s] -- Up-to-date symlink: /home/th1rt3en/DOCO/ws/install_rework/uav_visual_landing/share/uav_visual_landing/cmake/rosidl_cmake_export_typesupport_targets-extras.cmake
[0.410s] -- Up-to-date symlink: /home/th1rt3en/DOCO/ws/install_rework/uav_visual_landing/share/uav_visual_landing/cmake/rosidl_cmake_export_typesupport_libraries-extras.cmake
[0.410s] -- Up-to-date symlink: /home/th1rt3en/DOCO/ws/install_rework/uav_visual_landing/share/uav_visual_landing/cmake/uav_visual_landingConfig.cmake
[0.410s] -- Up-to-date symlink: /home/th1rt3en/DOCO/ws/install_rework/uav_visual_landing/share/uav_visual_landing/cmake/uav_visual_landingConfig-version.cmake
[0.411s] -- Up-to-date symlink: /home/th1rt3en/DOCO/ws/install_rework/uav_visual_landing/share/uav_visual_landing/package.xml
[0.411s] -- Up-to-date: /home/th1rt3en/DOCO/ws/install_rework/uav_visual_landing/lib/libuav_visual_landing__rosidl_generator_c.so
[0.411s] -- Up-to-date: /home/th1rt3en/DOCO/ws/install_rework/uav_visual_landing/lib/libuav_visual_landing__rosidl_typesupport_fastrtps_c.so
[0.411s] -- Up-to-date: /home/th1rt3en/DOCO/ws/install_rework/uav_visual_landing/lib/libuav_visual_landing__rosidl_typesupport_fastrtps_cpp.so
[0.411s] -- Up-to-date: /home/th1rt3en/DOCO/ws/install_rework/uav_visual_landing/lib/libuav_visual_landing__rosidl_typesupport_introspection_c.so
[0.412s] -- Up-to-date: /home/th1rt3en/DOCO/ws/install_rework/uav_visual_landing/lib/libuav_visual_landing__rosidl_typesupport_c.so
[0.412s] -- Up-to-date: /home/th1rt3en/DOCO/ws/install_rework/uav_visual_landing/lib/libuav_visual_landing__rosidl_typesupport_introspection_cpp.so
[0.412s] -- Up-to-date: /home/th1rt3en/DOCO/ws/install_rework/uav_visual_landing/lib/libuav_visual_landing__rosidl_typesupport_cpp.so
[0.441s] Listing '/home/th1rt3en/DOCO/ws/install_rework/uav_visual_landing/local/lib/python3.10/dist-packages/uav_visual_landing'...
[0.442s] Listing '/home/th1rt3en/DOCO/ws/install_rework/uav_visual_landing/local/lib/python3.10/dist-packages/uav_visual_landing/msg'...
[0.447s] -- Up-to-date: /home/th1rt3en/DOCO/ws/install_rework/uav_visual_landing/lib/libuav_visual_landing__rosidl_generator_py.so
[0.447s] -- Up-to-date: /home/th1rt3en/DOCO/ws/install_rework/uav_visual_landing/share/uav_visual_landing/cmake/export_uav_visual_landing__rosidl_generator_cExport.cmake
[0.447s] -- Up-to-date: /home/th1rt3en/DOCO/ws/install_rework/uav_visual_landing/share/uav_visual_landing/cmake/export_uav_visual_landing__rosidl_generator_cExport-noconfig.cmake
[0.447s] -- Up-to-date: /home/th1rt3en/DOCO/ws/install_rework/uav_visual_landing/share/uav_visual_landing/cmake/export_uav_visual_landing__rosidl_typesupport_fastrtps_cExport.cmake
[0.447s] -- Up-to-date: /home/th1rt3en/DOCO/ws/install_rework/uav_visual_landing/share/uav_visual_landing/cmake/export_uav_visual_landing__rosidl_typesupport_fastrtps_cExport-noconfig.cmake
[0.448s] -- Up-to-date: /home/th1rt3en/DOCO/ws/install_rework/uav_visual_landing/share/uav_visual_landing/cmake/export_uav_visual_landing__rosidl_generator_cppExport.cmake
[0.448s] -- Up-to-date: /home/th1rt3en/DOCO/ws/install_rework/uav_visual_landing/share/uav_visual_landing/cmake/export_uav_visual_landing__rosidl_typesupport_fastrtps_cppExport.cmake
[0.448s] -- Up-to-date: /home/th1rt3en/DOCO/ws/install_rework/uav_visual_landing/share/uav_visual_landing/cmake/export_uav_visual_landing__rosidl_typesupport_fastrtps_cppExport-noconfig.cmake
[0.448s] -- Up-to-date: /home/th1rt3en/DOCO/ws/install_rework/uav_visual_landing/share/uav_visual_landing/cmake/uav_visual_landing__rosidl_typesupport_introspection_cExport.cmake
[0.448s] -- Up-to-date: /home/th1rt3en/DOCO/ws/install_rework/uav_visual_landing/share/uav_visual_landing/cmake/uav_visual_landing__rosidl_typesupport_introspection_cExport-noconfig.cmake
[0.448s] -- Up-to-date: /home/th1rt3en/DOCO/ws/install_rework/uav_visual_landing/share/uav_visual_landing/cmake/uav_visual_landing__rosidl_typesupport_cExport.cmake
[0.448s] -- Up-to-date: /home/th1rt3en/DOCO/ws/install_rework/uav_visual_landing/share/uav_visual_landing/cmake/uav_visual_landing__rosidl_typesupport_cExport-noconfig.cmake
[0.449s] -- Up-to-date: /home/th1rt3en/DOCO/ws/install_rework/uav_visual_landing/share/uav_visual_landing/cmake/uav_visual_landing__rosidl_typesupport_introspection_cppExport.cmake
[0.449s] -- Up-to-date: /home/th1rt3en/DOCO/ws/install_rework/uav_visual_landing/share/uav_visual_landing/cmake/uav_visual_landing__rosidl_typesupport_introspection_cppExport-noconfig.cmake
[0.449s] -- Up-to-date: /home/th1rt3en/DOCO/ws/install_rework/uav_visual_landing/share/uav_visual_landing/cmake/uav_visual_landing__rosidl_typesupport_cppExport.cmake
[0.449s] -- Up-to-date: /home/th1rt3en/DOCO/ws/install_rework/uav_visual_landing/share/uav_visual_landing/cmake/uav_visual_landing__rosidl_typesupport_cppExport-noconfig.cmake
[0.449s] -- Up-to-date: /home/th1rt3en/DOCO/ws/install_rework/uav_visual_landing/share/uav_visual_landing/cmake/export_uav_visual_landing__rosidl_generator_pyExport.cmake
[0.449s] -- Up-to-date: /home/th1rt3en/DOCO/ws/install_rework/uav_visual_landing/share/uav_visual_landing/cmake/export_uav_visual_landing__rosidl_generator_pyExport-noconfig.cmake
[0.453s] Invoked command in '/home/th1rt3en/DOCO/ws/build_rework/uav_visual_landing' returned '0': AMENT_PREFIX_PATH=/home/th1rt3en/DOCO/ws/install_rework/px4_msgs:${AMENT_PREFIX_PATH} CMAKE_PREFIX_PATH=/home/th1rt3en/DOCO/ws/install_rework/px4_msgs:/opt/ros/humble LD_LIBRARY_PATH=/home/th1rt3en/DOCO/ws/install_rework/px4_msgs/lib:${LD_LIBRARY_PATH} PYTHONPATH=/home/th1rt3en/DOCO/ws/install_rework/px4_msgs/local/lib/python3.10/dist-packages:${PYTHONPATH} /usr/bin/cmake --install /home/th1rt3en/DOCO/ws/build_rework/uav_visual_landing
