[0.008s] Invoking command in '/home/th1rt3en/DOCO/ws/build_rework/uav_description': CMAKE_PREFIX_PATH=${CMAKE_PREFIX_PATH}:/opt/ros/humble /usr/bin/cmake /home/th1rt3en/DOCO/ws/src/uav_description -DAMENT_CMAKE_SYMLINK_INSTALL=1 -DCMAKE_INSTALL_PREFIX=/home/th1rt3en/DOCO/ws/install_rework/uav_description
[0.051s] -- The C compiler identification is GNU 11.4.0
[0.096s] -- The CXX compiler identification is GNU 11.4.0
[0.102s] -- Detecting C compiler ABI info
[0.161s] -- Detecting C compiler ABI info - done
[0.166s] -- Check for working C compiler: /usr/bin/cc - skipped
[0.166s] -- Detecting C compile features
[0.166s] -- Detecting C compile features - done
[0.168s] -- Detecting CXX compiler ABI info
[0.237s] -- Detecting CXX compiler ABI info - done
[0.241s] -- Check for working CXX compiler: /usr/bin/c++ - skipped
[0.242s] -- Detecting CXX compile features
[0.242s] -- Detecting CXX compile features - done
[0.244s] -- Found ament_cmake: 1.3.13 (/opt/ros/humble/share/ament_cmake/cmake)
[0.359s] -- Found Python3: /usr/bin/python3 (found version "3.10.12") found components: Interpreter 
[0.405s] -- Override CMake install command with custom implementation using symlinks instead of copying resources
[0.479s] -- Configuring done
[0.481s] -- Generating done
[0.483s] -- Build files have been written to: /home/th1rt3en/DOCO/ws/build_rework/uav_description
[0.487s] Invoked command in '/home/th1rt3en/DOCO/ws/build_rework/uav_description' returned '0': CMAKE_PREFIX_PATH=${CMAKE_PREFIX_PATH}:/opt/ros/humble /usr/bin/cmake /home/th1rt3en/DOCO/ws/src/uav_description -DAMENT_CMAKE_SYMLINK_INSTALL=1 -DCMAKE_INSTALL_PREFIX=/home/th1rt3en/DOCO/ws/install_rework/uav_description
[0.488s] Invoking command in '/home/th1rt3en/DOCO/ws/build_rework/uav_description': CMAKE_PREFIX_PATH=${CMAKE_PREFIX_PATH}:/opt/ros/humble /usr/bin/cmake --build /home/th1rt3en/DOCO/ws/build_rework/uav_description -- -j16 -l16
[0.526s] Invoked command in '/home/th1rt3en/DOCO/ws/build_rework/uav_description' returned '0': CMAKE_PREFIX_PATH=${CMAKE_PREFIX_PATH}:/opt/ros/humble /usr/bin/cmake --build /home/th1rt3en/DOCO/ws/build_rework/uav_description -- -j16 -l16
[0.537s] Invoking command in '/home/th1rt3en/DOCO/ws/build_rework/uav_description': CMAKE_PREFIX_PATH=${CMAKE_PREFIX_PATH}:/opt/ros/humble /usr/bin/cmake --install /home/th1rt3en/DOCO/ws/build_rework/uav_description
[0.544s] -- Install configuration: ""
[0.545s] -- Execute custom install script
[0.545s] -- Symlinking: /home/th1rt3en/DOCO/ws/install_rework/uav_description/share/uav_description/models/uav/model.config
[0.554s] -- Symlinking: /home/th1rt3en/DOCO/ws/install_rework/uav_description/share/uav_description/models/uav/model.sdf
[0.564s] -- Symlinking: /home/th1rt3en/DOCO/ws/install_rework/uav_description/share/uav_description/models/uav_base/meshes/camera_orbbec_gemini336_link.stl
[0.573s] -- Symlinking: /home/th1rt3en/DOCO/ws/install_rework/uav_description/share/uav_description/models/uav_base/meshes/dj250_airframe.dae
[0.582s] -- Symlinking: /home/th1rt3en/DOCO/ws/install_rework/uav_description/share/uav_description/models/uav_base/meshes/motor_2306_base.dae
[0.591s] -- Symlinking: /home/th1rt3en/DOCO/ws/install_rework/uav_description/share/uav_description/models/uav_base/meshes/motor_2306_bell.dae
[0.600s] -- Symlinking: /home/th1rt3en/DOCO/ws/install_rework/uav_description/share/uav_description/models/uav_base/meshes/propeller_5x3.stl
[0.608s] -- Symlinking: /home/th1rt3en/DOCO/ws/install_rework/uav_description/share/uav_description/models/uav_base/model.config
[0.618s] -- Symlinking: /home/th1rt3en/DOCO/ws/install_rework/uav_description/share/uav_description/models/uav_base/model.sdf
[0.627s] -- Symlinking: /home/th1rt3en/DOCO/ws/install_rework/uav_description/share/uav_description/urdf/uav.urdf.xacro
[0.636s] -- Symlinking: /home/th1rt3en/DOCO/ws/install_rework/uav_description/share/ament_index/resource_index/package_run_dependencies/uav_description
[0.645s] -- Symlinking: /home/th1rt3en/DOCO/ws/install_rework/uav_description/share/ament_index/resource_index/parent_prefix_path/uav_description
[0.654s] -- Symlinking: /home/th1rt3en/DOCO/ws/install_rework/uav_description/share/uav_description/environment/ament_prefix_path.sh
[0.663s] -- Symlinking: /home/th1rt3en/DOCO/ws/install_rework/uav_description/share/uav_description/environment/ament_prefix_path.dsv
[0.672s] -- Symlinking: /home/th1rt3en/DOCO/ws/install_rework/uav_description/share/uav_description/environment/path.sh
[0.682s] -- Symlinking: /home/th1rt3en/DOCO/ws/install_rework/uav_description/share/uav_description/environment/path.dsv
[0.691s] -- Symlinking: /home/th1rt3en/DOCO/ws/install_rework/uav_description/share/uav_description/local_setup.bash
[0.701s] -- Symlinking: /home/th1rt3en/DOCO/ws/install_rework/uav_description/share/uav_description/local_setup.sh
[0.709s] -- Symlinking: /home/th1rt3en/DOCO/ws/install_rework/uav_description/share/uav_description/local_setup.zsh
[0.720s] -- Symlinking: /home/th1rt3en/DOCO/ws/install_rework/uav_description/share/uav_description/local_setup.dsv
[0.729s] -- Symlinking: /home/th1rt3en/DOCO/ws/install_rework/uav_description/share/uav_description/package.dsv
[0.738s] -- Symlinking: /home/th1rt3en/DOCO/ws/install_rework/uav_description/share/ament_index/resource_index/packages/uav_description
[0.748s] -- Symlinking: /home/th1rt3en/DOCO/ws/install_rework/uav_description/share/uav_description/cmake/uav_descriptionConfig.cmake
[0.756s] -- Symlinking: /home/th1rt3en/DOCO/ws/install_rework/uav_description/share/uav_description/cmake/uav_descriptionConfig-version.cmake
[0.764s] -- Symlinking: /home/th1rt3en/DOCO/ws/install_rework/uav_description/share/uav_description/package.xml
[0.776s] Invoked command in '/home/th1rt3en/DOCO/ws/build_rework/uav_description' returned '0': CMAKE_PREFIX_PATH=${CMAKE_PREFIX_PATH}:/opt/ros/humble /usr/bin/cmake --install /home/th1rt3en/DOCO/ws/build_rework/uav_description
