[0.007s] Invoking command in '/home/th1rt3en/DOCO/ws/build_rework/uav_visual_landing': AMENT_PREFIX_PATH=/home/th1rt3en/DOCO/ws/install_rework/px4_msgs:${AMENT_PREFIX_PATH} CMAKE_PREFIX_PATH=/home/th1rt3en/DOCO/ws/install_rework/px4_msgs:/opt/ros/humble LD_LIBRARY_PATH=/home/th1rt3en/DOCO/ws/install_rework/px4_msgs/lib:${LD_LIBRARY_PATH} PYTHONPATH=/home/th1rt3en/DOCO/ws/install_rework/px4_msgs/local/lib/python3.10/dist-packages:${PYTHONPATH} /usr/bin/cmake /home/th1rt3en/DOCO/ws/src/uav_visual_landing -DAMENT_CMAKE_SYMLINK_INSTALL=1 -DCMAKE_INSTALL_PREFIX=/home/th1rt3en/DOCO/ws/install_rework/uav_visual_landing
[0.049s] -- The C compiler identification is GNU 11.4.0
[0.098s] -- The CXX compiler identification is GNU 11.4.0
[0.104s] -- Detecting C compiler ABI info
[0.162s] -- Detecting C compiler ABI info - done
[0.167s] -- Check for working C compiler: /usr/bin/cc - skipped
[0.167s] -- Detecting C compile features
[0.168s] -- Detecting C compile features - done
[0.169s] -- Detecting CXX compiler ABI info
[0.247s] -- Detecting CXX compiler ABI info - done
[0.255s] -- Check for working CXX compiler: /usr/bin/c++ - skipped
[0.255s] -- Detecting CXX compile features
[0.256s] -- Detecting CXX compile features - done
[0.257s] -- Found ament_cmake: 1.3.13 (/opt/ros/humble/share/ament_cmake/cmake)
[0.388s] -- Found Python3: /usr/bin/python3 (found version "3.10.12") found components: Interpreter 
[0.442s] -- Override CMake install command with custom implementation using symlinks instead of copying resources
[0.461s] -- Found ament_cmake_gtest: 1.3.13 (/opt/ros/humble/share/ament_cmake_gtest/cmake)
[0.462s] -- Found rclcpp: 16.0.18 (/opt/ros/humble/share/rclcpp/cmake)
[0.491s] -- Found rosidl_generator_c: 3.1.8 (/opt/ros/humble/share/rosidl_generator_c/cmake)
[0.494s] -- Found rosidl_adapter: 3.1.8 (/opt/ros/humble/share/rosidl_adapter/cmake)
[0.500s] -- Found rosidl_generator_cpp: 3.1.8 (/opt/ros/humble/share/rosidl_generator_cpp/cmake)
[0.508s] -- Using all available rosidl_typesupport_c: rosidl_typesupport_fastrtps_c;rosidl_typesupport_introspection_c
[0.520s] -- Using all available rosidl_typesupport_cpp: rosidl_typesupport_fastrtps_cpp;rosidl_typesupport_introspection_cpp
[0.549s] -- Found rmw_implementation_cmake: 6.1.2 (/opt/ros/humble/share/rmw_implementation_cmake/cmake)
[0.551s] -- Found rmw_fastrtps_cpp: 6.2.10 (/opt/ros/humble/share/rmw_fastrtps_cpp/cmake)
[0.628s] -- Found OpenSSL: /usr/lib/x86_64-linux-gnu/libcrypto.so (found version "3.0.2")  
[0.662s] -- Found FastRTPS: /opt/ros/humble/include  
[0.704s] -- Using RMW implementation 'rmw_fastrtps_cpp' as default
[0.710s] -- Looking for pthread.h
[0.780s] -- Looking for pthread.h - found
[0.780s] -- Performing Test CMAKE_HAVE_LIBC_PTHREAD
[0.857s] -- Performing Test CMAKE_HAVE_LIBC_PTHREAD - Success
[0.858s] -- Found Threads: TRUE  
[0.895s] -- Found sensor_msgs: 4.9.1 (/opt/ros/humble/share/sensor_msgs/cmake)
[0.918s] -- Found nav_msgs: 4.9.1 (/opt/ros/humble/share/nav_msgs/cmake)
[0.930s] -- Found px4_msgs: 2.0.1 (/home/th1rt3en/DOCO/ws/install_rework/px4_msgs/share/px4_msgs/cmake)
[0.938s] -- Found rosidl_default_generators: 1.2.0 (/opt/ros/humble/share/rosidl_default_generators/cmake)
[0.945s] -- Found std_srvs: 4.9.1 (/opt/ros/humble/share/std_srvs/cmake)
[0.952s] -- Found cv_bridge: 3.2.1 (/opt/ros/humble/share/cv_bridge/cmake)
[0.963s] -- Found image_transport: 3.1.12 (/opt/ros/humble/share/image_transport/cmake)
[0.999s] -- Found OpenCV: /usr (found version "4.5.4") found components: core imgproc calib3d aruco 
[1.228s] -- Found ament_cmake_ros: 0.10.0 (/opt/ros/humble/share/ament_cmake_ros/cmake)
[1.551s] -- Using all available rosidl_typesupport_c: rosidl_typesupport_fastrtps_c;rosidl_typesupport_introspection_c
[1.721s] -- Using all available rosidl_typesupport_cpp: rosidl_typesupport_fastrtps_cpp;rosidl_typesupport_introspection_cpp
[1.792s] -- Found PythonInterp: /usr/bin/python3 (found suitable version "3.10.12", minimum required is "3.6") 
[1.792s] -- Found python_cmake_module: 0.10.0 (/opt/ros/humble/share/python_cmake_module/cmake)
[1.876s] -- Found PythonLibs: /usr/lib/x86_64-linux-gnu/libpython3.10.so (found suitable version "3.10.12", minimum required is "3.5") 
[1.876s] -- Using PYTHON_EXECUTABLE: /usr/bin/python3
[1.878s] -- Using PYTHON_INCLUDE_DIRS: /usr/include/python3.10
[1.879s] -- Using PYTHON_LIBRARIES: /usr/lib/x86_64-linux-gnu/libpython3.10.so
[1.946s] -- Found PythonExtra: .so  
[2.155s] -- Found ament_lint_auto: 0.12.15 (/opt/ros/humble/share/ament_lint_auto/cmake)
[2.205s] -- Found gtest sources under '/opt/ros/humble/src/gtest_vendor': C++ tests using 'Google Test' will be built
[2.259s] -- Added test 'cppcheck' to perform static code analysis on C / C++ code
[2.265s] -- Configured cppcheck include dirs: /home/th1rt3en/DOCO/ws/src/uav_visual_landing/include
[2.266s] -- Configured cppcheck exclude dirs and/or files: 
[2.270s] -- Added test 'lint_cmake' to check CMake code style
[2.277s] -- Added test 'uncrustify' to check C / C++ code style
[2.277s] -- Configured uncrustify additional arguments: 
[2.277s] -- Added test 'xmllint' to check XML markup files
[2.278s] -- Configuring done
[2.374s] -- Generating done
[2.422s] -- Build files have been written to: /home/th1rt3en/DOCO/ws/build_rework/uav_visual_landing
[2.500s] Invoked command in '/home/th1rt3en/DOCO/ws/build_rework/uav_visual_landing' returned '0': AMENT_PREFIX_PATH=/home/th1rt3en/DOCO/ws/install_rework/px4_msgs:${AMENT_PREFIX_PATH} CMAKE_PREFIX_PATH=/home/th1rt3en/DOCO/ws/install_rework/px4_msgs:/opt/ros/humble LD_LIBRARY_PATH=/home/th1rt3en/DOCO/ws/install_rework/px4_msgs/lib:${LD_LIBRARY_PATH} PYTHONPATH=/home/th1rt3en/DOCO/ws/install_rework/px4_msgs/local/lib/python3.10/dist-packages:${PYTHONPATH} /usr/bin/cmake /home/th1rt3en/DOCO/ws/src/uav_visual_landing -DAMENT_CMAKE_SYMLINK_INSTALL=1 -DCMAKE_INSTALL_PREFIX=/home/th1rt3en/DOCO/ws/install_rework/uav_visual_landing
[2.501s] Invoking command in '/home/th1rt3en/DOCO/ws/build_rework/uav_visual_landing': AMENT_PREFIX_PATH=/home/th1rt3en/DOCO/ws/install_rework/px4_msgs:${AMENT_PREFIX_PATH} CMAKE_PREFIX_PATH=/home/th1rt3en/DOCO/ws/install_rework/px4_msgs:/opt/ros/humble LD_LIBRARY_PATH=/home/th1rt3en/DOCO/ws/install_rework/px4_msgs/lib:${LD_LIBRARY_PATH} PYTHONPATH=/home/th1rt3en/DOCO/ws/install_rework/px4_msgs/local/lib/python3.10/dist-packages:${PYTHONPATH} /usr/bin/cmake --build /home/th1rt3en/DOCO/ws/build_rework/uav_visual_landing -- -j16 -l16
[2.669s] [  2%] Generating C code for ROS interfaces
[2.714s] [  4%] Generating C++ code for ROS interfaces
[2.722s] [  6%] Building CXX object gtest/CMakeFiles/gtest.dir/src/gtest-all.cc.o
[2.726s] [  6%] Built target ament_cmake_python_symlink_uav_visual_landing
[2.735s] [  8%] Building CXX object gtest/CMakeFiles/gtest_main.dir/src/gtest_main.cc.o
[3.496s] running egg_info
[3.501s] creating uav_visual_landing.egg-info
[3.502s] writing uav_visual_landing.egg-info/PKG-INFO
[3.502s] writing dependency_links to uav_visual_landing.egg-info/dependency_links.txt
[3.502s] writing top-level names to uav_visual_landing.egg-info/top_level.txt
[3.506s] writing manifest file 'uav_visual_landing.egg-info/SOURCES.txt'
[3.513s] reading manifest file 'uav_visual_landing.egg-info/SOURCES.txt'
[3.514s] writing manifest file 'uav_visual_landing.egg-info/SOURCES.txt'
[3.708s] [  8%] Built target ament_cmake_python_build_uav_visual_landing_egg
[4.199s] [  8%] Built target uav_visual_landing__cpp
[4.211s] [ 10%] Building C object CMakeFiles/uav_visual_landing__rosidl_generator_c.dir/rosidl_generator_c/uav_visual_landing/msg/detail/landing_controller_state__functions.c.o
[4.222s] [ 12%] Building C object CMakeFiles/uav_visual_landing__rosidl_generator_c.dir/rosidl_generator_c/uav_visual_landing/msg/detail/target_observation__functions.c.o
[4.237s] [ 14%] Generating C++ type support dispatch for ROS interfaces
[4.250s] [ 16%] Generating C++ type support for eProsima Fast-RTPS
[4.250s] [ 18%] Generating C++ introspection for ROS interfaces
[4.301s] [ 20%] Linking CXX static library libgtest_main.a
[4.363s] [ 22%] Linking C shared library libuav_visual_landing__rosidl_generator_c.so
[4.522s] [ 22%] Built target uav_visual_landing__rosidl_generator_c
[4.535s] [ 22%] Built target gtest_main
[4.563s] [ 24%] Generating C type support for eProsima Fast-RTPS
[4.568s] [ 26%] Generating C type support dispatch for ROS interfaces
[4.572s] [ 28%] Generating C introspection for ROS interfaces
[5.198s] [ 32%] Building CXX object CMakeFiles/uav_visual_landing__rosidl_typesupport_cpp.dir/rosidl_typesupport_cpp/uav_visual_landing/msg/landing_controller_state__type_support.cpp.o
[5.198s] [ 32%] Building CXX object CMakeFiles/uav_visual_landing__rosidl_typesupport_cpp.dir/rosidl_typesupport_cpp/uav_visual_landing/msg/target_observation__type_support.cpp.o
[5.271s] [ 34%] Building CXX object CMakeFiles/uav_visual_landing__rosidl_typesupport_introspection_cpp.dir/rosidl_typesupport_introspection_cpp/uav_visual_landing/msg/detail/target_observation__type_support.cpp.o
[5.277s] [ 36%] Building CXX object CMakeFiles/uav_visual_landing__rosidl_typesupport_introspection_cpp.dir/rosidl_typesupport_introspection_cpp/uav_visual_landing/msg/detail/landing_controller_state__type_support.cpp.o
[5.470s] [ 38%] Building CXX object CMakeFiles/uav_visual_landing__rosidl_typesupport_fastrtps_c.dir/rosidl_typesupport_fastrtps_c/uav_visual_landing/msg/detail/landing_controller_state__type_support_c.cpp.o
[5.478s] [ 40%] Building CXX object CMakeFiles/uav_visual_landing__rosidl_typesupport_fastrtps_c.dir/rosidl_typesupport_fastrtps_c/uav_visual_landing/msg/detail/target_observation__type_support_c.cpp.o
[5.648s] [ 42%] Building CXX object CMakeFiles/uav_visual_landing__rosidl_typesupport_fastrtps_cpp.dir/rosidl_typesupport_fastrtps_cpp/uav_visual_landing/msg/detail/dds_fastrtps/landing_controller_state__type_support.cpp.o
[5.649s] [ 44%] Building CXX object CMakeFiles/uav_visual_landing__rosidl_typesupport_fastrtps_cpp.dir/rosidl_typesupport_fastrtps_cpp/uav_visual_landing/msg/detail/dds_fastrtps/target_observation__type_support.cpp.o
[5.698s] [ 48%] Building C object CMakeFiles/uav_visual_landing__rosidl_typesupport_introspection_c.dir/rosidl_typesupport_introspection_c/uav_visual_landing/msg/detail/target_observation__type_support.c.o
[5.703s] [ 46%] Building C object CMakeFiles/uav_visual_landing__rosidl_typesupport_introspection_c.dir/rosidl_typesupport_introspection_c/uav_visual_landing/msg/detail/landing_controller_state__type_support.c.o
[5.789s] [ 51%] Building CXX object CMakeFiles/uav_visual_landing__rosidl_typesupport_c.dir/rosidl_typesupport_c/uav_visual_landing/msg/target_observation__type_support.cpp.o
[5.806s] [ 53%] Building CXX object CMakeFiles/uav_visual_landing__rosidl_typesupport_c.dir/rosidl_typesupport_c/uav_visual_landing/msg/landing_controller_state__type_support.cpp.o
[5.863s] [ 55%] Linking C shared library libuav_visual_landing__rosidl_typesupport_introspection_c.so
[5.917s] [ 57%] Linking CXX shared library libuav_visual_landing__rosidl_typesupport_c.so
[5.983s] [ 57%] Built target uav_visual_landing__rosidl_typesupport_introspection_c
[6.024s] [ 59%] Linking CXX shared library libuav_visual_landing__rosidl_typesupport_cpp.so
[6.054s] [ 59%] Built target uav_visual_landing__rosidl_typesupport_c
[6.193s] [ 59%] Built target uav_visual_landing__rosidl_typesupport_cpp
[6.525s] [ 61%] Linking CXX shared library libuav_visual_landing__rosidl_typesupport_introspection_cpp.so
[6.704s] [ 63%] Linking CXX shared library libuav_visual_landing__rosidl_typesupport_fastrtps_c.so
[6.718s] [ 63%] Built target uav_visual_landing__rosidl_typesupport_introspection_cpp
[6.790s] [ 65%] Linking CXX shared library libuav_visual_landing__rosidl_typesupport_fastrtps_cpp.so
[6.920s] [ 65%] Built target uav_visual_landing__rosidl_typesupport_fastrtps_c
[7.123s] [ 65%] Built target uav_visual_landing__rosidl_typesupport_fastrtps_cpp
[7.188s] [ 65%] Built target uav_visual_landing
[7.249s] [ 67%] Building CXX object CMakeFiles/aruco_detector_node.dir/src/aruco_detector_node.cpp.o
[7.251s] [ 69%] Generating Python code for ROS interfaces
[7.273s] [ 71%] Building CXX object CMakeFiles/visual_landing_node.dir/src/visual_landing_node.cpp.o
[8.689s] [ 71%] Built target uav_visual_landing__py
[8.758s] [ 73%] Building C object CMakeFiles/uav_visual_landing__rosidl_generator_py.dir/rosidl_generator_py/uav_visual_landing/msg/_landing_controller_state_s.c.o
[8.761s] [ 75%] Building C object CMakeFiles/uav_visual_landing__rosidl_generator_py.dir/rosidl_generator_py/uav_visual_landing/msg/_target_observation_s.c.o
[9.110s] [ 77%] Linking C shared library rosidl_generator_py/uav_visual_landing/libuav_visual_landing__rosidl_generator_py.so
[9.287s] [ 77%] Built target uav_visual_landing__rosidl_generator_py
[9.367s] [ 79%] Building C object CMakeFiles/uav_visual_landing__rosidl_typesupport_fastrtps_c__pyext.dir/rosidl_generator_py/uav_visual_landing/_uav_visual_landing_s.ep.rosidl_typesupport_fastrtps_c.c.o
[9.374s] [ 81%] Building C object CMakeFiles/uav_visual_landing__rosidl_typesupport_introspection_c__pyext.dir/rosidl_generator_py/uav_visual_landing/_uav_visual_landing_s.ep.rosidl_typesupport_introspection_c.c.o
[9.402s] [ 83%] Building C object CMakeFiles/uav_visual_landing__rosidl_typesupport_c__pyext.dir/rosidl_generator_py/uav_visual_landing/_uav_visual_landing_s.ep.rosidl_typesupport_c.c.o
[9.692s] [ 85%] Linking C shared library rosidl_generator_py/uav_visual_landing/uav_visual_landing_s__rosidl_typesupport_introspection_c.cpython-310-x86_64-linux-gnu.so
[9.716s] [ 87%] Linking C shared library rosidl_generator_py/uav_visual_landing/uav_visual_landing_s__rosidl_typesupport_fastrtps_c.cpython-310-x86_64-linux-gnu.so
[9.728s] [ 89%] Linking C shared library rosidl_generator_py/uav_visual_landing/uav_visual_landing_s__rosidl_typesupport_c.cpython-310-x86_64-linux-gnu.so
[9.842s] [ 89%] Built target uav_visual_landing__rosidl_typesupport_introspection_c__pyext
[9.855s] [ 89%] Built target uav_visual_landing__rosidl_typesupport_fastrtps_c__pyext
[9.862s] [ 89%] Built target uav_visual_landing__rosidl_typesupport_c__pyext
[12.933s] [ 91%] Linking CXX static library libgtest.a
[13.213s] [ 91%] Built target gtest
[13.288s] [ 93%] Building CXX object CMakeFiles/test_visual_landing_logic.dir/test/test_visual_landing_logic.cpp.o
[16.579s] [ 95%] Linking CXX executable test_visual_landing_logic
[17.129s] [ 95%] Built target test_visual_landing_logic
[32.747s] [ 97%] Linking CXX executable aruco_detector_node
[33.304s] [100%] Linking CXX executable visual_landing_node
[34.228s] [100%] Built target aruco_detector_node
[34.353s] [100%] Built target visual_landing_node
[34.366s] Invoked command in '/home/th1rt3en/DOCO/ws/build_rework/uav_visual_landing' returned '0': AMENT_PREFIX_PATH=/home/th1rt3en/DOCO/ws/install_rework/px4_msgs:${AMENT_PREFIX_PATH} CMAKE_PREFIX_PATH=/home/th1rt3en/DOCO/ws/install_rework/px4_msgs:/opt/ros/humble LD_LIBRARY_PATH=/home/th1rt3en/DOCO/ws/install_rework/px4_msgs/lib:${LD_LIBRARY_PATH} PYTHONPATH=/home/th1rt3en/DOCO/ws/install_rework/px4_msgs/local/lib/python3.10/dist-packages:${PYTHONPATH} /usr/bin/cmake --build /home/th1rt3en/DOCO/ws/build_rework/uav_visual_landing -- -j16 -l16
[34.367s] Invoking command in '/home/th1rt3en/DOCO/ws/build_rework/uav_visual_landing': AMENT_PREFIX_PATH=/home/th1rt3en/DOCO/ws/install_rework/px4_msgs:${AMENT_PREFIX_PATH} CMAKE_PREFIX_PATH=/home/th1rt3en/DOCO/ws/install_rework/px4_msgs:/opt/ros/humble LD_LIBRARY_PATH=/home/th1rt3en/DOCO/ws/install_rework/px4_msgs/lib:${LD_LIBRARY_PATH} PYTHONPATH=/home/th1rt3en/DOCO/ws/install_rework/px4_msgs/local/lib/python3.10/dist-packages:${PYTHONPATH} /usr/bin/cmake --install /home/th1rt3en/DOCO/ws/build_rework/uav_visual_landing
[34.376s] -- Install configuration: ""
[34.376s] -- Execute custom install script
[34.376s] -- Symlinking: /home/th1rt3en/DOCO/ws/install_rework/uav_visual_landing/share/ament_index/resource_index/rosidl_interfaces/uav_visual_landing
[34.387s] -- Symlinking: /home/th1rt3en/DOCO/ws/install_rework/uav_visual_landing/include/uav_visual_landing/uav_visual_landing/msg/detail/landing_controller_state__functions.h
[34.396s] -- Symlinking: /home/th1rt3en/DOCO/ws/install_rework/uav_visual_landing/include/uav_visual_landing/uav_visual_landing/msg/detail/landing_controller_state__struct.h
[34.406s] -- Symlinking: /home/th1rt3en/DOCO/ws/install_rework/uav_visual_landing/include/uav_visual_landing/uav_visual_landing/msg/detail/landing_controller_state__type_support.h
[34.416s] -- Symlinking: /home/th1rt3en/DOCO/ws/install_rework/uav_visual_landing/include/uav_visual_landing/uav_visual_landing/msg/detail/target_observation__functions.h
[34.427s] -- Symlinking: /home/th1rt3en/DOCO/ws/install_rework/uav_visual_landing/include/uav_visual_landing/uav_visual_landing/msg/detail/target_observation__struct.h
[34.438s] -- Symlinking: /home/th1rt3en/DOCO/ws/install_rework/uav_visual_landing/include/uav_visual_landing/uav_visual_landing/msg/detail/target_observation__type_support.h
[34.448s] -- Symlinking: /home/th1rt3en/DOCO/ws/install_rework/uav_visual_landing/include/uav_visual_landing/uav_visual_landing/msg/landing_controller_state.h
[34.461s] -- Symlinking: /home/th1rt3en/DOCO/ws/install_rework/uav_visual_landing/include/uav_visual_landing/uav_visual_landing/msg/rosidl_generator_c__visibility_control.h
[34.475s] -- Symlinking: /home/th1rt3en/DOCO/ws/install_rework/uav_visual_landing/include/uav_visual_landing/uav_visual_landing/msg/target_observation.h
[34.486s] -- Symlinking: /home/th1rt3en/DOCO/ws/install_rework/uav_visual_landing/share/uav_visual_landing/environment/library_path.sh
[34.496s] -- Symlinking: /home/th1rt3en/DOCO/ws/install_rework/uav_visual_landing/share/uav_visual_landing/environment/library_path.dsv
[34.506s] -- Symlinking: /home/th1rt3en/DOCO/ws/install_rework/uav_visual_landing/include/uav_visual_landing/uav_visual_landing/msg/detail/landing_controller_state__rosidl_typesupport_fastrtps_c.h
[34.516s] -- Symlinking: /home/th1rt3en/DOCO/ws/install_rework/uav_visual_landing/include/uav_visual_landing/uav_visual_landing/msg/detail/target_observation__rosidl_typesupport_fastrtps_c.h
[34.525s] -- Symlinking: /home/th1rt3en/DOCO/ws/install_rework/uav_visual_landing/include/uav_visual_landing/uav_visual_landing/msg/rosidl_typesupport_fastrtps_c__visibility_control.h
[34.537s] -- Symlinking: /home/th1rt3en/DOCO/ws/install_rework/uav_visual_landing/include/uav_visual_landing/uav_visual_landing/msg/detail/landing_controller_state__builder.hpp
[34.547s] -- Symlinking: /home/th1rt3en/DOCO/ws/install_rework/uav_visual_landing/include/uav_visual_landing/uav_visual_landing/msg/detail/landing_controller_state__struct.hpp
[34.557s] -- Symlinking: /home/th1rt3en/DOCO/ws/install_rework/uav_visual_landing/include/uav_visual_landing/uav_visual_landing/msg/detail/landing_controller_state__traits.hpp
[34.566s] -- Symlinking: /home/th1rt3en/DOCO/ws/install_rework/uav_visual_landing/include/uav_visual_landing/uav_visual_landing/msg/detail/landing_controller_state__type_support.hpp
[34.576s] -- Symlinking: /home/th1rt3en/DOCO/ws/install_rework/uav_visual_landing/include/uav_visual_landing/uav_visual_landing/msg/detail/target_observation__builder.hpp
[34.587s] -- Symlinking: /home/th1rt3en/DOCO/ws/install_rework/uav_visual_landing/include/uav_visual_landing/uav_visual_landing/msg/detail/target_observation__struct.hpp
[34.600s] -- Symlinking: /home/th1rt3en/DOCO/ws/install_rework/uav_visual_landing/include/uav_visual_landing/uav_visual_landing/msg/detail/target_observation__traits.hpp
[34.610s] -- Symlinking: /home/th1rt3en/DOCO/ws/install_rework/uav_visual_landing/include/uav_visual_landing/uav_visual_landing/msg/detail/target_observation__type_support.hpp
[34.621s] -- Symlinking: /home/th1rt3en/DOCO/ws/install_rework/uav_visual_landing/include/uav_visual_landing/uav_visual_landing/msg/landing_controller_state.hpp
[34.630s] -- Symlinking: /home/th1rt3en/DOCO/ws/install_rework/uav_visual_landing/include/uav_visual_landing/uav_visual_landing/msg/rosidl_generator_cpp__visibility_control.hpp
[34.639s] -- Symlinking: /home/th1rt3en/DOCO/ws/install_rework/uav_visual_landing/include/uav_visual_landing/uav_visual_landing/msg/target_observation.hpp
[34.650s] -- Symlinking: /home/th1rt3en/DOCO/ws/install_rework/uav_visual_landing/include/uav_visual_landing/uav_visual_landing/msg/detail/landing_controller_state__rosidl_typesupport_fastrtps_cpp.hpp
[34.659s] -- Symlinking: /home/th1rt3en/DOCO/ws/install_rework/uav_visual_landing/include/uav_visual_landing/uav_visual_landing/msg/detail/target_observation__rosidl_typesupport_fastrtps_cpp.hpp
[34.668s] -- Symlinking: /home/th1rt3en/DOCO/ws/install_rework/uav_visual_landing/include/uav_visual_landing/uav_visual_landing/msg/rosidl_typesupport_fastrtps_cpp__visibility_control.h
[34.679s] -- Symlinking: /home/th1rt3en/DOCO/ws/install_rework/uav_visual_landing/include/uav_visual_landing/uav_visual_landing/msg/detail/landing_controller_state__rosidl_typesupport_introspection_c.h
[34.689s] -- Symlinking: /home/th1rt3en/DOCO/ws/install_rework/uav_visual_landing/include/uav_visual_landing/uav_visual_landing/msg/detail/target_observation__rosidl_typesupport_introspection_c.h
[34.699s] -- Symlinking: /home/th1rt3en/DOCO/ws/install_rework/uav_visual_landing/include/uav_visual_landing/uav_visual_landing/msg/rosidl_typesupport_introspection_c__visibility_control.h
[34.710s] -- Symlinking: /home/th1rt3en/DOCO/ws/install_rework/uav_visual_landing/include/uav_visual_landing/uav_visual_landing/msg/detail/landing_controller_state__rosidl_typesupport_introspection_cpp.hpp
[34.720s] -- Symlinking: /home/th1rt3en/DOCO/ws/install_rework/uav_visual_landing/include/uav_visual_landing/uav_visual_landing/msg/detail/target_observation__rosidl_typesupport_introspection_cpp.hpp
[34.730s] -- Symlinking: /home/th1rt3en/DOCO/ws/install_rework/uav_visual_landing/share/uav_visual_landing/environment/pythonpath.sh
[34.740s] -- Symlinking: /home/th1rt3en/DOCO/ws/install_rework/uav_visual_landing/share/uav_visual_landing/environment/pythonpath.dsv
[34.750s] -- Symlinking: /home/th1rt3en/DOCO/ws/install_rework/uav_visual_landing/local/lib/python3.10/dist-packages/uav_visual_landing-0.0.0-py3.10.egg-info/PKG-INFO
[34.761s] -- Symlinking: /home/th1rt3en/DOCO/ws/install_rework/uav_visual_landing/local/lib/python3.10/dist-packages/uav_visual_landing-0.0.0-py3.10.egg-info/SOURCES.txt
[34.771s] -- Symlinking: /home/th1rt3en/DOCO/ws/install_rework/uav_visual_landing/local/lib/python3.10/dist-packages/uav_visual_landing-0.0.0-py3.10.egg-info/dependency_links.txt
[34.781s] -- Symlinking: /home/th1rt3en/DOCO/ws/install_rework/uav_visual_landing/local/lib/python3.10/dist-packages/uav_visual_landing-0.0.0-py3.10.egg-info/top_level.txt
[34.794s] -- Symlinking: /home/th1rt3en/DOCO/ws/install_rework/uav_visual_landing/local/lib/python3.10/dist-packages/uav_visual_landing/__init__.py
[34.804s] -- Symlinking: /home/th1rt3en/DOCO/ws/install_rework/uav_visual_landing/local/lib/python3.10/dist-packages/uav_visual_landing/_uav_visual_landing_s.ep.rosidl_typesupport_c.c
[34.814s] -- Symlinking: /home/th1rt3en/DOCO/ws/install_rework/uav_visual_landing/local/lib/python3.10/dist-packages/uav_visual_landing/_uav_visual_landing_s.ep.rosidl_typesupport_fastrtps_c.c
[34.824s] -- Symlinking: /home/th1rt3en/DOCO/ws/install_rework/uav_visual_landing/local/lib/python3.10/dist-packages/uav_visual_landing/_uav_visual_landing_s.ep.rosidl_typesupport_introspection_c.c
[34.833s] -- Symlinking: /home/th1rt3en/DOCO/ws/install_rework/uav_visual_landing/local/lib/python3.10/dist-packages/uav_visual_landing/libuav_visual_landing__rosidl_generator_py.so
[34.843s] -- Symlinking: /home/th1rt3en/DOCO/ws/install_rework/uav_visual_landing/local/lib/python3.10/dist-packages/uav_visual_landing/msg/__init__.py
[34.853s] -- Symlinking: /home/th1rt3en/DOCO/ws/install_rework/uav_visual_landing/local/lib/python3.10/dist-packages/uav_visual_landing/msg/_landing_controller_state.py
[34.863s] -- Symlinking: /home/th1rt3en/DOCO/ws/install_rework/uav_visual_landing/local/lib/python3.10/dist-packages/uav_visual_landing/msg/_landing_controller_state_s.c
[34.874s] -- Symlinking: /home/th1rt3en/DOCO/ws/install_rework/uav_visual_landing/local/lib/python3.10/dist-packages/uav_visual_landing/msg/_target_observation.py
[34.884s] -- Symlinking: /home/th1rt3en/DOCO/ws/install_rework/uav_visual_landing/local/lib/python3.10/dist-packages/uav_visual_landing/msg/_target_observation_s.c
[34.896s] -- Symlinking: /home/th1rt3en/DOCO/ws/install_rework/uav_visual_landing/local/lib/python3.10/dist-packages/uav_visual_landing/uav_visual_landing_s__rosidl_typesupport_c.cpython-310-x86_64-linux-gnu.so
[34.905s] -- Symlinking: /home/th1rt3en/DOCO/ws/install_rework/uav_visual_landing/local/lib/python3.10/dist-packages/uav_visual_landing/uav_visual_landing_s__rosidl_typesupport_fastrtps_c.cpython-310-x86_64-linux-gnu.so
[34.916s] -- Symlinking: /home/th1rt3en/DOCO/ws/install_rework/uav_visual_landing/local/lib/python3.10/dist-packages/uav_visual_landing/uav_visual_landing_s__rosidl_typesupport_introspection_c.cpython-310-x86_64-linux-gnu.so
[34.925s] -- Up-to-date symlink: /home/th1rt3en/DOCO/ws/install_rework/uav_visual_landing/local/lib/python3.10/dist-packages/uav_visual_landing/uav_visual_landing_s__rosidl_typesupport_fastrtps_c.cpython-310-x86_64-linux-gnu.so
[34.926s] -- Up-to-date symlink: /home/th1rt3en/DOCO/ws/install_rework/uav_visual_landing/local/lib/python3.10/dist-packages/uav_visual_landing/uav_visual_landing_s__rosidl_typesupport_introspection_c.cpython-310-x86_64-linux-gnu.so
[34.926s] -- Up-to-date symlink: /home/th1rt3en/DOCO/ws/install_rework/uav_visual_landing/local/lib/python3.10/dist-packages/uav_visual_landing/uav_visual_landing_s__rosidl_typesupport_c.cpython-310-x86_64-linux-gnu.so
[34.926s] -- Symlinking: /home/th1rt3en/DOCO/ws/install_rework/uav_visual_landing/share/uav_visual_landing/msg/TargetObservation.idl
[34.936s] -- Symlinking: /home/th1rt3en/DOCO/ws/install_rework/uav_visual_landing/share/uav_visual_landing/msg/LandingControllerState.idl
[34.946s] -- Symlinking: /home/th1rt3en/DOCO/ws/install_rework/uav_visual_landing/share/uav_visual_landing/msg/TargetObservation.msg
[34.956s] -- Symlinking: /home/th1rt3en/DOCO/ws/install_rework/uav_visual_landing/share/uav_visual_landing/msg/LandingControllerState.msg
[34.966s] -- Symlinking: /home/th1rt3en/DOCO/ws/install_rework/uav_visual_landing/lib/uav_visual_landing/aruco_detector_node
[34.975s] -- Symlinking: /home/th1rt3en/DOCO/ws/install_rework/uav_visual_landing/lib/uav_visual_landing/visual_landing_node
[34.986s] -- Symlinking: /home/th1rt3en/DOCO/ws/install_rework/uav_visual_landing/share/uav_visual_landing/config/visual_landing_stable.yaml
[34.997s] -- Symlinking: /home/th1rt3en/DOCO/ws/install_rework/uav_visual_landing/include/uav_visual_landing/visual_landing_logic.hpp
[35.006s] -- Symlinking: /home/th1rt3en/DOCO/ws/install_rework/uav_visual_landing/share/ament_index/resource_index/package_run_dependencies/uav_visual_landing
[35.016s] -- Symlinking: /home/th1rt3en/DOCO/ws/install_rework/uav_visual_landing/share/ament_index/resource_index/parent_prefix_path/uav_visual_landing
[35.027s] -- Symlinking: /home/th1rt3en/DOCO/ws/install_rework/uav_visual_landing/share/uav_visual_landing/environment/ament_prefix_path.sh
[35.037s] -- Symlinking: /home/th1rt3en/DOCO/ws/install_rework/uav_visual_landing/share/uav_visual_landing/environment/ament_prefix_path.dsv
[35.048s] -- Symlinking: /home/th1rt3en/DOCO/ws/install_rework/uav_visual_landing/share/uav_visual_landing/environment/path.sh
[35.060s] -- Symlinking: /home/th1rt3en/DOCO/ws/install_rework/uav_visual_landing/share/uav_visual_landing/environment/path.dsv
[35.071s] -- Symlinking: /home/th1rt3en/DOCO/ws/install_rework/uav_visual_landing/share/uav_visual_landing/local_setup.bash
[35.082s] -- Symlinking: /home/th1rt3en/DOCO/ws/install_rework/uav_visual_landing/share/uav_visual_landing/local_setup.sh
[35.093s] -- Symlinking: /home/th1rt3en/DOCO/ws/install_rework/uav_visual_landing/share/uav_visual_landing/local_setup.zsh
[35.104s] -- Symlinking: /home/th1rt3en/DOCO/ws/install_rework/uav_visual_landing/share/uav_visual_landing/local_setup.dsv
[35.114s] -- Symlinking: /home/th1rt3en/DOCO/ws/install_rework/uav_visual_landing/share/uav_visual_landing/package.dsv
[35.127s] -- Symlinking: /home/th1rt3en/DOCO/ws/install_rework/uav_visual_landing/share/ament_index/resource_index/packages/uav_visual_landing
[35.138s] -- Symlinking: /home/th1rt3en/DOCO/ws/install_rework/uav_visual_landing/share/uav_visual_landing/cmake/rosidl_cmake-extras.cmake
[35.147s] -- Symlinking: /home/th1rt3en/DOCO/ws/install_rework/uav_visual_landing/share/uav_visual_landing/cmake/ament_cmake_export_dependencies-extras.cmake
[35.157s] -- Symlinking: /home/th1rt3en/DOCO/ws/install_rework/uav_visual_landing/share/uav_visual_landing/cmake/ament_cmake_export_include_directories-extras.cmake
[35.167s] -- Symlinking: /home/th1rt3en/DOCO/ws/install_rework/uav_visual_landing/share/uav_visual_landing/cmake/ament_cmake_export_libraries-extras.cmake
[35.177s] -- Symlinking: /home/th1rt3en/DOCO/ws/install_rework/uav_visual_landing/share/uav_visual_landing/cmake/ament_cmake_export_targets-extras.cmake
[35.186s] -- Symlinking: /home/th1rt3en/DOCO/ws/install_rework/uav_visual_landing/share/uav_visual_landing/cmake/rosidl_cmake_export_typesupport_targets-extras.cmake
[35.196s] -- Symlinking: /home/th1rt3en/DOCO/ws/install_rework/uav_visual_landing/share/uav_visual_landing/cmake/rosidl_cmake_export_typesupport_libraries-extras.cmake
[35.205s] -- Symlinking: /home/th1rt3en/DOCO/ws/install_rework/uav_visual_landing/share/uav_visual_landing/cmake/uav_visual_landingConfig.cmake
[35.215s] -- Symlinking: /home/th1rt3en/DOCO/ws/install_rework/uav_visual_landing/share/uav_visual_landing/cmake/uav_visual_landingConfig-version.cmake
[35.229s] -- Symlinking: /home/th1rt3en/DOCO/ws/install_rework/uav_visual_landing/share/uav_visual_landing/package.xml
[35.239s] -- Installing: /home/th1rt3en/DOCO/ws/install_rework/uav_visual_landing/lib/libuav_visual_landing__rosidl_generator_c.so
[35.240s] -- Set runtime path of "/home/th1rt3en/DOCO/ws/install_rework/uav_visual_landing/lib/libuav_visual_landing__rosidl_generator_c.so" to ""
[35.240s] -- Installing: /home/th1rt3en/DOCO/ws/install_rework/uav_visual_landing/lib/libuav_visual_landing__rosidl_typesupport_fastrtps_c.so
[35.240s] -- Set runtime path of "/home/th1rt3en/DOCO/ws/install_rework/uav_visual_landing/lib/libuav_visual_landing__rosidl_typesupport_fastrtps_c.so" to ""
[35.240s] -- Installing: /home/th1rt3en/DOCO/ws/install_rework/uav_visual_landing/lib/libuav_visual_landing__rosidl_typesupport_fastrtps_cpp.so
[35.241s] -- Set runtime path of "/home/th1rt3en/DOCO/ws/install_rework/uav_visual_landing/lib/libuav_visual_landing__rosidl_typesupport_fastrtps_cpp.so" to ""
[35.241s] -- Installing: /home/th1rt3en/DOCO/ws/install_rework/uav_visual_landing/lib/libuav_visual_landing__rosidl_typesupport_introspection_c.so
[35.241s] -- Set runtime path of "/home/th1rt3en/DOCO/ws/install_rework/uav_visual_landing/lib/libuav_visual_landing__rosidl_typesupport_introspection_c.so" to ""
[35.241s] -- Installing: /home/th1rt3en/DOCO/ws/install_rework/uav_visual_landing/lib/libuav_visual_landing__rosidl_typesupport_c.so
[35.241s] -- Set runtime path of "/home/th1rt3en/DOCO/ws/install_rework/uav_visual_landing/lib/libuav_visual_landing__rosidl_typesupport_c.so" to ""
[35.241s] -- Installing: /home/th1rt3en/DOCO/ws/install_rework/uav_visual_landing/lib/libuav_visual_landing__rosidl_typesupport_introspection_cpp.so
[35.242s] -- Set runtime path of "/home/th1rt3en/DOCO/ws/install_rework/uav_visual_landing/lib/libuav_visual_landing__rosidl_typesupport_introspection_cpp.so" to ""
[35.242s] -- Installing: /home/th1rt3en/DOCO/ws/install_rework/uav_visual_landing/lib/libuav_visual_landing__rosidl_typesupport_cpp.so
[35.242s] -- Set runtime path of "/home/th1rt3en/DOCO/ws/install_rework/uav_visual_landing/lib/libuav_visual_landing__rosidl_typesupport_cpp.so" to ""
[35.276s] Listing '/home/th1rt3en/DOCO/ws/install_rework/uav_visual_landing/local/lib/python3.10/dist-packages/uav_visual_landing'...
[35.276s] Compiling '/home/th1rt3en/DOCO/ws/install_rework/uav_visual_landing/local/lib/python3.10/dist-packages/uav_visual_landing/__init__.py'...
[35.276s] Listing '/home/th1rt3en/DOCO/ws/install_rework/uav_visual_landing/local/lib/python3.10/dist-packages/uav_visual_landing/msg'...
[35.276s] Compiling '/home/th1rt3en/DOCO/ws/install_rework/uav_visual_landing/local/lib/python3.10/dist-packages/uav_visual_landing/msg/__init__.py'...
[35.276s] Compiling '/home/th1rt3en/DOCO/ws/install_rework/uav_visual_landing/local/lib/python3.10/dist-packages/uav_visual_landing/msg/_landing_controller_state.py'...
[35.276s] Compiling '/home/th1rt3en/DOCO/ws/install_rework/uav_visual_landing/local/lib/python3.10/dist-packages/uav_visual_landing/msg/_target_observation.py'...
[35.280s] -- Installing: /home/th1rt3en/DOCO/ws/install_rework/uav_visual_landing/lib/libuav_visual_landing__rosidl_generator_py.so
[35.280s] -- Set runtime path of "/home/th1rt3en/DOCO/ws/install_rework/uav_visual_landing/lib/libuav_visual_landing__rosidl_generator_py.so" to ""
[35.280s] -- Installing: /home/th1rt3en/DOCO/ws/install_rework/uav_visual_landing/share/uav_visual_landing/cmake/export_uav_visual_landing__rosidl_generator_cExport.cmake
[35.280s] -- Installing: /home/th1rt3en/DOCO/ws/install_rework/uav_visual_landing/share/uav_visual_landing/cmake/export_uav_visual_landing__rosidl_generator_cExport-noconfig.cmake
[35.281s] -- Installing: /home/th1rt3en/DOCO/ws/install_rework/uav_visual_landing/share/uav_visual_landing/cmake/export_uav_visual_landing__rosidl_typesupport_fastrtps_cExport.cmake
[35.281s] -- Installing: /home/th1rt3en/DOCO/ws/install_rework/uav_visual_landing/share/uav_visual_landing/cmake/export_uav_visual_landing__rosidl_typesupport_fastrtps_cExport-noconfig.cmake
[35.281s] -- Installing: /home/th1rt3en/DOCO/ws/install_rework/uav_visual_landing/share/uav_visual_landing/cmake/export_uav_visual_landing__rosidl_generator_cppExport.cmake
[35.281s] -- Installing: /home/th1rt3en/DOCO/ws/install_rework/uav_visual_landing/share/uav_visual_landing/cmake/export_uav_visual_landing__rosidl_typesupport_fastrtps_cppExport.cmake
[35.281s] -- Installing: /home/th1rt3en/DOCO/ws/install_rework/uav_visual_landing/share/uav_visual_landing/cmake/export_uav_visual_landing__rosidl_typesupport_fastrtps_cppExport-noconfig.cmake
[35.281s] -- Installing: /home/th1rt3en/DOCO/ws/install_rework/uav_visual_landing/share/uav_visual_landing/cmake/uav_visual_landing__rosidl_typesupport_introspection_cExport.cmake
[35.282s] -- Installing: /home/th1rt3en/DOCO/ws/install_rework/uav_visual_landing/share/uav_visual_landing/cmake/uav_visual_landing__rosidl_typesupport_introspection_cExport-noconfig.cmake
[35.283s] -- Installing: /home/th1rt3en/DOCO/ws/install_rework/uav_visual_landing/share/uav_visual_landing/cmake/uav_visual_landing__rosidl_typesupport_cExport.cmake
[35.283s] -- Installing: /home/th1rt3en/DOCO/ws/install_rework/uav_visual_landing/share/uav_visual_landing/cmake/uav_visual_landing__rosidl_typesupport_cExport-noconfig.cmake
[35.283s] -- Installing: /home/th1rt3en/DOCO/ws/install_rework/uav_visual_landing/share/uav_visual_landing/cmake/uav_visual_landing__rosidl_typesupport_introspection_cppExport.cmake
[35.283s] -- Installing: /home/th1rt3en/DOCO/ws/install_rework/uav_visual_landing/share/uav_visual_landing/cmake/uav_visual_landing__rosidl_typesupport_introspection_cppExport-noconfig.cmake
[35.283s] -- Installing: /home/th1rt3en/DOCO/ws/install_rework/uav_visual_landing/share/uav_visual_landing/cmake/uav_visual_landing__rosidl_typesupport_cppExport.cmake
[35.283s] -- Installing: /home/th1rt3en/DOCO/ws/install_rework/uav_visual_landing/share/uav_visual_landing/cmake/uav_visual_landing__rosidl_typesupport_cppExport-noconfig.cmake
[35.283s] -- Installing: /home/th1rt3en/DOCO/ws/install_rework/uav_visual_landing/share/uav_visual_landing/cmake/export_uav_visual_landing__rosidl_generator_pyExport.cmake
[35.283s] -- Installing: /home/th1rt3en/DOCO/ws/install_rework/uav_visual_landing/share/uav_visual_landing/cmake/export_uav_visual_landing__rosidl_generator_pyExport-noconfig.cmake
[35.286s] Invoked command in '/home/th1rt3en/DOCO/ws/build_rework/uav_visual_landing' returned '0': AMENT_PREFIX_PATH=/home/th1rt3en/DOCO/ws/install_rework/px4_msgs:${AMENT_PREFIX_PATH} CMAKE_PREFIX_PATH=/home/th1rt3en/DOCO/ws/install_rework/px4_msgs:/opt/ros/humble LD_LIBRARY_PATH=/home/th1rt3en/DOCO/ws/install_rework/px4_msgs/lib:${LD_LIBRARY_PATH} PYTHONPATH=/home/th1rt3en/DOCO/ws/install_rework/px4_msgs/local/lib/python3.10/dist-packages:${PYTHONPATH} /usr/bin/cmake --install /home/th1rt3en/DOCO/ws/build_rework/uav_visual_landing
