-- The C compiler identification is GNU 11.4.0
-- The CXX compiler identification is GNU 11.4.0
-- Detecting C compiler ABI info
-- Detecting C compiler ABI info - done
-- Check for working C compiler: /usr/bin/cc - skipped
-- Detecting C compile features
-- Detecting C compile features - done
-- Detecting CXX compiler ABI info
-- Detecting CXX compiler ABI info - done
-- Check for working CXX compiler: /usr/bin/c++ - skipped
-- Detecting CXX compile features
-- Detecting CXX compile features - done
-- Found ament_cmake: 1.3.13 (/opt/ros/humble/share/ament_cmake/cmake)
-- Found Python3: /usr/bin/python3 (found version "3.10.12") found components: Interpreter 
-- Override CMake install command with custom implementation using symlinks instead of copying resources
-- Found rclcpp: 16.0.18 (/opt/ros/humble/share/rclcpp/cmake)
-- Found rosidl_generator_c: 3.1.8 (/opt/ros/humble/share/rosidl_generator_c/cmake)
-- Found rosidl_adapter: 3.1.8 (/opt/ros/humble/share/rosidl_adapter/cmake)
-- Found rosidl_generator_cpp: 3.1.8 (/opt/ros/humble/share/rosidl_generator_cpp/cmake)
-- Using all available rosidl_typesupport_c: rosidl_typesupport_fastrtps_c;rosidl_typesupport_introspection_c
-- Using all available rosidl_typesupport_cpp: rosidl_typesupport_fastrtps_cpp;rosidl_typesupport_introspection_cpp
-- Found rmw_implementation_cmake: 6.1.2 (/opt/ros/humble/share/rmw_implementation_cmake/cmake)
-- Found rmw_fastrtps_cpp: 6.2.10 (/opt/ros/humble/share/rmw_fastrtps_cpp/cmake)
-- Found OpenSSL: /usr/lib/x86_64-linux-gnu/libcrypto.so (found version "3.0.2")  
-- Found FastRTPS: /opt/ros/humble/include  
-- Using RMW implementation 'rmw_fastrtps_cpp' as default
-- Looking for pthread.h
-- Looking for pthread.h - found
-- Performing Test CMAKE_HAVE_LIBC_PTHREAD
-- Performing Test CMAKE_HAVE_LIBC_PTHREAD - Success
-- Found Threads: TRUE  
-- Found sensor_msgs: 4.9.1 (/opt/ros/humble/share/sensor_msgs/cmake)
-- Found nav_msgs: 4.9.1 (/opt/ros/humble/share/nav_msgs/cmake)
-- Found std_srvs: 4.9.1 (/opt/ros/humble/share/std_srvs/cmake)
-- Found tf2: 0.25.19 (/opt/ros/humble/share/tf2/cmake)
-- Found tf2_ros: 0.25.19 (/opt/ros/humble/share/tf2_ros/cmake)
-- Found quadrotor_msgs: 0.0.0 (/home/th1rt3en/DOCO/ws/install_rework/quadrotor_msgs/share/quadrotor_msgs/cmake)
-- Found px4_msgs: 2.0.1 (/home/th1rt3en/DOCO/ws/install_rework/px4_msgs/share/px4_msgs/cmake)
-- Found OpenCV: /usr (found version "4.5.4") found components: core imgproc video 
-- Looking for gz-transport13 -- found version 13.5.0
-- Searching for dependencies of gz-transport13
-- Found Protobuf: /usr/lib/x86_64-linux-gnu/libprotobuf.so (found version "3.12.4") 
-- Config-file not installed for ZeroMQ -- checking for pkg-config
-- Checking for module 'libzmq >= 4'
--   Found libzmq , version 4.3.4
-- Found ZeroMQ: TRUE (Required is at least version "4") 
-- Checking for module 'uuid'
--   Found uuid, version 2.37.2
-- Found UUID: TRUE  
-- Looking for gz-utils2 -- found version 2.2.1
-- Searching for dependencies of gz-utils2
-- Searching for <gz-utils2> component [cli]
-- Looking for gz-utils2-cli -- found version 2.2.1
-- Searching for dependencies of gz-utils2-cli
-- Looking for gz-msgs10 -- found version 10.3.2
-- Searching for dependencies of gz-msgs10
-- Looking for gz-utils2 -- found version 2.2.1
-- Looking for gz-math7 -- found version 7.5.1
-- Searching for dependencies of gz-math7
-- Looking for gz-utils2 -- found version 2.2.1
-- Checking for module 'tinyxml2'
--   Found tinyxml2, version 9.0.0
-- Looking for gz-msgs10 -- found version 10.3.2
-- Found ament_cmake_gtest: 1.3.13 (/opt/ros/humble/share/ament_cmake_gtest/cmake)
-- Found ament_lint_auto: 0.12.15 (/opt/ros/humble/share/ament_lint_auto/cmake)
-- Found gtest sources under '/opt/ros/humble/src/gtest_vendor': C++ tests using 'Google Test' will be built
-- Added test 'cppcheck' to perform static code analysis on C / C++ code
-- Configured cppcheck include dirs: /home/th1rt3en/DOCO/ws/src/uav_bridge/include
-- Configured cppcheck exclude dirs and/or files: 
-- Added test 'lint_cmake' to check CMake code style
-- Added test 'uncrustify' to check C / C++ code style
-- Configured uncrustify additional arguments: 
-- Added test 'xmllint' to check XML markup files
-- Configuring done
-- Generating done
-- Build files have been written to: /home/th1rt3en/DOCO/ws/build_rework/uav_bridge
[  2%] Building CXX object CMakeFiles/mono_camera_bridge_node.dir/src/mono_camera_bridge_node.cpp.o
[  7%] Building CXX object CMakeFiles/stereo_camera_bridge_node.dir/src/stereo_camera_bridge_node.cpp.o
[  7%] Building CXX object gtest/CMakeFiles/gtest_main.dir/src/gtest_main.cc.o
[ 12%] Building CXX object CMakeFiles/optical_flow_bridge_node.dir/src/optical_flow_bridge_node.cpp.o
[ 12%] Building CXX object CMakeFiles/rangefinder_bridge_node.dir/src/rangefinder_bridge_node.cpp.o
[ 14%] Building CXX object CMakeFiles/tf_bridge_node.dir/src/tf_bridge_node.cpp.o
[ 17%] Building CXX object CMakeFiles/fmu_topic_namespace_bridge_node.dir/src/fmu_topic_namespace_bridge_node.cpp.o
[ 19%] Building CXX object CMakeFiles/uav_bridge_uav_state_bridge_logic.dir/src/uav_state_bridge_logic.cpp.o
[ 21%] Building CXX object CMakeFiles/offboard_bridge_node.dir/src/frame_aligner.cpp.o
[ 24%] Building CXX object CMakeFiles/px4_planar_state_reader_node.dir/src/px4_planar_state_reader_node.cpp.o
[ 26%] Building CXX object CMakeFiles/offboard_bridge_node.dir/src/offboard_bridge_node.cpp.o
[ 29%] Building CXX object gtest/CMakeFiles/gtest.dir/src/gtest-all.cc.o
[ 34%] Building CXX object CMakeFiles/offboard_bridge_node.dir/src/px4_commander.cpp.o
[ 36%] Building CXX object CMakeFiles/offboard_bridge_node.dir/src/flight_mode_manager.cpp.o
[ 36%] Building CXX object CMakeFiles/uav_control_node.dir/src/uav_control_node.cpp.o
[ 39%] Building CXX object CMakeFiles/uav_bridge_px4_odom_adapter_logic.dir/src/px4_odom_adapter_logic.cpp.o
[ 41%] Building CXX object CMakeFiles/offboard_bridge_node.dir/src/math_utils.cpp.o
[ 43%] Linking CXX static library libuav_bridge_px4_odom_adapter_logic.a
[ 46%] Linking CXX static library libuav_bridge_uav_state_bridge_logic.a
[ 46%] Built target uav_bridge_px4_odom_adapter_logic
[ 48%] Linking CXX static library libgtest_main.a
[ 48%] Built target uav_bridge_uav_state_bridge_logic
[ 51%] Building CXX object CMakeFiles/px4_odom_adapter_node.dir/src/px4_odom_adapter_node.cpp.o
[ 53%] Building CXX object CMakeFiles/uav_control_node.dir/src/math_utils.cpp.o
[ 53%] Built target gtest_main
[ 56%] Building CXX object CMakeFiles/uav_state_bridge_node.dir/src/uav_state_bridge_node.cpp.o
/home/th1rt3en/DOCO/ws/src/uav_bridge/src/uav_control_node.cpp:25:10: fatal error: tf2/LinearMath/Matrix3x3.h: No such file or directory
   25 | #include <tf2/LinearMath/Matrix3x3.h>
      |          ^~~~~~~~~~~~~~~~~~~~~~~~~~~~
compilation terminated.
gmake[2]: *** [CMakeFiles/uav_control_node.dir/build.make:76: CMakeFiles/uav_control_node.dir/src/uav_control_node.cpp.o] Error 1
gmake[2]: *** Waiting for unfinished jobs....
gmake[1]: *** [CMakeFiles/Makefile2:471: CMakeFiles/uav_control_node.dir/all] Error 2
gmake[1]: *** Waiting for unfinished jobs....
[ 58%] Linking CXX static library libgtest.a
[ 58%] Built target gtest
[ 60%] Linking CXX executable rangefinder_bridge_node
[ 60%] Built target rangefinder_bridge_node
[ 63%] Linking CXX executable stereo_camera_bridge_node
[ 65%] Linking CXX executable mono_camera_bridge_node
[ 65%] Built target stereo_camera_bridge_node
[ 68%] Linking CXX executable optical_flow_bridge_node
[ 68%] Built target mono_camera_bridge_node
[ 68%] Built target optical_flow_bridge_node
[ 70%] Linking CXX executable tf_bridge_node
[ 70%] Built target tf_bridge_node
[ 73%] Linking CXX executable px4_planar_state_reader_node
[ 73%] Built target px4_planar_state_reader_node
[ 75%] Linking CXX executable px4_odom_adapter_node
[ 78%] Linking CXX executable uav_state_bridge_node
[ 78%] Built target px4_odom_adapter_node
[ 78%] Built target uav_state_bridge_node
[ 80%] Linking CXX executable offboard_bridge_node
[ 82%] Linking CXX executable fmu_topic_namespace_bridge_node
[ 82%] Built target offboard_bridge_node
[ 82%] Built target fmu_topic_namespace_bridge_node
gmake: *** [Makefile:146: all] Error 2
