[0.010s] Invoking command in '/home/th1rt3en/DOCO/ws/build_rework/uav_bridge': AMENT_PREFIX_PATH=/home/th1rt3en/DOCO/ws/install_rework/quadrotor_msgs:/home/th1rt3en/DOCO/ws/install_rework/px4_msgs:${AMENT_PREFIX_PATH} CMAKE_PREFIX_PATH=/home/th1rt3en/DOCO/ws/install_rework/quadrotor_msgs:/home/th1rt3en/DOCO/ws/install_rework/px4_msgs:/opt/ros/humble LD_LIBRARY_PATH=/home/th1rt3en/DOCO/ws/install_rework/quadrotor_msgs/lib:/home/th1rt3en/DOCO/ws/install_rework/px4_msgs/lib:${LD_LIBRARY_PATH} PYTHONPATH=/home/th1rt3en/DOCO/ws/install_rework/quadrotor_msgs/local/lib/python3.10/dist-packages:/home/th1rt3en/DOCO/ws/install_rework/px4_msgs/local/lib/python3.10/dist-packages:${PYTHONPATH} /usr/bin/cmake /home/th1rt3en/DOCO/ws/src/uav_bridge -DAMENT_CMAKE_SYMLINK_INSTALL=1 -DCMAKE_INSTALL_PREFIX=/home/th1rt3en/DOCO/ws/install_rework/uav_bridge
[0.059s] -- The C compiler identification is GNU 11.4.0
[0.103s] -- The CXX compiler identification is GNU 11.4.0
[0.109s] -- Detecting C compiler ABI info
[0.173s] -- Detecting C compiler ABI info - done
[0.178s] -- Check for working C compiler: /usr/bin/cc - skipped
[0.178s] -- Detecting C compile features
[0.178s] -- Detecting C compile features - done
[0.180s] -- Detecting CXX compiler ABI info
[0.254s] -- Detecting CXX compiler ABI info - done
[0.259s] -- Check for working CXX compiler: /usr/bin/c++ - skipped
[0.259s] -- Detecting CXX compile features
[0.260s] -- Detecting CXX compile features - done
[0.261s] -- Found ament_cmake: 1.3.13 (/opt/ros/humble/share/ament_cmake/cmake)
[0.391s] -- Found Python3: /usr/bin/python3 (found version "3.10.12") found components: Interpreter 
[0.450s] -- Override CMake install command with custom implementation using symlinks instead of copying resources
[0.470s] -- Found rclcpp: 16.0.18 (/opt/ros/humble/share/rclcpp/cmake)
[0.501s] -- Found rosidl_generator_c: 3.1.8 (/opt/ros/humble/share/rosidl_generator_c/cmake)
[0.505s] -- Found rosidl_adapter: 3.1.8 (/opt/ros/humble/share/rosidl_adapter/cmake)
[0.511s] -- Found rosidl_generator_cpp: 3.1.8 (/opt/ros/humble/share/rosidl_generator_cpp/cmake)
[0.520s] -- Using all available rosidl_typesupport_c: rosidl_typesupport_fastrtps_c;rosidl_typesupport_introspection_c
[0.532s] -- Using all available rosidl_typesupport_cpp: rosidl_typesupport_fastrtps_cpp;rosidl_typesupport_introspection_cpp
[0.561s] -- Found rmw_implementation_cmake: 6.1.2 (/opt/ros/humble/share/rmw_implementation_cmake/cmake)
[0.563s] -- Found rmw_fastrtps_cpp: 6.2.10 (/opt/ros/humble/share/rmw_fastrtps_cpp/cmake)
[0.641s] -- Found OpenSSL: /usr/lib/x86_64-linux-gnu/libcrypto.so (found version "3.0.2")  
[0.670s] -- Found FastRTPS: /opt/ros/humble/include  
[0.710s] -- Using RMW implementation 'rmw_fastrtps_cpp' as default
[0.716s] -- Looking for pthread.h
[0.778s] -- Looking for pthread.h - found
[0.778s] -- Performing Test CMAKE_HAVE_LIBC_PTHREAD
[0.846s] -- Performing Test CMAKE_HAVE_LIBC_PTHREAD - Success
[0.847s] -- Found Threads: TRUE  
[0.879s] -- Found sensor_msgs: 4.9.1 (/opt/ros/humble/share/sensor_msgs/cmake)
[0.899s] -- Found nav_msgs: 4.9.1 (/opt/ros/humble/share/nav_msgs/cmake)
[0.910s] -- Found std_srvs: 4.9.1 (/opt/ros/humble/share/std_srvs/cmake)
[0.918s] -- Found tf2: 0.25.19 (/opt/ros/humble/share/tf2/cmake)
[0.926s] -- Found tf2_ros: 0.25.19 (/opt/ros/humble/share/tf2_ros/cmake)
[0.989s] -- Found quadrotor_msgs: 0.0.0 (/home/th1rt3en/DOCO/ws/install_rework/quadrotor_msgs/share/quadrotor_msgs/cmake)
[1.011s] -- Found px4_msgs: 2.0.1 (/home/th1rt3en/DOCO/ws/install_rework/px4_msgs/share/px4_msgs/cmake)
[1.023s] -- Found OpenCV: /usr (found version "4.5.4") found components: core imgproc video 
[1.025s] -- Looking for gz-transport13 -- found version 13.5.0
[1.030s] -- Searching for dependencies of gz-transport13
[1.052s] -- Found Protobuf: /usr/lib/x86_64-linux-gnu/libprotobuf.so (found version "3.12.4") 
[1.063s] -- Config-file not installed for ZeroMQ -- checking for pkg-config
[1.068s] -- Checking for module 'libzmq >= 4'
[1.081s] --   Found libzmq , version 4.3.4
[1.123s] -- Found ZeroMQ: TRUE (Required is at least version "4") 
[1.129s] -- Checking for module 'uuid'
[1.146s] --   Found uuid, version 2.37.2
[1.181s] -- Found UUID: TRUE  
[1.183s] -- Looking for gz-utils2 -- found version 2.2.1
[1.183s] -- Searching for dependencies of gz-utils2
[1.184s] -- Searching for <gz-utils2> component [cli]
[1.186s] -- Looking for gz-utils2-cli -- found version 2.2.1
[1.186s] -- Searching for dependencies of gz-utils2-cli
[1.188s] -- Looking for gz-msgs10 -- found version 10.3.2
[1.188s] -- Searching for dependencies of gz-msgs10
[1.206s] -- Looking for gz-utils2 -- found version 2.2.1
[1.208s] -- Looking for gz-math7 -- found version 7.5.1
[1.208s] -- Searching for dependencies of gz-math7
[1.209s] -- Looking for gz-utils2 -- found version 2.2.1
[1.215s] -- Checking for module 'tinyxml2'
[1.229s] --   Found tinyxml2, version 9.0.0
[1.268s] -- Looking for gz-msgs10 -- found version 10.3.2
[1.279s] -- Found ament_cmake_gtest: 1.3.13 (/opt/ros/humble/share/ament_cmake_gtest/cmake)
[1.280s] -- Found ament_lint_auto: 0.12.15 (/opt/ros/humble/share/ament_lint_auto/cmake)
[1.360s] -- Found gtest sources under '/opt/ros/humble/src/gtest_vendor': C++ tests using 'Google Test' will be built
[1.372s] -- Added test 'cppcheck' to perform static code analysis on C / C++ code
[1.372s] -- Configured cppcheck include dirs: /home/th1rt3en/DOCO/ws/src/uav_bridge/include
[1.372s] -- Configured cppcheck exclude dirs and/or files: 
[1.373s] -- Added test 'lint_cmake' to check CMake code style
[1.375s] -- Added test 'uncrustify' to check C / C++ code style
[1.375s] -- Configured uncrustify additional arguments: 
[1.375s] -- Added test 'xmllint' to check XML markup files
[1.376s] -- Configuring done
[1.431s] -- Generating done
[1.448s] -- Build files have been written to: /home/th1rt3en/DOCO/ws/build_rework/uav_bridge
[1.469s] Invoked command in '/home/th1rt3en/DOCO/ws/build_rework/uav_bridge' returned '0': AMENT_PREFIX_PATH=/home/th1rt3en/DOCO/ws/install_rework/quadrotor_msgs:/home/th1rt3en/DOCO/ws/install_rework/px4_msgs:${AMENT_PREFIX_PATH} CMAKE_PREFIX_PATH=/home/th1rt3en/DOCO/ws/install_rework/quadrotor_msgs:/home/th1rt3en/DOCO/ws/install_rework/px4_msgs:/opt/ros/humble LD_LIBRARY_PATH=/home/th1rt3en/DOCO/ws/install_rework/quadrotor_msgs/lib:/home/th1rt3en/DOCO/ws/install_rework/px4_msgs/lib:${LD_LIBRARY_PATH} PYTHONPATH=/home/th1rt3en/DOCO/ws/install_rework/quadrotor_msgs/local/lib/python3.10/dist-packages:/home/th1rt3en/DOCO/ws/install_rework/px4_msgs/local/lib/python3.10/dist-packages:${PYTHONPATH} /usr/bin/cmake /home/th1rt3en/DOCO/ws/src/uav_bridge -DAMENT_CMAKE_SYMLINK_INSTALL=1 -DCMAKE_INSTALL_PREFIX=/home/th1rt3en/DOCO/ws/install_rework/uav_bridge
[1.471s] Invoking command in '/home/th1rt3en/DOCO/ws/build_rework/uav_bridge': AMENT_PREFIX_PATH=/home/th1rt3en/DOCO/ws/install_rework/quadrotor_msgs:/home/th1rt3en/DOCO/ws/install_rework/px4_msgs:${AMENT_PREFIX_PATH} CMAKE_PREFIX_PATH=/home/th1rt3en/DOCO/ws/install_rework/quadrotor_msgs:/home/th1rt3en/DOCO/ws/install_rework/px4_msgs:/opt/ros/humble LD_LIBRARY_PATH=/home/th1rt3en/DOCO/ws/install_rework/quadrotor_msgs/lib:/home/th1rt3en/DOCO/ws/install_rework/px4_msgs/lib:${LD_LIBRARY_PATH} PYTHONPATH=/home/th1rt3en/DOCO/ws/install_rework/quadrotor_msgs/local/lib/python3.10/dist-packages:/home/th1rt3en/DOCO/ws/install_rework/px4_msgs/local/lib/python3.10/dist-packages:${PYTHONPATH} /usr/bin/cmake --build /home/th1rt3en/DOCO/ws/build_rework/uav_bridge -- -j16 -l16
[1.527s] [  2%] Building CXX object CMakeFiles/mono_camera_bridge_node.dir/src/mono_camera_bridge_node.cpp.o
[1.528s] [  7%] Building CXX object CMakeFiles/stereo_camera_bridge_node.dir/src/stereo_camera_bridge_node.cpp.o
[1.528s] [  7%] Building CXX object gtest/CMakeFiles/gtest_main.dir/src/gtest_main.cc.o
[1.528s] [ 12%] Building CXX object CMakeFiles/optical_flow_bridge_node.dir/src/optical_flow_bridge_node.cpp.o
[1.528s] [ 12%] Building CXX object CMakeFiles/rangefinder_bridge_node.dir/src/rangefinder_bridge_node.cpp.o
[1.529s] [ 14%] Building CXX object CMakeFiles/tf_bridge_node.dir/src/tf_bridge_node.cpp.o
[1.529s] [ 17%] Building CXX object CMakeFiles/fmu_topic_namespace_bridge_node.dir/src/fmu_topic_namespace_bridge_node.cpp.o
[1.534s] [ 19%] Building CXX object CMakeFiles/uav_bridge_uav_state_bridge_logic.dir/src/uav_state_bridge_logic.cpp.o
[1.534s] [ 21%] Building CXX object CMakeFiles/offboard_bridge_node.dir/src/frame_aligner.cpp.o
[1.534s] [ 24%] Building CXX object CMakeFiles/px4_planar_state_reader_node.dir/src/px4_planar_state_reader_node.cpp.o
[1.535s] [ 26%] Building CXX object CMakeFiles/offboard_bridge_node.dir/src/offboard_bridge_node.cpp.o
[1.535s] [ 29%] Building CXX object gtest/CMakeFiles/gtest.dir/src/gtest-all.cc.o
[1.538s] [ 34%] Building CXX object CMakeFiles/offboard_bridge_node.dir/src/px4_commander.cpp.o
[1.538s] [ 36%] Building CXX object CMakeFiles/offboard_bridge_node.dir/src/flight_mode_manager.cpp.o
[1.538s] [ 36%] Building CXX object CMakeFiles/uav_control_node.dir/src/uav_control_node.cpp.o
[1.539s] [ 39%] Building CXX object CMakeFiles/uav_bridge_px4_odom_adapter_logic.dir/src/px4_odom_adapter_logic.cpp.o
[2.847s] [ 41%] Building CXX object CMakeFiles/offboard_bridge_node.dir/src/math_utils.cpp.o
[2.848s] [ 43%] Linking CXX static library libuav_bridge_px4_odom_adapter_logic.a
[2.913s] [ 46%] Linking CXX static library libuav_bridge_uav_state_bridge_logic.a
[3.052s] [ 46%] Built target uav_bridge_px4_odom_adapter_logic
[3.079s] [ 48%] Linking CXX static library libgtest_main.a
[3.099s] [ 48%] Built target uav_bridge_uav_state_bridge_logic
[3.125s] [ 51%] Building CXX object CMakeFiles/px4_odom_adapter_node.dir/src/px4_odom_adapter_node.cpp.o
[3.138s] [ 53%] Building CXX object CMakeFiles/uav_control_node.dir/src/math_utils.cpp.o
[3.267s] [ 53%] Built target gtest_main
[3.340s] [ 56%] Building CXX object CMakeFiles/uav_state_bridge_node.dir/src/uav_state_bridge_node.cpp.o
[3.470s] /home/th1rt3en/DOCO/ws/src/uav_bridge/src/uav_control_node.cpp:25:10: fatal error: tf2/LinearMath/Matrix3x3.h: No such file or directory
[3.471s]    25 | #include <tf2/LinearMath/Matrix3x3.h>
[3.471s]       |          ^~~~~~~~~~~~~~~~~~~~~~~~~~~~
[3.471s] compilation terminated.
[3.508s] gmake[2]: *** [CMakeFiles/uav_control_node.dir/build.make:76: CMakeFiles/uav_control_node.dir/src/uav_control_node.cpp.o] Error 1
[3.508s] gmake[2]: *** Waiting for unfinished jobs....
[5.027s] gmake[1]: *** [CMakeFiles/Makefile2:471: CMakeFiles/uav_control_node.dir/all] Error 2
[5.028s] gmake[1]: *** Waiting for unfinished jobs....
[6.809s] [ 58%] Linking CXX static library libgtest.a
[6.979s] [ 58%] Built target gtest
[12.732s] [ 60%] Linking CXX executable rangefinder_bridge_node
[13.235s] [ 60%] Built target rangefinder_bridge_node
[13.322s] [ 63%] Linking CXX executable stereo_camera_bridge_node
[13.630s] [ 65%] Linking CXX executable mono_camera_bridge_node
[13.862s] [ 65%] Built target stereo_camera_bridge_node
[14.016s] [ 68%] Linking CXX executable optical_flow_bridge_node
[14.184s] [ 68%] Built target mono_camera_bridge_node
[14.580s] [ 68%] Built target optical_flow_bridge_node
[16.216s] [ 70%] Linking CXX executable tf_bridge_node
[16.651s] [ 70%] Built target tf_bridge_node
[18.596s] [ 73%] Linking CXX executable px4_planar_state_reader_node
[19.271s] [ 73%] Built target px4_planar_state_reader_node
[19.898s] [ 75%] Linking CXX executable px4_odom_adapter_node
[20.029s] [ 78%] Linking CXX executable uav_state_bridge_node
[20.572s] [ 78%] Built target px4_odom_adapter_node
[20.657s] [ 78%] Built target uav_state_bridge_node
[32.797s] [ 80%] Linking CXX executable offboard_bridge_node
[34.238s] [ 82%] Linking CXX executable fmu_topic_namespace_bridge_node
[34.272s] [ 82%] Built target offboard_bridge_node
[35.719s] [ 82%] Built target fmu_topic_namespace_bridge_node
[35.720s] gmake: *** [Makefile:146: all] Error 2
