[0.011s] Invoking command in '/home/th1rt3en/DOCO/ws/build_rework/uav_bringup': AMENT_PREFIX_PATH=/home/th1rt3en/DOCO/ws/install_rework/uav_bridge:/home/th1rt3en/DOCO/ws/install_rework/sim_worlds:/home/th1rt3en/DOCO/ws/install_rework/ugv_sim_tools:/home/th1rt3en/DOCO/ws/install_rework/uav_description:/home/th1rt3en/DOCO/ws/install_rework/quadrotor_msgs:/home/th1rt3en/DOCO/ws/install_rework/px4_msgs:${AMENT_PREFIX_PATH} CMAKE_PREFIX_PATH=/home/th1rt3en/DOCO/ws/install_rework/uav_bridge:/home/th1rt3en/DOCO/ws/install_rework/sim_worlds:/home/th1rt3en/DOCO/ws/install_rework/ugv_sim_tools:/home/th1rt3en/DOCO/ws/install_rework/uav_description:/home/th1rt3en/DOCO/ws/install_rework/quadrotor_msgs:/home/th1rt3en/DOCO/ws/install_rework/px4_msgs:/opt/ros/humble LD_LIBRARY_PATH=/home/th1rt3en/DOCO/ws/install_rework/quadrotor_msgs/lib:/home/th1rt3en/DOCO/ws/install_rework/px4_msgs/lib:${LD_LIBRARY_PATH} PYTHONPATH=/home/th1rt3en/DOCO/ws/install_rework/sim_worlds/local/lib/python3.10/dist-packages:/home/th1rt3en/DOCO/ws/install_rework/quadrotor_msgs/local/lib/python3.10/dist-packages:/home/th1rt3en/DOCO/ws/install_rework/px4_msgs/local/lib/python3.10/dist-packages:${PYTHONPATH} /usr/bin/cmake --build /home/th1rt3en/DOCO/ws/build_rework/uav_bringup -- -j16 -l16
[0.069s] Built target ament_cmake_python_symlink_uav_bringup
[0.226s] running egg_info
[0.226s] writing uav_bringup.egg-info/PKG-INFO
[0.226s] writing dependency_links to uav_bringup.egg-info/dependency_links.txt
[0.226s] writing top-level names to uav_bringup.egg-info/top_level.txt
[0.228s] reading manifest file 'uav_bringup.egg-info/SOURCES.txt'
[0.228s] writing manifest file 'uav_bringup.egg-info/SOURCES.txt'
[0.257s] Built target ament_cmake_python_build_uav_bringup_egg
[0.268s] Invoked command in '/home/th1rt3en/DOCO/ws/build_rework/uav_bringup' returned '0': AMENT_PREFIX_PATH=/home/th1rt3en/DOCO/ws/install_rework/uav_bridge:/home/th1rt3en/DOCO/ws/install_rework/sim_worlds:/home/th1rt3en/DOCO/ws/install_rework/ugv_sim_tools:/home/th1rt3en/DOCO/ws/install_rework/uav_description:/home/th1rt3en/DOCO/ws/install_rework/quadrotor_msgs:/home/th1rt3en/DOCO/ws/install_rework/px4_msgs:${AMENT_PREFIX_PATH} CMAKE_PREFIX_PATH=/home/th1rt3en/DOCO/ws/install_rework/uav_bridge:/home/th1rt3en/DOCO/ws/install_rework/sim_worlds:/home/th1rt3en/DOCO/ws/install_rework/ugv_sim_tools:/home/th1rt3en/DOCO/ws/install_rework/uav_description:/home/th1rt3en/DOCO/ws/install_rework/quadrotor_msgs:/home/th1rt3en/DOCO/ws/install_rework/px4_msgs:/opt/ros/humble LD_LIBRARY_PATH=/home/th1rt3en/DOCO/ws/install_rework/quadrotor_msgs/lib:/home/th1rt3en/DOCO/ws/install_rework/px4_msgs/lib:${LD_LIBRARY_PATH} PYTHONPATH=/home/th1rt3en/DOCO/ws/install_rework/sim_worlds/local/lib/python3.10/dist-packages:/home/th1rt3en/DOCO/ws/install_rework/quadrotor_msgs/local/lib/python3.10/dist-packages:/home/th1rt3en/DOCO/ws/install_rework/px4_msgs/local/lib/python3.10/dist-packages:${PYTHONPATH} /usr/bin/cmake --build /home/th1rt3en/DOCO/ws/build_rework/uav_bringup -- -j16 -l16
[0.269s] Invoking command in '/home/th1rt3en/DOCO/ws/build_rework/uav_bringup': AMENT_PREFIX_PATH=/home/th1rt3en/DOCO/ws/install_rework/uav_bridge:/home/th1rt3en/DOCO/ws/install_rework/sim_worlds:/home/th1rt3en/DOCO/ws/install_rework/ugv_sim_tools:/home/th1rt3en/DOCO/ws/install_rework/uav_description:/home/th1rt3en/DOCO/ws/install_rework/quadrotor_msgs:/home/th1rt3en/DOCO/ws/install_rework/px4_msgs:${AMENT_PREFIX_PATH} CMAKE_PREFIX_PATH=/home/th1rt3en/DOCO/ws/install_rework/uav_bridge:/home/th1rt3en/DOCO/ws/install_rework/sim_worlds:/home/th1rt3en/DOCO/ws/install_rework/ugv_sim_tools:/home/th1rt3en/DOCO/ws/install_rework/uav_description:/home/th1rt3en/DOCO/ws/install_rework/quadrotor_msgs:/home/th1rt3en/DOCO/ws/install_rework/px4_msgs:/opt/ros/humble LD_LIBRARY_PATH=/home/th1rt3en/DOCO/ws/install_rework/quadrotor_msgs/lib:/home/th1rt3en/DOCO/ws/install_rework/px4_msgs/lib:${LD_LIBRARY_PATH} PYTHONPATH=/home/th1rt3en/DOCO/ws/install_rework/sim_worlds/local/lib/python3.10/dist-packages:/home/th1rt3en/DOCO/ws/install_rework/quadrotor_msgs/local/lib/python3.10/dist-packages:/home/th1rt3en/DOCO/ws/install_rework/px4_msgs/local/lib/python3.10/dist-packages:${PYTHONPATH} /usr/bin/cmake --install /home/th1rt3en/DOCO/ws/build_rework/uav_bringup
[0.277s] -- Install configuration: ""
[0.277s] -- Execute custom install script
[0.277s] -- Up-to-date symlink: /home/th1rt3en/DOCO/ws/install_rework/uav_bringup/share/uav_bringup/environment/pythonpath.sh
[0.277s] -- Up-to-date symlink: /home/th1rt3en/DOCO/ws/install_rework/uav_bringup/share/uav_bringup/environment/pythonpath.dsv
[0.278s] -- Up-to-date symlink: /home/th1rt3en/DOCO/ws/install_rework/uav_bringup/local/lib/python3.10/dist-packages/uav_bringup-0.1.0-py3.10.egg-info/PKG-INFO
[0.278s] -- Up-to-date symlink: /home/th1rt3en/DOCO/ws/install_rework/uav_bringup/local/lib/python3.10/dist-packages/uav_bringup-0.1.0-py3.10.egg-info/SOURCES.txt
[0.278s] -- Up-to-date symlink: /home/th1rt3en/DOCO/ws/install_rework/uav_bringup/local/lib/python3.10/dist-packages/uav_bringup-0.1.0-py3.10.egg-info/dependency_links.txt
[0.278s] -- Up-to-date symlink: /home/th1rt3en/DOCO/ws/install_rework/uav_bringup/local/lib/python3.10/dist-packages/uav_bringup-0.1.0-py3.10.egg-info/top_level.txt
[0.278s] -- Up-to-date symlink: /home/th1rt3en/DOCO/ws/install_rework/uav_bringup/local/lib/python3.10/dist-packages/uav_bringup/__init__.py
[0.278s] -- Up-to-date symlink: /home/th1rt3en/DOCO/ws/install_rework/uav_bringup/local/lib/python3.10/dist-packages/uav_bringup/profile_defaults.py
[0.278s] -- Up-to-date symlink: /home/th1rt3en/DOCO/ws/install_rework/uav_bringup/lib/uav_bringup/run_px4_gz_uav.sh
[0.279s] -- Up-to-date symlink: /home/th1rt3en/DOCO/ws/install_rework/uav_bringup/share/uav_bringup/launch/__pycache__/gz_sim.launch.cpython-310.pyc
[0.279s] -- Up-to-date symlink: /home/th1rt3en/DOCO/ws/install_rework/uav_bringup/share/uav_bringup/launch/__pycache__/profile_defaults.cpython-310.pyc
[0.279s] -- Symlinking: /home/th1rt3en/DOCO/ws/install_rework/uav_bringup/share/uav_bringup/launch/__pycache__/sitl_uav.launch.cpython-310.pyc
[0.289s] -- Up-to-date symlink: /home/th1rt3en/DOCO/ws/install_rework/uav_bringup/share/uav_bringup/launch/__pycache__/sitl_uav_ego.launch.cpython-310.pyc
[0.289s] -- Up-to-date symlink: /home/th1rt3en/DOCO/ws/install_rework/uav_bringup/share/uav_bringup/launch/gz_sim.launch.py
[0.289s] -- Up-to-date symlink: /home/th1rt3en/DOCO/ws/install_rework/uav_bringup/share/uav_bringup/launch/hw_mono_camera.launch.py
[0.289s] -- Up-to-date symlink: /home/th1rt3en/DOCO/ws/install_rework/uav_bringup/share/uav_bringup/launch/hw_visual_landing.launch.py
[0.289s] -- Up-to-date symlink: /home/th1rt3en/DOCO/ws/install_rework/uav_bringup/share/uav_bringup/launch/profile_defaults.py
[0.289s] -- Up-to-date symlink: /home/th1rt3en/DOCO/ws/install_rework/uav_bringup/share/uav_bringup/launch/px4_planar_odom.launch.py
[0.289s] -- Up-to-date symlink: /home/th1rt3en/DOCO/ws/install_rework/uav_bringup/share/uav_bringup/launch/sitl_uav.launch.py
[0.289s] -- Up-to-date symlink: /home/th1rt3en/DOCO/ws/install_rework/uav_bringup/share/uav_bringup/config/px4/airframes/4901_gz_uav
[0.290s] -- Up-to-date symlink: /home/th1rt3en/DOCO/ws/install_rework/uav_bringup/share/uav_bringup/config/px4/rc/frames/hw_uav.params
[0.290s] -- Up-to-date symlink: /home/th1rt3en/DOCO/ws/install_rework/uav_bringup/share/uav_bringup/config/px4/rc/px4-rc.params
[0.290s] -- Up-to-date symlink: /home/th1rt3en/DOCO/ws/install_rework/uav_bringup/share/uav_bringup/config/rviz/sitl_uav.rviz
[0.290s] -- Up-to-date symlink: /home/th1rt3en/DOCO/ws/install_rework/uav_bringup/share/uav_bringup/config/sim/uav.env
[0.290s] -- Up-to-date symlink: /home/th1rt3en/DOCO/ws/install_rework/uav_bringup/share/ament_index/resource_index/package_run_dependencies/uav_bringup
[0.291s] -- Up-to-date symlink: /home/th1rt3en/DOCO/ws/install_rework/uav_bringup/share/ament_index/resource_index/parent_prefix_path/uav_bringup
[0.291s] -- Up-to-date symlink: /home/th1rt3en/DOCO/ws/install_rework/uav_bringup/share/uav_bringup/environment/ament_prefix_path.sh
[0.291s] -- Up-to-date symlink: /home/th1rt3en/DOCO/ws/install_rework/uav_bringup/share/uav_bringup/environment/ament_prefix_path.dsv
[0.291s] -- Up-to-date symlink: /home/th1rt3en/DOCO/ws/install_rework/uav_bringup/share/uav_bringup/environment/path.sh
[0.291s] -- Up-to-date symlink: /home/th1rt3en/DOCO/ws/install_rework/uav_bringup/share/uav_bringup/environment/path.dsv
[0.291s] -- Up-to-date symlink: /home/th1rt3en/DOCO/ws/install_rework/uav_bringup/share/uav_bringup/local_setup.bash
[0.291s] -- Up-to-date symlink: /home/th1rt3en/DOCO/ws/install_rework/uav_bringup/share/uav_bringup/local_setup.sh
[0.291s] -- Up-to-date symlink: /home/th1rt3en/DOCO/ws/install_rework/uav_bringup/share/uav_bringup/local_setup.zsh
[0.292s] -- Up-to-date symlink: /home/th1rt3en/DOCO/ws/install_rework/uav_bringup/share/uav_bringup/local_setup.dsv
[0.292s] -- Symlinking: /home/th1rt3en/DOCO/ws/install_rework/uav_bringup/share/uav_bringup/package.dsv
[0.300s] -- Up-to-date symlink: /home/th1rt3en/DOCO/ws/install_rework/uav_bringup/share/ament_index/resource_index/packages/uav_bringup
[0.301s] -- Up-to-date symlink: /home/th1rt3en/DOCO/ws/install_rework/uav_bringup/share/uav_bringup/cmake/uav_bringupConfig.cmake
[0.301s] -- Up-to-date symlink: /home/th1rt3en/DOCO/ws/install_rework/uav_bringup/share/uav_bringup/cmake/uav_bringupConfig-version.cmake
[0.301s] -- Up-to-date symlink: /home/th1rt3en/DOCO/ws/install_rework/uav_bringup/share/uav_bringup/package.xml
[0.325s] Listing '/home/th1rt3en/DOCO/ws/install_rework/uav_bringup/local/lib/python3.10/dist-packages/uav_bringup'...
[0.330s] Invoked command in '/home/th1rt3en/DOCO/ws/build_rework/uav_bringup' returned '0': AMENT_PREFIX_PATH=/home/th1rt3en/DOCO/ws/install_rework/uav_bridge:/home/th1rt3en/DOCO/ws/install_rework/sim_worlds:/home/th1rt3en/DOCO/ws/install_rework/ugv_sim_tools:/home/th1rt3en/DOCO/ws/install_rework/uav_description:/home/th1rt3en/DOCO/ws/install_rework/quadrotor_msgs:/home/th1rt3en/DOCO/ws/install_rework/px4_msgs:${AMENT_PREFIX_PATH} CMAKE_PREFIX_PATH=/home/th1rt3en/DOCO/ws/install_rework/uav_bridge:/home/th1rt3en/DOCO/ws/install_rework/sim_worlds:/home/th1rt3en/DOCO/ws/install_rework/ugv_sim_tools:/home/th1rt3en/DOCO/ws/install_rework/uav_description:/home/th1rt3en/DOCO/ws/install_rework/quadrotor_msgs:/home/th1rt3en/DOCO/ws/install_rework/px4_msgs:/opt/ros/humble LD_LIBRARY_PATH=/home/th1rt3en/DOCO/ws/install_rework/quadrotor_msgs/lib:/home/th1rt3en/DOCO/ws/install_rework/px4_msgs/lib:${LD_LIBRARY_PATH} PYTHONPATH=/home/th1rt3en/DOCO/ws/install_rework/sim_worlds/local/lib/python3.10/dist-packages:/home/th1rt3en/DOCO/ws/install_rework/quadrotor_msgs/local/lib/python3.10/dist-packages:/home/th1rt3en/DOCO/ws/install_rework/px4_msgs/local/lib/python3.10/dist-packages:${PYTHONPATH} /usr/bin/cmake --install /home/th1rt3en/DOCO/ws/build_rework/uav_bringup
