-- The C compiler identification is GNU 11.4.0
-- The CXX compiler identification is GNU 11.4.0
-- Detecting C compiler ABI info
-- Detecting C compiler ABI info - done
-- Check for working C compiler: /usr/bin/cc - skipped
-- Detecting C compile features
-- Detecting C compile features - done
-- Detecting CXX compiler ABI info
-- Detecting CXX compiler ABI info - done
-- Check for working CXX compiler: /usr/bin/c++ - skipped
-- Detecting CXX compile features
-- Detecting CXX compile features - done
-- Found ament_cmake: 1.3.13 (/opt/ros/humble/share/ament_cmake/cmake)
-- Found Python3: /usr/bin/python3 (found version "3.10.12") found components: Interpreter 
-- Override CMake install command with custom implementation using symlinks instead of copying resources
-- Configuring done
-- Generating done
-- Build files have been written to: /home/th1rt3en/DOCO/ws/build_rework/uav_bringup
Built target ament_cmake_python_symlink_uav_bringup
running egg_info
creating uav_bringup.egg-info
writing uav_bringup.egg-info/PKG-INFO
writing dependency_links to uav_bringup.egg-info/dependency_links.txt
writing top-level names to uav_bringup.egg-info/top_level.txt
writing manifest file 'uav_bringup.egg-info/SOURCES.txt'
reading manifest file 'uav_bringup.egg-info/SOURCES.txt'
writing manifest file 'uav_bringup.egg-info/SOURCES.txt'
Built target ament_cmake_python_build_uav_bringup_egg
-- Install configuration: ""
-- Execute custom install script
-- Symlinking: /home/th1rt3en/DOCO/ws/install_rework/uav_bringup/share/uav_bringup/environment/pythonpath.sh
-- Symlinking: /home/th1rt3en/DOCO/ws/install_rework/uav_bringup/share/uav_bringup/environment/pythonpath.dsv
-- Symlinking: /home/th1rt3en/DOCO/ws/install_rework/uav_bringup/local/lib/python3.10/dist-packages/uav_bringup-0.1.0-py3.10.egg-info/PKG-INFO
-- Symlinking: /home/th1rt3en/DOCO/ws/install_rework/uav_bringup/local/lib/python3.10/dist-packages/uav_bringup-0.1.0-py3.10.egg-info/SOURCES.txt
-- Symlinking: /home/th1rt3en/DOCO/ws/install_rework/uav_bringup/local/lib/python3.10/dist-packages/uav_bringup-0.1.0-py3.10.egg-info/dependency_links.txt
-- Symlinking: /home/th1rt3en/DOCO/ws/install_rework/uav_bringup/local/lib/python3.10/dist-packages/uav_bringup-0.1.0-py3.10.egg-info/top_level.txt
-- Symlinking: /home/th1rt3en/DOCO/ws/install_rework/uav_bringup/local/lib/python3.10/dist-packages/uav_bringup/__init__.py
-- Symlinking: /home/th1rt3en/DOCO/ws/install_rework/uav_bringup/local/lib/python3.10/dist-packages/uav_bringup/profile_defaults.py
-- Symlinking: /home/th1rt3en/DOCO/ws/install_rework/uav_bringup/lib/uav_bringup/run_px4_gz_uav.sh
-- Symlinking: /home/th1rt3en/DOCO/ws/install_rework/uav_bringup/share/uav_bringup/launch/__pycache__/gz_sim.launch.cpython-310.pyc
-- Symlinking: /home/th1rt3en/DOCO/ws/install_rework/uav_bringup/share/uav_bringup/launch/__pycache__/profile_defaults.cpython-310.pyc
-- Symlinking: /home/th1rt3en/DOCO/ws/install_rework/uav_bringup/share/uav_bringup/launch/__pycache__/sitl_uav.launch.cpython-310.pyc
-- Symlinking: /home/th1rt3en/DOCO/ws/install_rework/uav_bringup/share/uav_bringup/launch/__pycache__/sitl_uav_ego.launch.cpython-310.pyc
-- Symlinking: /home/th1rt3en/DOCO/ws/install_rework/uav_bringup/share/uav_bringup/launch/gz_sim.launch.py
-- Symlinking: /home/th1rt3en/DOCO/ws/install_rework/uav_bringup/share/uav_bringup/launch/hw_mono_camera.launch.py
-- Symlinking: /home/th1rt3en/DOCO/ws/install_rework/uav_bringup/share/uav_bringup/launch/profile_defaults.py
-- Symlinking: /home/th1rt3en/DOCO/ws/install_rework/uav_bringup/share/uav_bringup/launch/px4_planar_odom.launch.py
-- Symlinking: /home/th1rt3en/DOCO/ws/install_rework/uav_bringup/share/uav_bringup/launch/sitl_uav.launch.py
-- Symlinking: /home/th1rt3en/DOCO/ws/install_rework/uav_bringup/share/uav_bringup/config/px4/airframes/4901_gz_uav
-- Symlinking: /home/th1rt3en/DOCO/ws/install_rework/uav_bringup/share/uav_bringup/config/px4/rc/frames/hw_uav.params
-- Symlinking: /home/th1rt3en/DOCO/ws/install_rework/uav_bringup/share/uav_bringup/config/px4/rc/px4-rc.params
-- Symlinking: /home/th1rt3en/DOCO/ws/install_rework/uav_bringup/share/uav_bringup/config/rviz/sitl_uav.rviz
-- Symlinking: /home/th1rt3en/DOCO/ws/install_rework/uav_bringup/share/uav_bringup/config/sim/uav.env
-- Symlinking: /home/th1rt3en/DOCO/ws/install_rework/uav_bringup/share/ament_index/resource_index/package_run_dependencies/uav_bringup
-- Symlinking: /home/th1rt3en/DOCO/ws/install_rework/uav_bringup/share/ament_index/resource_index/parent_prefix_path/uav_bringup
-- Symlinking: /home/th1rt3en/DOCO/ws/install_rework/uav_bringup/share/uav_bringup/environment/ament_prefix_path.sh
-- Symlinking: /home/th1rt3en/DOCO/ws/install_rework/uav_bringup/share/uav_bringup/environment/ament_prefix_path.dsv
-- Symlinking: /home/th1rt3en/DOCO/ws/install_rework/uav_bringup/share/uav_bringup/environment/path.sh
-- Symlinking: /home/th1rt3en/DOCO/ws/install_rework/uav_bringup/share/uav_bringup/environment/path.dsv
-- Symlinking: /home/th1rt3en/DOCO/ws/install_rework/uav_bringup/share/uav_bringup/local_setup.bash
-- Symlinking: /home/th1rt3en/DOCO/ws/install_rework/uav_bringup/share/uav_bringup/local_setup.sh
-- Symlinking: /home/th1rt3en/DOCO/ws/install_rework/uav_bringup/share/uav_bringup/local_setup.zsh
-- Symlinking: /home/th1rt3en/DOCO/ws/install_rework/uav_bringup/share/uav_bringup/local_setup.dsv
-- Symlinking: /home/th1rt3en/DOCO/ws/install_rework/uav_bringup/share/uav_bringup/package.dsv
-- Symlinking: /home/th1rt3en/DOCO/ws/install_rework/uav_bringup/share/ament_index/resource_index/packages/uav_bringup
-- Symlinking: /home/th1rt3en/DOCO/ws/install_rework/uav_bringup/share/uav_bringup/cmake/uav_bringupConfig.cmake
-- Symlinking: /home/th1rt3en/DOCO/ws/install_rework/uav_bringup/share/uav_bringup/cmake/uav_bringupConfig-version.cmake
-- Symlinking: /home/th1rt3en/DOCO/ws/install_rework/uav_bringup/share/uav_bringup/package.xml
Listing '/home/th1rt3en/DOCO/ws/install_rework/uav_bringup/local/lib/python3.10/dist-packages/uav_bringup'...
Compiling '/home/th1rt3en/DOCO/ws/install_rework/uav_bringup/local/lib/python3.10/dist-packages/uav_bringup/__init__.py'...
Compiling '/home/th1rt3en/DOCO/ws/install_rework/uav_bringup/local/lib/python3.10/dist-packages/uav_bringup/profile_defaults.py'...
