[0.024s] Invoking command in '/home/th1rt3en/DOCO/ws/build_rework/uav_bringup': AMENT_PREFIX_PATH=/home/th1rt3en/DOCO/ws/install_rework/uav_bridge:/home/th1rt3en/DOCO/ws/install_rework/sim_worlds:/home/th1rt3en/DOCO/ws/install_rework/ugv_sim_tools:/home/th1rt3en/DOCO/ws/install_rework/uav_description:/home/th1rt3en/DOCO/ws/install_rework/quadrotor_msgs:/home/th1rt3en/DOCO/ws/install_rework/px4_msgs:${AMENT_PREFIX_PATH} CMAKE_PREFIX_PATH=/home/th1rt3en/DOCO/ws/install_rework/uav_bridge:/home/th1rt3en/DOCO/ws/install_rework/sim_worlds:/home/th1rt3en/DOCO/ws/install_rework/ugv_sim_tools:/home/th1rt3en/DOCO/ws/install_rework/uav_description:/home/th1rt3en/DOCO/ws/install_rework/quadrotor_msgs:/home/th1rt3en/DOCO/ws/install_rework/px4_msgs:/opt/ros/humble LD_LIBRARY_PATH=/home/th1rt3en/DOCO/ws/install_rework/quadrotor_msgs/lib:/home/th1rt3en/DOCO/ws/install_rework/px4_msgs/lib:${LD_LIBRARY_PATH} PYTHONPATH=/home/th1rt3en/DOCO/ws/install_rework/sim_worlds/local/lib/python3.10/dist-packages:/home/th1rt3en/DOCO/ws/install_rework/quadrotor_msgs/local/lib/python3.10/dist-packages:/home/th1rt3en/DOCO/ws/install_rework/px4_msgs/local/lib/python3.10/dist-packages:${PYTHONPATH} /usr/bin/cmake /home/th1rt3en/DOCO/ws/src/uav_bringup -DAMENT_CMAKE_SYMLINK_INSTALL=1 -DCMAKE_INSTALL_PREFIX=/home/th1rt3en/DOCO/ws/install_rework/uav_bringup
[0.076s] -- The C compiler identification is GNU 11.4.0
[0.122s] -- The CXX compiler identification is GNU 11.4.0
[0.128s] -- Detecting C compiler ABI info
[0.196s] -- Detecting C compiler ABI info - done
[0.201s] -- Check for working C compiler: /usr/bin/cc - skipped
[0.201s] -- Detecting C compile features
[0.201s] -- Detecting C compile features - done
[0.203s] -- Detecting CXX compiler ABI info
[0.278s] -- Detecting CXX compiler ABI info - done
[0.284s] -- Check for working CXX compiler: /usr/bin/c++ - skipped
[0.284s] -- Detecting CXX compile features
[0.284s] -- Detecting CXX compile features - done
[0.287s] -- Found ament_cmake: 1.3.13 (/opt/ros/humble/share/ament_cmake/cmake)
[0.410s] -- Found Python3: /usr/bin/python3 (found version "3.10.12") found components: Interpreter 
[0.463s] -- Override CMake install command with custom implementation using symlinks instead of copying resources
[0.606s] -- Configuring done
[0.609s] -- Generating done
[0.610s] -- Build files have been written to: /home/th1rt3en/DOCO/ws/build_rework/uav_bringup
[0.614s] Invoked command in '/home/th1rt3en/DOCO/ws/build_rework/uav_bringup' returned '0': AMENT_PREFIX_PATH=/home/th1rt3en/DOCO/ws/install_rework/uav_bridge:/home/th1rt3en/DOCO/ws/install_rework/sim_worlds:/home/th1rt3en/DOCO/ws/install_rework/ugv_sim_tools:/home/th1rt3en/DOCO/ws/install_rework/uav_description:/home/th1rt3en/DOCO/ws/install_rework/quadrotor_msgs:/home/th1rt3en/DOCO/ws/install_rework/px4_msgs:${AMENT_PREFIX_PATH} CMAKE_PREFIX_PATH=/home/th1rt3en/DOCO/ws/install_rework/uav_bridge:/home/th1rt3en/DOCO/ws/install_rework/sim_worlds:/home/th1rt3en/DOCO/ws/install_rework/ugv_sim_tools:/home/th1rt3en/DOCO/ws/install_rework/uav_description:/home/th1rt3en/DOCO/ws/install_rework/quadrotor_msgs:/home/th1rt3en/DOCO/ws/install_rework/px4_msgs:/opt/ros/humble LD_LIBRARY_PATH=/home/th1rt3en/DOCO/ws/install_rework/quadrotor_msgs/lib:/home/th1rt3en/DOCO/ws/install_rework/px4_msgs/lib:${LD_LIBRARY_PATH} PYTHONPATH=/home/th1rt3en/DOCO/ws/install_rework/sim_worlds/local/lib/python3.10/dist-packages:/home/th1rt3en/DOCO/ws/install_rework/quadrotor_msgs/local/lib/python3.10/dist-packages:/home/th1rt3en/DOCO/ws/install_rework/px4_msgs/local/lib/python3.10/dist-packages:${PYTHONPATH} /usr/bin/cmake /home/th1rt3en/DOCO/ws/src/uav_bringup -DAMENT_CMAKE_SYMLINK_INSTALL=1 -DCMAKE_INSTALL_PREFIX=/home/th1rt3en/DOCO/ws/install_rework/uav_bringup
[0.615s] Invoking command in '/home/th1rt3en/DOCO/ws/build_rework/uav_bringup': AMENT_PREFIX_PATH=/home/th1rt3en/DOCO/ws/install_rework/uav_bridge:/home/th1rt3en/DOCO/ws/install_rework/sim_worlds:/home/th1rt3en/DOCO/ws/install_rework/ugv_sim_tools:/home/th1rt3en/DOCO/ws/install_rework/uav_description:/home/th1rt3en/DOCO/ws/install_rework/quadrotor_msgs:/home/th1rt3en/DOCO/ws/install_rework/px4_msgs:${AMENT_PREFIX_PATH} CMAKE_PREFIX_PATH=/home/th1rt3en/DOCO/ws/install_rework/uav_bridge:/home/th1rt3en/DOCO/ws/install_rework/sim_worlds:/home/th1rt3en/DOCO/ws/install_rework/ugv_sim_tools:/home/th1rt3en/DOCO/ws/install_rework/uav_description:/home/th1rt3en/DOCO/ws/install_rework/quadrotor_msgs:/home/th1rt3en/DOCO/ws/install_rework/px4_msgs:/opt/ros/humble LD_LIBRARY_PATH=/home/th1rt3en/DOCO/ws/install_rework/quadrotor_msgs/lib:/home/th1rt3en/DOCO/ws/install_rework/px4_msgs/lib:${LD_LIBRARY_PATH} PYTHONPATH=/home/th1rt3en/DOCO/ws/install_rework/sim_worlds/local/lib/python3.10/dist-packages:/home/th1rt3en/DOCO/ws/install_rework/quadrotor_msgs/local/lib/python3.10/dist-packages:/home/th1rt3en/DOCO/ws/install_rework/px4_msgs/local/lib/python3.10/dist-packages:${PYTHONPATH} /usr/bin/cmake --build /home/th1rt3en/DOCO/ws/build_rework/uav_bringup -- -j16 -l16
[0.671s] Built target ament_cmake_python_symlink_uav_bringup
[0.837s] running egg_info
[0.837s] creating uav_bringup.egg-info
[0.837s] writing uav_bringup.egg-info/PKG-INFO
[0.837s] writing dependency_links to uav_bringup.egg-info/dependency_links.txt
[0.837s] writing top-level names to uav_bringup.egg-info/top_level.txt
[0.838s] writing manifest file 'uav_bringup.egg-info/SOURCES.txt'
[0.839s] reading manifest file 'uav_bringup.egg-info/SOURCES.txt'
[0.839s] writing manifest file 'uav_bringup.egg-info/SOURCES.txt'
[0.866s] Built target ament_cmake_python_build_uav_bringup_egg
[0.877s] Invoked command in '/home/th1rt3en/DOCO/ws/build_rework/uav_bringup' returned '0': AMENT_PREFIX_PATH=/home/th1rt3en/DOCO/ws/install_rework/uav_bridge:/home/th1rt3en/DOCO/ws/install_rework/sim_worlds:/home/th1rt3en/DOCO/ws/install_rework/ugv_sim_tools:/home/th1rt3en/DOCO/ws/install_rework/uav_description:/home/th1rt3en/DOCO/ws/install_rework/quadrotor_msgs:/home/th1rt3en/DOCO/ws/install_rework/px4_msgs:${AMENT_PREFIX_PATH} CMAKE_PREFIX_PATH=/home/th1rt3en/DOCO/ws/install_rework/uav_bridge:/home/th1rt3en/DOCO/ws/install_rework/sim_worlds:/home/th1rt3en/DOCO/ws/install_rework/ugv_sim_tools:/home/th1rt3en/DOCO/ws/install_rework/uav_description:/home/th1rt3en/DOCO/ws/install_rework/quadrotor_msgs:/home/th1rt3en/DOCO/ws/install_rework/px4_msgs:/opt/ros/humble LD_LIBRARY_PATH=/home/th1rt3en/DOCO/ws/install_rework/quadrotor_msgs/lib:/home/th1rt3en/DOCO/ws/install_rework/px4_msgs/lib:${LD_LIBRARY_PATH} PYTHONPATH=/home/th1rt3en/DOCO/ws/install_rework/sim_worlds/local/lib/python3.10/dist-packages:/home/th1rt3en/DOCO/ws/install_rework/quadrotor_msgs/local/lib/python3.10/dist-packages:/home/th1rt3en/DOCO/ws/install_rework/px4_msgs/local/lib/python3.10/dist-packages:${PYTHONPATH} /usr/bin/cmake --build /home/th1rt3en/DOCO/ws/build_rework/uav_bringup -- -j16 -l16
[0.878s] Invoking command in '/home/th1rt3en/DOCO/ws/build_rework/uav_bringup': AMENT_PREFIX_PATH=/home/th1rt3en/DOCO/ws/install_rework/uav_bridge:/home/th1rt3en/DOCO/ws/install_rework/sim_worlds:/home/th1rt3en/DOCO/ws/install_rework/ugv_sim_tools:/home/th1rt3en/DOCO/ws/install_rework/uav_description:/home/th1rt3en/DOCO/ws/install_rework/quadrotor_msgs:/home/th1rt3en/DOCO/ws/install_rework/px4_msgs:${AMENT_PREFIX_PATH} CMAKE_PREFIX_PATH=/home/th1rt3en/DOCO/ws/install_rework/uav_bridge:/home/th1rt3en/DOCO/ws/install_rework/sim_worlds:/home/th1rt3en/DOCO/ws/install_rework/ugv_sim_tools:/home/th1rt3en/DOCO/ws/install_rework/uav_description:/home/th1rt3en/DOCO/ws/install_rework/quadrotor_msgs:/home/th1rt3en/DOCO/ws/install_rework/px4_msgs:/opt/ros/humble LD_LIBRARY_PATH=/home/th1rt3en/DOCO/ws/install_rework/quadrotor_msgs/lib:/home/th1rt3en/DOCO/ws/install_rework/px4_msgs/lib:${LD_LIBRARY_PATH} PYTHONPATH=/home/th1rt3en/DOCO/ws/install_rework/sim_worlds/local/lib/python3.10/dist-packages:/home/th1rt3en/DOCO/ws/install_rework/quadrotor_msgs/local/lib/python3.10/dist-packages:/home/th1rt3en/DOCO/ws/install_rework/px4_msgs/local/lib/python3.10/dist-packages:${PYTHONPATH} /usr/bin/cmake --install /home/th1rt3en/DOCO/ws/build_rework/uav_bringup
[0.885s] -- Install configuration: ""
[0.886s] -- Execute custom install script
[0.886s] -- Symlinking: /home/th1rt3en/DOCO/ws/install_rework/uav_bringup/share/uav_bringup/environment/pythonpath.sh
[0.896s] -- Symlinking: /home/th1rt3en/DOCO/ws/install_rework/uav_bringup/share/uav_bringup/environment/pythonpath.dsv
[0.906s] -- Symlinking: /home/th1rt3en/DOCO/ws/install_rework/uav_bringup/local/lib/python3.10/dist-packages/uav_bringup-0.1.0-py3.10.egg-info/PKG-INFO
[0.916s] -- Symlinking: /home/th1rt3en/DOCO/ws/install_rework/uav_bringup/local/lib/python3.10/dist-packages/uav_bringup-0.1.0-py3.10.egg-info/SOURCES.txt
[0.924s] -- Symlinking: /home/th1rt3en/DOCO/ws/install_rework/uav_bringup/local/lib/python3.10/dist-packages/uav_bringup-0.1.0-py3.10.egg-info/dependency_links.txt
[0.933s] -- Symlinking: /home/th1rt3en/DOCO/ws/install_rework/uav_bringup/local/lib/python3.10/dist-packages/uav_bringup-0.1.0-py3.10.egg-info/top_level.txt
[0.943s] -- Symlinking: /home/th1rt3en/DOCO/ws/install_rework/uav_bringup/local/lib/python3.10/dist-packages/uav_bringup/__init__.py
[0.953s] -- Symlinking: /home/th1rt3en/DOCO/ws/install_rework/uav_bringup/local/lib/python3.10/dist-packages/uav_bringup/profile_defaults.py
[0.962s] -- Symlinking: /home/th1rt3en/DOCO/ws/install_rework/uav_bringup/lib/uav_bringup/run_px4_gz_uav.sh
[0.972s] -- Symlinking: /home/th1rt3en/DOCO/ws/install_rework/uav_bringup/share/uav_bringup/launch/__pycache__/gz_sim.launch.cpython-310.pyc
[0.981s] -- Symlinking: /home/th1rt3en/DOCO/ws/install_rework/uav_bringup/share/uav_bringup/launch/__pycache__/profile_defaults.cpython-310.pyc
[0.990s] -- Symlinking: /home/th1rt3en/DOCO/ws/install_rework/uav_bringup/share/uav_bringup/launch/__pycache__/sitl_uav.launch.cpython-310.pyc
[0.999s] -- Symlinking: /home/th1rt3en/DOCO/ws/install_rework/uav_bringup/share/uav_bringup/launch/__pycache__/sitl_uav_ego.launch.cpython-310.pyc
[1.009s] -- Symlinking: /home/th1rt3en/DOCO/ws/install_rework/uav_bringup/share/uav_bringup/launch/gz_sim.launch.py
[1.018s] -- Symlinking: /home/th1rt3en/DOCO/ws/install_rework/uav_bringup/share/uav_bringup/launch/hw_mono_camera.launch.py
[1.027s] -- Symlinking: /home/th1rt3en/DOCO/ws/install_rework/uav_bringup/share/uav_bringup/launch/profile_defaults.py
[1.037s] -- Symlinking: /home/th1rt3en/DOCO/ws/install_rework/uav_bringup/share/uav_bringup/launch/px4_planar_odom.launch.py
[1.046s] -- Symlinking: /home/th1rt3en/DOCO/ws/install_rework/uav_bringup/share/uav_bringup/launch/sitl_uav.launch.py
[1.056s] -- Symlinking: /home/th1rt3en/DOCO/ws/install_rework/uav_bringup/share/uav_bringup/config/px4/airframes/4901_gz_uav
[1.067s] -- Symlinking: /home/th1rt3en/DOCO/ws/install_rework/uav_bringup/share/uav_bringup/config/px4/rc/frames/hw_uav.params
[1.076s] -- Symlinking: /home/th1rt3en/DOCO/ws/install_rework/uav_bringup/share/uav_bringup/config/px4/rc/px4-rc.params
[1.086s] -- Symlinking: /home/th1rt3en/DOCO/ws/install_rework/uav_bringup/share/uav_bringup/config/rviz/sitl_uav.rviz
[1.097s] -- Symlinking: /home/th1rt3en/DOCO/ws/install_rework/uav_bringup/share/uav_bringup/config/sim/uav.env
[1.107s] -- Symlinking: /home/th1rt3en/DOCO/ws/install_rework/uav_bringup/share/ament_index/resource_index/package_run_dependencies/uav_bringup
[1.116s] -- Symlinking: /home/th1rt3en/DOCO/ws/install_rework/uav_bringup/share/ament_index/resource_index/parent_prefix_path/uav_bringup
[1.127s] -- Symlinking: /home/th1rt3en/DOCO/ws/install_rework/uav_bringup/share/uav_bringup/environment/ament_prefix_path.sh
[1.137s] -- Symlinking: /home/th1rt3en/DOCO/ws/install_rework/uav_bringup/share/uav_bringup/environment/ament_prefix_path.dsv
[1.148s] -- Symlinking: /home/th1rt3en/DOCO/ws/install_rework/uav_bringup/share/uav_bringup/environment/path.sh
[1.158s] -- Symlinking: /home/th1rt3en/DOCO/ws/install_rework/uav_bringup/share/uav_bringup/environment/path.dsv
[1.169s] -- Symlinking: /home/th1rt3en/DOCO/ws/install_rework/uav_bringup/share/uav_bringup/local_setup.bash
[1.179s] -- Symlinking: /home/th1rt3en/DOCO/ws/install_rework/uav_bringup/share/uav_bringup/local_setup.sh
[1.189s] -- Symlinking: /home/th1rt3en/DOCO/ws/install_rework/uav_bringup/share/uav_bringup/local_setup.zsh
[1.199s] -- Symlinking: /home/th1rt3en/DOCO/ws/install_rework/uav_bringup/share/uav_bringup/local_setup.dsv
[1.209s] -- Symlinking: /home/th1rt3en/DOCO/ws/install_rework/uav_bringup/share/uav_bringup/package.dsv
[1.219s] -- Symlinking: /home/th1rt3en/DOCO/ws/install_rework/uav_bringup/share/ament_index/resource_index/packages/uav_bringup
[1.228s] -- Symlinking: /home/th1rt3en/DOCO/ws/install_rework/uav_bringup/share/uav_bringup/cmake/uav_bringupConfig.cmake
[1.239s] -- Symlinking: /home/th1rt3en/DOCO/ws/install_rework/uav_bringup/share/uav_bringup/cmake/uav_bringupConfig-version.cmake
[1.249s] -- Symlinking: /home/th1rt3en/DOCO/ws/install_rework/uav_bringup/share/uav_bringup/package.xml
[1.288s] Listing '/home/th1rt3en/DOCO/ws/install_rework/uav_bringup/local/lib/python3.10/dist-packages/uav_bringup'...
[1.288s] Compiling '/home/th1rt3en/DOCO/ws/install_rework/uav_bringup/local/lib/python3.10/dist-packages/uav_bringup/__init__.py'...
[1.288s] Compiling '/home/th1rt3en/DOCO/ws/install_rework/uav_bringup/local/lib/python3.10/dist-packages/uav_bringup/profile_defaults.py'...
[1.296s] Invoked command in '/home/th1rt3en/DOCO/ws/build_rework/uav_bringup' returned '0': AMENT_PREFIX_PATH=/home/th1rt3en/DOCO/ws/install_rework/uav_bridge:/home/th1rt3en/DOCO/ws/install_rework/sim_worlds:/home/th1rt3en/DOCO/ws/install_rework/ugv_sim_tools:/home/th1rt3en/DOCO/ws/install_rework/uav_description:/home/th1rt3en/DOCO/ws/install_rework/quadrotor_msgs:/home/th1rt3en/DOCO/ws/install_rework/px4_msgs:${AMENT_PREFIX_PATH} CMAKE_PREFIX_PATH=/home/th1rt3en/DOCO/ws/install_rework/uav_bridge:/home/th1rt3en/DOCO/ws/install_rework/sim_worlds:/home/th1rt3en/DOCO/ws/install_rework/ugv_sim_tools:/home/th1rt3en/DOCO/ws/install_rework/uav_description:/home/th1rt3en/DOCO/ws/install_rework/quadrotor_msgs:/home/th1rt3en/DOCO/ws/install_rework/px4_msgs:/opt/ros/humble LD_LIBRARY_PATH=/home/th1rt3en/DOCO/ws/install_rework/quadrotor_msgs/lib:/home/th1rt3en/DOCO/ws/install_rework/px4_msgs/lib:${LD_LIBRARY_PATH} PYTHONPATH=/home/th1rt3en/DOCO/ws/install_rework/sim_worlds/local/lib/python3.10/dist-packages:/home/th1rt3en/DOCO/ws/install_rework/quadrotor_msgs/local/lib/python3.10/dist-packages:/home/th1rt3en/DOCO/ws/install_rework/px4_msgs/local/lib/python3.10/dist-packages:${PYTHONPATH} /usr/bin/cmake --install /home/th1rt3en/DOCO/ws/build_rework/uav_bringup
