[0.005s] Invoking command in '/home/th1rt3en/DOCO/ws/build_rework/quadrotor_msgs': CMAKE_PREFIX_PATH=/opt/ros/humble /usr/bin/cmake /home/th1rt3en/DOCO/ws/src/quadrotor_msgs -DAMENT_CMAKE_SYMLINK_INSTALL=1 -DCMAKE_INSTALL_PREFIX=/home/th1rt3en/DOCO/ws/install_rework/quadrotor_msgs
[0.057s] -- The C compiler identification is GNU 11.4.0
[0.100s] -- The CXX compiler identification is GNU 11.4.0
[0.106s] -- Detecting C compiler ABI info
[0.160s] -- Detecting C compiler ABI info - done
[0.164s] -- Check for working C compiler: /usr/bin/cc - skipped
[0.164s] -- Detecting C compile features
[0.164s] -- Detecting C compile features - done
[0.166s] -- Detecting CXX compiler ABI info
[0.228s] -- Detecting CXX compiler ABI info - done
[0.233s] -- Check for working CXX compiler: /usr/bin/c++ - skipped
[0.233s] -- Detecting CXX compile features
[0.233s] -- Detecting CXX compile features - done
[0.235s] -- Found ament_cmake: 1.3.13 (/opt/ros/humble/share/ament_cmake/cmake)
[0.342s] -- Found Python3: /usr/bin/python3 (found version "3.10.12") found components: Interpreter 
[0.385s] -- Override CMake install command with custom implementation using symlinks instead of copying resources
[0.402s] -- Found geometry_msgs: 4.9.1 (/opt/ros/humble/share/geometry_msgs/cmake)
[0.440s] -- Found rosidl_generator_c: 3.1.8 (/opt/ros/humble/share/rosidl_generator_c/cmake)
[0.446s] -- Found rosidl_adapter: 3.1.8 (/opt/ros/humble/share/rosidl_adapter/cmake)
[0.456s] -- Found rosidl_generator_cpp: 3.1.8 (/opt/ros/humble/share/rosidl_generator_cpp/cmake)
[0.472s] -- Using all available rosidl_typesupport_c: rosidl_typesupport_fastrtps_c;rosidl_typesupport_introspection_c
[0.488s] -- Using all available rosidl_typesupport_cpp: rosidl_typesupport_fastrtps_cpp;rosidl_typesupport_introspection_cpp
[0.515s] -- Found nav_msgs: 4.9.1 (/opt/ros/humble/share/nav_msgs/cmake)
[0.527s] -- Found rclcpp: 16.0.18 (/opt/ros/humble/share/rclcpp/cmake)
[0.559s] -- Found rmw_implementation_cmake: 6.1.2 (/opt/ros/humble/share/rmw_implementation_cmake/cmake)
[0.561s] -- Found rmw_fastrtps_cpp: 6.2.10 (/opt/ros/humble/share/rmw_fastrtps_cpp/cmake)
[0.642s] -- Found OpenSSL: /usr/lib/x86_64-linux-gnu/libcrypto.so (found version "3.0.2")  
[0.668s] -- Found FastRTPS: /opt/ros/humble/include  
[0.706s] -- Using RMW implementation 'rmw_fastrtps_cpp' as default
[0.713s] -- Looking for pthread.h
[0.777s] -- Looking for pthread.h - found
[0.777s] -- Performing Test CMAKE_HAVE_LIBC_PTHREAD
[0.844s] -- Performing Test CMAKE_HAVE_LIBC_PTHREAD - Success
[0.845s] -- Found Threads: TRUE  
[0.877s] -- Found rosidl_default_generators: 1.2.0 (/opt/ros/humble/share/rosidl_default_generators/cmake)
[1.163s] -- Found ament_cmake_ros: 0.10.0 (/opt/ros/humble/share/ament_cmake_ros/cmake)
[1.482s] -- Using all available rosidl_typesupport_c: rosidl_typesupport_fastrtps_c;rosidl_typesupport_introspection_c
[1.602s] -- Using all available rosidl_typesupport_cpp: rosidl_typesupport_fastrtps_cpp;rosidl_typesupport_introspection_cpp
[1.619s] -- Found PythonInterp: /usr/bin/python3 (found suitable version "3.10.12", minimum required is "3.6") 
[1.620s] -- Found python_cmake_module: 0.10.0 (/opt/ros/humble/share/python_cmake_module/cmake)
[1.641s] -- Found PythonLibs: /usr/lib/x86_64-linux-gnu/libpython3.10.so (found suitable version "3.10.12", minimum required is "3.5") 
[1.641s] -- Using PYTHON_EXECUTABLE: /usr/bin/python3
[1.641s] -- Using PYTHON_INCLUDE_DIRS: /usr/include/python3.10
[1.641s] -- Using PYTHON_LIBRARIES: /usr/lib/x86_64-linux-gnu/libpython3.10.so
[1.656s] -- Found PythonExtra: .so  
[1.707s] -- Found ament_lint_auto: 0.12.15 (/opt/ros/humble/share/ament_lint_auto/cmake)
[1.726s] -- Added test 'cppcheck' to perform static code analysis on C / C++ code
[1.727s] -- Configured cppcheck include dirs: /home/th1rt3en/DOCO/ws/src/quadrotor_msgs/include
[1.727s] -- Configured cppcheck exclude dirs and/or files: 
[1.728s] -- Added test 'lint_cmake' to check CMake code style
[1.729s] -- Added test 'uncrustify' to check C / C++ code style
[1.729s] -- Configured uncrustify additional arguments: 
[1.730s] -- Added test 'xmllint' to check XML markup files
[1.732s] -- Configuring done
[1.783s] -- Generating done
[1.796s] -- Build files have been written to: /home/th1rt3en/DOCO/ws/build_rework/quadrotor_msgs
[1.813s] Invoked command in '/home/th1rt3en/DOCO/ws/build_rework/quadrotor_msgs' returned '0': CMAKE_PREFIX_PATH=/opt/ros/humble /usr/bin/cmake /home/th1rt3en/DOCO/ws/src/quadrotor_msgs -DAMENT_CMAKE_SYMLINK_INSTALL=1 -DCMAKE_INSTALL_PREFIX=/home/th1rt3en/DOCO/ws/install_rework/quadrotor_msgs
[1.815s] Invoking command in '/home/th1rt3en/DOCO/ws/build_rework/quadrotor_msgs': CMAKE_PREFIX_PATH=/opt/ros/humble /usr/bin/cmake --build /home/th1rt3en/DOCO/ws/build_rework/quadrotor_msgs -- -j16 -l16
[1.855s] [  1%] Generating C code for ROS interfaces
[1.863s] [  1%] Generating C++ code for ROS interfaces
[1.872s] [  1%] Built target ament_cmake_python_symlink_quadrotor_msgs
[2.063s] running egg_info
[2.063s] creating quadrotor_msgs.egg-info
[2.063s] writing quadrotor_msgs.egg-info/PKG-INFO
[2.063s] writing dependency_links to quadrotor_msgs.egg-info/dependency_links.txt
[2.064s] writing top-level names to quadrotor_msgs.egg-info/top_level.txt
[2.064s] writing manifest file 'quadrotor_msgs.egg-info/SOURCES.txt'
[2.066s] reading manifest file 'quadrotor_msgs.egg-info/SOURCES.txt'
[2.066s] writing manifest file 'quadrotor_msgs.egg-info/SOURCES.txt'
[2.099s] [  1%] Built target ament_cmake_python_build_quadrotor_msgs_egg
[2.724s] [  1%] Built target quadrotor_msgs__cpp
[2.734s] [  3%] Generating C++ introspection for ROS interfaces
[2.734s] [  3%] Generating C++ type support for eProsima Fast-RTPS
[2.734s] [  3%] Generating C++ type support dispatch for ROS interfaces
[2.748s] [  6%] Building C object CMakeFiles/quadrotor_msgs__rosidl_generator_c.dir/rosidl_generator_c/quadrotor_msgs/msg/detail/status_data__functions.c.o
[2.749s] [  6%] Building C object CMakeFiles/quadrotor_msgs__rosidl_generator_c.dir/rosidl_generator_c/quadrotor_msgs/msg/detail/corrections__functions.c.o
[2.749s] [  6%] Building C object CMakeFiles/quadrotor_msgs__rosidl_generator_c.dir/rosidl_generator_c/quadrotor_msgs/msg/detail/output_data__functions.c.o
[2.749s] [  6%] Building C object CMakeFiles/quadrotor_msgs__rosidl_generator_c.dir/rosidl_generator_c/quadrotor_msgs/msg/detail/ppr_output_data__functions.c.o
[2.749s] [  6%] Building C object CMakeFiles/quadrotor_msgs__rosidl_generator_c.dir/rosidl_generator_c/quadrotor_msgs/msg/detail/gains__functions.c.o
[2.749s] [  6%] Building C object CMakeFiles/quadrotor_msgs__rosidl_generator_c.dir/rosidl_generator_c/quadrotor_msgs/msg/detail/position_command__functions.c.o
[2.749s] [  7%] Building C object CMakeFiles/quadrotor_msgs__rosidl_generator_c.dir/rosidl_generator_c/quadrotor_msgs/msg/detail/aux_command__functions.c.o
[2.750s] [  8%] Building C object CMakeFiles/quadrotor_msgs__rosidl_generator_c.dir/rosidl_generator_c/quadrotor_msgs/msg/detail/serial__functions.c.o
[2.751s] [  9%] Building C object CMakeFiles/quadrotor_msgs__rosidl_generator_c.dir/rosidl_generator_c/quadrotor_msgs/msg/detail/lqr_trajectory__functions.c.o
[2.755s] [ 12%] Building C object CMakeFiles/quadrotor_msgs__rosidl_generator_c.dir/rosidl_generator_c/quadrotor_msgs/msg/detail/trpy_command__functions.c.o
[2.756s] [ 12%] Building C object CMakeFiles/quadrotor_msgs__rosidl_generator_c.dir/rosidl_generator_c/quadrotor_msgs/msg/detail/odometry__functions.c.o
[2.756s] [ 12%] Building C object CMakeFiles/quadrotor_msgs__rosidl_generator_c.dir/rosidl_generator_c/quadrotor_msgs/msg/detail/so3_command__functions.c.o
[2.756s] [ 13%] Building C object CMakeFiles/quadrotor_msgs__rosidl_generator_c.dir/rosidl_generator_c/quadrotor_msgs/msg/detail/polynomial_trajectory__functions.c.o
[2.847s] [ 14%] Linking C shared library libquadrotor_msgs__rosidl_generator_c.so
[2.899s] [ 14%] Built target quadrotor_msgs__rosidl_generator_c
[2.914s] [ 16%] Generating C introspection for ROS interfaces
[2.914s] [ 16%] Generating C type support for eProsima Fast-RTPS
[2.914s] [ 16%] Generating C type support dispatch for ROS interfaces
[3.598s] [ 18%] Building CXX object CMakeFiles/quadrotor_msgs__rosidl_typesupport_cpp.dir/rosidl_typesupport_cpp/quadrotor_msgs/msg/position_command__type_support.cpp.o
[3.598s] [ 18%] Building CXX object CMakeFiles/quadrotor_msgs__rosidl_typesupport_cpp.dir/rosidl_typesupport_cpp/quadrotor_msgs/msg/corrections__type_support.cpp.o
[3.598s] [ 19%] Building CXX object CMakeFiles/quadrotor_msgs__rosidl_typesupport_cpp.dir/rosidl_typesupport_cpp/quadrotor_msgs/msg/output_data__type_support.cpp.o
[3.600s] [ 19%] Building CXX object CMakeFiles/quadrotor_msgs__rosidl_typesupport_cpp.dir/rosidl_typesupport_cpp/quadrotor_msgs/msg/lqr_trajectory__type_support.cpp.o
[3.600s] [ 20%] Building CXX object CMakeFiles/quadrotor_msgs__rosidl_typesupport_cpp.dir/rosidl_typesupport_cpp/quadrotor_msgs/msg/gains__type_support.cpp.o
[3.600s] [ 21%] Building CXX object CMakeFiles/quadrotor_msgs__rosidl_typesupport_cpp.dir/rosidl_typesupport_cpp/quadrotor_msgs/msg/so3_command__type_support.cpp.o
[3.603s] [ 22%] Building CXX object CMakeFiles/quadrotor_msgs__rosidl_typesupport_cpp.dir/rosidl_typesupport_cpp/quadrotor_msgs/msg/status_data__type_support.cpp.o
[3.604s] [ 22%] Building CXX object CMakeFiles/quadrotor_msgs__rosidl_typesupport_cpp.dir/rosidl_typesupport_cpp/quadrotor_msgs/msg/ppr_output_data__type_support.cpp.o
[3.604s] [ 23%] Building CXX object CMakeFiles/quadrotor_msgs__rosidl_typesupport_cpp.dir/rosidl_typesupport_cpp/quadrotor_msgs/msg/aux_command__type_support.cpp.o
[3.604s] [ 24%] Building CXX object CMakeFiles/quadrotor_msgs__rosidl_typesupport_cpp.dir/rosidl_typesupport_cpp/quadrotor_msgs/msg/serial__type_support.cpp.o
[3.611s] [ 24%] Building CXX object CMakeFiles/quadrotor_msgs__rosidl_typesupport_cpp.dir/rosidl_typesupport_cpp/quadrotor_msgs/msg/trpy_command__type_support.cpp.o
[3.930s] [ 25%] Building CXX object CMakeFiles/quadrotor_msgs__rosidl_typesupport_cpp.dir/rosidl_typesupport_cpp/quadrotor_msgs/msg/polynomial_trajectory__type_support.cpp.o
[3.940s] [ 26%] Building CXX object CMakeFiles/quadrotor_msgs__rosidl_typesupport_cpp.dir/rosidl_typesupport_cpp/quadrotor_msgs/msg/odometry__type_support.cpp.o
[4.027s] [ 27%] Building CXX object CMakeFiles/quadrotor_msgs__rosidl_typesupport_introspection_cpp.dir/rosidl_typesupport_introspection_cpp/quadrotor_msgs/msg/detail/aux_command__type_support.cpp.o
[4.027s] [ 28%] Building CXX object CMakeFiles/quadrotor_msgs__rosidl_typesupport_c.dir/rosidl_typesupport_c/quadrotor_msgs/msg/aux_command__type_support.cpp.o
[4.027s] [ 29%] Building CXX object CMakeFiles/quadrotor_msgs__rosidl_typesupport_introspection_cpp.dir/rosidl_typesupport_introspection_cpp/quadrotor_msgs/msg/detail/gains__type_support.cpp.o
[4.027s] [ 29%] Building CXX object CMakeFiles/quadrotor_msgs__rosidl_typesupport_introspection_cpp.dir/rosidl_typesupport_introspection_cpp/quadrotor_msgs/msg/detail/corrections__type_support.cpp.o
[4.031s] [ 30%] Building CXX object CMakeFiles/quadrotor_msgs__rosidl_typesupport_c.dir/rosidl_typesupport_c/quadrotor_msgs/msg/corrections__type_support.cpp.o
[4.034s] [ 32%] Building CXX object CMakeFiles/quadrotor_msgs__rosidl_typesupport_introspection_cpp.dir/rosidl_typesupport_introspection_cpp/quadrotor_msgs/msg/detail/lqr_trajectory__type_support.cpp.o
[4.035s] [ 32%] Building CXX object CMakeFiles/quadrotor_msgs__rosidl_typesupport_introspection_cpp.dir/rosidl_typesupport_introspection_cpp/quadrotor_msgs/msg/detail/output_data__type_support.cpp.o
[4.048s] [ 32%] Building CXX object CMakeFiles/quadrotor_msgs__rosidl_typesupport_introspection_cpp.dir/rosidl_typesupport_introspection_cpp/quadrotor_msgs/msg/detail/position_command__type_support.cpp.o
[4.059s] [ 33%] Building CXX object CMakeFiles/quadrotor_msgs__rosidl_typesupport_introspection_cpp.dir/rosidl_typesupport_introspection_cpp/quadrotor_msgs/msg/detail/ppr_output_data__type_support.cpp.o
[4.071s] [ 33%] Building CXX object CMakeFiles/quadrotor_msgs__rosidl_typesupport_c.dir/rosidl_typesupport_c/quadrotor_msgs/msg/gains__type_support.cpp.o
[4.080s] [ 34%] Building CXX object CMakeFiles/quadrotor_msgs__rosidl_typesupport_introspection_cpp.dir/rosidl_typesupport_introspection_cpp/quadrotor_msgs/msg/detail/serial__type_support.cpp.o
[4.096s] [ 35%] Building CXX object CMakeFiles/quadrotor_msgs__rosidl_typesupport_c.dir/rosidl_typesupport_c/quadrotor_msgs/msg/lqr_trajectory__type_support.cpp.o
[4.103s] [ 36%] Building CXX object CMakeFiles/quadrotor_msgs__rosidl_typesupport_introspection_cpp.dir/rosidl_typesupport_introspection_cpp/quadrotor_msgs/msg/detail/so3_command__type_support.cpp.o
[4.127s] [ 37%] Building CXX object CMakeFiles/quadrotor_msgs__rosidl_typesupport_fastrtps_cpp.dir/rosidl_typesupport_fastrtps_cpp/quadrotor_msgs/msg/detail/dds_fastrtps/aux_command__type_support.cpp.o
[4.167s] [ 37%] Building CXX object CMakeFiles/quadrotor_msgs__rosidl_typesupport_introspection_cpp.dir/rosidl_typesupport_introspection_cpp/quadrotor_msgs/msg/detail/status_data__type_support.cpp.o
[4.181s] [ 38%] Building CXX object CMakeFiles/quadrotor_msgs__rosidl_typesupport_c.dir/rosidl_typesupport_c/quadrotor_msgs/msg/output_data__type_support.cpp.o
[4.219s] [ 39%] Building C object CMakeFiles/quadrotor_msgs__rosidl_typesupport_introspection_c.dir/rosidl_typesupport_introspection_c/quadrotor_msgs/msg/detail/aux_command__type_support.c.o
[4.249s] [ 40%] Building CXX object CMakeFiles/quadrotor_msgs__rosidl_typesupport_c.dir/rosidl_typesupport_c/quadrotor_msgs/msg/position_command__type_support.cpp.o
[4.251s] [ 39%] Building CXX object CMakeFiles/quadrotor_msgs__rosidl_typesupport_c.dir/rosidl_typesupport_c/quadrotor_msgs/msg/ppr_output_data__type_support.cpp.o
[4.312s] [ 41%] Linking CXX shared library libquadrotor_msgs__rosidl_typesupport_cpp.so
[4.316s] [ 41%] Building C object CMakeFiles/quadrotor_msgs__rosidl_typesupport_introspection_c.dir/rosidl_typesupport_introspection_c/quadrotor_msgs/msg/detail/corrections__type_support.c.o
[4.330s] [ 42%] Building CXX object CMakeFiles/quadrotor_msgs__rosidl_typesupport_c.dir/rosidl_typesupport_c/quadrotor_msgs/msg/serial__type_support.cpp.o
[4.333s] [ 43%] Building CXX object CMakeFiles/quadrotor_msgs__rosidl_typesupport_fastrtps_cpp.dir/rosidl_typesupport_fastrtps_cpp/quadrotor_msgs/msg/detail/dds_fastrtps/corrections__type_support.cpp.o
[4.368s] [ 44%] Building C object CMakeFiles/quadrotor_msgs__rosidl_typesupport_introspection_c.dir/rosidl_typesupport_introspection_c/quadrotor_msgs/msg/detail/gains__type_support.c.o
[4.394s] [ 44%] Built target quadrotor_msgs__rosidl_typesupport_cpp
[4.401s] [ 45%] Building CXX object CMakeFiles/quadrotor_msgs__rosidl_typesupport_c.dir/rosidl_typesupport_c/quadrotor_msgs/msg/so3_command__type_support.cpp.o
[4.426s] [ 46%] Building C object CMakeFiles/quadrotor_msgs__rosidl_typesupport_introspection_c.dir/rosidl_typesupport_introspection_c/quadrotor_msgs/msg/detail/lqr_trajectory__type_support.c.o
[4.438s] [ 47%] Building CXX object CMakeFiles/quadrotor_msgs__rosidl_typesupport_fastrtps_cpp.dir/rosidl_typesupport_fastrtps_cpp/quadrotor_msgs/msg/detail/dds_fastrtps/gains__type_support.cpp.o
[4.473s] [ 48%] Building CXX object CMakeFiles/quadrotor_msgs__rosidl_typesupport_c.dir/rosidl_typesupport_c/quadrotor_msgs/msg/status_data__type_support.cpp.o
[4.507s] [ 49%] Building C object CMakeFiles/quadrotor_msgs__rosidl_typesupport_introspection_c.dir/rosidl_typesupport_introspection_c/quadrotor_msgs/msg/detail/output_data__type_support.c.o
[4.529s] [ 50%] Building CXX object CMakeFiles/quadrotor_msgs__rosidl_typesupport_introspection_cpp.dir/rosidl_typesupport_introspection_cpp/quadrotor_msgs/msg/detail/trpy_command__type_support.cpp.o
[4.530s] [ 50%] Building CXX object CMakeFiles/quadrotor_msgs__rosidl_typesupport_c.dir/rosidl_typesupport_c/quadrotor_msgs/msg/trpy_command__type_support.cpp.o
[4.534s] [ 51%] Building CXX object CMakeFiles/quadrotor_msgs__rosidl_typesupport_c.dir/rosidl_typesupport_c/quadrotor_msgs/msg/odometry__type_support.cpp.o
[4.589s] [ 52%] Building C object CMakeFiles/quadrotor_msgs__rosidl_typesupport_introspection_c.dir/rosidl_typesupport_introspection_c/quadrotor_msgs/msg/detail/ppr_output_data__type_support.c.o
[4.592s] [ 52%] Building C object CMakeFiles/quadrotor_msgs__rosidl_typesupport_introspection_c.dir/rosidl_typesupport_introspection_c/quadrotor_msgs/msg/detail/position_command__type_support.c.o
[4.601s] [ 53%] Building CXX object CMakeFiles/quadrotor_msgs__rosidl_typesupport_c.dir/rosidl_typesupport_c/quadrotor_msgs/msg/polynomial_trajectory__type_support.cpp.o
[4.615s] [ 54%] Building C object CMakeFiles/quadrotor_msgs__rosidl_typesupport_introspection_c.dir/rosidl_typesupport_introspection_c/quadrotor_msgs/msg/detail/serial__type_support.c.o
[4.634s] [ 55%] Building CXX object CMakeFiles/quadrotor_msgs__rosidl_typesupport_introspection_cpp.dir/rosidl_typesupport_introspection_cpp/quadrotor_msgs/msg/detail/odometry__type_support.cpp.o
[4.640s] [ 56%] Building C object CMakeFiles/quadrotor_msgs__rosidl_typesupport_introspection_c.dir/rosidl_typesupport_introspection_c/quadrotor_msgs/msg/detail/so3_command__type_support.c.o
[4.669s] [ 57%] Building CXX object CMakeFiles/quadrotor_msgs__rosidl_typesupport_fastrtps_cpp.dir/rosidl_typesupport_fastrtps_cpp/quadrotor_msgs/msg/detail/dds_fastrtps/lqr_trajectory__type_support.cpp.o
[4.669s] [ 57%] Building CXX object CMakeFiles/quadrotor_msgs__rosidl_typesupport_introspection_cpp.dir/rosidl_typesupport_introspection_cpp/quadrotor_msgs/msg/detail/polynomial_trajectory__type_support.cpp.o
[4.674s] [ 58%] Linking CXX shared library libquadrotor_msgs__rosidl_typesupport_c.so
[4.687s] [ 58%] Building C object CMakeFiles/quadrotor_msgs__rosidl_typesupport_introspection_c.dir/rosidl_typesupport_introspection_c/quadrotor_msgs/msg/detail/status_data__type_support.c.o
[4.693s] [ 59%] Building CXX object CMakeFiles/quadrotor_msgs__rosidl_typesupport_fastrtps_cpp.dir/rosidl_typesupport_fastrtps_cpp/quadrotor_msgs/msg/detail/dds_fastrtps/output_data__type_support.cpp.o
[4.700s] [ 61%] Building CXX object CMakeFiles/quadrotor_msgs__rosidl_typesupport_fastrtps_cpp.dir/rosidl_typesupport_fastrtps_cpp/quadrotor_msgs/msg/detail/dds_fastrtps/ppr_output_data__type_support.cpp.o
[4.700s] [ 61%] Building CXX object CMakeFiles/quadrotor_msgs__rosidl_typesupport_fastrtps_c.dir/rosidl_typesupport_fastrtps_c/quadrotor_msgs/msg/detail/aux_command__type_support_c.cpp.o
[4.703s] [ 62%] Building CXX object CMakeFiles/quadrotor_msgs__rosidl_typesupport_fastrtps_cpp.dir/rosidl_typesupport_fastrtps_cpp/quadrotor_msgs/msg/detail/dds_fastrtps/position_command__type_support.cpp.o
[4.728s] [ 63%] Building CXX object CMakeFiles/quadrotor_msgs__rosidl_typesupport_fastrtps_c.dir/rosidl_typesupport_fastrtps_c/quadrotor_msgs/msg/detail/corrections__type_support_c.cpp.o
[4.735s] [ 64%] Building C object CMakeFiles/quadrotor_msgs__rosidl_typesupport_introspection_c.dir/rosidl_typesupport_introspection_c/quadrotor_msgs/msg/detail/trpy_command__type_support.c.o
[4.737s] [ 64%] Building CXX object CMakeFiles/decode_msgs.dir/src/decode_msgs.cpp.o
[4.765s] [ 64%] Building CXX object CMakeFiles/quadrotor_msgs__rosidl_typesupport_fastrtps_cpp.dir/rosidl_typesupport_fastrtps_cpp/quadrotor_msgs/msg/detail/dds_fastrtps/serial__type_support.cpp.o
[4.803s] [ 65%] Building CXX object CMakeFiles/encode_msgs.dir/src/encode_msgs.cpp.o
[4.814s] [ 65%] Built target quadrotor_msgs__rosidl_typesupport_c
[4.827s] [ 66%] Building C object CMakeFiles/quadrotor_msgs__rosidl_typesupport_introspection_c.dir/rosidl_typesupport_introspection_c/quadrotor_msgs/msg/detail/odometry__type_support.c.o
[4.839s] [ 67%] Building CXX object CMakeFiles/quadrotor_msgs__rosidl_typesupport_fastrtps_cpp.dir/rosidl_typesupport_fastrtps_cpp/quadrotor_msgs/msg/detail/dds_fastrtps/so3_command__type_support.cpp.o
[4.885s] [ 68%] Building C object CMakeFiles/quadrotor_msgs__rosidl_typesupport_introspection_c.dir/rosidl_typesupport_introspection_c/quadrotor_msgs/msg/detail/polynomial_trajectory__type_support.c.o
[4.956s] [ 69%] Building CXX object CMakeFiles/quadrotor_msgs__rosidl_typesupport_fastrtps_c.dir/rosidl_typesupport_fastrtps_c/quadrotor_msgs/msg/detail/gains__type_support_c.cpp.o
[4.983s] [ 70%] Building CXX object CMakeFiles/quadrotor_msgs__rosidl_typesupport_fastrtps_cpp.dir/rosidl_typesupport_fastrtps_cpp/quadrotor_msgs/msg/detail/dds_fastrtps/status_data__type_support.cpp.o
[5.002s] [ 71%] Linking C shared library libquadrotor_msgs__rosidl_typesupport_introspection_c.so
[5.085s] [ 71%] Built target quadrotor_msgs__rosidl_typesupport_introspection_c
[5.118s] [ 71%] Building CXX object CMakeFiles/quadrotor_msgs__rosidl_typesupport_fastrtps_c.dir/rosidl_typesupport_fastrtps_c/quadrotor_msgs/msg/detail/lqr_trajectory__type_support_c.cpp.o
[5.201s] [ 72%] Building CXX object CMakeFiles/quadrotor_msgs__rosidl_typesupport_fastrtps_cpp.dir/rosidl_typesupport_fastrtps_cpp/quadrotor_msgs/msg/detail/dds_fastrtps/trpy_command__type_support.cpp.o
[5.231s] [ 73%] Building CXX object CMakeFiles/quadrotor_msgs__rosidl_typesupport_fastrtps_c.dir/rosidl_typesupport_fastrtps_c/quadrotor_msgs/msg/detail/output_data__type_support_c.cpp.o
[5.264s] [ 74%] Building CXX object CMakeFiles/quadrotor_msgs__rosidl_typesupport_fastrtps_cpp.dir/rosidl_typesupport_fastrtps_cpp/quadrotor_msgs/msg/detail/dds_fastrtps/odometry__type_support.cpp.o
[5.318s] [ 74%] Building CXX object CMakeFiles/quadrotor_msgs__rosidl_typesupport_fastrtps_cpp.dir/rosidl_typesupport_fastrtps_cpp/quadrotor_msgs/msg/detail/dds_fastrtps/polynomial_trajectory__type_support.cpp.o
[5.337s] [ 75%] Building CXX object CMakeFiles/quadrotor_msgs__rosidl_typesupport_fastrtps_c.dir/rosidl_typesupport_fastrtps_c/quadrotor_msgs/msg/detail/position_command__type_support_c.cpp.o
[5.379s] [ 76%] Building CXX object CMakeFiles/quadrotor_msgs__rosidl_typesupport_fastrtps_c.dir/rosidl_typesupport_fastrtps_c/quadrotor_msgs/msg/detail/serial__type_support_c.cpp.o
[5.389s] [ 77%] Building CXX object CMakeFiles/quadrotor_msgs__rosidl_typesupport_fastrtps_c.dir/rosidl_typesupport_fastrtps_c/quadrotor_msgs/msg/detail/ppr_output_data__type_support_c.cpp.o
[5.447s] [ 77%] Building CXX object CMakeFiles/quadrotor_msgs__rosidl_typesupport_fastrtps_c.dir/rosidl_typesupport_fastrtps_c/quadrotor_msgs/msg/detail/so3_command__type_support_c.cpp.o
[5.466s] [ 78%] Linking CXX shared library libquadrotor_msgs__rosidl_typesupport_introspection_cpp.so
[5.466s] [ 79%] Building CXX object CMakeFiles/quadrotor_msgs__rosidl_typesupport_fastrtps_c.dir/rosidl_typesupport_fastrtps_c/quadrotor_msgs/msg/detail/status_data__type_support_c.cpp.o
[5.503s] [ 80%] Building CXX object CMakeFiles/quadrotor_msgs__rosidl_typesupport_fastrtps_c.dir/rosidl_typesupport_fastrtps_c/quadrotor_msgs/msg/detail/trpy_command__type_support_c.cpp.o
[5.564s] [ 81%] Building CXX object CMakeFiles/quadrotor_msgs__rosidl_typesupport_fastrtps_c.dir/rosidl_typesupport_fastrtps_c/quadrotor_msgs/msg/detail/odometry__type_support_c.cpp.o
[5.603s] [ 81%] Building CXX object CMakeFiles/quadrotor_msgs__rosidl_typesupport_fastrtps_c.dir/rosidl_typesupport_fastrtps_c/quadrotor_msgs/msg/detail/polynomial_trajectory__type_support_c.cpp.o
[5.765s] [ 81%] Built target quadrotor_msgs__rosidl_typesupport_introspection_cpp
[5.890s] [ 82%] Linking CXX shared library libquadrotor_msgs__rosidl_typesupport_fastrtps_cpp.so
[5.934s] [ 83%] Linking CXX shared library libencode_msgs.so
[5.995s] [ 83%] Built target quadrotor_msgs__rosidl_typesupport_fastrtps_cpp
[6.026s] [ 84%] Linking CXX shared library libquadrotor_msgs__rosidl_typesupport_fastrtps_c.so
[6.036s] [ 84%] Built target encode_msgs
[6.102s] [ 84%] Built target quadrotor_msgs__rosidl_typesupport_fastrtps_c
[6.122s] [ 84%] Built target quadrotor_msgs
[6.142s] [ 85%] Generating Python code for ROS interfaces
[6.435s] [ 86%] Linking CXX shared library libdecode_msgs.so
[6.542s] [ 86%] Built target decode_msgs
[7.444s] [ 86%] Built target quadrotor_msgs__py
[7.468s] [ 89%] Building C object CMakeFiles/quadrotor_msgs__rosidl_generator_py.dir/rosidl_generator_py/quadrotor_msgs/msg/_corrections_s.c.o
[7.468s] [ 89%] Building C object CMakeFiles/quadrotor_msgs__rosidl_generator_py.dir/rosidl_generator_py/quadrotor_msgs/msg/_aux_command_s.c.o
[7.468s] [ 89%] Building C object CMakeFiles/quadrotor_msgs__rosidl_generator_py.dir/rosidl_generator_py/quadrotor_msgs/msg/_gains_s.c.o
[7.468s] [ 89%] Building C object CMakeFiles/quadrotor_msgs__rosidl_generator_py.dir/rosidl_generator_py/quadrotor_msgs/msg/_output_data_s.c.o
[7.468s] [ 89%] Building C object CMakeFiles/quadrotor_msgs__rosidl_generator_py.dir/rosidl_generator_py/quadrotor_msgs/msg/_position_command_s.c.o
[7.470s] [ 90%] Building C object CMakeFiles/quadrotor_msgs__rosidl_generator_py.dir/rosidl_generator_py/quadrotor_msgs/msg/_lqr_trajectory_s.c.o
[7.470s] [ 91%] Building C object CMakeFiles/quadrotor_msgs__rosidl_generator_py.dir/rosidl_generator_py/quadrotor_msgs/msg/_so3_command_s.c.o
[7.470s] [ 93%] Building C object CMakeFiles/quadrotor_msgs__rosidl_generator_py.dir/rosidl_generator_py/quadrotor_msgs/msg/_serial_s.c.o
[7.470s] [ 95%] Building C object CMakeFiles/quadrotor_msgs__rosidl_generator_py.dir/rosidl_generator_py/quadrotor_msgs/msg/_trpy_command_s.c.o
[7.470s] [ 95%] Building C object CMakeFiles/quadrotor_msgs__rosidl_generator_py.dir/rosidl_generator_py/quadrotor_msgs/msg/_odometry_s.c.o
[7.470s] [ 95%] Building C object CMakeFiles/quadrotor_msgs__rosidl_generator_py.dir/rosidl_generator_py/quadrotor_msgs/msg/_status_data_s.c.o
[7.470s] [ 95%] Building C object CMakeFiles/quadrotor_msgs__rosidl_generator_py.dir/rosidl_generator_py/quadrotor_msgs/msg/_ppr_output_data_s.c.o
[7.473s] [ 95%] Building C object CMakeFiles/quadrotor_msgs__rosidl_generator_py.dir/rosidl_generator_py/quadrotor_msgs/msg/_polynomial_trajectory_s.c.o
[7.623s] [ 96%] Linking C shared library rosidl_generator_py/quadrotor_msgs/libquadrotor_msgs__rosidl_generator_py.so
[7.667s] [ 96%] Built target quadrotor_msgs__rosidl_generator_py
[7.686s] [ 97%] Building C object CMakeFiles/quadrotor_msgs__rosidl_typesupport_fastrtps_c__pyext.dir/rosidl_generator_py/quadrotor_msgs/_quadrotor_msgs_s.ep.rosidl_typesupport_fastrtps_c.c.o
[7.686s] [ 97%] Building C object CMakeFiles/quadrotor_msgs__rosidl_typesupport_introspection_c__pyext.dir/rosidl_generator_py/quadrotor_msgs/_quadrotor_msgs_s.ep.rosidl_typesupport_introspection_c.c.o
[7.686s] [ 97%] Building C object CMakeFiles/quadrotor_msgs__rosidl_typesupport_c__pyext.dir/rosidl_generator_py/quadrotor_msgs/_quadrotor_msgs_s.ep.rosidl_typesupport_c.c.o
[7.794s] [ 99%] Linking C shared library rosidl_generator_py/quadrotor_msgs/quadrotor_msgs_s__rosidl_typesupport_introspection_c.cpython-310-x86_64-linux-gnu.so
[7.794s] [ 99%] Linking C shared library rosidl_generator_py/quadrotor_msgs/quadrotor_msgs_s__rosidl_typesupport_fastrtps_c.cpython-310-x86_64-linux-gnu.so
[7.800s] [100%] Linking C shared library rosidl_generator_py/quadrotor_msgs/quadrotor_msgs_s__rosidl_typesupport_c.cpython-310-x86_64-linux-gnu.so
[7.837s] [100%] Built target quadrotor_msgs__rosidl_typesupport_introspection_c__pyext
[7.837s] [100%] Built target quadrotor_msgs__rosidl_typesupport_fastrtps_c__pyext
[7.842s] [100%] Built target quadrotor_msgs__rosidl_typesupport_c__pyext
[7.855s] Invoked command in '/home/th1rt3en/DOCO/ws/build_rework/quadrotor_msgs' returned '0': CMAKE_PREFIX_PATH=/opt/ros/humble /usr/bin/cmake --build /home/th1rt3en/DOCO/ws/build_rework/quadrotor_msgs -- -j16 -l16
[7.866s] Invoking command in '/home/th1rt3en/DOCO/ws/build_rework/quadrotor_msgs': CMAKE_PREFIX_PATH=/opt/ros/humble /usr/bin/cmake --install /home/th1rt3en/DOCO/ws/build_rework/quadrotor_msgs
[7.873s] -- Install configuration: ""
[7.873s] -- Execute custom install script
[7.873s] -- Symlinking: /home/th1rt3en/DOCO/ws/install_rework/quadrotor_msgs/share/ament_index/resource_index/rosidl_interfaces/quadrotor_msgs
[7.883s] -- Symlinking: /home/th1rt3en/DOCO/ws/install_rework/quadrotor_msgs/include/quadrotor_msgs/quadrotor_msgs/msg/aux_command.h
[7.892s] -- Symlinking: /home/th1rt3en/DOCO/ws/install_rework/quadrotor_msgs/include/quadrotor_msgs/quadrotor_msgs/msg/corrections.h
[7.900s] -- Symlinking: /home/th1rt3en/DOCO/ws/install_rework/quadrotor_msgs/include/quadrotor_msgs/quadrotor_msgs/msg/detail/aux_command__functions.h
[7.909s] -- Symlinking: /home/th1rt3en/DOCO/ws/install_rework/quadrotor_msgs/include/quadrotor_msgs/quadrotor_msgs/msg/detail/aux_command__struct.h
[7.918s] -- Symlinking: /home/th1rt3en/DOCO/ws/install_rework/quadrotor_msgs/include/quadrotor_msgs/quadrotor_msgs/msg/detail/aux_command__type_support.h
[7.927s] -- Symlinking: /home/th1rt3en/DOCO/ws/install_rework/quadrotor_msgs/include/quadrotor_msgs/quadrotor_msgs/msg/detail/corrections__functions.h
[7.936s] -- Symlinking: /home/th1rt3en/DOCO/ws/install_rework/quadrotor_msgs/include/quadrotor_msgs/quadrotor_msgs/msg/detail/corrections__struct.h
[7.945s] -- Symlinking: /home/th1rt3en/DOCO/ws/install_rework/quadrotor_msgs/include/quadrotor_msgs/quadrotor_msgs/msg/detail/corrections__type_support.h
[7.954s] -- Symlinking: /home/th1rt3en/DOCO/ws/install_rework/quadrotor_msgs/include/quadrotor_msgs/quadrotor_msgs/msg/detail/gains__functions.h
[7.963s] -- Symlinking: /home/th1rt3en/DOCO/ws/install_rework/quadrotor_msgs/include/quadrotor_msgs/quadrotor_msgs/msg/detail/gains__struct.h
[7.971s] -- Symlinking: /home/th1rt3en/DOCO/ws/install_rework/quadrotor_msgs/include/quadrotor_msgs/quadrotor_msgs/msg/detail/gains__type_support.h
[7.981s] -- Symlinking: /home/th1rt3en/DOCO/ws/install_rework/quadrotor_msgs/include/quadrotor_msgs/quadrotor_msgs/msg/detail/lqr_trajectory__functions.h
[7.990s] -- Symlinking: /home/th1rt3en/DOCO/ws/install_rework/quadrotor_msgs/include/quadrotor_msgs/quadrotor_msgs/msg/detail/lqr_trajectory__struct.h
[7.999s] -- Symlinking: /home/th1rt3en/DOCO/ws/install_rework/quadrotor_msgs/include/quadrotor_msgs/quadrotor_msgs/msg/detail/lqr_trajectory__type_support.h
[8.007s] -- Symlinking: /home/th1rt3en/DOCO/ws/install_rework/quadrotor_msgs/include/quadrotor_msgs/quadrotor_msgs/msg/detail/odometry__functions.h
[8.016s] -- Symlinking: /home/th1rt3en/DOCO/ws/install_rework/quadrotor_msgs/include/quadrotor_msgs/quadrotor_msgs/msg/detail/odometry__struct.h
[8.024s] -- Symlinking: /home/th1rt3en/DOCO/ws/install_rework/quadrotor_msgs/include/quadrotor_msgs/quadrotor_msgs/msg/detail/odometry__type_support.h
[8.033s] -- Symlinking: /home/th1rt3en/DOCO/ws/install_rework/quadrotor_msgs/include/quadrotor_msgs/quadrotor_msgs/msg/detail/output_data__functions.h
[8.041s] -- Symlinking: /home/th1rt3en/DOCO/ws/install_rework/quadrotor_msgs/include/quadrotor_msgs/quadrotor_msgs/msg/detail/output_data__struct.h
[8.050s] -- Symlinking: /home/th1rt3en/DOCO/ws/install_rework/quadrotor_msgs/include/quadrotor_msgs/quadrotor_msgs/msg/detail/output_data__type_support.h
[8.058s] -- Symlinking: /home/th1rt3en/DOCO/ws/install_rework/quadrotor_msgs/include/quadrotor_msgs/quadrotor_msgs/msg/detail/polynomial_trajectory__functions.h
[8.067s] -- Symlinking: /home/th1rt3en/DOCO/ws/install_rework/quadrotor_msgs/include/quadrotor_msgs/quadrotor_msgs/msg/detail/polynomial_trajectory__struct.h
[8.076s] -- Symlinking: /home/th1rt3en/DOCO/ws/install_rework/quadrotor_msgs/include/quadrotor_msgs/quadrotor_msgs/msg/detail/polynomial_trajectory__type_support.h
[8.085s] -- Symlinking: /home/th1rt3en/DOCO/ws/install_rework/quadrotor_msgs/include/quadrotor_msgs/quadrotor_msgs/msg/detail/position_command__functions.h
[8.094s] -- Symlinking: /home/th1rt3en/DOCO/ws/install_rework/quadrotor_msgs/include/quadrotor_msgs/quadrotor_msgs/msg/detail/position_command__struct.h
[8.103s] -- Symlinking: /home/th1rt3en/DOCO/ws/install_rework/quadrotor_msgs/include/quadrotor_msgs/quadrotor_msgs/msg/detail/position_command__type_support.h
[8.111s] -- Symlinking: /home/th1rt3en/DOCO/ws/install_rework/quadrotor_msgs/include/quadrotor_msgs/quadrotor_msgs/msg/detail/ppr_output_data__functions.h
[8.121s] -- Symlinking: /home/th1rt3en/DOCO/ws/install_rework/quadrotor_msgs/include/quadrotor_msgs/quadrotor_msgs/msg/detail/ppr_output_data__struct.h
[8.130s] -- Symlinking: /home/th1rt3en/DOCO/ws/install_rework/quadrotor_msgs/include/quadrotor_msgs/quadrotor_msgs/msg/detail/ppr_output_data__type_support.h
[8.139s] -- Symlinking: /home/th1rt3en/DOCO/ws/install_rework/quadrotor_msgs/include/quadrotor_msgs/quadrotor_msgs/msg/detail/serial__functions.h
[8.147s] -- Symlinking: /home/th1rt3en/DOCO/ws/install_rework/quadrotor_msgs/include/quadrotor_msgs/quadrotor_msgs/msg/detail/serial__struct.h
[8.156s] -- Symlinking: /home/th1rt3en/DOCO/ws/install_rework/quadrotor_msgs/include/quadrotor_msgs/quadrotor_msgs/msg/detail/serial__type_support.h
[8.164s] -- Symlinking: /home/th1rt3en/DOCO/ws/install_rework/quadrotor_msgs/include/quadrotor_msgs/quadrotor_msgs/msg/detail/so3_command__functions.h
[8.172s] -- Symlinking: /home/th1rt3en/DOCO/ws/install_rework/quadrotor_msgs/include/quadrotor_msgs/quadrotor_msgs/msg/detail/so3_command__struct.h
[8.181s] -- Symlinking: /home/th1rt3en/DOCO/ws/install_rework/quadrotor_msgs/include/quadrotor_msgs/quadrotor_msgs/msg/detail/so3_command__type_support.h
[8.190s] -- Symlinking: /home/th1rt3en/DOCO/ws/install_rework/quadrotor_msgs/include/quadrotor_msgs/quadrotor_msgs/msg/detail/status_data__functions.h
[8.199s] -- Symlinking: /home/th1rt3en/DOCO/ws/install_rework/quadrotor_msgs/include/quadrotor_msgs/quadrotor_msgs/msg/detail/status_data__struct.h
[8.210s] -- Symlinking: /home/th1rt3en/DOCO/ws/install_rework/quadrotor_msgs/include/quadrotor_msgs/quadrotor_msgs/msg/detail/status_data__type_support.h
[8.219s] -- Symlinking: /home/th1rt3en/DOCO/ws/install_rework/quadrotor_msgs/include/quadrotor_msgs/quadrotor_msgs/msg/detail/trpy_command__functions.h
[8.227s] -- Symlinking: /home/th1rt3en/DOCO/ws/install_rework/quadrotor_msgs/include/quadrotor_msgs/quadrotor_msgs/msg/detail/trpy_command__struct.h
[8.236s] -- Symlinking: /home/th1rt3en/DOCO/ws/install_rework/quadrotor_msgs/include/quadrotor_msgs/quadrotor_msgs/msg/detail/trpy_command__type_support.h
[8.244s] -- Symlinking: /home/th1rt3en/DOCO/ws/install_rework/quadrotor_msgs/include/quadrotor_msgs/quadrotor_msgs/msg/gains.h
[8.254s] -- Symlinking: /home/th1rt3en/DOCO/ws/install_rework/quadrotor_msgs/include/quadrotor_msgs/quadrotor_msgs/msg/lqr_trajectory.h
[8.264s] -- Symlinking: /home/th1rt3en/DOCO/ws/install_rework/quadrotor_msgs/include/quadrotor_msgs/quadrotor_msgs/msg/odometry.h
[8.273s] -- Symlinking: /home/th1rt3en/DOCO/ws/install_rework/quadrotor_msgs/include/quadrotor_msgs/quadrotor_msgs/msg/output_data.h
[8.282s] -- Symlinking: /home/th1rt3en/DOCO/ws/install_rework/quadrotor_msgs/include/quadrotor_msgs/quadrotor_msgs/msg/polynomial_trajectory.h
[8.291s] -- Symlinking: /home/th1rt3en/DOCO/ws/install_rework/quadrotor_msgs/include/quadrotor_msgs/quadrotor_msgs/msg/position_command.h
[8.300s] -- Symlinking: /home/th1rt3en/DOCO/ws/install_rework/quadrotor_msgs/include/quadrotor_msgs/quadrotor_msgs/msg/ppr_output_data.h
[8.308s] -- Symlinking: /home/th1rt3en/DOCO/ws/install_rework/quadrotor_msgs/include/quadrotor_msgs/quadrotor_msgs/msg/rosidl_generator_c__visibility_control.h
[8.317s] -- Symlinking: /home/th1rt3en/DOCO/ws/install_rework/quadrotor_msgs/include/quadrotor_msgs/quadrotor_msgs/msg/serial.h
[8.326s] -- Symlinking: /home/th1rt3en/DOCO/ws/install_rework/quadrotor_msgs/include/quadrotor_msgs/quadrotor_msgs/msg/so3_command.h
[8.336s] -- Symlinking: /home/th1rt3en/DOCO/ws/install_rework/quadrotor_msgs/include/quadrotor_msgs/quadrotor_msgs/msg/status_data.h
[8.346s] -- Symlinking: /home/th1rt3en/DOCO/ws/install_rework/quadrotor_msgs/include/quadrotor_msgs/quadrotor_msgs/msg/trpy_command.h
[8.355s] -- Symlinking: /home/th1rt3en/DOCO/ws/install_rework/quadrotor_msgs/share/quadrotor_msgs/environment/library_path.sh
[8.364s] -- Symlinking: /home/th1rt3en/DOCO/ws/install_rework/quadrotor_msgs/share/quadrotor_msgs/environment/library_path.dsv
[8.373s] -- Symlinking: /home/th1rt3en/DOCO/ws/install_rework/quadrotor_msgs/include/quadrotor_msgs/quadrotor_msgs/msg/detail/aux_command__rosidl_typesupport_fastrtps_c.h
[8.382s] -- Symlinking: /home/th1rt3en/DOCO/ws/install_rework/quadrotor_msgs/include/quadrotor_msgs/quadrotor_msgs/msg/detail/corrections__rosidl_typesupport_fastrtps_c.h
[8.391s] -- Symlinking: /home/th1rt3en/DOCO/ws/install_rework/quadrotor_msgs/include/quadrotor_msgs/quadrotor_msgs/msg/detail/gains__rosidl_typesupport_fastrtps_c.h
[8.400s] -- Symlinking: /home/th1rt3en/DOCO/ws/install_rework/quadrotor_msgs/include/quadrotor_msgs/quadrotor_msgs/msg/detail/lqr_trajectory__rosidl_typesupport_fastrtps_c.h
[8.408s] -- Symlinking: /home/th1rt3en/DOCO/ws/install_rework/quadrotor_msgs/include/quadrotor_msgs/quadrotor_msgs/msg/detail/odometry__rosidl_typesupport_fastrtps_c.h
[8.417s] -- Symlinking: /home/th1rt3en/DOCO/ws/install_rework/quadrotor_msgs/include/quadrotor_msgs/quadrotor_msgs/msg/detail/output_data__rosidl_typesupport_fastrtps_c.h
[8.425s] -- Symlinking: /home/th1rt3en/DOCO/ws/install_rework/quadrotor_msgs/include/quadrotor_msgs/quadrotor_msgs/msg/detail/polynomial_trajectory__rosidl_typesupport_fastrtps_c.h
[8.433s] -- Symlinking: /home/th1rt3en/DOCO/ws/install_rework/quadrotor_msgs/include/quadrotor_msgs/quadrotor_msgs/msg/detail/position_command__rosidl_typesupport_fastrtps_c.h
[8.443s] -- Symlinking: /home/th1rt3en/DOCO/ws/install_rework/quadrotor_msgs/include/quadrotor_msgs/quadrotor_msgs/msg/detail/ppr_output_data__rosidl_typesupport_fastrtps_c.h
[8.451s] -- Symlinking: /home/th1rt3en/DOCO/ws/install_rework/quadrotor_msgs/include/quadrotor_msgs/quadrotor_msgs/msg/detail/serial__rosidl_typesupport_fastrtps_c.h
[8.460s] -- Symlinking: /home/th1rt3en/DOCO/ws/install_rework/quadrotor_msgs/include/quadrotor_msgs/quadrotor_msgs/msg/detail/so3_command__rosidl_typesupport_fastrtps_c.h
[8.469s] -- Symlinking: /home/th1rt3en/DOCO/ws/install_rework/quadrotor_msgs/include/quadrotor_msgs/quadrotor_msgs/msg/detail/status_data__rosidl_typesupport_fastrtps_c.h
[8.478s] -- Symlinking: /home/th1rt3en/DOCO/ws/install_rework/quadrotor_msgs/include/quadrotor_msgs/quadrotor_msgs/msg/detail/trpy_command__rosidl_typesupport_fastrtps_c.h
[8.488s] -- Symlinking: /home/th1rt3en/DOCO/ws/install_rework/quadrotor_msgs/include/quadrotor_msgs/quadrotor_msgs/msg/rosidl_typesupport_fastrtps_c__visibility_control.h
[8.497s] -- Symlinking: /home/th1rt3en/DOCO/ws/install_rework/quadrotor_msgs/include/quadrotor_msgs/quadrotor_msgs/msg/aux_command.hpp
[8.507s] -- Symlinking: /home/th1rt3en/DOCO/ws/install_rework/quadrotor_msgs/include/quadrotor_msgs/quadrotor_msgs/msg/corrections.hpp
[8.516s] -- Symlinking: /home/th1rt3en/DOCO/ws/install_rework/quadrotor_msgs/include/quadrotor_msgs/quadrotor_msgs/msg/detail/aux_command__builder.hpp
[8.524s] -- Symlinking: /home/th1rt3en/DOCO/ws/install_rework/quadrotor_msgs/include/quadrotor_msgs/quadrotor_msgs/msg/detail/aux_command__struct.hpp
[8.532s] -- Symlinking: /home/th1rt3en/DOCO/ws/install_rework/quadrotor_msgs/include/quadrotor_msgs/quadrotor_msgs/msg/detail/aux_command__traits.hpp
[8.541s] -- Symlinking: /home/th1rt3en/DOCO/ws/install_rework/quadrotor_msgs/include/quadrotor_msgs/quadrotor_msgs/msg/detail/aux_command__type_support.hpp
[8.550s] -- Symlinking: /home/th1rt3en/DOCO/ws/install_rework/quadrotor_msgs/include/quadrotor_msgs/quadrotor_msgs/msg/detail/corrections__builder.hpp
[8.559s] -- Symlinking: /home/th1rt3en/DOCO/ws/install_rework/quadrotor_msgs/include/quadrotor_msgs/quadrotor_msgs/msg/detail/corrections__struct.hpp
[8.567s] -- Symlinking: /home/th1rt3en/DOCO/ws/install_rework/quadrotor_msgs/include/quadrotor_msgs/quadrotor_msgs/msg/detail/corrections__traits.hpp
[8.576s] -- Symlinking: /home/th1rt3en/DOCO/ws/install_rework/quadrotor_msgs/include/quadrotor_msgs/quadrotor_msgs/msg/detail/corrections__type_support.hpp
[8.585s] -- Symlinking: /home/th1rt3en/DOCO/ws/install_rework/quadrotor_msgs/include/quadrotor_msgs/quadrotor_msgs/msg/detail/gains__builder.hpp
[8.594s] -- Symlinking: /home/th1rt3en/DOCO/ws/install_rework/quadrotor_msgs/include/quadrotor_msgs/quadrotor_msgs/msg/detail/gains__struct.hpp
[8.603s] -- Symlinking: /home/th1rt3en/DOCO/ws/install_rework/quadrotor_msgs/include/quadrotor_msgs/quadrotor_msgs/msg/detail/gains__traits.hpp
[8.612s] -- Symlinking: /home/th1rt3en/DOCO/ws/install_rework/quadrotor_msgs/include/quadrotor_msgs/quadrotor_msgs/msg/detail/gains__type_support.hpp
[8.620s] -- Symlinking: /home/th1rt3en/DOCO/ws/install_rework/quadrotor_msgs/include/quadrotor_msgs/quadrotor_msgs/msg/detail/lqr_trajectory__builder.hpp
[8.630s] -- Symlinking: /home/th1rt3en/DOCO/ws/install_rework/quadrotor_msgs/include/quadrotor_msgs/quadrotor_msgs/msg/detail/lqr_trajectory__struct.hpp
[8.638s] -- Symlinking: /home/th1rt3en/DOCO/ws/install_rework/quadrotor_msgs/include/quadrotor_msgs/quadrotor_msgs/msg/detail/lqr_trajectory__traits.hpp
[8.648s] -- Symlinking: /home/th1rt3en/DOCO/ws/install_rework/quadrotor_msgs/include/quadrotor_msgs/quadrotor_msgs/msg/detail/lqr_trajectory__type_support.hpp
[8.657s] -- Symlinking: /home/th1rt3en/DOCO/ws/install_rework/quadrotor_msgs/include/quadrotor_msgs/quadrotor_msgs/msg/detail/odometry__builder.hpp
[8.665s] -- Symlinking: /home/th1rt3en/DOCO/ws/install_rework/quadrotor_msgs/include/quadrotor_msgs/quadrotor_msgs/msg/detail/odometry__struct.hpp
[8.674s] -- Symlinking: /home/th1rt3en/DOCO/ws/install_rework/quadrotor_msgs/include/quadrotor_msgs/quadrotor_msgs/msg/detail/odometry__traits.hpp
[8.683s] -- Symlinking: /home/th1rt3en/DOCO/ws/install_rework/quadrotor_msgs/include/quadrotor_msgs/quadrotor_msgs/msg/detail/odometry__type_support.hpp
[8.692s] -- Symlinking: /home/th1rt3en/DOCO/ws/install_rework/quadrotor_msgs/include/quadrotor_msgs/quadrotor_msgs/msg/detail/output_data__builder.hpp
[8.701s] -- Symlinking: /home/th1rt3en/DOCO/ws/install_rework/quadrotor_msgs/include/quadrotor_msgs/quadrotor_msgs/msg/detail/output_data__struct.hpp
[8.711s] -- Symlinking: /home/th1rt3en/DOCO/ws/install_rework/quadrotor_msgs/include/quadrotor_msgs/quadrotor_msgs/msg/detail/output_data__traits.hpp
[8.720s] -- Symlinking: /home/th1rt3en/DOCO/ws/install_rework/quadrotor_msgs/include/quadrotor_msgs/quadrotor_msgs/msg/detail/output_data__type_support.hpp
[8.728s] -- Symlinking: /home/th1rt3en/DOCO/ws/install_rework/quadrotor_msgs/include/quadrotor_msgs/quadrotor_msgs/msg/detail/polynomial_trajectory__builder.hpp
[8.738s] -- Symlinking: /home/th1rt3en/DOCO/ws/install_rework/quadrotor_msgs/include/quadrotor_msgs/quadrotor_msgs/msg/detail/polynomial_trajectory__struct.hpp
[8.747s] -- Symlinking: /home/th1rt3en/DOCO/ws/install_rework/quadrotor_msgs/include/quadrotor_msgs/quadrotor_msgs/msg/detail/polynomial_trajectory__traits.hpp
[8.757s] -- Symlinking: /home/th1rt3en/DOCO/ws/install_rework/quadrotor_msgs/include/quadrotor_msgs/quadrotor_msgs/msg/detail/polynomial_trajectory__type_support.hpp
[8.765s] -- Symlinking: /home/th1rt3en/DOCO/ws/install_rework/quadrotor_msgs/include/quadrotor_msgs/quadrotor_msgs/msg/detail/position_command__builder.hpp
[8.774s] -- Symlinking: /home/th1rt3en/DOCO/ws/install_rework/quadrotor_msgs/include/quadrotor_msgs/quadrotor_msgs/msg/detail/position_command__struct.hpp
[8.783s] -- Symlinking: /home/th1rt3en/DOCO/ws/install_rework/quadrotor_msgs/include/quadrotor_msgs/quadrotor_msgs/msg/detail/position_command__traits.hpp
[8.793s] -- Symlinking: /home/th1rt3en/DOCO/ws/install_rework/quadrotor_msgs/include/quadrotor_msgs/quadrotor_msgs/msg/detail/position_command__type_support.hpp
[8.801s] -- Symlinking: /home/th1rt3en/DOCO/ws/install_rework/quadrotor_msgs/include/quadrotor_msgs/quadrotor_msgs/msg/detail/ppr_output_data__builder.hpp
[8.811s] -- Symlinking: /home/th1rt3en/DOCO/ws/install_rework/quadrotor_msgs/include/quadrotor_msgs/quadrotor_msgs/msg/detail/ppr_output_data__struct.hpp
[8.820s] -- Symlinking: /home/th1rt3en/DOCO/ws/install_rework/quadrotor_msgs/include/quadrotor_msgs/quadrotor_msgs/msg/detail/ppr_output_data__traits.hpp
[8.829s] -- Symlinking: /home/th1rt3en/DOCO/ws/install_rework/quadrotor_msgs/include/quadrotor_msgs/quadrotor_msgs/msg/detail/ppr_output_data__type_support.hpp
[8.839s] -- Symlinking: /home/th1rt3en/DOCO/ws/install_rework/quadrotor_msgs/include/quadrotor_msgs/quadrotor_msgs/msg/detail/serial__builder.hpp
[8.848s] -- Symlinking: /home/th1rt3en/DOCO/ws/install_rework/quadrotor_msgs/include/quadrotor_msgs/quadrotor_msgs/msg/detail/serial__struct.hpp
[8.856s] -- Symlinking: /home/th1rt3en/DOCO/ws/install_rework/quadrotor_msgs/include/quadrotor_msgs/quadrotor_msgs/msg/detail/serial__traits.hpp
[8.864s] -- Symlinking: /home/th1rt3en/DOCO/ws/install_rework/quadrotor_msgs/include/quadrotor_msgs/quadrotor_msgs/msg/detail/serial__type_support.hpp
[8.873s] -- Symlinking: /home/th1rt3en/DOCO/ws/install_rework/quadrotor_msgs/include/quadrotor_msgs/quadrotor_msgs/msg/detail/so3_command__builder.hpp
[8.881s] -- Symlinking: /home/th1rt3en/DOCO/ws/install_rework/quadrotor_msgs/include/quadrotor_msgs/quadrotor_msgs/msg/detail/so3_command__struct.hpp
[8.890s] -- Symlinking: /home/th1rt3en/DOCO/ws/install_rework/quadrotor_msgs/include/quadrotor_msgs/quadrotor_msgs/msg/detail/so3_command__traits.hpp
[8.899s] -- Symlinking: /home/th1rt3en/DOCO/ws/install_rework/quadrotor_msgs/include/quadrotor_msgs/quadrotor_msgs/msg/detail/so3_command__type_support.hpp
[8.908s] -- Symlinking: /home/th1rt3en/DOCO/ws/install_rework/quadrotor_msgs/include/quadrotor_msgs/quadrotor_msgs/msg/detail/status_data__builder.hpp
[8.916s] -- Symlinking: /home/th1rt3en/DOCO/ws/install_rework/quadrotor_msgs/include/quadrotor_msgs/quadrotor_msgs/msg/detail/status_data__struct.hpp
[8.926s] -- Symlinking: /home/th1rt3en/DOCO/ws/install_rework/quadrotor_msgs/include/quadrotor_msgs/quadrotor_msgs/msg/detail/status_data__traits.hpp
[8.936s] -- Symlinking: /home/th1rt3en/DOCO/ws/install_rework/quadrotor_msgs/include/quadrotor_msgs/quadrotor_msgs/msg/detail/status_data__type_support.hpp
[8.947s] -- Symlinking: /home/th1rt3en/DOCO/ws/install_rework/quadrotor_msgs/include/quadrotor_msgs/quadrotor_msgs/msg/detail/trpy_command__builder.hpp
[8.958s] -- Symlinking: /home/th1rt3en/DOCO/ws/install_rework/quadrotor_msgs/include/quadrotor_msgs/quadrotor_msgs/msg/detail/trpy_command__struct.hpp
[8.967s] -- Symlinking: /home/th1rt3en/DOCO/ws/install_rework/quadrotor_msgs/include/quadrotor_msgs/quadrotor_msgs/msg/detail/trpy_command__traits.hpp
[8.978s] -- Symlinking: /home/th1rt3en/DOCO/ws/install_rework/quadrotor_msgs/include/quadrotor_msgs/quadrotor_msgs/msg/detail/trpy_command__type_support.hpp
[8.988s] -- Symlinking: /home/th1rt3en/DOCO/ws/install_rework/quadrotor_msgs/include/quadrotor_msgs/quadrotor_msgs/msg/gains.hpp
[8.997s] -- Symlinking: /home/th1rt3en/DOCO/ws/install_rework/quadrotor_msgs/include/quadrotor_msgs/quadrotor_msgs/msg/lqr_trajectory.hpp
[9.006s] -- Symlinking: /home/th1rt3en/DOCO/ws/install_rework/quadrotor_msgs/include/quadrotor_msgs/quadrotor_msgs/msg/odometry.hpp
[9.014s] -- Symlinking: /home/th1rt3en/DOCO/ws/install_rework/quadrotor_msgs/include/quadrotor_msgs/quadrotor_msgs/msg/output_data.hpp
[9.024s] -- Symlinking: /home/th1rt3en/DOCO/ws/install_rework/quadrotor_msgs/include/quadrotor_msgs/quadrotor_msgs/msg/polynomial_trajectory.hpp
[9.033s] -- Symlinking: /home/th1rt3en/DOCO/ws/install_rework/quadrotor_msgs/include/quadrotor_msgs/quadrotor_msgs/msg/position_command.hpp
[9.042s] -- Symlinking: /home/th1rt3en/DOCO/ws/install_rework/quadrotor_msgs/include/quadrotor_msgs/quadrotor_msgs/msg/ppr_output_data.hpp
[9.050s] -- Symlinking: /home/th1rt3en/DOCO/ws/install_rework/quadrotor_msgs/include/quadrotor_msgs/quadrotor_msgs/msg/rosidl_generator_cpp__visibility_control.hpp
[9.058s] -- Symlinking: /home/th1rt3en/DOCO/ws/install_rework/quadrotor_msgs/include/quadrotor_msgs/quadrotor_msgs/msg/serial.hpp
[9.068s] -- Symlinking: /home/th1rt3en/DOCO/ws/install_rework/quadrotor_msgs/include/quadrotor_msgs/quadrotor_msgs/msg/so3_command.hpp
[9.078s] -- Symlinking: /home/th1rt3en/DOCO/ws/install_rework/quadrotor_msgs/include/quadrotor_msgs/quadrotor_msgs/msg/status_data.hpp
[9.087s] -- Symlinking: /home/th1rt3en/DOCO/ws/install_rework/quadrotor_msgs/include/quadrotor_msgs/quadrotor_msgs/msg/trpy_command.hpp
[9.097s] -- Symlinking: /home/th1rt3en/DOCO/ws/install_rework/quadrotor_msgs/include/quadrotor_msgs/quadrotor_msgs/msg/detail/aux_command__rosidl_typesupport_fastrtps_cpp.hpp
[9.106s] -- Symlinking: /home/th1rt3en/DOCO/ws/install_rework/quadrotor_msgs/include/quadrotor_msgs/quadrotor_msgs/msg/detail/corrections__rosidl_typesupport_fastrtps_cpp.hpp
[9.114s] -- Symlinking: /home/th1rt3en/DOCO/ws/install_rework/quadrotor_msgs/include/quadrotor_msgs/quadrotor_msgs/msg/detail/gains__rosidl_typesupport_fastrtps_cpp.hpp
[9.122s] -- Symlinking: /home/th1rt3en/DOCO/ws/install_rework/quadrotor_msgs/include/quadrotor_msgs/quadrotor_msgs/msg/detail/lqr_trajectory__rosidl_typesupport_fastrtps_cpp.hpp
[9.131s] -- Symlinking: /home/th1rt3en/DOCO/ws/install_rework/quadrotor_msgs/include/quadrotor_msgs/quadrotor_msgs/msg/detail/odometry__rosidl_typesupport_fastrtps_cpp.hpp
[9.140s] -- Symlinking: /home/th1rt3en/DOCO/ws/install_rework/quadrotor_msgs/include/quadrotor_msgs/quadrotor_msgs/msg/detail/output_data__rosidl_typesupport_fastrtps_cpp.hpp
[9.149s] -- Symlinking: /home/th1rt3en/DOCO/ws/install_rework/quadrotor_msgs/include/quadrotor_msgs/quadrotor_msgs/msg/detail/polynomial_trajectory__rosidl_typesupport_fastrtps_cpp.hpp
[9.158s] -- Symlinking: /home/th1rt3en/DOCO/ws/install_rework/quadrotor_msgs/include/quadrotor_msgs/quadrotor_msgs/msg/detail/position_command__rosidl_typesupport_fastrtps_cpp.hpp
[9.167s] -- Symlinking: /home/th1rt3en/DOCO/ws/install_rework/quadrotor_msgs/include/quadrotor_msgs/quadrotor_msgs/msg/detail/ppr_output_data__rosidl_typesupport_fastrtps_cpp.hpp
[9.177s] -- Symlinking: /home/th1rt3en/DOCO/ws/install_rework/quadrotor_msgs/include/quadrotor_msgs/quadrotor_msgs/msg/detail/serial__rosidl_typesupport_fastrtps_cpp.hpp
[9.186s] -- Symlinking: /home/th1rt3en/DOCO/ws/install_rework/quadrotor_msgs/include/quadrotor_msgs/quadrotor_msgs/msg/detail/so3_command__rosidl_typesupport_fastrtps_cpp.hpp
[9.195s] -- Symlinking: /home/th1rt3en/DOCO/ws/install_rework/quadrotor_msgs/include/quadrotor_msgs/quadrotor_msgs/msg/detail/status_data__rosidl_typesupport_fastrtps_cpp.hpp
[9.204s] -- Symlinking: /home/th1rt3en/DOCO/ws/install_rework/quadrotor_msgs/include/quadrotor_msgs/quadrotor_msgs/msg/detail/trpy_command__rosidl_typesupport_fastrtps_cpp.hpp
[9.212s] -- Symlinking: /home/th1rt3en/DOCO/ws/install_rework/quadrotor_msgs/include/quadrotor_msgs/quadrotor_msgs/msg/rosidl_typesupport_fastrtps_cpp__visibility_control.h
[9.222s] -- Symlinking: /home/th1rt3en/DOCO/ws/install_rework/quadrotor_msgs/include/quadrotor_msgs/quadrotor_msgs/msg/detail/aux_command__rosidl_typesupport_introspection_c.h
[9.230s] -- Symlinking: /home/th1rt3en/DOCO/ws/install_rework/quadrotor_msgs/include/quadrotor_msgs/quadrotor_msgs/msg/detail/corrections__rosidl_typesupport_introspection_c.h
[9.239s] -- Symlinking: /home/th1rt3en/DOCO/ws/install_rework/quadrotor_msgs/include/quadrotor_msgs/quadrotor_msgs/msg/detail/gains__rosidl_typesupport_introspection_c.h
[9.248s] -- Symlinking: /home/th1rt3en/DOCO/ws/install_rework/quadrotor_msgs/include/quadrotor_msgs/quadrotor_msgs/msg/detail/lqr_trajectory__rosidl_typesupport_introspection_c.h
[9.257s] -- Symlinking: /home/th1rt3en/DOCO/ws/install_rework/quadrotor_msgs/include/quadrotor_msgs/quadrotor_msgs/msg/detail/odometry__rosidl_typesupport_introspection_c.h
[9.265s] -- Symlinking: /home/th1rt3en/DOCO/ws/install_rework/quadrotor_msgs/include/quadrotor_msgs/quadrotor_msgs/msg/detail/output_data__rosidl_typesupport_introspection_c.h
[9.274s] -- Symlinking: /home/th1rt3en/DOCO/ws/install_rework/quadrotor_msgs/include/quadrotor_msgs/quadrotor_msgs/msg/detail/polynomial_trajectory__rosidl_typesupport_introspection_c.h
[9.283s] -- Symlinking: /home/th1rt3en/DOCO/ws/install_rework/quadrotor_msgs/include/quadrotor_msgs/quadrotor_msgs/msg/detail/position_command__rosidl_typesupport_introspection_c.h
[9.292s] -- Symlinking: /home/th1rt3en/DOCO/ws/install_rework/quadrotor_msgs/include/quadrotor_msgs/quadrotor_msgs/msg/detail/ppr_output_data__rosidl_typesupport_introspection_c.h
[9.301s] -- Symlinking: /home/th1rt3en/DOCO/ws/install_rework/quadrotor_msgs/include/quadrotor_msgs/quadrotor_msgs/msg/detail/serial__rosidl_typesupport_introspection_c.h
[9.310s] -- Symlinking: /home/th1rt3en/DOCO/ws/install_rework/quadrotor_msgs/include/quadrotor_msgs/quadrotor_msgs/msg/detail/so3_command__rosidl_typesupport_introspection_c.h
[9.319s] -- Symlinking: /home/th1rt3en/DOCO/ws/install_rework/quadrotor_msgs/include/quadrotor_msgs/quadrotor_msgs/msg/detail/status_data__rosidl_typesupport_introspection_c.h
[9.328s] -- Symlinking: /home/th1rt3en/DOCO/ws/install_rework/quadrotor_msgs/include/quadrotor_msgs/quadrotor_msgs/msg/detail/trpy_command__rosidl_typesupport_introspection_c.h
[9.337s] -- Symlinking: /home/th1rt3en/DOCO/ws/install_rework/quadrotor_msgs/include/quadrotor_msgs/quadrotor_msgs/msg/rosidl_typesupport_introspection_c__visibility_control.h
[9.346s] -- Symlinking: /home/th1rt3en/DOCO/ws/install_rework/quadrotor_msgs/include/quadrotor_msgs/quadrotor_msgs/msg/detail/aux_command__rosidl_typesupport_introspection_cpp.hpp
[9.355s] -- Symlinking: /home/th1rt3en/DOCO/ws/install_rework/quadrotor_msgs/include/quadrotor_msgs/quadrotor_msgs/msg/detail/corrections__rosidl_typesupport_introspection_cpp.hpp
[9.363s] -- Symlinking: /home/th1rt3en/DOCO/ws/install_rework/quadrotor_msgs/include/quadrotor_msgs/quadrotor_msgs/msg/detail/gains__rosidl_typesupport_introspection_cpp.hpp
[9.372s] -- Symlinking: /home/th1rt3en/DOCO/ws/install_rework/quadrotor_msgs/include/quadrotor_msgs/quadrotor_msgs/msg/detail/lqr_trajectory__rosidl_typesupport_introspection_cpp.hpp
[9.380s] -- Symlinking: /home/th1rt3en/DOCO/ws/install_rework/quadrotor_msgs/include/quadrotor_msgs/quadrotor_msgs/msg/detail/odometry__rosidl_typesupport_introspection_cpp.hpp
[9.389s] -- Symlinking: /home/th1rt3en/DOCO/ws/install_rework/quadrotor_msgs/include/quadrotor_msgs/quadrotor_msgs/msg/detail/output_data__rosidl_typesupport_introspection_cpp.hpp
[9.397s] -- Symlinking: /home/th1rt3en/DOCO/ws/install_rework/quadrotor_msgs/include/quadrotor_msgs/quadrotor_msgs/msg/detail/polynomial_trajectory__rosidl_typesupport_introspection_cpp.hpp
[9.406s] -- Symlinking: /home/th1rt3en/DOCO/ws/install_rework/quadrotor_msgs/include/quadrotor_msgs/quadrotor_msgs/msg/detail/position_command__rosidl_typesupport_introspection_cpp.hpp
[9.414s] -- Symlinking: /home/th1rt3en/DOCO/ws/install_rework/quadrotor_msgs/include/quadrotor_msgs/quadrotor_msgs/msg/detail/ppr_output_data__rosidl_typesupport_introspection_cpp.hpp
[9.423s] -- Symlinking: /home/th1rt3en/DOCO/ws/install_rework/quadrotor_msgs/include/quadrotor_msgs/quadrotor_msgs/msg/detail/serial__rosidl_typesupport_introspection_cpp.hpp
[9.432s] -- Symlinking: /home/th1rt3en/DOCO/ws/install_rework/quadrotor_msgs/include/quadrotor_msgs/quadrotor_msgs/msg/detail/so3_command__rosidl_typesupport_introspection_cpp.hpp
[9.441s] -- Symlinking: /home/th1rt3en/DOCO/ws/install_rework/quadrotor_msgs/include/quadrotor_msgs/quadrotor_msgs/msg/detail/status_data__rosidl_typesupport_introspection_cpp.hpp
[9.450s] -- Symlinking: /home/th1rt3en/DOCO/ws/install_rework/quadrotor_msgs/include/quadrotor_msgs/quadrotor_msgs/msg/detail/trpy_command__rosidl_typesupport_introspection_cpp.hpp
[9.459s] -- Symlinking: /home/th1rt3en/DOCO/ws/install_rework/quadrotor_msgs/share/quadrotor_msgs/environment/pythonpath.sh
[9.467s] -- Symlinking: /home/th1rt3en/DOCO/ws/install_rework/quadrotor_msgs/share/quadrotor_msgs/environment/pythonpath.dsv
[9.475s] -- Symlinking: /home/th1rt3en/DOCO/ws/install_rework/quadrotor_msgs/local/lib/python3.10/dist-packages/quadrotor_msgs-0.0.0-py3.10.egg-info/PKG-INFO
[9.483s] -- Symlinking: /home/th1rt3en/DOCO/ws/install_rework/quadrotor_msgs/local/lib/python3.10/dist-packages/quadrotor_msgs-0.0.0-py3.10.egg-info/SOURCES.txt
[9.492s] -- Symlinking: /home/th1rt3en/DOCO/ws/install_rework/quadrotor_msgs/local/lib/python3.10/dist-packages/quadrotor_msgs-0.0.0-py3.10.egg-info/dependency_links.txt
[9.502s] -- Symlinking: /home/th1rt3en/DOCO/ws/install_rework/quadrotor_msgs/local/lib/python3.10/dist-packages/quadrotor_msgs-0.0.0-py3.10.egg-info/top_level.txt
[9.512s] -- Symlinking: /home/th1rt3en/DOCO/ws/install_rework/quadrotor_msgs/local/lib/python3.10/dist-packages/quadrotor_msgs/__init__.py
[9.522s] -- Symlinking: /home/th1rt3en/DOCO/ws/install_rework/quadrotor_msgs/local/lib/python3.10/dist-packages/quadrotor_msgs/_quadrotor_msgs_s.ep.rosidl_typesupport_c.c
[9.531s] -- Symlinking: /home/th1rt3en/DOCO/ws/install_rework/quadrotor_msgs/local/lib/python3.10/dist-packages/quadrotor_msgs/_quadrotor_msgs_s.ep.rosidl_typesupport_fastrtps_c.c
[9.540s] -- Symlinking: /home/th1rt3en/DOCO/ws/install_rework/quadrotor_msgs/local/lib/python3.10/dist-packages/quadrotor_msgs/_quadrotor_msgs_s.ep.rosidl_typesupport_introspection_c.c
[9.550s] -- Symlinking: /home/th1rt3en/DOCO/ws/install_rework/quadrotor_msgs/local/lib/python3.10/dist-packages/quadrotor_msgs/libquadrotor_msgs__rosidl_generator_py.so
[9.560s] -- Symlinking: /home/th1rt3en/DOCO/ws/install_rework/quadrotor_msgs/local/lib/python3.10/dist-packages/quadrotor_msgs/msg/__init__.py
[9.569s] -- Symlinking: /home/th1rt3en/DOCO/ws/install_rework/quadrotor_msgs/local/lib/python3.10/dist-packages/quadrotor_msgs/msg/_aux_command.py
[9.578s] -- Symlinking: /home/th1rt3en/DOCO/ws/install_rework/quadrotor_msgs/local/lib/python3.10/dist-packages/quadrotor_msgs/msg/_aux_command_s.c
[9.587s] -- Symlinking: /home/th1rt3en/DOCO/ws/install_rework/quadrotor_msgs/local/lib/python3.10/dist-packages/quadrotor_msgs/msg/_corrections.py
[9.595s] -- Symlinking: /home/th1rt3en/DOCO/ws/install_rework/quadrotor_msgs/local/lib/python3.10/dist-packages/quadrotor_msgs/msg/_corrections_s.c
[9.603s] -- Symlinking: /home/th1rt3en/DOCO/ws/install_rework/quadrotor_msgs/local/lib/python3.10/dist-packages/quadrotor_msgs/msg/_gains.py
[9.612s] -- Symlinking: /home/th1rt3en/DOCO/ws/install_rework/quadrotor_msgs/local/lib/python3.10/dist-packages/quadrotor_msgs/msg/_gains_s.c
[9.622s] -- Symlinking: /home/th1rt3en/DOCO/ws/install_rework/quadrotor_msgs/local/lib/python3.10/dist-packages/quadrotor_msgs/msg/_lqr_trajectory.py
[9.631s] -- Symlinking: /home/th1rt3en/DOCO/ws/install_rework/quadrotor_msgs/local/lib/python3.10/dist-packages/quadrotor_msgs/msg/_lqr_trajectory_s.c
[9.640s] -- Symlinking: /home/th1rt3en/DOCO/ws/install_rework/quadrotor_msgs/local/lib/python3.10/dist-packages/quadrotor_msgs/msg/_odometry.py
[9.649s] -- Symlinking: /home/th1rt3en/DOCO/ws/install_rework/quadrotor_msgs/local/lib/python3.10/dist-packages/quadrotor_msgs/msg/_odometry_s.c
[9.658s] -- Symlinking: /home/th1rt3en/DOCO/ws/install_rework/quadrotor_msgs/local/lib/python3.10/dist-packages/quadrotor_msgs/msg/_output_data.py
[9.667s] -- Symlinking: /home/th1rt3en/DOCO/ws/install_rework/quadrotor_msgs/local/lib/python3.10/dist-packages/quadrotor_msgs/msg/_output_data_s.c
[9.675s] -- Symlinking: /home/th1rt3en/DOCO/ws/install_rework/quadrotor_msgs/local/lib/python3.10/dist-packages/quadrotor_msgs/msg/_polynomial_trajectory.py
[9.684s] -- Symlinking: /home/th1rt3en/DOCO/ws/install_rework/quadrotor_msgs/local/lib/python3.10/dist-packages/quadrotor_msgs/msg/_polynomial_trajectory_s.c
[9.692s] -- Symlinking: /home/th1rt3en/DOCO/ws/install_rework/quadrotor_msgs/local/lib/python3.10/dist-packages/quadrotor_msgs/msg/_position_command.py
[9.701s] -- Symlinking: /home/th1rt3en/DOCO/ws/install_rework/quadrotor_msgs/local/lib/python3.10/dist-packages/quadrotor_msgs/msg/_position_command_s.c
[9.710s] -- Symlinking: /home/th1rt3en/DOCO/ws/install_rework/quadrotor_msgs/local/lib/python3.10/dist-packages/quadrotor_msgs/msg/_ppr_output_data.py
[9.718s] -- Symlinking: /home/th1rt3en/DOCO/ws/install_rework/quadrotor_msgs/local/lib/python3.10/dist-packages/quadrotor_msgs/msg/_ppr_output_data_s.c
[9.728s] -- Symlinking: /home/th1rt3en/DOCO/ws/install_rework/quadrotor_msgs/local/lib/python3.10/dist-packages/quadrotor_msgs/msg/_serial.py
[9.737s] -- Symlinking: /home/th1rt3en/DOCO/ws/install_rework/quadrotor_msgs/local/lib/python3.10/dist-packages/quadrotor_msgs/msg/_serial_s.c
[9.746s] -- Symlinking: /home/th1rt3en/DOCO/ws/install_rework/quadrotor_msgs/local/lib/python3.10/dist-packages/quadrotor_msgs/msg/_so3_command.py
[9.756s] -- Symlinking: /home/th1rt3en/DOCO/ws/install_rework/quadrotor_msgs/local/lib/python3.10/dist-packages/quadrotor_msgs/msg/_so3_command_s.c
[9.764s] -- Symlinking: /home/th1rt3en/DOCO/ws/install_rework/quadrotor_msgs/local/lib/python3.10/dist-packages/quadrotor_msgs/msg/_status_data.py
[9.773s] -- Symlinking: /home/th1rt3en/DOCO/ws/install_rework/quadrotor_msgs/local/lib/python3.10/dist-packages/quadrotor_msgs/msg/_status_data_s.c
[9.782s] -- Symlinking: /home/th1rt3en/DOCO/ws/install_rework/quadrotor_msgs/local/lib/python3.10/dist-packages/quadrotor_msgs/msg/_trpy_command.py
[9.791s] -- Symlinking: /home/th1rt3en/DOCO/ws/install_rework/quadrotor_msgs/local/lib/python3.10/dist-packages/quadrotor_msgs/msg/_trpy_command_s.c
[9.800s] -- Symlinking: /home/th1rt3en/DOCO/ws/install_rework/quadrotor_msgs/local/lib/python3.10/dist-packages/quadrotor_msgs/quadrotor_msgs_s__rosidl_typesupport_c.cpython-310-x86_64-linux-gnu.so
[9.810s] -- Symlinking: /home/th1rt3en/DOCO/ws/install_rework/quadrotor_msgs/local/lib/python3.10/dist-packages/quadrotor_msgs/quadrotor_msgs_s__rosidl_typesupport_fastrtps_c.cpython-310-x86_64-linux-gnu.so
[9.819s] -- Symlinking: /home/th1rt3en/DOCO/ws/install_rework/quadrotor_msgs/local/lib/python3.10/dist-packages/quadrotor_msgs/quadrotor_msgs_s__rosidl_typesupport_introspection_c.cpython-310-x86_64-linux-gnu.so
[9.829s] -- Up-to-date symlink: /home/th1rt3en/DOCO/ws/install_rework/quadrotor_msgs/local/lib/python3.10/dist-packages/quadrotor_msgs/quadrotor_msgs_s__rosidl_typesupport_fastrtps_c.cpython-310-x86_64-linux-gnu.so
[9.829s] -- Up-to-date symlink: /home/th1rt3en/DOCO/ws/install_rework/quadrotor_msgs/local/lib/python3.10/dist-packages/quadrotor_msgs/quadrotor_msgs_s__rosidl_typesupport_introspection_c.cpython-310-x86_64-linux-gnu.so
[9.829s] -- Up-to-date symlink: /home/th1rt3en/DOCO/ws/install_rework/quadrotor_msgs/local/lib/python3.10/dist-packages/quadrotor_msgs/quadrotor_msgs_s__rosidl_typesupport_c.cpython-310-x86_64-linux-gnu.so
[9.829s] -- Symlinking: /home/th1rt3en/DOCO/ws/install_rework/quadrotor_msgs/share/quadrotor_msgs/msg/AuxCommand.idl
[9.838s] -- Symlinking: /home/th1rt3en/DOCO/ws/install_rework/quadrotor_msgs/share/quadrotor_msgs/msg/Corrections.idl
[9.847s] -- Symlinking: /home/th1rt3en/DOCO/ws/install_rework/quadrotor_msgs/share/quadrotor_msgs/msg/Gains.idl
[9.855s] -- Symlinking: /home/th1rt3en/DOCO/ws/install_rework/quadrotor_msgs/share/quadrotor_msgs/msg/LQRTrajectory.idl
[9.864s] -- Symlinking: /home/th1rt3en/DOCO/ws/install_rework/quadrotor_msgs/share/quadrotor_msgs/msg/OutputData.idl
[9.873s] -- Symlinking: /home/th1rt3en/DOCO/ws/install_rework/quadrotor_msgs/share/quadrotor_msgs/msg/PositionCommand.idl
[9.881s] -- Symlinking: /home/th1rt3en/DOCO/ws/install_rework/quadrotor_msgs/share/quadrotor_msgs/msg/PPROutputData.idl
[9.891s] -- Symlinking: /home/th1rt3en/DOCO/ws/install_rework/quadrotor_msgs/share/quadrotor_msgs/msg/Serial.idl
[9.901s] -- Symlinking: /home/th1rt3en/DOCO/ws/install_rework/quadrotor_msgs/share/quadrotor_msgs/msg/SO3Command.idl
[9.910s] -- Symlinking: /home/th1rt3en/DOCO/ws/install_rework/quadrotor_msgs/share/quadrotor_msgs/msg/StatusData.idl
[9.919s] -- Symlinking: /home/th1rt3en/DOCO/ws/install_rework/quadrotor_msgs/share/quadrotor_msgs/msg/TRPYCommand.idl
[9.928s] -- Symlinking: /home/th1rt3en/DOCO/ws/install_rework/quadrotor_msgs/share/quadrotor_msgs/msg/Odometry.idl
[9.938s] -- Symlinking: /home/th1rt3en/DOCO/ws/install_rework/quadrotor_msgs/share/quadrotor_msgs/msg/PolynomialTrajectory.idl
[9.947s] -- Symlinking: /home/th1rt3en/DOCO/ws/install_rework/quadrotor_msgs/share/quadrotor_msgs/msg/AuxCommand.msg
[9.957s] -- Symlinking: /home/th1rt3en/DOCO/ws/install_rework/quadrotor_msgs/share/quadrotor_msgs/msg/Corrections.msg
[9.967s] -- Symlinking: /home/th1rt3en/DOCO/ws/install_rework/quadrotor_msgs/share/quadrotor_msgs/msg/Gains.msg
[9.976s] -- Symlinking: /home/th1rt3en/DOCO/ws/install_rework/quadrotor_msgs/share/quadrotor_msgs/msg/LQRTrajectory.msg
[9.985s] -- Symlinking: /home/th1rt3en/DOCO/ws/install_rework/quadrotor_msgs/share/quadrotor_msgs/msg/OutputData.msg
[9.997s] -- Symlinking: /home/th1rt3en/DOCO/ws/install_rework/quadrotor_msgs/share/quadrotor_msgs/msg/PositionCommand.msg
[10.009s] -- Symlinking: /home/th1rt3en/DOCO/ws/install_rework/quadrotor_msgs/share/quadrotor_msgs/msg/PPROutputData.msg
[10.018s] -- Symlinking: /home/th1rt3en/DOCO/ws/install_rework/quadrotor_msgs/share/quadrotor_msgs/msg/Serial.msg
[10.028s] -- Symlinking: /home/th1rt3en/DOCO/ws/install_rework/quadrotor_msgs/share/quadrotor_msgs/msg/SO3Command.msg
[10.038s] -- Symlinking: /home/th1rt3en/DOCO/ws/install_rework/quadrotor_msgs/share/quadrotor_msgs/msg/StatusData.msg
[10.048s] -- Symlinking: /home/th1rt3en/DOCO/ws/install_rework/quadrotor_msgs/share/quadrotor_msgs/msg/TRPYCommand.msg
[10.057s] -- Symlinking: /home/th1rt3en/DOCO/ws/install_rework/quadrotor_msgs/share/quadrotor_msgs/msg/Odometry.msg
[10.073s] -- Symlinking: /home/th1rt3en/DOCO/ws/install_rework/quadrotor_msgs/share/quadrotor_msgs/msg/PolynomialTrajectory.msg
[10.082s] -- Symlinking: /home/th1rt3en/DOCO/ws/install_rework/quadrotor_msgs/lib/libdecode_msgs.so
[10.091s] -- Symlinking: /home/th1rt3en/DOCO/ws/install_rework/quadrotor_msgs/lib/libencode_msgs.so
[10.100s] -- Symlinking: /home/th1rt3en/DOCO/ws/install_rework/quadrotor_msgs/share/ament_index/resource_index/package_run_dependencies/quadrotor_msgs
[10.108s] -- Symlinking: /home/th1rt3en/DOCO/ws/install_rework/quadrotor_msgs/share/ament_index/resource_index/parent_prefix_path/quadrotor_msgs
[10.117s] -- Symlinking: /home/th1rt3en/DOCO/ws/install_rework/quadrotor_msgs/share/quadrotor_msgs/environment/ament_prefix_path.sh
[10.125s] -- Symlinking: /home/th1rt3en/DOCO/ws/install_rework/quadrotor_msgs/share/quadrotor_msgs/environment/ament_prefix_path.dsv
[10.135s] -- Symlinking: /home/th1rt3en/DOCO/ws/install_rework/quadrotor_msgs/share/quadrotor_msgs/environment/path.sh
[10.143s] -- Symlinking: /home/th1rt3en/DOCO/ws/install_rework/quadrotor_msgs/share/quadrotor_msgs/environment/path.dsv
[10.153s] -- Symlinking: /home/th1rt3en/DOCO/ws/install_rework/quadrotor_msgs/share/quadrotor_msgs/local_setup.bash
[10.161s] -- Symlinking: /home/th1rt3en/DOCO/ws/install_rework/quadrotor_msgs/share/quadrotor_msgs/local_setup.sh
[10.170s] -- Symlinking: /home/th1rt3en/DOCO/ws/install_rework/quadrotor_msgs/share/quadrotor_msgs/local_setup.zsh
[10.179s] -- Symlinking: /home/th1rt3en/DOCO/ws/install_rework/quadrotor_msgs/share/quadrotor_msgs/local_setup.dsv
[10.188s] -- Symlinking: /home/th1rt3en/DOCO/ws/install_rework/quadrotor_msgs/share/quadrotor_msgs/package.dsv
[10.196s] -- Symlinking: /home/th1rt3en/DOCO/ws/install_rework/quadrotor_msgs/share/ament_index/resource_index/packages/quadrotor_msgs
[10.203s] -- Symlinking: /home/th1rt3en/DOCO/ws/install_rework/quadrotor_msgs/share/quadrotor_msgs/cmake/rosidl_cmake-extras.cmake
[10.212s] -- Symlinking: /home/th1rt3en/DOCO/ws/install_rework/quadrotor_msgs/share/quadrotor_msgs/cmake/ament_cmake_export_dependencies-extras.cmake
[10.221s] -- Symlinking: /home/th1rt3en/DOCO/ws/install_rework/quadrotor_msgs/share/quadrotor_msgs/cmake/ament_cmake_export_include_directories-extras.cmake
[10.229s] -- Symlinking: /home/th1rt3en/DOCO/ws/install_rework/quadrotor_msgs/share/quadrotor_msgs/cmake/ament_cmake_export_libraries-extras.cmake
[10.238s] -- Symlinking: /home/th1rt3en/DOCO/ws/install_rework/quadrotor_msgs/share/quadrotor_msgs/cmake/ament_cmake_export_targets-extras.cmake
[10.247s] -- Symlinking: /home/th1rt3en/DOCO/ws/install_rework/quadrotor_msgs/share/quadrotor_msgs/cmake/rosidl_cmake_export_typesupport_targets-extras.cmake
[10.256s] -- Symlinking: /home/th1rt3en/DOCO/ws/install_rework/quadrotor_msgs/share/quadrotor_msgs/cmake/rosidl_cmake_export_typesupport_libraries-extras.cmake
[10.265s] -- Symlinking: /home/th1rt3en/DOCO/ws/install_rework/quadrotor_msgs/share/quadrotor_msgs/cmake/quadrotor_msgsConfig.cmake
[10.273s] -- Symlinking: /home/th1rt3en/DOCO/ws/install_rework/quadrotor_msgs/share/quadrotor_msgs/cmake/quadrotor_msgsConfig-version.cmake
[10.282s] -- Symlinking: /home/th1rt3en/DOCO/ws/install_rework/quadrotor_msgs/share/quadrotor_msgs/package.xml
[10.291s] -- Installing: /home/th1rt3en/DOCO/ws/install_rework/quadrotor_msgs/lib/libquadrotor_msgs__rosidl_generator_c.so
[10.291s] -- Set runtime path of "/home/th1rt3en/DOCO/ws/install_rework/quadrotor_msgs/lib/libquadrotor_msgs__rosidl_generator_c.so" to ""
[10.291s] -- Installing: /home/th1rt3en/DOCO/ws/install_rework/quadrotor_msgs/lib/libquadrotor_msgs__rosidl_typesupport_fastrtps_c.so
[10.292s] -- Set runtime path of "/home/th1rt3en/DOCO/ws/install_rework/quadrotor_msgs/lib/libquadrotor_msgs__rosidl_typesupport_fastrtps_c.so" to ""
[10.292s] -- Installing: /home/th1rt3en/DOCO/ws/install_rework/quadrotor_msgs/lib/libquadrotor_msgs__rosidl_typesupport_fastrtps_cpp.so
[10.292s] -- Set runtime path of "/home/th1rt3en/DOCO/ws/install_rework/quadrotor_msgs/lib/libquadrotor_msgs__rosidl_typesupport_fastrtps_cpp.so" to ""
[10.293s] -- Installing: /home/th1rt3en/DOCO/ws/install_rework/quadrotor_msgs/lib/libquadrotor_msgs__rosidl_typesupport_introspection_c.so
[10.293s] -- Set runtime path of "/home/th1rt3en/DOCO/ws/install_rework/quadrotor_msgs/lib/libquadrotor_msgs__rosidl_typesupport_introspection_c.so" to ""
[10.293s] -- Installing: /home/th1rt3en/DOCO/ws/install_rework/quadrotor_msgs/lib/libquadrotor_msgs__rosidl_typesupport_c.so
[10.293s] -- Set runtime path of "/home/th1rt3en/DOCO/ws/install_rework/quadrotor_msgs/lib/libquadrotor_msgs__rosidl_typesupport_c.so" to ""
[10.293s] -- Installing: /home/th1rt3en/DOCO/ws/install_rework/quadrotor_msgs/lib/libquadrotor_msgs__rosidl_typesupport_introspection_cpp.so
[10.294s] -- Set runtime path of "/home/th1rt3en/DOCO/ws/install_rework/quadrotor_msgs/lib/libquadrotor_msgs__rosidl_typesupport_introspection_cpp.so" to ""
[10.294s] -- Installing: /home/th1rt3en/DOCO/ws/install_rework/quadrotor_msgs/lib/libquadrotor_msgs__rosidl_typesupport_cpp.so
[10.294s] -- Set runtime path of "/home/th1rt3en/DOCO/ws/install_rework/quadrotor_msgs/lib/libquadrotor_msgs__rosidl_typesupport_cpp.so" to ""
[10.334s] Listing '/home/th1rt3en/DOCO/ws/install_rework/quadrotor_msgs/local/lib/python3.10/dist-packages/quadrotor_msgs'...
[10.334s] Compiling '/home/th1rt3en/DOCO/ws/install_rework/quadrotor_msgs/local/lib/python3.10/dist-packages/quadrotor_msgs/__init__.py'...
[10.334s] Listing '/home/th1rt3en/DOCO/ws/install_rework/quadrotor_msgs/local/lib/python3.10/dist-packages/quadrotor_msgs/msg'...
[10.334s] Compiling '/home/th1rt3en/DOCO/ws/install_rework/quadrotor_msgs/local/lib/python3.10/dist-packages/quadrotor_msgs/msg/__init__.py'...
[10.334s] Compiling '/home/th1rt3en/DOCO/ws/install_rework/quadrotor_msgs/local/lib/python3.10/dist-packages/quadrotor_msgs/msg/_aux_command.py'...
[10.334s] Compiling '/home/th1rt3en/DOCO/ws/install_rework/quadrotor_msgs/local/lib/python3.10/dist-packages/quadrotor_msgs/msg/_corrections.py'...
[10.334s] Compiling '/home/th1rt3en/DOCO/ws/install_rework/quadrotor_msgs/local/lib/python3.10/dist-packages/quadrotor_msgs/msg/_gains.py'...
[10.334s] Compiling '/home/th1rt3en/DOCO/ws/install_rework/quadrotor_msgs/local/lib/python3.10/dist-packages/quadrotor_msgs/msg/_lqr_trajectory.py'...
[10.334s] Compiling '/home/th1rt3en/DOCO/ws/install_rework/quadrotor_msgs/local/lib/python3.10/dist-packages/quadrotor_msgs/msg/_odometry.py'...
[10.334s] Compiling '/home/th1rt3en/DOCO/ws/install_rework/quadrotor_msgs/local/lib/python3.10/dist-packages/quadrotor_msgs/msg/_output_data.py'...
[10.334s] Compiling '/home/th1rt3en/DOCO/ws/install_rework/quadrotor_msgs/local/lib/python3.10/dist-packages/quadrotor_msgs/msg/_polynomial_trajectory.py'...
[10.334s] Compiling '/home/th1rt3en/DOCO/ws/install_rework/quadrotor_msgs/local/lib/python3.10/dist-packages/quadrotor_msgs/msg/_position_command.py'...
[10.334s] Compiling '/home/th1rt3en/DOCO/ws/install_rework/quadrotor_msgs/local/lib/python3.10/dist-packages/quadrotor_msgs/msg/_ppr_output_data.py'...
[10.334s] Compiling '/home/th1rt3en/DOCO/ws/install_rework/quadrotor_msgs/local/lib/python3.10/dist-packages/quadrotor_msgs/msg/_serial.py'...
[10.334s] Compiling '/home/th1rt3en/DOCO/ws/install_rework/quadrotor_msgs/local/lib/python3.10/dist-packages/quadrotor_msgs/msg/_so3_command.py'...
[10.334s] Compiling '/home/th1rt3en/DOCO/ws/install_rework/quadrotor_msgs/local/lib/python3.10/dist-packages/quadrotor_msgs/msg/_status_data.py'...
[10.334s] Compiling '/home/th1rt3en/DOCO/ws/install_rework/quadrotor_msgs/local/lib/python3.10/dist-packages/quadrotor_msgs/msg/_trpy_command.py'...
[10.341s] -- Installing: /home/th1rt3en/DOCO/ws/install_rework/quadrotor_msgs/lib/libquadrotor_msgs__rosidl_generator_py.so
[10.342s] -- Set runtime path of "/home/th1rt3en/DOCO/ws/install_rework/quadrotor_msgs/lib/libquadrotor_msgs__rosidl_generator_py.so" to ""
[10.342s] -- Installing: /home/th1rt3en/DOCO/ws/install_rework/quadrotor_msgs/share/quadrotor_msgs/cmake/export_quadrotor_msgs__rosidl_generator_cExport.cmake
[10.342s] -- Installing: /home/th1rt3en/DOCO/ws/install_rework/quadrotor_msgs/share/quadrotor_msgs/cmake/export_quadrotor_msgs__rosidl_generator_cExport-noconfig.cmake
[10.342s] -- Installing: /home/th1rt3en/DOCO/ws/install_rework/quadrotor_msgs/share/quadrotor_msgs/cmake/export_quadrotor_msgs__rosidl_typesupport_fastrtps_cExport.cmake
[10.342s] -- Installing: /home/th1rt3en/DOCO/ws/install_rework/quadrotor_msgs/share/quadrotor_msgs/cmake/export_quadrotor_msgs__rosidl_typesupport_fastrtps_cExport-noconfig.cmake
[10.344s] -- Installing: /home/th1rt3en/DOCO/ws/install_rework/quadrotor_msgs/share/quadrotor_msgs/cmake/export_quadrotor_msgs__rosidl_generator_cppExport.cmake
[10.344s] -- Installing: /home/th1rt3en/DOCO/ws/install_rework/quadrotor_msgs/share/quadrotor_msgs/cmake/export_quadrotor_msgs__rosidl_typesupport_fastrtps_cppExport.cmake
[10.344s] -- Installing: /home/th1rt3en/DOCO/ws/install_rework/quadrotor_msgs/share/quadrotor_msgs/cmake/export_quadrotor_msgs__rosidl_typesupport_fastrtps_cppExport-noconfig.cmake
[10.344s] -- Installing: /home/th1rt3en/DOCO/ws/install_rework/quadrotor_msgs/share/quadrotor_msgs/cmake/quadrotor_msgs__rosidl_typesupport_introspection_cExport.cmake
[10.344s] -- Installing: /home/th1rt3en/DOCO/ws/install_rework/quadrotor_msgs/share/quadrotor_msgs/cmake/quadrotor_msgs__rosidl_typesupport_introspection_cExport-noconfig.cmake
[10.344s] -- Installing: /home/th1rt3en/DOCO/ws/install_rework/quadrotor_msgs/share/quadrotor_msgs/cmake/quadrotor_msgs__rosidl_typesupport_cExport.cmake
[10.344s] -- Installing: /home/th1rt3en/DOCO/ws/install_rework/quadrotor_msgs/share/quadrotor_msgs/cmake/quadrotor_msgs__rosidl_typesupport_cExport-noconfig.cmake
[10.344s] -- Installing: /home/th1rt3en/DOCO/ws/install_rework/quadrotor_msgs/share/quadrotor_msgs/cmake/quadrotor_msgs__rosidl_typesupport_introspection_cppExport.cmake
[10.345s] -- Installing: /home/th1rt3en/DOCO/ws/install_rework/quadrotor_msgs/share/quadrotor_msgs/cmake/quadrotor_msgs__rosidl_typesupport_introspection_cppExport-noconfig.cmake
[10.345s] -- Installing: /home/th1rt3en/DOCO/ws/install_rework/quadrotor_msgs/share/quadrotor_msgs/cmake/quadrotor_msgs__rosidl_typesupport_cppExport.cmake
[10.345s] -- Installing: /home/th1rt3en/DOCO/ws/install_rework/quadrotor_msgs/share/quadrotor_msgs/cmake/quadrotor_msgs__rosidl_typesupport_cppExport-noconfig.cmake
[10.345s] -- Installing: /home/th1rt3en/DOCO/ws/install_rework/quadrotor_msgs/share/quadrotor_msgs/cmake/export_quadrotor_msgs__rosidl_generator_pyExport.cmake
[10.345s] -- Installing: /home/th1rt3en/DOCO/ws/install_rework/quadrotor_msgs/share/quadrotor_msgs/cmake/export_quadrotor_msgs__rosidl_generator_pyExport-noconfig.cmake
[10.347s] Invoked command in '/home/th1rt3en/DOCO/ws/build_rework/quadrotor_msgs' returned '0': CMAKE_PREFIX_PATH=/opt/ros/humble /usr/bin/cmake --install /home/th1rt3en/DOCO/ws/build_rework/quadrotor_msgs
