-- The C compiler identification is GNU 11.4.0
-- The CXX compiler identification is GNU 11.4.0
-- Detecting C compiler ABI info
-- Detecting C compiler ABI info - done
-- Check for working C compiler: /usr/bin/cc - skipped
-- Detecting C compile features
-- Detecting C compile features - done
-- Detecting CXX compiler ABI info
-- Detecting CXX compiler ABI info - done
-- Check for working CXX compiler: /usr/bin/c++ - skipped
-- Detecting CXX compile features
-- Detecting CXX compile features - done
-- Found ament_cmake: 1.3.13 (/opt/ros/humble/share/ament_cmake/cmake)
-- Found Python3: /usr/bin/python3 (found version "3.10.12") found components: Interpreter 
-- Override CMake install command with custom implementation using symlinks instead of copying resources
-- Found diagnostic_msgs: 4.9.1 (/opt/ros/humble/share/diagnostic_msgs/cmake)
-- Found rosidl_generator_c: 3.1.8 (/opt/ros/humble/share/rosidl_generator_c/cmake)
-- Found rosidl_adapter: 3.1.8 (/opt/ros/humble/share/rosidl_adapter/cmake)
-- Found rosidl_generator_cpp: 3.1.8 (/opt/ros/humble/share/rosidl_generator_cpp/cmake)
-- Using all available rosidl_typesupport_c: rosidl_typesupport_fastrtps_c;rosidl_typesupport_introspection_c
-- Using all available rosidl_typesupport_cpp: rosidl_typesupport_fastrtps_cpp;rosidl_typesupport_introspection_cpp
-- Found geometry_msgs: 4.9.1 (/opt/ros/humble/share/geometry_msgs/cmake)
-- Found nav_msgs: 4.9.1 (/opt/ros/humble/share/nav_msgs/cmake)
-- Found rclcpp: 16.0.18 (/opt/ros/humble/share/rclcpp/cmake)
-- Found rmw_implementation_cmake: 6.1.2 (/opt/ros/humble/share/rmw_implementation_cmake/cmake)
-- Found rmw_fastrtps_cpp: 6.2.10 (/opt/ros/humble/share/rmw_fastrtps_cpp/cmake)
-- Found OpenSSL: /usr/lib/x86_64-linux-gnu/libcrypto.so (found version "3.0.2")  
-- Found FastRTPS: /opt/ros/humble/include  
-- Using RMW implementation 'rmw_fastrtps_cpp' as default
-- Looking for pthread.h
-- Looking for pthread.h - found
-- Performing Test CMAKE_HAVE_LIBC_PTHREAD
-- Performing Test CMAKE_HAVE_LIBC_PTHREAD - Success
-- Found Threads: TRUE  
-- Found tf2: 0.25.19 (/opt/ros/humble/share/tf2/cmake)
-- Found tf2_geometry_msgs: 0.25.19 (/opt/ros/humble/share/tf2_geometry_msgs/cmake)
-- Found eigen3_cmake_module: 0.1.1 (/opt/ros/humble/share/eigen3_cmake_module/cmake)
-- Found Eigen3: TRUE (found version "3.4.0") 
-- Ensuring Eigen3 include directory is part of orocos-kdl CMake target
-- Found ament_cmake_gtest: 1.3.13 (/opt/ros/humble/share/ament_cmake_gtest/cmake)
-- Found gtest sources under '/opt/ros/humble/src/gtest_vendor': C++ tests using 'Google Test' will be built
-- Configuring done
-- Generating done
-- Build files have been written to: /home/th1rt3en/DOCO/ws/build_rework/relative_position_fusion
[ 30%] Building CXX object gtest/CMakeFiles/gtest.dir/src/gtest-all.cc.o
[ 30%] Building CXX object CMakeFiles/relative_position_fusion_core.dir/src/relative_position_filter.cpp.o
[ 30%] Building CXX object CMakeFiles/relative_position_fusion_core.dir/src/diagnostics_publisher.cpp.o
[ 30%] Building CXX object gtest/CMakeFiles/gtest_main.dir/src/gtest_main.cc.o
[ 30%] Building CXX object CMakeFiles/relative_position_fusion_core.dir/src/relocalization_monitor.cpp.o
[ 30%] Building CXX object CMakeFiles/relative_position_fusion_core.dir/src/uav_state_adapter.cpp.o
[ 34%] Building CXX object CMakeFiles/relative_position_fusion_core.dir/src/ugv_state_adapter.cpp.o
[ 30%] Building CXX object CMakeFiles/relative_position_fusion_core.dir/src/time_alignment_buffer.cpp.o
[ 39%] Linking CXX static library libgtest_main.a
[ 39%] Built target gtest_main
[ 43%] Linking CXX static library libgtest.a
[ 43%] Built target gtest
[ 47%] Linking CXX static library librelative_position_fusion_core.a
[ 47%] Built target relative_position_fusion_core
[ 69%] Building CXX object CMakeFiles/test_relocalization_monitor.dir/test/test_relocalization_monitor.cpp.o
[ 69%] Building CXX object CMakeFiles/relative_position_fusion_node.dir/src/relative_position_fusion_node.cpp.o
[ 69%] Building CXX object CMakeFiles/test_ugv_state_adapter.dir/test/test_ugv_state_adapter.cpp.o
[ 69%] Building CXX object CMakeFiles/test_time_alignment_buffer.dir/test/test_time_alignment_buffer.cpp.o
[ 73%] Building CXX object CMakeFiles/test_relative_position_filter.dir/test/test_relative_position_filter.cpp.o
[ 73%] Building CXX object CMakeFiles/test_uav_state_adapter.dir/test/test_uav_state_adapter.cpp.o
[ 78%] Linking CXX executable test_relocalization_monitor
[ 78%] Built target test_relocalization_monitor
[ 82%] Linking CXX executable test_time_alignment_buffer
[ 82%] Built target test_time_alignment_buffer
[ 86%] Linking CXX executable test_uav_state_adapter
[ 86%] Built target test_uav_state_adapter
[ 91%] Linking CXX executable test_relative_position_filter
[ 91%] Built target test_relative_position_filter
[ 95%] Linking CXX executable test_ugv_state_adapter
[ 95%] Built target test_ugv_state_adapter
[100%] Linking CXX executable relative_position_fusion_node
[100%] Built target relative_position_fusion_node
-- Install configuration: ""
-- Execute custom install script
-- Symlinking: /home/th1rt3en/DOCO/ws/install_rework/relative_position_fusion/lib/librelative_position_fusion_core.a
-- Symlinking: /home/th1rt3en/DOCO/ws/install_rework/relative_position_fusion/lib/relative_position_fusion/relative_position_fusion_node
-- Symlinking: /home/th1rt3en/DOCO/ws/install_rework/relative_position_fusion/include/relative_position_fusion/agent_planar_state.hpp
-- Symlinking: /home/th1rt3en/DOCO/ws/install_rework/relative_position_fusion/include/relative_position_fusion/covariance_utils.hpp
-- Symlinking: /home/th1rt3en/DOCO/ws/install_rework/relative_position_fusion/include/relative_position_fusion/diagnostics_publisher.hpp
-- Symlinking: /home/th1rt3en/DOCO/ws/install_rework/relative_position_fusion/include/relative_position_fusion/relative_position_filter.hpp
-- Symlinking: /home/th1rt3en/DOCO/ws/install_rework/relative_position_fusion/include/relative_position_fusion/relocalization_monitor.hpp
-- Symlinking: /home/th1rt3en/DOCO/ws/install_rework/relative_position_fusion/include/relative_position_fusion/time_alignment_buffer.hpp
-- Symlinking: /home/th1rt3en/DOCO/ws/install_rework/relative_position_fusion/include/relative_position_fusion/uav_state_adapter.hpp
-- Symlinking: /home/th1rt3en/DOCO/ws/install_rework/relative_position_fusion/include/relative_position_fusion/ugv_state_adapter.hpp
-- Symlinking: /home/th1rt3en/DOCO/ws/install_rework/relative_position_fusion/share/relative_position_fusion/launch/relative_position_fusion.launch.py
-- Symlinking: /home/th1rt3en/DOCO/ws/install_rework/relative_position_fusion/share/relative_position_fusion/config/relative_position_fusion.common.yaml
-- Symlinking: /home/th1rt3en/DOCO/ws/install_rework/relative_position_fusion/share/relative_position_fusion/config/relative_position_fusion.duojin_sim.yaml
-- Symlinking: /home/th1rt3en/DOCO/ws/install_rework/relative_position_fusion/share/relative_position_fusion/config/relative_position_fusion.hw.yaml
-- Symlinking: /home/th1rt3en/DOCO/ws/install_rework/relative_position_fusion/share/relative_position_fusion/config/relative_position_fusion.sim_navigation.yaml
-- Symlinking: /home/th1rt3en/DOCO/ws/install_rework/relative_position_fusion/share/ament_index/resource_index/package_run_dependencies/relative_position_fusion
-- Symlinking: /home/th1rt3en/DOCO/ws/install_rework/relative_position_fusion/share/ament_index/resource_index/parent_prefix_path/relative_position_fusion
-- Symlinking: /home/th1rt3en/DOCO/ws/install_rework/relative_position_fusion/share/relative_position_fusion/environment/ament_prefix_path.sh
-- Symlinking: /home/th1rt3en/DOCO/ws/install_rework/relative_position_fusion/share/relative_position_fusion/environment/ament_prefix_path.dsv
-- Symlinking: /home/th1rt3en/DOCO/ws/install_rework/relative_position_fusion/share/relative_position_fusion/environment/path.sh
-- Symlinking: /home/th1rt3en/DOCO/ws/install_rework/relative_position_fusion/share/relative_position_fusion/environment/path.dsv
-- Symlinking: /home/th1rt3en/DOCO/ws/install_rework/relative_position_fusion/share/relative_position_fusion/local_setup.bash
-- Symlinking: /home/th1rt3en/DOCO/ws/install_rework/relative_position_fusion/share/relative_position_fusion/local_setup.sh
-- Symlinking: /home/th1rt3en/DOCO/ws/install_rework/relative_position_fusion/share/relative_position_fusion/local_setup.zsh
-- Symlinking: /home/th1rt3en/DOCO/ws/install_rework/relative_position_fusion/share/relative_position_fusion/local_setup.dsv
-- Symlinking: /home/th1rt3en/DOCO/ws/install_rework/relative_position_fusion/share/relative_position_fusion/package.dsv
-- Symlinking: /home/th1rt3en/DOCO/ws/install_rework/relative_position_fusion/share/ament_index/resource_index/packages/relative_position_fusion
-- Symlinking: /home/th1rt3en/DOCO/ws/install_rework/relative_position_fusion/share/relative_position_fusion/cmake/relative_position_fusionConfig.cmake
-- Symlinking: /home/th1rt3en/DOCO/ws/install_rework/relative_position_fusion/share/relative_position_fusion/cmake/relative_position_fusionConfig-version.cmake
-- Symlinking: /home/th1rt3en/DOCO/ws/install_rework/relative_position_fusion/share/relative_position_fusion/package.xml
