[0.008s] Invoking command in '/home/th1rt3en/DOCO/ws/build_rework/relative_position_fusion': CMAKE_PREFIX_PATH=/opt/ros/humble /usr/bin/cmake /home/th1rt3en/DOCO/ws/src/relative_position_fusion -DAMENT_CMAKE_SYMLINK_INSTALL=1 -DCMAKE_INSTALL_PREFIX=/home/th1rt3en/DOCO/ws/install_rework/relative_position_fusion
[0.049s] -- The C compiler identification is GNU 11.4.0
[0.092s] -- The CXX compiler identification is GNU 11.4.0
[0.097s] -- Detecting C compiler ABI info
[0.154s] -- Detecting C compiler ABI info - done
[0.159s] -- Check for working C compiler: /usr/bin/cc - skipped
[0.160s] -- Detecting C compile features
[0.160s] -- Detecting C compile features - done
[0.162s] -- Detecting CXX compiler ABI info
[0.229s] -- Detecting CXX compiler ABI info - done
[0.234s] -- Check for working CXX compiler: /usr/bin/c++ - skipped
[0.234s] -- Detecting CXX compile features
[0.234s] -- Detecting CXX compile features - done
[0.236s] -- Found ament_cmake: 1.3.13 (/opt/ros/humble/share/ament_cmake/cmake)
[0.350s] -- Found Python3: /usr/bin/python3 (found version "3.10.12") found components: Interpreter 
[0.399s] -- Override CMake install command with custom implementation using symlinks instead of copying resources
[0.417s] -- Found diagnostic_msgs: 4.9.1 (/opt/ros/humble/share/diagnostic_msgs/cmake)
[0.440s] -- Found rosidl_generator_c: 3.1.8 (/opt/ros/humble/share/rosidl_generator_c/cmake)
[0.443s] -- Found rosidl_adapter: 3.1.8 (/opt/ros/humble/share/rosidl_adapter/cmake)
[0.448s] -- Found rosidl_generator_cpp: 3.1.8 (/opt/ros/humble/share/rosidl_generator_cpp/cmake)
[0.456s] -- Using all available rosidl_typesupport_c: rosidl_typesupport_fastrtps_c;rosidl_typesupport_introspection_c
[0.465s] -- Using all available rosidl_typesupport_cpp: rosidl_typesupport_fastrtps_cpp;rosidl_typesupport_introspection_cpp
[0.500s] -- Found geometry_msgs: 4.9.1 (/opt/ros/humble/share/geometry_msgs/cmake)
[0.508s] -- Found nav_msgs: 4.9.1 (/opt/ros/humble/share/nav_msgs/cmake)
[0.519s] -- Found rclcpp: 16.0.18 (/opt/ros/humble/share/rclcpp/cmake)
[0.543s] -- Found rmw_implementation_cmake: 6.1.2 (/opt/ros/humble/share/rmw_implementation_cmake/cmake)
[0.544s] -- Found rmw_fastrtps_cpp: 6.2.10 (/opt/ros/humble/share/rmw_fastrtps_cpp/cmake)
[0.616s] -- Found OpenSSL: /usr/lib/x86_64-linux-gnu/libcrypto.so (found version "3.0.2")  
[0.645s] -- Found FastRTPS: /opt/ros/humble/include  
[0.685s] -- Using RMW implementation 'rmw_fastrtps_cpp' as default
[0.691s] -- Looking for pthread.h
[0.756s] -- Looking for pthread.h - found
[0.756s] -- Performing Test CMAKE_HAVE_LIBC_PTHREAD
[0.825s] -- Performing Test CMAKE_HAVE_LIBC_PTHREAD - Success
[0.826s] -- Found Threads: TRUE  
[0.853s] -- Found tf2: 0.25.19 (/opt/ros/humble/share/tf2/cmake)
[0.864s] -- Found tf2_geometry_msgs: 0.25.19 (/opt/ros/humble/share/tf2_geometry_msgs/cmake)
[0.874s] -- Found eigen3_cmake_module: 0.1.1 (/opt/ros/humble/share/eigen3_cmake_module/cmake)
[0.875s] -- Found Eigen3: TRUE (found version "3.4.0") 
[0.875s] -- Ensuring Eigen3 include directory is part of orocos-kdl CMake target
[0.952s] -- Found ament_cmake_gtest: 1.3.13 (/opt/ros/humble/share/ament_cmake_gtest/cmake)
[0.954s] -- Found gtest sources under '/opt/ros/humble/src/gtest_vendor': C++ tests using 'Google Test' will be built
[1.021s] -- Configuring done
[1.057s] -- Generating done
[1.069s] -- Build files have been written to: /home/th1rt3en/DOCO/ws/build_rework/relative_position_fusion
[1.085s] Invoked command in '/home/th1rt3en/DOCO/ws/build_rework/relative_position_fusion' returned '0': CMAKE_PREFIX_PATH=/opt/ros/humble /usr/bin/cmake /home/th1rt3en/DOCO/ws/src/relative_position_fusion -DAMENT_CMAKE_SYMLINK_INSTALL=1 -DCMAKE_INSTALL_PREFIX=/home/th1rt3en/DOCO/ws/install_rework/relative_position_fusion
[1.086s] Invoking command in '/home/th1rt3en/DOCO/ws/build_rework/relative_position_fusion': CMAKE_PREFIX_PATH=/opt/ros/humble /usr/bin/cmake --build /home/th1rt3en/DOCO/ws/build_rework/relative_position_fusion -- -j16 -l16
[1.136s] [ 30%] Building CXX object gtest/CMakeFiles/gtest.dir/src/gtest-all.cc.o
[1.136s] [ 30%] Building CXX object CMakeFiles/relative_position_fusion_core.dir/src/relative_position_filter.cpp.o
[1.136s] [ 30%] Building CXX object CMakeFiles/relative_position_fusion_core.dir/src/diagnostics_publisher.cpp.o
[1.136s] [ 30%] Building CXX object gtest/CMakeFiles/gtest_main.dir/src/gtest_main.cc.o
[1.136s] [ 30%] Building CXX object CMakeFiles/relative_position_fusion_core.dir/src/relocalization_monitor.cpp.o
[1.136s] [ 30%] Building CXX object CMakeFiles/relative_position_fusion_core.dir/src/uav_state_adapter.cpp.o
[1.136s] [ 34%] Building CXX object CMakeFiles/relative_position_fusion_core.dir/src/ugv_state_adapter.cpp.o
[1.136s] [ 30%] Building CXX object CMakeFiles/relative_position_fusion_core.dir/src/time_alignment_buffer.cpp.o
[2.021s] [ 39%] Linking CXX static library libgtest_main.a
[2.097s] [ 39%] Built target gtest_main
[5.231s] [ 43%] Linking CXX static library libgtest.a
[5.510s] [ 43%] Built target gtest
[18.498s] [ 47%] Linking CXX static library librelative_position_fusion_core.a
[18.911s] [ 47%] Built target relative_position_fusion_core
[18.932s] [ 69%] Building CXX object CMakeFiles/test_relocalization_monitor.dir/test/test_relocalization_monitor.cpp.o
[18.932s] [ 69%] Building CXX object CMakeFiles/relative_position_fusion_node.dir/src/relative_position_fusion_node.cpp.o
[18.932s] [ 69%] Building CXX object CMakeFiles/test_ugv_state_adapter.dir/test/test_ugv_state_adapter.cpp.o
[18.932s] [ 69%] Building CXX object CMakeFiles/test_time_alignment_buffer.dir/test/test_time_alignment_buffer.cpp.o
[18.932s] [ 73%] Building CXX object CMakeFiles/test_relative_position_filter.dir/test/test_relative_position_filter.cpp.o
[18.932s] [ 73%] Building CXX object CMakeFiles/test_uav_state_adapter.dir/test/test_uav_state_adapter.cpp.o
[19.851s] [ 78%] Linking CXX executable test_relocalization_monitor
[20.060s] [ 78%] Built target test_relocalization_monitor
[20.453s] [ 82%] Linking CXX executable test_time_alignment_buffer
[20.760s] [ 82%] Built target test_time_alignment_buffer
[23.298s] [ 86%] Linking CXX executable test_uav_state_adapter
[23.844s] [ 86%] Built target test_uav_state_adapter
[25.730s] [ 91%] Linking CXX executable test_relative_position_filter
[26.227s] [ 91%] Built target test_relative_position_filter
[26.927s] [ 95%] Linking CXX executable test_ugv_state_adapter
[27.583s] [ 95%] Built target test_ugv_state_adapter
[30.744s] [100%] Linking CXX executable relative_position_fusion_node
[33.047s] [100%] Built target relative_position_fusion_node
[33.062s] Invoked command in '/home/th1rt3en/DOCO/ws/build_rework/relative_position_fusion' returned '0': CMAKE_PREFIX_PATH=/opt/ros/humble /usr/bin/cmake --build /home/th1rt3en/DOCO/ws/build_rework/relative_position_fusion -- -j16 -l16
[33.063s] Invoking command in '/home/th1rt3en/DOCO/ws/build_rework/relative_position_fusion': CMAKE_PREFIX_PATH=/opt/ros/humble /usr/bin/cmake --install /home/th1rt3en/DOCO/ws/build_rework/relative_position_fusion
[33.076s] -- Install configuration: ""
[33.076s] -- Execute custom install script
[33.076s] -- Symlinking: /home/th1rt3en/DOCO/ws/install_rework/relative_position_fusion/lib/librelative_position_fusion_core.a
[33.086s] -- Symlinking: /home/th1rt3en/DOCO/ws/install_rework/relative_position_fusion/lib/relative_position_fusion/relative_position_fusion_node
[33.095s] -- Symlinking: /home/th1rt3en/DOCO/ws/install_rework/relative_position_fusion/include/relative_position_fusion/agent_planar_state.hpp
[33.108s] -- Symlinking: /home/th1rt3en/DOCO/ws/install_rework/relative_position_fusion/include/relative_position_fusion/covariance_utils.hpp
[33.117s] -- Symlinking: /home/th1rt3en/DOCO/ws/install_rework/relative_position_fusion/include/relative_position_fusion/diagnostics_publisher.hpp
[33.127s] -- Symlinking: /home/th1rt3en/DOCO/ws/install_rework/relative_position_fusion/include/relative_position_fusion/relative_position_filter.hpp
[33.142s] -- Symlinking: /home/th1rt3en/DOCO/ws/install_rework/relative_position_fusion/include/relative_position_fusion/relocalization_monitor.hpp
[33.156s] -- Symlinking: /home/th1rt3en/DOCO/ws/install_rework/relative_position_fusion/include/relative_position_fusion/time_alignment_buffer.hpp
[33.167s] -- Symlinking: /home/th1rt3en/DOCO/ws/install_rework/relative_position_fusion/include/relative_position_fusion/uav_state_adapter.hpp
[33.179s] -- Symlinking: /home/th1rt3en/DOCO/ws/install_rework/relative_position_fusion/include/relative_position_fusion/ugv_state_adapter.hpp
[33.190s] -- Symlinking: /home/th1rt3en/DOCO/ws/install_rework/relative_position_fusion/share/relative_position_fusion/launch/relative_position_fusion.launch.py
[33.201s] -- Symlinking: /home/th1rt3en/DOCO/ws/install_rework/relative_position_fusion/share/relative_position_fusion/config/relative_position_fusion.common.yaml
[33.211s] -- Symlinking: /home/th1rt3en/DOCO/ws/install_rework/relative_position_fusion/share/relative_position_fusion/config/relative_position_fusion.duojin_sim.yaml
[33.223s] -- Symlinking: /home/th1rt3en/DOCO/ws/install_rework/relative_position_fusion/share/relative_position_fusion/config/relative_position_fusion.hw.yaml
[33.233s] -- Symlinking: /home/th1rt3en/DOCO/ws/install_rework/relative_position_fusion/share/relative_position_fusion/config/relative_position_fusion.sim_navigation.yaml
[33.248s] -- Symlinking: /home/th1rt3en/DOCO/ws/install_rework/relative_position_fusion/share/ament_index/resource_index/package_run_dependencies/relative_position_fusion
[33.257s] -- Symlinking: /home/th1rt3en/DOCO/ws/install_rework/relative_position_fusion/share/ament_index/resource_index/parent_prefix_path/relative_position_fusion
[33.267s] -- Symlinking: /home/th1rt3en/DOCO/ws/install_rework/relative_position_fusion/share/relative_position_fusion/environment/ament_prefix_path.sh
[33.277s] -- Symlinking: /home/th1rt3en/DOCO/ws/install_rework/relative_position_fusion/share/relative_position_fusion/environment/ament_prefix_path.dsv
[33.305s] -- Symlinking: /home/th1rt3en/DOCO/ws/install_rework/relative_position_fusion/share/relative_position_fusion/environment/path.sh
[33.321s] -- Symlinking: /home/th1rt3en/DOCO/ws/install_rework/relative_position_fusion/share/relative_position_fusion/environment/path.dsv
[33.335s] -- Symlinking: /home/th1rt3en/DOCO/ws/install_rework/relative_position_fusion/share/relative_position_fusion/local_setup.bash
[33.349s] -- Symlinking: /home/th1rt3en/DOCO/ws/install_rework/relative_position_fusion/share/relative_position_fusion/local_setup.sh
[33.359s] -- Symlinking: /home/th1rt3en/DOCO/ws/install_rework/relative_position_fusion/share/relative_position_fusion/local_setup.zsh
[33.374s] -- Symlinking: /home/th1rt3en/DOCO/ws/install_rework/relative_position_fusion/share/relative_position_fusion/local_setup.dsv
[33.385s] -- Symlinking: /home/th1rt3en/DOCO/ws/install_rework/relative_position_fusion/share/relative_position_fusion/package.dsv
[33.394s] -- Symlinking: /home/th1rt3en/DOCO/ws/install_rework/relative_position_fusion/share/ament_index/resource_index/packages/relative_position_fusion
[33.407s] -- Symlinking: /home/th1rt3en/DOCO/ws/install_rework/relative_position_fusion/share/relative_position_fusion/cmake/relative_position_fusionConfig.cmake
[33.419s] -- Symlinking: /home/th1rt3en/DOCO/ws/install_rework/relative_position_fusion/share/relative_position_fusion/cmake/relative_position_fusionConfig-version.cmake
[33.429s] -- Symlinking: /home/th1rt3en/DOCO/ws/install_rework/relative_position_fusion/share/relative_position_fusion/package.xml
[33.443s] Invoked command in '/home/th1rt3en/DOCO/ws/build_rework/relative_position_fusion' returned '0': CMAKE_PREFIX_PATH=/opt/ros/humble /usr/bin/cmake --install /home/th1rt3en/DOCO/ws/build_rework/relative_position_fusion
