-- The C compiler identification is GNU 11.4.0
-- The CXX compiler identification is GNU 11.4.0
-- Detecting C compiler ABI info
-- Detecting C compiler ABI info - done
-- Check for working C compiler: /usr/bin/cc - skipped
-- Detecting C compile features
-- Detecting C compile features - done
-- Detecting CXX compiler ABI info
-- Detecting CXX compiler ABI info - done
-- Check for working CXX compiler: /usr/bin/c++ - skipped
-- Detecting CXX compile features
-- Detecting CXX compile features - done
-- Found ament_cmake: 1.3.13 (/opt/ros/humble/share/ament_cmake/cmake)
-- Found Python3: /usr/bin/python3 (found version "3.10.12") found components: Interpreter 
-- Override CMake install command with custom implementation using symlinks instead of copying resources
-- Found rclcpp: 16.0.18 (/opt/ros/humble/share/rclcpp/cmake)
-- Found rosidl_generator_c: 3.1.8 (/opt/ros/humble/share/rosidl_generator_c/cmake)
-- Found rosidl_adapter: 3.1.8 (/opt/ros/humble/share/rosidl_adapter/cmake)
-- Found rosidl_generator_cpp: 3.1.8 (/opt/ros/humble/share/rosidl_generator_cpp/cmake)
-- Using all available rosidl_typesupport_c: rosidl_typesupport_fastrtps_c;rosidl_typesupport_introspection_c
-- Using all available rosidl_typesupport_cpp: rosidl_typesupport_fastrtps_cpp;rosidl_typesupport_introspection_cpp
-- Found rmw_implementation_cmake: 6.1.2 (/opt/ros/humble/share/rmw_implementation_cmake/cmake)
-- Found rmw_fastrtps_cpp: 6.2.10 (/opt/ros/humble/share/rmw_fastrtps_cpp/cmake)
-- Found OpenSSL: /usr/lib/x86_64-linux-gnu/libcrypto.so (found version "3.0.2")  
-- Found FastRTPS: /opt/ros/humble/include  
-- Using RMW implementation 'rmw_fastrtps_cpp' as default
-- Looking for pthread.h
-- Looking for pthread.h - found
-- Performing Test CMAKE_HAVE_LIBC_PTHREAD
-- Performing Test CMAKE_HAVE_LIBC_PTHREAD - Success
-- Found Threads: TRUE  
-- Found sensor_msgs: 4.9.1 (/opt/ros/humble/share/sensor_msgs/cmake)
-- Found nav_msgs: 4.9.1 (/opt/ros/humble/share/nav_msgs/cmake)
-- Found std_srvs: 4.9.1 (/opt/ros/humble/share/std_srvs/cmake)
-- Found tf2: 0.25.19 (/opt/ros/humble/share/tf2/cmake)
-- Found tf2_ros: 0.25.19 (/opt/ros/humble/share/tf2_ros/cmake)
-- Found quadrotor_msgs: 0.0.0 (/home/th1rt3en/DOCO/ws/install_rework/quadrotor_msgs/share/quadrotor_msgs/cmake)
-- Found px4_msgs: 2.0.1 (/home/th1rt3en/DOCO/ws/install_rework/px4_msgs/share/px4_msgs/cmake)
-- Found OpenCV: /usr (found version "4.5.4") found components: core imgproc video videoio 
-- Looking for gz-transport13 -- found version 13.5.0
-- Searching for dependencies of gz-transport13
-- Found Protobuf: /usr/lib/x86_64-linux-gnu/libprotobuf.so (found version "3.12.4") 
-- Config-file not installed for ZeroMQ -- checking for pkg-config
-- Checking for module 'libzmq >= 4'
--   Found libzmq , version 4.3.4
-- Found ZeroMQ: TRUE (Required is at least version "4") 
-- Checking for module 'uuid'
--   Found uuid, version 2.37.2
-- Found UUID: TRUE  
-- Looking for gz-utils2 -- found version 2.2.1
-- Searching for dependencies of gz-utils2
-- Searching for <gz-utils2> component [cli]
-- Looking for gz-utils2-cli -- found version 2.2.1
-- Searching for dependencies of gz-utils2-cli
-- Looking for gz-msgs10 -- found version 10.3.2
-- Searching for dependencies of gz-msgs10
-- Looking for gz-utils2 -- found version 2.2.1
-- Looking for gz-math7 -- found version 7.5.1
-- Searching for dependencies of gz-math7
-- Looking for gz-utils2 -- found version 2.2.1
-- Checking for module 'tinyxml2'
--   Found tinyxml2, version 9.0.0
-- Looking for gz-msgs10 -- found version 10.3.2
-- Found ament_cmake_gtest: 1.3.13 (/opt/ros/humble/share/ament_cmake_gtest/cmake)
-- Found ament_lint_auto: 0.12.15 (/opt/ros/humble/share/ament_lint_auto/cmake)
-- Found gtest sources under '/opt/ros/humble/src/gtest_vendor': C++ tests using 'Google Test' will be built
-- Added test 'cppcheck' to perform static code analysis on C / C++ code
-- Configured cppcheck include dirs: /home/th1rt3en/DOCO/ws/src/uav_bridge/include
-- Configured cppcheck exclude dirs and/or files: 
-- Added test 'lint_cmake' to check CMake code style
-- Added test 'uncrustify' to check C / C++ code style
-- Configured uncrustify additional arguments: 
-- Added test 'xmllint' to check XML markup files
-- Configuring done
-- Generating done
-- Build files have been written to: /home/th1rt3en/DOCO/ws/build_rework/uav_bridge
[  2%] Building CXX object CMakeFiles/mono_camera_bridge_node.dir/src/mono_camera_bridge_node.cpp.o
[  4%] Building CXX object CMakeFiles/uav_bridge_uav_state_bridge_logic.dir/src/uav_state_bridge_logic.cpp.o
[  6%] Building CXX object CMakeFiles/mono_camera_source_node.dir/src/mono_camera_source_node.cpp.o
[  9%] Building CXX object CMakeFiles/offboard_bridge_node.dir/src/offboard_bridge_node.cpp.o
[ 11%] Building CXX object CMakeFiles/uav_bridge_px4_odom_adapter_logic.dir/src/px4_odom_adapter_logic.cpp.o
[ 13%] Building CXX object CMakeFiles/rangefinder_bridge_node.dir/src/rangefinder_bridge_node.cpp.o
[ 16%] Building CXX object CMakeFiles/px4_planar_state_reader_node.dir/src/px4_planar_state_reader_node.cpp.o
[ 18%] Building CXX object CMakeFiles/optical_flow_bridge_node.dir/src/optical_flow_bridge_node.cpp.o
[ 20%] Building CXX object CMakeFiles/offboard_bridge_node.dir/src/frame_aligner.cpp.o
[ 23%] Building CXX object CMakeFiles/tf_bridge_node.dir/src/tf_bridge_node.cpp.o
[ 25%] Building CXX object CMakeFiles/offboard_bridge_node.dir/src/px4_commander.cpp.o
[ 27%] Building CXX object CMakeFiles/stereo_camera_bridge_node.dir/src/stereo_camera_bridge_node.cpp.o
[ 30%] Building CXX object CMakeFiles/fmu_topic_namespace_bridge_node.dir/src/fmu_topic_namespace_bridge_node.cpp.o
[ 32%] Building CXX object CMakeFiles/offboard_bridge_node.dir/src/flight_mode_manager.cpp.o
[ 34%] Building CXX object CMakeFiles/uav_control_node.dir/src/uav_control_node.cpp.o
[ 37%] Building CXX object gtest/CMakeFiles/gtest_main.dir/src/gtest_main.cc.o
[ 39%] Linking CXX static library libuav_bridge_px4_odom_adapter_logic.a
[ 41%] Building CXX object CMakeFiles/uav_control_node.dir/src/math_utils.cpp.o
[ 41%] Built target uav_bridge_px4_odom_adapter_logic
[ 44%] Building CXX object CMakeFiles/offboard_bridge_node.dir/src/math_utils.cpp.o
[ 46%] Building CXX object gtest/CMakeFiles/gtest.dir/src/gtest-all.cc.o
[ 48%] Linking CXX static library libuav_bridge_uav_state_bridge_logic.a
[ 48%] Built target uav_bridge_uav_state_bridge_logic
[ 51%] Building CXX object CMakeFiles/px4_odom_adapter_node.dir/src/px4_odom_adapter_node.cpp.o
[ 53%] Linking CXX static library libgtest_main.a
[ 53%] Built target gtest_main
[ 55%] Building CXX object CMakeFiles/uav_state_bridge_node.dir/src/uav_state_bridge_node.cpp.o
[ 58%] Linking CXX static library libgtest.a
[ 58%] Built target gtest
[ 60%] Building CXX object CMakeFiles/test_px4_odom_adapter_logic.dir/test/test_px4_odom_adapter_logic.cpp.o
[ 62%] Building CXX object CMakeFiles/test_uav_state_bridge_logic.dir/test/test_uav_state_bridge_logic.cpp.o
[ 65%] Building CXX object CMakeFiles/test_uav_control_logic.dir/test/test_uav_control_logic.cpp.o
[ 67%] Linking CXX executable rangefinder_bridge_node
[ 69%] Linking CXX executable test_uav_control_logic
[ 69%] Built target test_uav_control_logic
[ 69%] Built target rangefinder_bridge_node
[ 72%] Linking CXX executable test_uav_state_bridge_logic
[ 74%] Linking CXX executable test_px4_odom_adapter_logic
[ 74%] Built target test_uav_state_bridge_logic
[ 74%] Built target test_px4_odom_adapter_logic
[ 76%] Linking CXX executable mono_camera_source_node
[ 79%] Linking CXX executable mono_camera_bridge_node
[ 79%] Built target mono_camera_source_node
[ 81%] Linking CXX executable stereo_camera_bridge_node
[ 81%] Built target mono_camera_bridge_node
[ 81%] Built target stereo_camera_bridge_node
[ 83%] Linking CXX executable optical_flow_bridge_node
[ 83%] Built target optical_flow_bridge_node
[ 86%] Linking CXX executable tf_bridge_node
[ 86%] Built target tf_bridge_node
[ 88%] Linking CXX executable px4_planar_state_reader_node
[ 88%] Built target px4_planar_state_reader_node
[ 90%] Linking CXX executable uav_state_bridge_node
[ 93%] Linking CXX executable px4_odom_adapter_node
[ 93%] Built target uav_state_bridge_node
[ 93%] Built target px4_odom_adapter_node
[ 95%] Linking CXX executable uav_control_node
[ 97%] Linking CXX executable offboard_bridge_node
[ 97%] Built target uav_control_node
[100%] Linking CXX executable fmu_topic_namespace_bridge_node
[100%] Built target offboard_bridge_node
[100%] Built target fmu_topic_namespace_bridge_node
-- Install configuration: ""
-- Execute custom install script
-- Symlinking: /home/th1rt3en/DOCO/ws/install_rework/uav_bridge/lib/uav_bridge/libuav_bridge_px4_odom_adapter_logic.a
-- Symlinking: /home/th1rt3en/DOCO/ws/install_rework/uav_bridge/lib/uav_bridge/mono_camera_bridge_node
-- Symlinking: /home/th1rt3en/DOCO/ws/install_rework/uav_bridge/lib/uav_bridge/mono_camera_source_node
-- Symlinking: /home/th1rt3en/DOCO/ws/install_rework/uav_bridge/lib/uav_bridge/stereo_camera_bridge_node
-- Symlinking: /home/th1rt3en/DOCO/ws/install_rework/uav_bridge/lib/uav_bridge/tf_bridge_node
-- Symlinking: /home/th1rt3en/DOCO/ws/install_rework/uav_bridge/lib/uav_bridge/offboard_bridge_node
-- Symlinking: /home/th1rt3en/DOCO/ws/install_rework/uav_bridge/lib/uav_bridge/rangefinder_bridge_node
-- Symlinking: /home/th1rt3en/DOCO/ws/install_rework/uav_bridge/lib/uav_bridge/optical_flow_bridge_node
-- Symlinking: /home/th1rt3en/DOCO/ws/install_rework/uav_bridge/lib/uav_bridge/px4_planar_state_reader_node
-- Symlinking: /home/th1rt3en/DOCO/ws/install_rework/uav_bridge/lib/uav_bridge/px4_odom_adapter_node
-- Symlinking: /home/th1rt3en/DOCO/ws/install_rework/uav_bridge/lib/uav_bridge/uav_state_bridge_node
-- Symlinking: /home/th1rt3en/DOCO/ws/install_rework/uav_bridge/lib/uav_bridge/uav_control_node
-- Symlinking: /home/th1rt3en/DOCO/ws/install_rework/uav_bridge/lib/uav_bridge/fmu_topic_namespace_bridge_node
-- Symlinking: /home/th1rt3en/DOCO/ws/install_rework/uav_bridge/include/uav_bridge/flight_mode_manager.hpp
-- Symlinking: /home/th1rt3en/DOCO/ws/install_rework/uav_bridge/include/uav_bridge/frame_aligner.hpp
-- Symlinking: /home/th1rt3en/DOCO/ws/install_rework/uav_bridge/include/uav_bridge/gz_topic_utils.hpp
-- Symlinking: /home/th1rt3en/DOCO/ws/install_rework/uav_bridge/include/uav_bridge/math_utils.hpp
-- Symlinking: /home/th1rt3en/DOCO/ws/install_rework/uav_bridge/include/uav_bridge/px4_commander.hpp
-- Symlinking: /home/th1rt3en/DOCO/ws/install_rework/uav_bridge/include/uav_bridge/px4_odom_adapter_logic.hpp
-- Symlinking: /home/th1rt3en/DOCO/ws/install_rework/uav_bridge/include/uav_bridge/uav_control_logic.hpp
-- Symlinking: /home/th1rt3en/DOCO/ws/install_rework/uav_bridge/include/uav_bridge/uav_state_bridge_logic.hpp
-- Symlinking: /home/th1rt3en/DOCO/ws/install_rework/uav_bridge/share/ament_index/resource_index/package_run_dependencies/uav_bridge
-- Symlinking: /home/th1rt3en/DOCO/ws/install_rework/uav_bridge/share/ament_index/resource_index/parent_prefix_path/uav_bridge
-- Symlinking: /home/th1rt3en/DOCO/ws/install_rework/uav_bridge/share/uav_bridge/environment/ament_prefix_path.sh
-- Symlinking: /home/th1rt3en/DOCO/ws/install_rework/uav_bridge/share/uav_bridge/environment/ament_prefix_path.dsv
-- Symlinking: /home/th1rt3en/DOCO/ws/install_rework/uav_bridge/share/uav_bridge/environment/path.sh
-- Symlinking: /home/th1rt3en/DOCO/ws/install_rework/uav_bridge/share/uav_bridge/environment/path.dsv
-- Symlinking: /home/th1rt3en/DOCO/ws/install_rework/uav_bridge/share/uav_bridge/local_setup.bash
-- Symlinking: /home/th1rt3en/DOCO/ws/install_rework/uav_bridge/share/uav_bridge/local_setup.sh
-- Symlinking: /home/th1rt3en/DOCO/ws/install_rework/uav_bridge/share/uav_bridge/local_setup.zsh
-- Symlinking: /home/th1rt3en/DOCO/ws/install_rework/uav_bridge/share/uav_bridge/local_setup.dsv
-- Symlinking: /home/th1rt3en/DOCO/ws/install_rework/uav_bridge/share/uav_bridge/package.dsv
-- Symlinking: /home/th1rt3en/DOCO/ws/install_rework/uav_bridge/share/ament_index/resource_index/packages/uav_bridge
-- Symlinking: /home/th1rt3en/DOCO/ws/install_rework/uav_bridge/share/uav_bridge/cmake/uav_bridgeConfig.cmake
-- Symlinking: /home/th1rt3en/DOCO/ws/install_rework/uav_bridge/share/uav_bridge/cmake/uav_bridgeConfig-version.cmake
-- Symlinking: /home/th1rt3en/DOCO/ws/install_rework/uav_bridge/share/uav_bridge/package.xml
