[0.011s] Invoking command in '/home/th1rt3en/DOCO/ws/build_rework/uav_bridge': AMENT_PREFIX_PATH=/home/th1rt3en/DOCO/ws/install_rework/quadrotor_msgs:/home/th1rt3en/DOCO/ws/install_rework/px4_msgs:${AMENT_PREFIX_PATH} CMAKE_PREFIX_PATH=/home/th1rt3en/DOCO/ws/install_rework/quadrotor_msgs:/home/th1rt3en/DOCO/ws/install_rework/px4_msgs:/opt/ros/humble LD_LIBRARY_PATH=/home/th1rt3en/DOCO/ws/install_rework/quadrotor_msgs/lib:/home/th1rt3en/DOCO/ws/install_rework/px4_msgs/lib:${LD_LIBRARY_PATH} PYTHONPATH=/home/th1rt3en/DOCO/ws/install_rework/quadrotor_msgs/local/lib/python3.10/dist-packages:/home/th1rt3en/DOCO/ws/install_rework/px4_msgs/local/lib/python3.10/dist-packages:${PYTHONPATH} /usr/bin/cmake /home/th1rt3en/DOCO/ws/src/uav_bridge -DAMENT_CMAKE_SYMLINK_INSTALL=1 -DCMAKE_INSTALL_PREFIX=/home/th1rt3en/DOCO/ws/install_rework/uav_bridge
[0.051s] -- The C compiler identification is GNU 11.4.0
[0.098s] -- The CXX compiler identification is GNU 11.4.0
[0.105s] -- Detecting C compiler ABI info
[0.165s] -- Detecting C compiler ABI info - done
[0.169s] -- Check for working C compiler: /usr/bin/cc - skipped
[0.170s] -- Detecting C compile features
[0.170s] -- Detecting C compile features - done
[0.172s] -- Detecting CXX compiler ABI info
[0.249s] -- Detecting CXX compiler ABI info - done
[0.256s] -- Check for working CXX compiler: /usr/bin/c++ - skipped
[0.256s] -- Detecting CXX compile features
[0.257s] -- Detecting CXX compile features - done
[0.259s] -- Found ament_cmake: 1.3.13 (/opt/ros/humble/share/ament_cmake/cmake)
[0.391s] -- Found Python3: /usr/bin/python3 (found version "3.10.12") found components: Interpreter 
[0.450s] -- Override CMake install command with custom implementation using symlinks instead of copying resources
[0.470s] -- Found rclcpp: 16.0.18 (/opt/ros/humble/share/rclcpp/cmake)
[0.501s] -- Found rosidl_generator_c: 3.1.8 (/opt/ros/humble/share/rosidl_generator_c/cmake)
[0.504s] -- Found rosidl_adapter: 3.1.8 (/opt/ros/humble/share/rosidl_adapter/cmake)
[0.510s] -- Found rosidl_generator_cpp: 3.1.8 (/opt/ros/humble/share/rosidl_generator_cpp/cmake)
[0.518s] -- Using all available rosidl_typesupport_c: rosidl_typesupport_fastrtps_c;rosidl_typesupport_introspection_c
[0.529s] -- Using all available rosidl_typesupport_cpp: rosidl_typesupport_fastrtps_cpp;rosidl_typesupport_introspection_cpp
[0.560s] -- Found rmw_implementation_cmake: 6.1.2 (/opt/ros/humble/share/rmw_implementation_cmake/cmake)
[0.562s] -- Found rmw_fastrtps_cpp: 6.2.10 (/opt/ros/humble/share/rmw_fastrtps_cpp/cmake)
[0.647s] -- Found OpenSSL: /usr/lib/x86_64-linux-gnu/libcrypto.so (found version "3.0.2")  
[0.676s] -- Found FastRTPS: /opt/ros/humble/include  
[0.720s] -- Using RMW implementation 'rmw_fastrtps_cpp' as default
[0.727s] -- Looking for pthread.h
[0.797s] -- Looking for pthread.h - found
[0.797s] -- Performing Test CMAKE_HAVE_LIBC_PTHREAD
[0.870s] -- Performing Test CMAKE_HAVE_LIBC_PTHREAD - Success
[0.871s] -- Found Threads: TRUE  
[0.905s] -- Found sensor_msgs: 4.9.1 (/opt/ros/humble/share/sensor_msgs/cmake)
[0.928s] -- Found nav_msgs: 4.9.1 (/opt/ros/humble/share/nav_msgs/cmake)
[0.940s] -- Found std_srvs: 4.9.1 (/opt/ros/humble/share/std_srvs/cmake)
[0.951s] -- Found tf2: 0.25.19 (/opt/ros/humble/share/tf2/cmake)
[0.962s] -- Found tf2_ros: 0.25.19 (/opt/ros/humble/share/tf2_ros/cmake)
[1.027s] -- Found quadrotor_msgs: 0.0.0 (/home/th1rt3en/DOCO/ws/install_rework/quadrotor_msgs/share/quadrotor_msgs/cmake)
[1.046s] -- Found px4_msgs: 2.0.1 (/home/th1rt3en/DOCO/ws/install_rework/px4_msgs/share/px4_msgs/cmake)
[1.058s] -- Found OpenCV: /usr (found version "4.5.4") found components: core imgproc video videoio 
[1.060s] -- Looking for gz-transport13 -- found version 13.5.0
[1.068s] -- Searching for dependencies of gz-transport13
[1.094s] -- Found Protobuf: /usr/lib/x86_64-linux-gnu/libprotobuf.so (found version "3.12.4") 
[1.104s] -- Config-file not installed for ZeroMQ -- checking for pkg-config
[1.109s] -- Checking for module 'libzmq >= 4'
[1.126s] --   Found libzmq , version 4.3.4
[1.169s] -- Found ZeroMQ: TRUE (Required is at least version "4") 
[1.175s] -- Checking for module 'uuid'
[1.193s] --   Found uuid, version 2.37.2
[1.246s] -- Found UUID: TRUE  
[1.249s] -- Looking for gz-utils2 -- found version 2.2.1
[1.249s] -- Searching for dependencies of gz-utils2
[1.250s] -- Searching for <gz-utils2> component [cli]
[1.252s] -- Looking for gz-utils2-cli -- found version 2.2.1
[1.252s] -- Searching for dependencies of gz-utils2-cli
[1.256s] -- Looking for gz-msgs10 -- found version 10.3.2
[1.256s] -- Searching for dependencies of gz-msgs10
[1.277s] -- Looking for gz-utils2 -- found version 2.2.1
[1.279s] -- Looking for gz-math7 -- found version 7.5.1
[1.279s] -- Searching for dependencies of gz-math7
[1.280s] -- Looking for gz-utils2 -- found version 2.2.1
[1.286s] -- Checking for module 'tinyxml2'
[1.303s] --   Found tinyxml2, version 9.0.0
[1.354s] -- Looking for gz-msgs10 -- found version 10.3.2
[1.367s] -- Found ament_cmake_gtest: 1.3.13 (/opt/ros/humble/share/ament_cmake_gtest/cmake)
[1.368s] -- Found ament_lint_auto: 0.12.15 (/opt/ros/humble/share/ament_lint_auto/cmake)
[1.441s] -- Found gtest sources under '/opt/ros/humble/src/gtest_vendor': C++ tests using 'Google Test' will be built
[1.459s] -- Added test 'cppcheck' to perform static code analysis on C / C++ code
[1.461s] -- Configured cppcheck include dirs: /home/th1rt3en/DOCO/ws/src/uav_bridge/include
[1.462s] -- Configured cppcheck exclude dirs and/or files: 
[1.462s] -- Added test 'lint_cmake' to check CMake code style
[1.465s] -- Added test 'uncrustify' to check C / C++ code style
[1.465s] -- Configured uncrustify additional arguments: 
[1.465s] -- Added test 'xmllint' to check XML markup files
[1.467s] -- Configuring done
[1.563s] -- Generating done
[1.589s] -- Build files have been written to: /home/th1rt3en/DOCO/ws/build_rework/uav_bridge
[1.614s] Invoked command in '/home/th1rt3en/DOCO/ws/build_rework/uav_bridge' returned '0': AMENT_PREFIX_PATH=/home/th1rt3en/DOCO/ws/install_rework/quadrotor_msgs:/home/th1rt3en/DOCO/ws/install_rework/px4_msgs:${AMENT_PREFIX_PATH} CMAKE_PREFIX_PATH=/home/th1rt3en/DOCO/ws/install_rework/quadrotor_msgs:/home/th1rt3en/DOCO/ws/install_rework/px4_msgs:/opt/ros/humble LD_LIBRARY_PATH=/home/th1rt3en/DOCO/ws/install_rework/quadrotor_msgs/lib:/home/th1rt3en/DOCO/ws/install_rework/px4_msgs/lib:${LD_LIBRARY_PATH} PYTHONPATH=/home/th1rt3en/DOCO/ws/install_rework/quadrotor_msgs/local/lib/python3.10/dist-packages:/home/th1rt3en/DOCO/ws/install_rework/px4_msgs/local/lib/python3.10/dist-packages:${PYTHONPATH} /usr/bin/cmake /home/th1rt3en/DOCO/ws/src/uav_bridge -DAMENT_CMAKE_SYMLINK_INSTALL=1 -DCMAKE_INSTALL_PREFIX=/home/th1rt3en/DOCO/ws/install_rework/uav_bridge
[1.615s] Invoking command in '/home/th1rt3en/DOCO/ws/build_rework/uav_bridge': AMENT_PREFIX_PATH=/home/th1rt3en/DOCO/ws/install_rework/quadrotor_msgs:/home/th1rt3en/DOCO/ws/install_rework/px4_msgs:${AMENT_PREFIX_PATH} CMAKE_PREFIX_PATH=/home/th1rt3en/DOCO/ws/install_rework/quadrotor_msgs:/home/th1rt3en/DOCO/ws/install_rework/px4_msgs:/opt/ros/humble LD_LIBRARY_PATH=/home/th1rt3en/DOCO/ws/install_rework/quadrotor_msgs/lib:/home/th1rt3en/DOCO/ws/install_rework/px4_msgs/lib:${LD_LIBRARY_PATH} PYTHONPATH=/home/th1rt3en/DOCO/ws/install_rework/quadrotor_msgs/local/lib/python3.10/dist-packages:/home/th1rt3en/DOCO/ws/install_rework/px4_msgs/local/lib/python3.10/dist-packages:${PYTHONPATH} /usr/bin/cmake --build /home/th1rt3en/DOCO/ws/build_rework/uav_bridge -- -j16 -l16
[1.706s] [  2%] Building CXX object CMakeFiles/mono_camera_bridge_node.dir/src/mono_camera_bridge_node.cpp.o
[1.706s] [  4%] Building CXX object CMakeFiles/uav_bridge_uav_state_bridge_logic.dir/src/uav_state_bridge_logic.cpp.o
[1.713s] [  6%] Building CXX object CMakeFiles/mono_camera_source_node.dir/src/mono_camera_source_node.cpp.o
[1.713s] [  9%] Building CXX object CMakeFiles/offboard_bridge_node.dir/src/offboard_bridge_node.cpp.o
[1.713s] [ 11%] Building CXX object CMakeFiles/uav_bridge_px4_odom_adapter_logic.dir/src/px4_odom_adapter_logic.cpp.o
[1.723s] [ 13%] Building CXX object CMakeFiles/rangefinder_bridge_node.dir/src/rangefinder_bridge_node.cpp.o
[1.723s] [ 16%] Building CXX object CMakeFiles/px4_planar_state_reader_node.dir/src/px4_planar_state_reader_node.cpp.o
[1.724s] [ 18%] Building CXX object CMakeFiles/optical_flow_bridge_node.dir/src/optical_flow_bridge_node.cpp.o
[1.726s] [ 20%] Building CXX object CMakeFiles/offboard_bridge_node.dir/src/frame_aligner.cpp.o
[1.733s] [ 23%] Building CXX object CMakeFiles/tf_bridge_node.dir/src/tf_bridge_node.cpp.o
[1.733s] [ 25%] Building CXX object CMakeFiles/offboard_bridge_node.dir/src/px4_commander.cpp.o
[1.733s] [ 27%] Building CXX object CMakeFiles/stereo_camera_bridge_node.dir/src/stereo_camera_bridge_node.cpp.o
[1.733s] [ 30%] Building CXX object CMakeFiles/fmu_topic_namespace_bridge_node.dir/src/fmu_topic_namespace_bridge_node.cpp.o
[1.733s] [ 32%] Building CXX object CMakeFiles/offboard_bridge_node.dir/src/flight_mode_manager.cpp.o
[1.751s] [ 34%] Building CXX object CMakeFiles/uav_control_node.dir/src/uav_control_node.cpp.o
[1.757s] [ 37%] Building CXX object gtest/CMakeFiles/gtest_main.dir/src/gtest_main.cc.o
[3.998s] [ 39%] Linking CXX static library libuav_bridge_px4_odom_adapter_logic.a
[4.057s] [ 41%] Building CXX object CMakeFiles/uav_control_node.dir/src/math_utils.cpp.o
[4.230s] [ 41%] Built target uav_bridge_px4_odom_adapter_logic
[4.262s] [ 44%] Building CXX object CMakeFiles/offboard_bridge_node.dir/src/math_utils.cpp.o
[4.302s] [ 46%] Building CXX object gtest/CMakeFiles/gtest.dir/src/gtest-all.cc.o
[4.407s] [ 48%] Linking CXX static library libuav_bridge_uav_state_bridge_logic.a
[4.623s] [ 48%] Built target uav_bridge_uav_state_bridge_logic
[4.706s] [ 51%] Building CXX object CMakeFiles/px4_odom_adapter_node.dir/src/px4_odom_adapter_node.cpp.o
[5.040s] [ 53%] Linking CXX static library libgtest_main.a
[5.280s] [ 53%] Built target gtest_main
[5.340s] [ 55%] Building CXX object CMakeFiles/uav_state_bridge_node.dir/src/uav_state_bridge_node.cpp.o
[11.907s] [ 58%] Linking CXX static library libgtest.a
[12.183s] [ 58%] Built target gtest
[12.253s] [ 60%] Building CXX object CMakeFiles/test_px4_odom_adapter_logic.dir/test/test_px4_odom_adapter_logic.cpp.o
[12.262s] [ 62%] Building CXX object CMakeFiles/test_uav_state_bridge_logic.dir/test/test_uav_state_bridge_logic.cpp.o
[12.265s] [ 65%] Building CXX object CMakeFiles/test_uav_control_logic.dir/test/test_uav_control_logic.cpp.o
[14.141s] [ 67%] Linking CXX executable rangefinder_bridge_node
[14.673s] [ 69%] Linking CXX executable test_uav_control_logic
[15.164s] [ 69%] Built target test_uav_control_logic
[15.267s] [ 69%] Built target rangefinder_bridge_node
[15.646s] [ 72%] Linking CXX executable test_uav_state_bridge_logic
[16.226s] [ 74%] Linking CXX executable test_px4_odom_adapter_logic
[16.230s] [ 74%] Built target test_uav_state_bridge_logic
[16.576s] [ 74%] Built target test_px4_odom_adapter_logic
[17.317s] [ 76%] Linking CXX executable mono_camera_source_node
[19.018s] [ 79%] Linking CXX executable mono_camera_bridge_node
[19.317s] [ 79%] Built target mono_camera_source_node
[19.630s] [ 81%] Linking CXX executable stereo_camera_bridge_node
[19.757s] [ 81%] Built target mono_camera_bridge_node
[20.252s] [ 81%] Built target stereo_camera_bridge_node
[20.427s] [ 83%] Linking CXX executable optical_flow_bridge_node
[21.239s] [ 83%] Built target optical_flow_bridge_node
[22.655s] [ 86%] Linking CXX executable tf_bridge_node
[23.452s] [ 86%] Built target tf_bridge_node
[26.974s] [ 88%] Linking CXX executable px4_planar_state_reader_node
[27.848s] [ 88%] Built target px4_planar_state_reader_node
[28.311s] [ 90%] Linking CXX executable uav_state_bridge_node
[28.641s] [ 93%] Linking CXX executable px4_odom_adapter_node
[29.155s] [ 93%] Built target uav_state_bridge_node
[29.380s] [ 93%] Built target px4_odom_adapter_node
[42.408s] [ 95%] Linking CXX executable uav_control_node
[43.675s] [ 97%] Linking CXX executable offboard_bridge_node
[44.100s] [ 97%] Built target uav_control_node
[44.190s] [100%] Linking CXX executable fmu_topic_namespace_bridge_node
[45.101s] [100%] Built target offboard_bridge_node
[45.558s] [100%] Built target fmu_topic_namespace_bridge_node
[45.571s] Invoked command in '/home/th1rt3en/DOCO/ws/build_rework/uav_bridge' returned '0': AMENT_PREFIX_PATH=/home/th1rt3en/DOCO/ws/install_rework/quadrotor_msgs:/home/th1rt3en/DOCO/ws/install_rework/px4_msgs:${AMENT_PREFIX_PATH} CMAKE_PREFIX_PATH=/home/th1rt3en/DOCO/ws/install_rework/quadrotor_msgs:/home/th1rt3en/DOCO/ws/install_rework/px4_msgs:/opt/ros/humble LD_LIBRARY_PATH=/home/th1rt3en/DOCO/ws/install_rework/quadrotor_msgs/lib:/home/th1rt3en/DOCO/ws/install_rework/px4_msgs/lib:${LD_LIBRARY_PATH} PYTHONPATH=/home/th1rt3en/DOCO/ws/install_rework/quadrotor_msgs/local/lib/python3.10/dist-packages:/home/th1rt3en/DOCO/ws/install_rework/px4_msgs/local/lib/python3.10/dist-packages:${PYTHONPATH} /usr/bin/cmake --build /home/th1rt3en/DOCO/ws/build_rework/uav_bridge -- -j16 -l16
[45.572s] Invoking command in '/home/th1rt3en/DOCO/ws/build_rework/uav_bridge': AMENT_PREFIX_PATH=/home/th1rt3en/DOCO/ws/install_rework/quadrotor_msgs:/home/th1rt3en/DOCO/ws/install_rework/px4_msgs:${AMENT_PREFIX_PATH} CMAKE_PREFIX_PATH=/home/th1rt3en/DOCO/ws/install_rework/quadrotor_msgs:/home/th1rt3en/DOCO/ws/install_rework/px4_msgs:/opt/ros/humble LD_LIBRARY_PATH=/home/th1rt3en/DOCO/ws/install_rework/quadrotor_msgs/lib:/home/th1rt3en/DOCO/ws/install_rework/px4_msgs/lib:${LD_LIBRARY_PATH} PYTHONPATH=/home/th1rt3en/DOCO/ws/install_rework/quadrotor_msgs/local/lib/python3.10/dist-packages:/home/th1rt3en/DOCO/ws/install_rework/px4_msgs/local/lib/python3.10/dist-packages:${PYTHONPATH} /usr/bin/cmake --install /home/th1rt3en/DOCO/ws/build_rework/uav_bridge
[45.580s] -- Install configuration: ""
[45.580s] -- Execute custom install script
[45.580s] -- Symlinking: /home/th1rt3en/DOCO/ws/install_rework/uav_bridge/lib/uav_bridge/libuav_bridge_px4_odom_adapter_logic.a
[45.589s] -- Symlinking: /home/th1rt3en/DOCO/ws/install_rework/uav_bridge/lib/uav_bridge/mono_camera_bridge_node
[45.598s] -- Symlinking: /home/th1rt3en/DOCO/ws/install_rework/uav_bridge/lib/uav_bridge/mono_camera_source_node
[45.606s] -- Symlinking: /home/th1rt3en/DOCO/ws/install_rework/uav_bridge/lib/uav_bridge/stereo_camera_bridge_node
[45.614s] -- Symlinking: /home/th1rt3en/DOCO/ws/install_rework/uav_bridge/lib/uav_bridge/tf_bridge_node
[45.623s] -- Symlinking: /home/th1rt3en/DOCO/ws/install_rework/uav_bridge/lib/uav_bridge/offboard_bridge_node
[45.631s] -- Symlinking: /home/th1rt3en/DOCO/ws/install_rework/uav_bridge/lib/uav_bridge/rangefinder_bridge_node
[45.640s] -- Symlinking: /home/th1rt3en/DOCO/ws/install_rework/uav_bridge/lib/uav_bridge/optical_flow_bridge_node
[45.650s] -- Symlinking: /home/th1rt3en/DOCO/ws/install_rework/uav_bridge/lib/uav_bridge/px4_planar_state_reader_node
[45.659s] -- Symlinking: /home/th1rt3en/DOCO/ws/install_rework/uav_bridge/lib/uav_bridge/px4_odom_adapter_node
[45.667s] -- Symlinking: /home/th1rt3en/DOCO/ws/install_rework/uav_bridge/lib/uav_bridge/uav_state_bridge_node
[45.676s] -- Symlinking: /home/th1rt3en/DOCO/ws/install_rework/uav_bridge/lib/uav_bridge/uav_control_node
[45.684s] -- Symlinking: /home/th1rt3en/DOCO/ws/install_rework/uav_bridge/lib/uav_bridge/fmu_topic_namespace_bridge_node
[45.695s] -- Symlinking: /home/th1rt3en/DOCO/ws/install_rework/uav_bridge/include/uav_bridge/flight_mode_manager.hpp
[45.705s] -- Symlinking: /home/th1rt3en/DOCO/ws/install_rework/uav_bridge/include/uav_bridge/frame_aligner.hpp
[45.713s] -- Symlinking: /home/th1rt3en/DOCO/ws/install_rework/uav_bridge/include/uav_bridge/gz_topic_utils.hpp
[45.721s] -- Symlinking: /home/th1rt3en/DOCO/ws/install_rework/uav_bridge/include/uav_bridge/math_utils.hpp
[45.730s] -- Symlinking: /home/th1rt3en/DOCO/ws/install_rework/uav_bridge/include/uav_bridge/px4_commander.hpp
[45.738s] -- Symlinking: /home/th1rt3en/DOCO/ws/install_rework/uav_bridge/include/uav_bridge/px4_odom_adapter_logic.hpp
[45.746s] -- Symlinking: /home/th1rt3en/DOCO/ws/install_rework/uav_bridge/include/uav_bridge/uav_control_logic.hpp
[45.754s] -- Symlinking: /home/th1rt3en/DOCO/ws/install_rework/uav_bridge/include/uav_bridge/uav_state_bridge_logic.hpp
[45.762s] -- Symlinking: /home/th1rt3en/DOCO/ws/install_rework/uav_bridge/share/ament_index/resource_index/package_run_dependencies/uav_bridge
[45.771s] -- Symlinking: /home/th1rt3en/DOCO/ws/install_rework/uav_bridge/share/ament_index/resource_index/parent_prefix_path/uav_bridge
[45.780s] -- Symlinking: /home/th1rt3en/DOCO/ws/install_rework/uav_bridge/share/uav_bridge/environment/ament_prefix_path.sh
[45.789s] -- Symlinking: /home/th1rt3en/DOCO/ws/install_rework/uav_bridge/share/uav_bridge/environment/ament_prefix_path.dsv
[45.798s] -- Symlinking: /home/th1rt3en/DOCO/ws/install_rework/uav_bridge/share/uav_bridge/environment/path.sh
[45.808s] -- Symlinking: /home/th1rt3en/DOCO/ws/install_rework/uav_bridge/share/uav_bridge/environment/path.dsv
[45.816s] -- Symlinking: /home/th1rt3en/DOCO/ws/install_rework/uav_bridge/share/uav_bridge/local_setup.bash
[45.825s] -- Symlinking: /home/th1rt3en/DOCO/ws/install_rework/uav_bridge/share/uav_bridge/local_setup.sh
[45.834s] -- Symlinking: /home/th1rt3en/DOCO/ws/install_rework/uav_bridge/share/uav_bridge/local_setup.zsh
[45.844s] -- Symlinking: /home/th1rt3en/DOCO/ws/install_rework/uav_bridge/share/uav_bridge/local_setup.dsv
[45.853s] -- Symlinking: /home/th1rt3en/DOCO/ws/install_rework/uav_bridge/share/uav_bridge/package.dsv
[45.862s] -- Symlinking: /home/th1rt3en/DOCO/ws/install_rework/uav_bridge/share/ament_index/resource_index/packages/uav_bridge
[45.872s] -- Symlinking: /home/th1rt3en/DOCO/ws/install_rework/uav_bridge/share/uav_bridge/cmake/uav_bridgeConfig.cmake
[45.881s] -- Symlinking: /home/th1rt3en/DOCO/ws/install_rework/uav_bridge/share/uav_bridge/cmake/uav_bridgeConfig-version.cmake
[45.889s] -- Symlinking: /home/th1rt3en/DOCO/ws/install_rework/uav_bridge/share/uav_bridge/package.xml
[45.902s] Invoked command in '/home/th1rt3en/DOCO/ws/build_rework/uav_bridge' returned '0': AMENT_PREFIX_PATH=/home/th1rt3en/DOCO/ws/install_rework/quadrotor_msgs:/home/th1rt3en/DOCO/ws/install_rework/px4_msgs:${AMENT_PREFIX_PATH} CMAKE_PREFIX_PATH=/home/th1rt3en/DOCO/ws/install_rework/quadrotor_msgs:/home/th1rt3en/DOCO/ws/install_rework/px4_msgs:/opt/ros/humble LD_LIBRARY_PATH=/home/th1rt3en/DOCO/ws/install_rework/quadrotor_msgs/lib:/home/th1rt3en/DOCO/ws/install_rework/px4_msgs/lib:${LD_LIBRARY_PATH} PYTHONPATH=/home/th1rt3en/DOCO/ws/install_rework/quadrotor_msgs/local/lib/python3.10/dist-packages:/home/th1rt3en/DOCO/ws/install_rework/px4_msgs/local/lib/python3.10/dist-packages:${PYTHONPATH} /usr/bin/cmake --install /home/th1rt3en/DOCO/ws/build_rework/uav_bridge
