[0.013s] Invoking command in '/home/th1rt3en/DOCO/ws/build_rework/uav_bridge': CMAKE_PREFIX_PATH=/home/th1rt3en/DOCO/ws/install_rework/quadrotor_msgs:/home/th1rt3en/DOCO/ws/install_rework/px4_msgs:/home/th1rt3en/DOCO/ws/install_rework/relative_position_fusion:/opt/ros/humble /usr/bin/cmake --build /home/th1rt3en/DOCO/ws/build_rework/uav_bridge -- -j16 -l16
[0.037s] -- Found ament_cmake: 1.3.13 (/opt/ros/humble/share/ament_cmake/cmake)
[0.137s] -- Override CMake install command with custom implementation using symlinks instead of copying resources
[0.143s] -- Found rclcpp: 16.0.18 (/opt/ros/humble/share/rclcpp/cmake)
[0.169s] -- Found rosidl_generator_c: 3.1.8 (/opt/ros/humble/share/rosidl_generator_c/cmake)
[0.171s] -- Found rosidl_adapter: 3.1.8 (/opt/ros/humble/share/rosidl_adapter/cmake)
[0.177s] -- Found rosidl_generator_cpp: 3.1.8 (/opt/ros/humble/share/rosidl_generator_cpp/cmake)
[0.183s] -- Using all available rosidl_typesupport_c: rosidl_typesupport_fastrtps_c;rosidl_typesupport_introspection_c
[0.190s] -- Using all available rosidl_typesupport_cpp: rosidl_typesupport_fastrtps_cpp;rosidl_typesupport_introspection_cpp
[0.210s] -- Found rmw_implementation_cmake: 6.1.2 (/opt/ros/humble/share/rmw_implementation_cmake/cmake)
[0.211s] -- Found rmw_fastrtps_cpp: 6.2.10 (/opt/ros/humble/share/rmw_fastrtps_cpp/cmake)
[0.309s] -- Using RMW implementation 'rmw_fastrtps_cpp' as default
[0.340s] -- Found sensor_msgs: 4.9.1 (/opt/ros/humble/share/sensor_msgs/cmake)
[0.361s] -- Found nav_msgs: 4.9.1 (/opt/ros/humble/share/nav_msgs/cmake)
[0.373s] -- Found std_srvs: 4.9.1 (/opt/ros/humble/share/std_srvs/cmake)
[0.378s] -- Found tf2: 0.25.19 (/opt/ros/humble/share/tf2/cmake)
[0.382s] -- Found tf2_ros: 0.25.19 (/opt/ros/humble/share/tf2_ros/cmake)
[0.434s] -- Found quadrotor_msgs: 0.0.0 (/home/th1rt3en/DOCO/ws/install_rework/quadrotor_msgs/share/quadrotor_msgs/cmake)
[0.453s] -- Found px4_msgs: 2.0.1 (/home/th1rt3en/DOCO/ws/install_rework/px4_msgs/share/px4_msgs/cmake)
[0.467s] -- Looking for gz-transport13 -- found version 13.5.0
[0.480s] -- Searching for dependencies of gz-transport13
[0.511s] -- Config-file not installed for ZeroMQ -- checking for pkg-config
[0.517s] -- Checking for module 'libzmq >= 4'
[0.534s] --   Found libzmq , version 4.3.4
[0.582s] -- Checking for module 'uuid'
[0.595s] --   Found uuid, version 2.37.2
[0.637s] -- Looking for gz-utils2 -- found version 2.2.1
[0.637s] -- Searching for dependencies of gz-utils2
[0.638s] -- Searching for <gz-utils2> component [cli]
[0.639s] -- Looking for gz-utils2-cli -- found version 2.2.1
[0.639s] -- Searching for dependencies of gz-utils2-cli
[0.640s] -- Looking for gz-msgs10 -- found version 10.3.2
[0.640s] -- Searching for dependencies of gz-msgs10
[0.660s] -- Looking for gz-utils2 -- found version 2.2.1
[0.660s] -- Looking for gz-math7 -- found version 7.5.1
[0.660s] -- Searching for dependencies of gz-math7
[0.661s] -- Looking for gz-utils2 -- found version 2.2.1
[0.668s] -- Checking for module 'tinyxml2'
[0.681s] --   Found tinyxml2, version 9.0.0
[0.718s] -- Looking for gz-msgs10 -- found version 10.3.2
[0.729s] -- Found ament_cmake_gtest: 1.3.13 (/opt/ros/humble/share/ament_cmake_gtest/cmake)
[0.729s] -- Found ament_lint_auto: 0.12.15 (/opt/ros/humble/share/ament_lint_auto/cmake)
[0.781s] -- Found gtest sources under '/opt/ros/humble/src/gtest_vendor': C++ tests using 'Google Test' will be built
[0.793s] -- Added test 'cppcheck' to perform static code analysis on C / C++ code
[0.793s] -- Configured cppcheck include dirs: /home/th1rt3en/DOCO/ws/src/uav_bridge/include
[0.793s] -- Configured cppcheck exclude dirs and/or files: 
[0.794s] -- Added test 'lint_cmake' to check CMake code style
[0.795s] -- Added test 'uncrustify' to check C / C++ code style
[0.795s] -- Configured uncrustify additional arguments: 
[0.796s] -- Added test 'xmllint' to check XML markup files
[0.796s] -- Configuring done
[0.853s] -- Generating done
[0.873s] -- Build files have been written to: /home/th1rt3en/DOCO/ws/build_rework/uav_bridge
[0.909s] Consolidate compiler generated dependencies of target uav_bridge_px4_odom_adapter_logic
[0.909s] Consolidate compiler generated dependencies of target uav_bridge_uav_state_bridge_logic
[0.910s] Consolidate compiler generated dependencies of target gtest_main
[0.916s] Consolidate compiler generated dependencies of target uav_control_node
[0.916s] Consolidate compiler generated dependencies of target fmu_topic_namespace_bridge_node
[0.916s] Consolidate compiler generated dependencies of target stereo_camera_bridge_node
[0.916s] Consolidate compiler generated dependencies of target optical_flow_bridge_node
[0.916s] Consolidate compiler generated dependencies of target mono_camera_bridge_node
[0.916s] Consolidate compiler generated dependencies of target gtest
[0.917s] Consolidate compiler generated dependencies of target rangefinder_bridge_node
[0.917s] Consolidate compiler generated dependencies of target tf_bridge_node
[0.917s] Consolidate compiler generated dependencies of target px4_planar_state_reader_node
[0.924s] Consolidate compiler generated dependencies of target offboard_bridge_node
[0.933s] [ 14%] Built target uav_bridge_px4_odom_adapter_logic
[0.933s] [ 14%] Built target uav_bridge_uav_state_bridge_logic
[0.933s] [ 14%] Building CXX object CMakeFiles/uav_control_node.dir/src/math_utils.cpp.o
[0.933s] [ 14%] Building CXX object CMakeFiles/uav_control_node.dir/src/uav_control_node.cpp.o
[0.933s] [ 21%] Built target fmu_topic_namespace_bridge_node
[0.933s] [ 24%] Built target gtest_main
[0.933s] [ 29%] Built target stereo_camera_bridge_node
[0.933s] [ 34%] Built target optical_flow_bridge_node
[0.936s] [ 43%] Built target gtest
[0.936s] [ 43%] Built target mono_camera_bridge_node
[0.941s] [ 58%] Built target rangefinder_bridge_node
[0.941s] [ 58%] Built target px4_planar_state_reader_node
[0.941s] [ 58%] Built target tf_bridge_node
[0.947s] [ 73%] Built target offboard_bridge_node
[0.948s] Consolidate compiler generated dependencies of target test_uav_control_logic
[0.949s] Consolidate compiler generated dependencies of target test_uav_state_bridge_logic
[0.950s] Consolidate compiler generated dependencies of target test_px4_odom_adapter_logic
[0.951s] Consolidate compiler generated dependencies of target px4_odom_adapter_node
[0.952s] Consolidate compiler generated dependencies of target uav_state_bridge_node
[0.962s] [ 87%] Built target test_uav_control_logic
[0.962s] [ 87%] Built target test_uav_state_bridge_logic
[0.962s] [ 87%] Built target test_px4_odom_adapter_logic
[0.965s] [ 97%] Built target px4_odom_adapter_node
[0.965s] [ 97%] Built target uav_state_bridge_node
[5.560s] /home/th1rt3en/DOCO/ws/src/uav_bridge/src/uav_control_node.cpp: In member function ‘uint64_t uav_bridge::UavControlNode::nowMicros() const’:
[5.561s] /home/th1rt3en/DOCO/ws/src/uav_bridge/src/uav_control_node.cpp:274:56: error: passing ‘std::__shared_ptr_access<const rclcpp::Clock, __gnu_cxx::_S_atomic, false, false>::element_type’ {aka ‘const rclcpp::Clock’} as ‘this’ argument discards qualifiers [-fpermissive]
[5.561s]   274 |     return static_cast<uint64_t>(this->get_clock()->now().nanoseconds() / 1000);
[5.561s]       |                                  ~~~~~~~~~~~~~~~~~~~~~~^~
[5.561s] In file included from /opt/ros/humble/include/rclcpp/rclcpp/timer.hpp:27,
[5.561s]                  from /opt/ros/humble/include/rclcpp/rclcpp/callback_group.hpp:30,
[5.561s]                  from /opt/ros/humble/include/rclcpp/rclcpp/any_executable.hpp:20,
[5.561s]                  from /opt/ros/humble/include/rclcpp/rclcpp/memory_strategy.hpp:25,
[5.561s]                  from /opt/ros/humble/include/rclcpp/rclcpp/memory_strategies.hpp:18,
[5.561s]                  from /opt/ros/humble/include/rclcpp/rclcpp/executor_options.hpp:20,
[5.561s]                  from /opt/ros/humble/include/rclcpp/rclcpp/executor.hpp:37,
[5.561s]                  from /opt/ros/humble/include/rclcpp/rclcpp/executors/multi_threaded_executor.hpp:25,
[5.562s]                  from /opt/ros/humble/include/rclcpp/rclcpp/executors.hpp:21,
[5.562s]                  from /opt/ros/humble/include/rclcpp/rclcpp/rclcpp.hpp:155,
[5.562s]                  from /home/th1rt3en/DOCO/ws/src/uav_bridge/src/uav_control_node.cpp:23:
[5.562s] /opt/ros/humble/include/rclcpp/rclcpp/clock.hpp:87:3: note:   in call to ‘rclcpp::Time rclcpp::Clock::now()’
[5.562s]    87 |   now();
[5.562s]       |   ^~~
[5.562s] In file included from /opt/ros/humble/include/rclcpp/rclcpp/client.hpp:40,
[5.562s]                  from /opt/ros/humble/include/rclcpp/rclcpp/callback_group.hpp:24,
[5.562s]                  from /opt/ros/humble/include/rclcpp/rclcpp/any_executable.hpp:20,
[5.562s]                  from /opt/ros/humble/include/rclcpp/rclcpp/memory_strategy.hpp:25,
[5.562s]                  from /opt/ros/humble/include/rclcpp/rclcpp/memory_strategies.hpp:18,
[5.562s]                  from /opt/ros/humble/include/rclcpp/rclcpp/executor_options.hpp:20,
[5.562s]                  from /opt/ros/humble/include/rclcpp/rclcpp/executor.hpp:37,
[5.562s]                  from /opt/ros/humble/include/rclcpp/rclcpp/executors/multi_threaded_executor.hpp:25,
[5.562s]                  from /opt/ros/humble/include/rclcpp/rclcpp/executors.hpp:21,
[5.562s]                  from /opt/ros/humble/include/rclcpp/rclcpp/rclcpp.hpp:155,
[5.562s]                  from /home/th1rt3en/DOCO/ws/src/uav_bridge/src/uav_control_node.cpp:23:
[5.562s] /home/th1rt3en/DOCO/ws/src/uav_bridge/src/uav_control_node.cpp: In lambda function:
[5.562s] /home/th1rt3en/DOCO/ws/src/uav_bridge/src/uav_control_node.cpp:282:5: error: passing ‘const rclcpp::Clock’ as ‘this’ argument discards qualifiers [-fpermissive]
[5.562s]   282 |     RCLCPP_WARN_THROTTLE(this->get_logger(), *this->get_clock(), 2000, "waiting for valid timestamp before %s", context);
[5.562s]       |     ^~~~~~~~~~~~~~~~~~~~
[5.562s] In file included from /opt/ros/humble/include/rclcpp/rclcpp/timer.hpp:27,
[5.562s]                  from /opt/ros/humble/include/rclcpp/rclcpp/callback_group.hpp:30,
[5.562s]                  from /opt/ros/humble/include/rclcpp/rclcpp/any_executable.hpp:20,
[5.563s]                  from /opt/ros/humble/include/rclcpp/rclcpp/memory_strategy.hpp:25,
[5.563s]                  from /opt/ros/humble/include/rclcpp/rclcpp/memory_strategies.hpp:18,
[5.563s]                  from /opt/ros/humble/include/rclcpp/rclcpp/executor_options.hpp:20,
[5.563s]                  from /opt/ros/humble/include/rclcpp/rclcpp/executor.hpp:37,
[5.563s]                  from /opt/ros/humble/include/rclcpp/rclcpp/executors/multi_threaded_executor.hpp:25,
[5.563s]                  from /opt/ros/humble/include/rclcpp/rclcpp/executors.hpp:21,
[5.563s]                  from /opt/ros/humble/include/rclcpp/rclcpp/rclcpp.hpp:155,
[5.563s]                  from /home/th1rt3en/DOCO/ws/src/uav_bridge/src/uav_control_node.cpp:23:
[5.563s] /opt/ros/humble/include/rclcpp/rclcpp/clock.hpp:87:3: note:   in call to ‘rclcpp::Time rclcpp::Clock::now()’
[5.563s]    87 |   now();
[5.563s]       |   ^~~
[12.765s] gmake[2]: *** [CMakeFiles/uav_control_node.dir/build.make:76: CMakeFiles/uav_control_node.dir/src/uav_control_node.cpp.o] Error 1
[12.765s] gmake[1]: *** [CMakeFiles/Makefile2:471: CMakeFiles/uav_control_node.dir/all] Error 2
[12.765s] gmake: *** [Makefile:146: all] Error 2
[12.768s] Invoked command in '/home/th1rt3en/DOCO/ws/build_rework/uav_bridge' returned '2': CMAKE_PREFIX_PATH=/home/th1rt3en/DOCO/ws/install_rework/quadrotor_msgs:/home/th1rt3en/DOCO/ws/install_rework/px4_msgs:/home/th1rt3en/DOCO/ws/install_rework/relative_position_fusion:/opt/ros/humble /usr/bin/cmake --build /home/th1rt3en/DOCO/ws/build_rework/uav_bridge -- -j16 -l16
