-- The C compiler identification is GNU 11.4.0
-- The CXX compiler identification is GNU 11.4.0
-- Detecting C compiler ABI info
-- Detecting C compiler ABI info - done
-- Check for working C compiler: /usr/bin/cc - skipped
-- Detecting C compile features
-- Detecting C compile features - done
-- Detecting CXX compiler ABI info
-- Detecting CXX compiler ABI info - done
-- Check for working CXX compiler: /usr/bin/c++ - skipped
-- Detecting CXX compile features
-- Detecting CXX compile features - done
-- Found ament_cmake: 1.3.13 (/opt/ros/humble/share/ament_cmake/cmake)
-- Found Python3: /usr/bin/python3 (found version "3.10.12") found components: Interpreter 
-- Override CMake install command with custom implementation using symlinks instead of copying resources
-- Found geometry_msgs: 4.9.1 (/opt/ros/humble/share/geometry_msgs/cmake)
-- Found rosidl_generator_c: 3.1.8 (/opt/ros/humble/share/rosidl_generator_c/cmake)
-- Found rosidl_adapter: 3.1.8 (/opt/ros/humble/share/rosidl_adapter/cmake)
-- Found rosidl_generator_cpp: 3.1.8 (/opt/ros/humble/share/rosidl_generator_cpp/cmake)
-- Using all available rosidl_typesupport_c: rosidl_typesupport_fastrtps_c;rosidl_typesupport_introspection_c
-- Using all available rosidl_typesupport_cpp: rosidl_typesupport_fastrtps_cpp;rosidl_typesupport_introspection_cpp
-- Found nav_msgs: 4.9.1 (/opt/ros/humble/share/nav_msgs/cmake)
-- Found rclcpp: 16.0.18 (/opt/ros/humble/share/rclcpp/cmake)
-- Found rmw_implementation_cmake: 6.1.2 (/opt/ros/humble/share/rmw_implementation_cmake/cmake)
-- Found rmw_fastrtps_cpp: 6.2.10 (/opt/ros/humble/share/rmw_fastrtps_cpp/cmake)
-- Found OpenSSL: /usr/lib/x86_64-linux-gnu/libcrypto.so (found version "3.0.2")  
-- Found FastRTPS: /opt/ros/humble/include  
-- Using RMW implementation 'rmw_fastrtps_cpp' as default
-- Looking for pthread.h
-- Looking for pthread.h - found
-- Performing Test CMAKE_HAVE_LIBC_PTHREAD
-- Performing Test CMAKE_HAVE_LIBC_PTHREAD - Success
-- Found Threads: TRUE  
-- Found sensor_msgs: 4.9.1 (/opt/ros/humble/share/sensor_msgs/cmake)
-- Found tf2_ros: 0.25.19 (/opt/ros/humble/share/tf2_ros/cmake)
-- Found ament_cmake_gtest: 1.3.13 (/opt/ros/humble/share/ament_cmake_gtest/cmake)
-- Found gtest sources under '/opt/ros/humble/src/gtest_vendor': C++ tests using 'Google Test' will be built
-- Configuring done
-- Generating done
-- Build files have been written to: /home/th1rt3en/DOCO/ws/build_rework/ugv_sim_tools
[ 24%] Building CXX object CMakeFiles/ugv_sim_tools_core.dir/src/initial_pose_logic.cpp.o
[ 24%] Building CXX object CMakeFiles/ugv_sim_tools_core.dir/src/clock_guard_logic.cpp.o
[ 24%] Building CXX object gtest/CMakeFiles/gtest.dir/src/gtest-all.cc.o
[ 24%] Building CXX object CMakeFiles/ugv_sim_tools_core.dir/src/odom_to_tf_logic.cpp.o
[ 24%] Building CXX object CMakeFiles/ugv_sim_tools_core.dir/src/point_cloud_utils.cpp.o
[ 24%] Building CXX object gtest/CMakeFiles/gtest_main.dir/src/gtest_main.cc.o
[ 28%] Linking CXX static library libugv_sim_tools_core.a
[ 28%] Built target ugv_sim_tools_core
[ 36%] Building CXX object CMakeFiles/clock_guard_node.dir/src/clock_guard_node.cpp.o
[ 36%] Building CXX object CMakeFiles/initial_pose_publisher.dir/src/initial_pose_publisher_node.cpp.o
[ 40%] Building CXX object CMakeFiles/odom_to_tf_node.dir/src/odom_to_tf_node.cpp.o
[ 48%] Building CXX object CMakeFiles/scan_frame_rewriter.dir/src/scan_frame_rewriter_node.cpp.o
[ 48%] Building CXX object CMakeFiles/joint_state_stamp_fix_node.dir/src/joint_state_stamp_fix_node.cpp.o
[ 52%] Building CXX object CMakeFiles/orbbec_topic_compat_node.dir/src/orbbec_topic_compat_node.cpp.o
[ 56%] Linking CXX static library libgtest_main.a
[ 56%] Built target gtest_main
[ 60%] Linking CXX static library libgtest.a
[ 60%] Built target gtest
[ 64%] Building CXX object CMakeFiles/test_odom_to_tf_logic.dir/test/test_odom_to_tf_logic.cpp.o
[ 68%] Building CXX object CMakeFiles/test_initial_pose_logic.dir/test/test_initial_pose_logic.cpp.o
[ 72%] Linking CXX executable test_odom_to_tf_logic
[ 72%] Built target test_odom_to_tf_logic
[ 76%] Linking CXX executable test_initial_pose_logic
[ 76%] Built target test_initial_pose_logic
[ 80%] Linking CXX executable joint_state_stamp_fix_node
[ 80%] Built target joint_state_stamp_fix_node
[ 84%] Linking CXX executable clock_guard_node
[ 88%] Linking CXX executable scan_frame_rewriter
[ 92%] Linking CXX executable odom_to_tf_node
[ 92%] Built target clock_guard_node
[ 92%] Built target scan_frame_rewriter
[ 92%] Built target odom_to_tf_node
[ 96%] Linking CXX executable initial_pose_publisher
[ 96%] Built target initial_pose_publisher
[100%] Linking CXX executable orbbec_topic_compat_node
[100%] Built target orbbec_topic_compat_node
-- Install configuration: ""
-- Execute custom install script
-- Symlinking: /home/th1rt3en/DOCO/ws/install_rework/ugv_sim_tools/lib/libugv_sim_tools_core.a
-- Symlinking: /home/th1rt3en/DOCO/ws/install_rework/ugv_sim_tools/lib/ugv_sim_tools/joint_state_stamp_fix_node
-- Symlinking: /home/th1rt3en/DOCO/ws/install_rework/ugv_sim_tools/lib/ugv_sim_tools/scan_frame_rewriter
-- Symlinking: /home/th1rt3en/DOCO/ws/install_rework/ugv_sim_tools/lib/ugv_sim_tools/odom_to_tf_node
-- Symlinking: /home/th1rt3en/DOCO/ws/install_rework/ugv_sim_tools/lib/ugv_sim_tools/initial_pose_publisher
-- Symlinking: /home/th1rt3en/DOCO/ws/install_rework/ugv_sim_tools/lib/ugv_sim_tools/clock_guard_node
-- Symlinking: /home/th1rt3en/DOCO/ws/install_rework/ugv_sim_tools/lib/ugv_sim_tools/orbbec_topic_compat_node
-- Symlinking: /home/th1rt3en/DOCO/ws/install_rework/ugv_sim_tools/include/ugv_sim_tools/clock_guard_logic.hpp
-- Symlinking: /home/th1rt3en/DOCO/ws/install_rework/ugv_sim_tools/include/ugv_sim_tools/initial_pose_logic.hpp
-- Symlinking: /home/th1rt3en/DOCO/ws/install_rework/ugv_sim_tools/include/ugv_sim_tools/odom_to_tf_logic.hpp
-- Symlinking: /home/th1rt3en/DOCO/ws/install_rework/ugv_sim_tools/include/ugv_sim_tools/point_cloud_utils.hpp
-- Symlinking: /home/th1rt3en/DOCO/ws/install_rework/ugv_sim_tools/share/ament_index/resource_index/package_run_dependencies/ugv_sim_tools
-- Symlinking: /home/th1rt3en/DOCO/ws/install_rework/ugv_sim_tools/share/ament_index/resource_index/parent_prefix_path/ugv_sim_tools
-- Symlinking: /home/th1rt3en/DOCO/ws/install_rework/ugv_sim_tools/share/ugv_sim_tools/environment/ament_prefix_path.sh
-- Symlinking: /home/th1rt3en/DOCO/ws/install_rework/ugv_sim_tools/share/ugv_sim_tools/environment/ament_prefix_path.dsv
-- Symlinking: /home/th1rt3en/DOCO/ws/install_rework/ugv_sim_tools/share/ugv_sim_tools/environment/path.sh
-- Symlinking: /home/th1rt3en/DOCO/ws/install_rework/ugv_sim_tools/share/ugv_sim_tools/environment/path.dsv
-- Symlinking: /home/th1rt3en/DOCO/ws/install_rework/ugv_sim_tools/share/ugv_sim_tools/local_setup.bash
-- Symlinking: /home/th1rt3en/DOCO/ws/install_rework/ugv_sim_tools/share/ugv_sim_tools/local_setup.sh
-- Symlinking: /home/th1rt3en/DOCO/ws/install_rework/ugv_sim_tools/share/ugv_sim_tools/local_setup.zsh
-- Symlinking: /home/th1rt3en/DOCO/ws/install_rework/ugv_sim_tools/share/ugv_sim_tools/local_setup.dsv
-- Symlinking: /home/th1rt3en/DOCO/ws/install_rework/ugv_sim_tools/share/ugv_sim_tools/package.dsv
-- Symlinking: /home/th1rt3en/DOCO/ws/install_rework/ugv_sim_tools/share/ament_index/resource_index/packages/ugv_sim_tools
-- Symlinking: /home/th1rt3en/DOCO/ws/install_rework/ugv_sim_tools/share/ugv_sim_tools/cmake/ugv_sim_toolsConfig.cmake
-- Symlinking: /home/th1rt3en/DOCO/ws/install_rework/ugv_sim_tools/share/ugv_sim_tools/cmake/ugv_sim_toolsConfig-version.cmake
-- Symlinking: /home/th1rt3en/DOCO/ws/install_rework/ugv_sim_tools/share/ugv_sim_tools/package.xml
