[0.014s] Invoking command in '/home/th1rt3en/DOCO/ws/build_rework/ugv_sim_tools': CMAKE_PREFIX_PATH=/opt/ros/humble /usr/bin/cmake /home/th1rt3en/DOCO/ws/src/ugv_sim_tools -DAMENT_CMAKE_SYMLINK_INSTALL=1 -DCMAKE_INSTALL_PREFIX=/home/th1rt3en/DOCO/ws/install_rework/ugv_sim_tools
[0.059s] -- The C compiler identification is GNU 11.4.0
[0.108s] -- The CXX compiler identification is GNU 11.4.0
[0.113s] -- Detecting C compiler ABI info
[0.171s] -- Detecting C compiler ABI info - done
[0.176s] -- Check for working C compiler: /usr/bin/cc - skipped
[0.176s] -- Detecting C compile features
[0.176s] -- Detecting C compile features - done
[0.178s] -- Detecting CXX compiler ABI info
[0.260s] -- Detecting CXX compiler ABI info - done
[0.266s] -- Check for working CXX compiler: /usr/bin/c++ - skipped
[0.266s] -- Detecting CXX compile features
[0.266s] -- Detecting CXX compile features - done
[0.269s] -- Found ament_cmake: 1.3.13 (/opt/ros/humble/share/ament_cmake/cmake)
[0.397s] -- Found Python3: /usr/bin/python3 (found version "3.10.12") found components: Interpreter 
[0.453s] -- Override CMake install command with custom implementation using symlinks instead of copying resources
[0.470s] -- Found geometry_msgs: 4.9.1 (/opt/ros/humble/share/geometry_msgs/cmake)
[0.494s] -- Found rosidl_generator_c: 3.1.8 (/opt/ros/humble/share/rosidl_generator_c/cmake)
[0.497s] -- Found rosidl_adapter: 3.1.8 (/opt/ros/humble/share/rosidl_adapter/cmake)
[0.501s] -- Found rosidl_generator_cpp: 3.1.8 (/opt/ros/humble/share/rosidl_generator_cpp/cmake)
[0.510s] -- Using all available rosidl_typesupport_c: rosidl_typesupport_fastrtps_c;rosidl_typesupport_introspection_c
[0.520s] -- Using all available rosidl_typesupport_cpp: rosidl_typesupport_fastrtps_cpp;rosidl_typesupport_introspection_cpp
[0.546s] -- Found nav_msgs: 4.9.1 (/opt/ros/humble/share/nav_msgs/cmake)
[0.557s] -- Found rclcpp: 16.0.18 (/opt/ros/humble/share/rclcpp/cmake)
[0.583s] -- Found rmw_implementation_cmake: 6.1.2 (/opt/ros/humble/share/rmw_implementation_cmake/cmake)
[0.583s] -- Found rmw_fastrtps_cpp: 6.2.10 (/opt/ros/humble/share/rmw_fastrtps_cpp/cmake)
[0.661s] -- Found OpenSSL: /usr/lib/x86_64-linux-gnu/libcrypto.so (found version "3.0.2")  
[0.692s] -- Found FastRTPS: /opt/ros/humble/include  
[0.734s] -- Using RMW implementation 'rmw_fastrtps_cpp' as default
[0.741s] -- Looking for pthread.h
[0.809s] -- Looking for pthread.h - found
[0.809s] -- Performing Test CMAKE_HAVE_LIBC_PTHREAD
[0.886s] -- Performing Test CMAKE_HAVE_LIBC_PTHREAD - Success
[0.887s] -- Found Threads: TRUE  
[0.914s] -- Found sensor_msgs: 4.9.1 (/opt/ros/humble/share/sensor_msgs/cmake)
[0.928s] -- Found tf2_ros: 0.25.19 (/opt/ros/humble/share/tf2_ros/cmake)
[1.017s] -- Found ament_cmake_gtest: 1.3.13 (/opt/ros/humble/share/ament_cmake_gtest/cmake)
[1.019s] -- Found gtest sources under '/opt/ros/humble/src/gtest_vendor': C++ tests using 'Google Test' will be built
[1.078s] -- Configuring done
[1.108s] -- Generating done
[1.120s] -- Build files have been written to: /home/th1rt3en/DOCO/ws/build_rework/ugv_sim_tools
[1.136s] Invoked command in '/home/th1rt3en/DOCO/ws/build_rework/ugv_sim_tools' returned '0': CMAKE_PREFIX_PATH=/opt/ros/humble /usr/bin/cmake /home/th1rt3en/DOCO/ws/src/ugv_sim_tools -DAMENT_CMAKE_SYMLINK_INSTALL=1 -DCMAKE_INSTALL_PREFIX=/home/th1rt3en/DOCO/ws/install_rework/ugv_sim_tools
[1.137s] Invoking command in '/home/th1rt3en/DOCO/ws/build_rework/ugv_sim_tools': CMAKE_PREFIX_PATH=/opt/ros/humble /usr/bin/cmake --build /home/th1rt3en/DOCO/ws/build_rework/ugv_sim_tools -- -j16 -l16
[1.186s] [ 24%] Building CXX object CMakeFiles/ugv_sim_tools_core.dir/src/initial_pose_logic.cpp.o
[1.186s] [ 24%] Building CXX object CMakeFiles/ugv_sim_tools_core.dir/src/clock_guard_logic.cpp.o
[1.186s] [ 24%] Building CXX object gtest/CMakeFiles/gtest.dir/src/gtest-all.cc.o
[1.186s] [ 24%] Building CXX object CMakeFiles/ugv_sim_tools_core.dir/src/odom_to_tf_logic.cpp.o
[1.186s] [ 24%] Building CXX object CMakeFiles/ugv_sim_tools_core.dir/src/point_cloud_utils.cpp.o
[1.187s] [ 24%] Building CXX object gtest/CMakeFiles/gtest_main.dir/src/gtest_main.cc.o
[1.846s] [ 28%] Linking CXX static library libugv_sim_tools_core.a
[2.104s] [ 28%] Built target ugv_sim_tools_core
[2.172s] [ 36%] Building CXX object CMakeFiles/clock_guard_node.dir/src/clock_guard_node.cpp.o
[2.172s] [ 36%] Building CXX object CMakeFiles/initial_pose_publisher.dir/src/initial_pose_publisher_node.cpp.o
[2.180s] [ 40%] Building CXX object CMakeFiles/odom_to_tf_node.dir/src/odom_to_tf_node.cpp.o
[2.193s] [ 48%] Building CXX object CMakeFiles/scan_frame_rewriter.dir/src/scan_frame_rewriter_node.cpp.o
[2.193s] [ 48%] Building CXX object CMakeFiles/joint_state_stamp_fix_node.dir/src/joint_state_stamp_fix_node.cpp.o
[2.193s] [ 52%] Building CXX object CMakeFiles/orbbec_topic_compat_node.dir/src/orbbec_topic_compat_node.cpp.o
[2.816s] [ 56%] Linking CXX static library libgtest_main.a
[3.118s] [ 56%] Built target gtest_main
[8.433s] [ 60%] Linking CXX static library libgtest.a
[8.706s] [ 60%] Built target gtest
[8.774s] [ 64%] Building CXX object CMakeFiles/test_odom_to_tf_logic.dir/test/test_odom_to_tf_logic.cpp.o
[8.784s] [ 68%] Building CXX object CMakeFiles/test_initial_pose_logic.dir/test/test_initial_pose_logic.cpp.o
[10.785s] [ 72%] Linking CXX executable test_odom_to_tf_logic
[11.231s] [ 72%] Built target test_odom_to_tf_logic
[12.136s] [ 76%] Linking CXX executable test_initial_pose_logic
[12.751s] [ 76%] Built target test_initial_pose_logic
[20.191s] [ 80%] Linking CXX executable joint_state_stamp_fix_node
[21.031s] [ 80%] Built target joint_state_stamp_fix_node
[22.520s] [ 84%] Linking CXX executable clock_guard_node
[22.751s] [ 88%] Linking CXX executable scan_frame_rewriter
[23.258s] [ 92%] Linking CXX executable odom_to_tf_node
[23.313s] [ 92%] Built target clock_guard_node
[23.576s] [ 92%] Built target scan_frame_rewriter
[24.296s] [ 92%] Built target odom_to_tf_node
[24.732s] [ 96%] Linking CXX executable initial_pose_publisher
[25.443s] [ 96%] Built target initial_pose_publisher
[30.445s] [100%] Linking CXX executable orbbec_topic_compat_node
[31.187s] [100%] Built target orbbec_topic_compat_node
[31.201s] Invoked command in '/home/th1rt3en/DOCO/ws/build_rework/ugv_sim_tools' returned '0': CMAKE_PREFIX_PATH=/opt/ros/humble /usr/bin/cmake --build /home/th1rt3en/DOCO/ws/build_rework/ugv_sim_tools -- -j16 -l16
[31.202s] Invoking command in '/home/th1rt3en/DOCO/ws/build_rework/ugv_sim_tools': CMAKE_PREFIX_PATH=/opt/ros/humble /usr/bin/cmake --install /home/th1rt3en/DOCO/ws/build_rework/ugv_sim_tools
[31.211s] -- Install configuration: ""
[31.212s] -- Execute custom install script
[31.212s] -- Symlinking: /home/th1rt3en/DOCO/ws/install_rework/ugv_sim_tools/lib/libugv_sim_tools_core.a
[31.223s] -- Symlinking: /home/th1rt3en/DOCO/ws/install_rework/ugv_sim_tools/lib/ugv_sim_tools/joint_state_stamp_fix_node
[31.232s] -- Symlinking: /home/th1rt3en/DOCO/ws/install_rework/ugv_sim_tools/lib/ugv_sim_tools/scan_frame_rewriter
[31.242s] -- Symlinking: /home/th1rt3en/DOCO/ws/install_rework/ugv_sim_tools/lib/ugv_sim_tools/odom_to_tf_node
[31.253s] -- Symlinking: /home/th1rt3en/DOCO/ws/install_rework/ugv_sim_tools/lib/ugv_sim_tools/initial_pose_publisher
[31.263s] -- Symlinking: /home/th1rt3en/DOCO/ws/install_rework/ugv_sim_tools/lib/ugv_sim_tools/clock_guard_node
[31.273s] -- Symlinking: /home/th1rt3en/DOCO/ws/install_rework/ugv_sim_tools/lib/ugv_sim_tools/orbbec_topic_compat_node
[31.285s] -- Symlinking: /home/th1rt3en/DOCO/ws/install_rework/ugv_sim_tools/include/ugv_sim_tools/clock_guard_logic.hpp
[31.295s] -- Symlinking: /home/th1rt3en/DOCO/ws/install_rework/ugv_sim_tools/include/ugv_sim_tools/initial_pose_logic.hpp
[31.305s] -- Symlinking: /home/th1rt3en/DOCO/ws/install_rework/ugv_sim_tools/include/ugv_sim_tools/odom_to_tf_logic.hpp
[31.316s] -- Symlinking: /home/th1rt3en/DOCO/ws/install_rework/ugv_sim_tools/include/ugv_sim_tools/point_cloud_utils.hpp
[31.325s] -- Symlinking: /home/th1rt3en/DOCO/ws/install_rework/ugv_sim_tools/share/ament_index/resource_index/package_run_dependencies/ugv_sim_tools
[31.335s] -- Symlinking: /home/th1rt3en/DOCO/ws/install_rework/ugv_sim_tools/share/ament_index/resource_index/parent_prefix_path/ugv_sim_tools
[31.350s] -- Symlinking: /home/th1rt3en/DOCO/ws/install_rework/ugv_sim_tools/share/ugv_sim_tools/environment/ament_prefix_path.sh
[31.362s] -- Symlinking: /home/th1rt3en/DOCO/ws/install_rework/ugv_sim_tools/share/ugv_sim_tools/environment/ament_prefix_path.dsv
[31.374s] -- Symlinking: /home/th1rt3en/DOCO/ws/install_rework/ugv_sim_tools/share/ugv_sim_tools/environment/path.sh
[31.383s] -- Symlinking: /home/th1rt3en/DOCO/ws/install_rework/ugv_sim_tools/share/ugv_sim_tools/environment/path.dsv
[31.394s] -- Symlinking: /home/th1rt3en/DOCO/ws/install_rework/ugv_sim_tools/share/ugv_sim_tools/local_setup.bash
[31.406s] -- Symlinking: /home/th1rt3en/DOCO/ws/install_rework/ugv_sim_tools/share/ugv_sim_tools/local_setup.sh
[31.419s] -- Symlinking: /home/th1rt3en/DOCO/ws/install_rework/ugv_sim_tools/share/ugv_sim_tools/local_setup.zsh
[31.429s] -- Symlinking: /home/th1rt3en/DOCO/ws/install_rework/ugv_sim_tools/share/ugv_sim_tools/local_setup.dsv
[31.438s] -- Symlinking: /home/th1rt3en/DOCO/ws/install_rework/ugv_sim_tools/share/ugv_sim_tools/package.dsv
[31.447s] -- Symlinking: /home/th1rt3en/DOCO/ws/install_rework/ugv_sim_tools/share/ament_index/resource_index/packages/ugv_sim_tools
[31.457s] -- Symlinking: /home/th1rt3en/DOCO/ws/install_rework/ugv_sim_tools/share/ugv_sim_tools/cmake/ugv_sim_toolsConfig.cmake
[31.467s] -- Symlinking: /home/th1rt3en/DOCO/ws/install_rework/ugv_sim_tools/share/ugv_sim_tools/cmake/ugv_sim_toolsConfig-version.cmake
[31.477s] -- Symlinking: /home/th1rt3en/DOCO/ws/install_rework/ugv_sim_tools/share/ugv_sim_tools/package.xml
[31.489s] Invoked command in '/home/th1rt3en/DOCO/ws/build_rework/ugv_sim_tools' returned '0': CMAKE_PREFIX_PATH=/opt/ros/humble /usr/bin/cmake --install /home/th1rt3en/DOCO/ws/build_rework/ugv_sim_tools
