-- The C compiler identification is GNU 11.4.0
-- The CXX compiler identification is GNU 11.4.0
-- Detecting C compiler ABI info
-- Detecting C compiler ABI info - done
-- Check for working C compiler: /usr/bin/cc - skipped
-- Detecting C compile features
-- Detecting C compile features - done
-- Detecting CXX compiler ABI info
-- Detecting CXX compiler ABI info - done
-- Check for working CXX compiler: /usr/bin/c++ - skipped
-- Detecting CXX compile features
-- Detecting CXX compile features - done
-- Found ament_cmake: 1.3.13 (/opt/ros/humble/share/ament_cmake/cmake)
-- Found Python3: /usr/bin/python3 (found version "3.10.12") found components: Interpreter 
-- Override CMake install command with custom implementation using symlinks instead of copying resources
-- Configuring done
-- Generating done
-- Build files have been written to: /home/th1rt3en/DOCO/ws/build_rework/sim_worlds
Built target ament_cmake_python_symlink_sim_worlds
running egg_info
creating sim_worlds.egg-info
writing sim_worlds.egg-info/PKG-INFO
writing dependency_links to sim_worlds.egg-info/dependency_links.txt
writing top-level names to sim_worlds.egg-info/top_level.txt
writing manifest file 'sim_worlds.egg-info/SOURCES.txt'
reading manifest file 'sim_worlds.egg-info/SOURCES.txt'
writing manifest file 'sim_worlds.egg-info/SOURCES.txt'
Built target ament_cmake_python_build_sim_worlds_egg
-- Install configuration: ""
-- Execute custom install script
-- Symlinking: /home/th1rt3en/DOCO/ws/install_rework/sim_worlds/share/sim_worlds/environment/pythonpath.sh
-- Symlinking: /home/th1rt3en/DOCO/ws/install_rework/sim_worlds/share/sim_worlds/environment/pythonpath.dsv
-- Symlinking: /home/th1rt3en/DOCO/ws/install_rework/sim_worlds/local/lib/python3.10/dist-packages/sim_worlds-0.1.0-py3.10.egg-info/PKG-INFO
-- Symlinking: /home/th1rt3en/DOCO/ws/install_rework/sim_worlds/local/lib/python3.10/dist-packages/sim_worlds-0.1.0-py3.10.egg-info/SOURCES.txt
-- Symlinking: /home/th1rt3en/DOCO/ws/install_rework/sim_worlds/local/lib/python3.10/dist-packages/sim_worlds-0.1.0-py3.10.egg-info/dependency_links.txt
-- Symlinking: /home/th1rt3en/DOCO/ws/install_rework/sim_worlds/local/lib/python3.10/dist-packages/sim_worlds-0.1.0-py3.10.egg-info/top_level.txt
-- Symlinking: /home/th1rt3en/DOCO/ws/install_rework/sim_worlds/local/lib/python3.10/dist-packages/sim_worlds/__init__.py
-- Symlinking: /home/th1rt3en/DOCO/ws/install_rework/sim_worlds/local/lib/python3.10/dist-packages/sim_worlds/launch_common.py
-- Symlinking: /home/th1rt3en/DOCO/ws/install_rework/sim_worlds/share/sim_worlds/worlds/baylands.sdf
-- Symlinking: /home/th1rt3en/DOCO/ws/install_rework/sim_worlds/share/sim_worlds/worlds/empty.sdf
-- Symlinking: /home/th1rt3en/DOCO/ws/install_rework/sim_worlds/share/sim_worlds/worlds/test.sdf
-- Symlinking: /home/th1rt3en/DOCO/ws/install_rework/sim_worlds/share/sim_worlds/models/baylands/media/Textures/Asphalt.png
-- Symlinking: /home/th1rt3en/DOCO/ws/install_rework/sim_worlds/share/sim_worlds/models/baylands/media/Textures/Bark.png
-- Symlinking: /home/th1rt3en/DOCO/ws/install_rework/sim_worlds/share/sim_worlds/models/baylands/media/Textures/Branch.png
-- Symlinking: /home/th1rt3en/DOCO/ws/install_rework/sim_worlds/share/sim_worlds/models/baylands/media/Textures/Checker.png
-- Symlinking: /home/th1rt3en/DOCO/ws/install_rework/sim_worlds/share/sim_worlds/models/baylands/media/Textures/Concrete.png
-- Symlinking: /home/th1rt3en/DOCO/ws/install_rework/sim_worlds/share/sim_worlds/models/baylands/media/Textures/ConcreteGround_01.png
-- Symlinking: /home/th1rt3en/DOCO/ws/install_rework/sim_worlds/share/sim_worlds/models/baylands/media/Textures/ConcreteGround_02.png
-- Symlinking: /home/th1rt3en/DOCO/ws/install_rework/sim_worlds/share/sim_worlds/models/baylands/media/Textures/ConcretePebbled.png
-- Symlinking: /home/th1rt3en/DOCO/ws/install_rework/sim_worlds/share/sim_worlds/models/baylands/media/Textures/Curb.png
-- Symlinking: /home/th1rt3en/DOCO/ws/install_rework/sim_worlds/share/sim_worlds/models/baylands/media/Textures/Curb_Red.png
-- Symlinking: /home/th1rt3en/DOCO/ws/install_rework/sim_worlds/share/sim_worlds/models/baylands/media/Textures/DirtPath.png
-- Symlinking: /home/th1rt3en/DOCO/ws/install_rework/sim_worlds/share/sim_worlds/models/baylands/media/Textures/Grass.png
-- Symlinking: /home/th1rt3en/DOCO/ws/install_rework/sim_worlds/share/sim_worlds/models/baylands/media/Textures/Leaves.png
-- Symlinking: /home/th1rt3en/DOCO/ws/install_rework/sim_worlds/share/sim_worlds/models/baylands/media/Textures/Metal.png
-- Symlinking: /home/th1rt3en/DOCO/ws/install_rework/sim_worlds/share/sim_worlds/models/baylands/media/Textures/Metal_Roof.png
-- Symlinking: /home/th1rt3en/DOCO/ws/install_rework/sim_worlds/share/sim_worlds/models/baylands/media/Textures/MurkyWater.png
-- Symlinking: /home/th1rt3en/DOCO/ws/install_rework/sim_worlds/share/sim_worlds/models/baylands/media/Textures/ParkingLotMedian.png
-- Symlinking: /home/th1rt3en/DOCO/ws/install_rework/sim_worlds/share/sim_worlds/models/baylands/media/Textures/ParkingMarkings.png
-- Symlinking: /home/th1rt3en/DOCO/ws/install_rework/sim_worlds/share/sim_worlds/models/baylands/media/Textures/PicnicTable.png
-- Symlinking: /home/th1rt3en/DOCO/ws/install_rework/sim_worlds/share/sim_worlds/models/baylands/media/Textures/Road.jpg
-- Symlinking: /home/th1rt3en/DOCO/ws/install_rework/sim_worlds/share/sim_worlds/models/baylands/media/Textures/Rubber.png
-- Symlinking: /home/th1rt3en/DOCO/ws/install_rework/sim_worlds/share/sim_worlds/models/baylands/media/Textures/RustyMetal.png
-- Symlinking: /home/th1rt3en/DOCO/ws/install_rework/sim_worlds/share/sim_worlds/models/baylands/media/Textures/Sand.png
-- Symlinking: /home/th1rt3en/DOCO/ws/install_rework/sim_worlds/share/sim_worlds/models/baylands/media/Textures/Sidewalk.png
-- Symlinking: /home/th1rt3en/DOCO/ws/install_rework/sim_worlds/share/sim_worlds/models/baylands/media/Textures/Tree_Concrete.png
-- Symlinking: /home/th1rt3en/DOCO/ws/install_rework/sim_worlds/share/sim_worlds/models/baylands/media/baylands_01.DAE
-- Symlinking: /home/th1rt3en/DOCO/ws/install_rework/sim_worlds/share/sim_worlds/models/baylands/media/baylands_02.DAE
-- Symlinking: /home/th1rt3en/DOCO/ws/install_rework/sim_worlds/share/sim_worlds/models/baylands/media/baylands_03.DAE
-- Symlinking: /home/th1rt3en/DOCO/ws/install_rework/sim_worlds/share/sim_worlds/models/baylands/media/scripts/branch.material
-- Symlinking: /home/th1rt3en/DOCO/ws/install_rework/sim_worlds/share/sim_worlds/models/baylands/media/scripts/caster_fp.glsl
-- Symlinking: /home/th1rt3en/DOCO/ws/install_rework/sim_worlds/share/sim_worlds/models/baylands/media/scripts/caster_vp.glsl
-- Symlinking: /home/th1rt3en/DOCO/ws/install_rework/sim_worlds/share/sim_worlds/models/baylands/model.config
-- Symlinking: /home/th1rt3en/DOCO/ws/install_rework/sim_worlds/share/sim_worlds/models/baylands/model.sdf
-- Symlinking: /home/th1rt3en/DOCO/ws/install_rework/sim_worlds/share/sim_worlds/models/coast_water/materials/programs/GerstnerWaves_fs.metal
-- Symlinking: /home/th1rt3en/DOCO/ws/install_rework/sim_worlds/share/sim_worlds/models/coast_water/materials/programs/GerstnerWaves_fs_330.glsl
-- Symlinking: /home/th1rt3en/DOCO/ws/install_rework/sim_worlds/share/sim_worlds/models/coast_water/materials/programs/GerstnerWaves_vs.metal
-- Symlinking: /home/th1rt3en/DOCO/ws/install_rework/sim_worlds/share/sim_worlds/models/coast_water/materials/programs/GerstnerWaves_vs_330.glsl
-- Symlinking: /home/th1rt3en/DOCO/ws/install_rework/sim_worlds/share/sim_worlds/models/coast_water/materials/textures/skybox_lowres.dds
-- Symlinking: /home/th1rt3en/DOCO/ws/install_rework/sim_worlds/share/sim_worlds/models/coast_water/materials/textures/wave_normals.dds
-- Symlinking: /home/th1rt3en/DOCO/ws/install_rework/sim_worlds/share/sim_worlds/models/coast_water/meshes/waterlow.dae
-- Symlinking: /home/th1rt3en/DOCO/ws/install_rework/sim_worlds/share/sim_worlds/models/coast_water/model.config
-- Symlinking: /home/th1rt3en/DOCO/ws/install_rework/sim_worlds/share/sim_worlds/models/coast_water/model.sdf
-- Symlinking: /home/th1rt3en/DOCO/ws/install_rework/sim_worlds/share/sim_worlds/models/coast_water/thumbnails/1.png
-- Symlinking: /home/th1rt3en/DOCO/ws/install_rework/sim_worlds/share/sim_worlds/models/apriltag/media/README.md
-- Symlinking: /home/th1rt3en/DOCO/ws/install_rework/sim_worlds/share/sim_worlds/models/apriltag/media/generate_tags.py
-- Symlinking: /home/th1rt3en/DOCO/ws/install_rework/sim_worlds/share/sim_worlds/models/apriltag/media/tag16h5-0.png
-- Symlinking: /home/th1rt3en/DOCO/ws/install_rework/sim_worlds/share/sim_worlds/models/apriltag/model.config
-- Symlinking: /home/th1rt3en/DOCO/ws/install_rework/sim_worlds/share/sim_worlds/models/ground_texture/media/concrete_floor.png
-- Symlinking: /home/th1rt3en/DOCO/ws/install_rework/sim_worlds/share/sim_worlds/models/ground_texture/model.config
-- Symlinking: /home/th1rt3en/DOCO/ws/install_rework/sim_worlds/share/sim_worlds/models/ground_texture/model.sdf
-- Symlinking: /home/th1rt3en/DOCO/ws/install_rework/sim_worlds/share/sim_worlds/launch/__pycache__/gz_sim.launch.cpython-310.pyc
-- Symlinking: /home/th1rt3en/DOCO/ws/install_rework/sim_worlds/share/sim_worlds/launch/__pycache__/runtime.launch.cpython-310.pyc
-- Symlinking: /home/th1rt3en/DOCO/ws/install_rework/sim_worlds/share/sim_worlds/launch/__pycache__/sim_clock.launch.cpython-310.pyc
-- Symlinking: /home/th1rt3en/DOCO/ws/install_rework/sim_worlds/share/sim_worlds/launch/__pycache__/world_registry.cpython-310.pyc
-- Symlinking: /home/th1rt3en/DOCO/ws/install_rework/sim_worlds/share/sim_worlds/launch/gz_sim.launch.py
-- Symlinking: /home/th1rt3en/DOCO/ws/install_rework/sim_worlds/share/sim_worlds/launch/runtime.launch.py
-- Symlinking: /home/th1rt3en/DOCO/ws/install_rework/sim_worlds/share/sim_worlds/launch/sim_clock.launch.py
-- Symlinking: /home/th1rt3en/DOCO/ws/install_rework/sim_worlds/share/sim_worlds/launch/world_registry.py
-- Symlinking: /home/th1rt3en/DOCO/ws/install_rework/sim_worlds/share/sim_worlds/config/ros_gz_bridge_clock.yaml
-- Symlinking: /home/th1rt3en/DOCO/ws/install_rework/sim_worlds/share/ament_index/resource_index/package_run_dependencies/sim_worlds
-- Symlinking: /home/th1rt3en/DOCO/ws/install_rework/sim_worlds/share/ament_index/resource_index/parent_prefix_path/sim_worlds
-- Symlinking: /home/th1rt3en/DOCO/ws/install_rework/sim_worlds/share/sim_worlds/environment/ament_prefix_path.sh
-- Symlinking: /home/th1rt3en/DOCO/ws/install_rework/sim_worlds/share/sim_worlds/environment/ament_prefix_path.dsv
-- Symlinking: /home/th1rt3en/DOCO/ws/install_rework/sim_worlds/share/sim_worlds/environment/path.sh
-- Symlinking: /home/th1rt3en/DOCO/ws/install_rework/sim_worlds/share/sim_worlds/environment/path.dsv
-- Symlinking: /home/th1rt3en/DOCO/ws/install_rework/sim_worlds/share/sim_worlds/local_setup.bash
-- Symlinking: /home/th1rt3en/DOCO/ws/install_rework/sim_worlds/share/sim_worlds/local_setup.sh
-- Symlinking: /home/th1rt3en/DOCO/ws/install_rework/sim_worlds/share/sim_worlds/local_setup.zsh
-- Symlinking: /home/th1rt3en/DOCO/ws/install_rework/sim_worlds/share/sim_worlds/local_setup.dsv
-- Symlinking: /home/th1rt3en/DOCO/ws/install_rework/sim_worlds/share/sim_worlds/package.dsv
-- Symlinking: /home/th1rt3en/DOCO/ws/install_rework/sim_worlds/share/ament_index/resource_index/packages/sim_worlds
-- Symlinking: /home/th1rt3en/DOCO/ws/install_rework/sim_worlds/share/sim_worlds/cmake/sim_worldsConfig.cmake
-- Symlinking: /home/th1rt3en/DOCO/ws/install_rework/sim_worlds/share/sim_worlds/cmake/sim_worldsConfig-version.cmake
-- Symlinking: /home/th1rt3en/DOCO/ws/install_rework/sim_worlds/share/sim_worlds/package.xml
Listing '/home/th1rt3en/DOCO/ws/install_rework/sim_worlds/local/lib/python3.10/dist-packages/sim_worlds'...
Compiling '/home/th1rt3en/DOCO/ws/install_rework/sim_worlds/local/lib/python3.10/dist-packages/sim_worlds/__init__.py'...
Compiling '/home/th1rt3en/DOCO/ws/install_rework/sim_worlds/local/lib/python3.10/dist-packages/sim_worlds/launch_common.py'...
