[0.008s] Invoking command in '/home/th1rt3en/DOCO/ws/build_rework/sim_worlds': AMENT_PREFIX_PATH=/home/th1rt3en/DOCO/ws/install_rework/ugv_sim_tools:${AMENT_PREFIX_PATH} CMAKE_PREFIX_PATH=/home/th1rt3en/DOCO/ws/install_rework/ugv_sim_tools:/home/th1rt3en/DOCO/ws/install_rework/uav_visual_landing:/home/th1rt3en/DOCO/ws/install_rework/uav_bridge:/home/th1rt3en/DOCO/ws/install_rework/relative_position_fusion:/home/th1rt3en/DOCO/ws/install_rework/quadrotor_msgs:/home/th1rt3en/DOCO/ws/install_rework/px4_msgs:/opt/ros/humble /usr/bin/cmake /home/th1rt3en/DOCO/ws/src/sim_worlds -DAMENT_CMAKE_SYMLINK_INSTALL=1 -DCMAKE_INSTALL_PREFIX=/home/th1rt3en/DOCO/ws/install_rework/sim_worlds
[0.056s] -- The C compiler identification is GNU 11.4.0
[0.102s] -- The CXX compiler identification is GNU 11.4.0
[0.109s] -- Detecting C compiler ABI info
[0.175s] -- Detecting C compiler ABI info - done
[0.179s] -- Check for working C compiler: /usr/bin/cc - skipped
[0.179s] -- Detecting C compile features
[0.179s] -- Detecting C compile features - done
[0.181s] -- Detecting CXX compiler ABI info
[0.256s] -- Detecting CXX compiler ABI info - done
[0.261s] -- Check for working CXX compiler: /usr/bin/c++ - skipped
[0.261s] -- Detecting CXX compile features
[0.261s] -- Detecting CXX compile features - done
[0.264s] -- Found ament_cmake: 1.3.13 (/opt/ros/humble/share/ament_cmake/cmake)
[0.387s] -- Found Python3: /usr/bin/python3 (found version "3.10.12") found components: Interpreter 
[0.436s] -- Override CMake install command with custom implementation using symlinks instead of copying resources
[0.576s] -- Configuring done
[0.579s] -- Generating done
[0.580s] -- Build files have been written to: /home/th1rt3en/DOCO/ws/build_rework/sim_worlds
[0.585s] Invoked command in '/home/th1rt3en/DOCO/ws/build_rework/sim_worlds' returned '0': AMENT_PREFIX_PATH=/home/th1rt3en/DOCO/ws/install_rework/ugv_sim_tools:${AMENT_PREFIX_PATH} CMAKE_PREFIX_PATH=/home/th1rt3en/DOCO/ws/install_rework/ugv_sim_tools:/home/th1rt3en/DOCO/ws/install_rework/uav_visual_landing:/home/th1rt3en/DOCO/ws/install_rework/uav_bridge:/home/th1rt3en/DOCO/ws/install_rework/relative_position_fusion:/home/th1rt3en/DOCO/ws/install_rework/quadrotor_msgs:/home/th1rt3en/DOCO/ws/install_rework/px4_msgs:/opt/ros/humble /usr/bin/cmake /home/th1rt3en/DOCO/ws/src/sim_worlds -DAMENT_CMAKE_SYMLINK_INSTALL=1 -DCMAKE_INSTALL_PREFIX=/home/th1rt3en/DOCO/ws/install_rework/sim_worlds
[0.586s] Invoking command in '/home/th1rt3en/DOCO/ws/build_rework/sim_worlds': AMENT_PREFIX_PATH=/home/th1rt3en/DOCO/ws/install_rework/ugv_sim_tools:${AMENT_PREFIX_PATH} CMAKE_PREFIX_PATH=/home/th1rt3en/DOCO/ws/install_rework/ugv_sim_tools:/home/th1rt3en/DOCO/ws/install_rework/uav_visual_landing:/home/th1rt3en/DOCO/ws/install_rework/uav_bridge:/home/th1rt3en/DOCO/ws/install_rework/relative_position_fusion:/home/th1rt3en/DOCO/ws/install_rework/quadrotor_msgs:/home/th1rt3en/DOCO/ws/install_rework/px4_msgs:/opt/ros/humble /usr/bin/cmake --build /home/th1rt3en/DOCO/ws/build_rework/sim_worlds -- -j16 -l16
[0.642s] Built target ament_cmake_python_symlink_sim_worlds
[0.824s] running egg_info
[0.824s] creating sim_worlds.egg-info
[0.824s] writing sim_worlds.egg-info/PKG-INFO
[0.825s] writing dependency_links to sim_worlds.egg-info/dependency_links.txt
[0.825s] writing top-level names to sim_worlds.egg-info/top_level.txt
[0.825s] writing manifest file 'sim_worlds.egg-info/SOURCES.txt'
[0.828s] reading manifest file 'sim_worlds.egg-info/SOURCES.txt'
[0.828s] writing manifest file 'sim_worlds.egg-info/SOURCES.txt'
[0.853s] Built target ament_cmake_python_build_sim_worlds_egg
[0.864s] Invoked command in '/home/th1rt3en/DOCO/ws/build_rework/sim_worlds' returned '0': AMENT_PREFIX_PATH=/home/th1rt3en/DOCO/ws/install_rework/ugv_sim_tools:${AMENT_PREFIX_PATH} CMAKE_PREFIX_PATH=/home/th1rt3en/DOCO/ws/install_rework/ugv_sim_tools:/home/th1rt3en/DOCO/ws/install_rework/uav_visual_landing:/home/th1rt3en/DOCO/ws/install_rework/uav_bridge:/home/th1rt3en/DOCO/ws/install_rework/relative_position_fusion:/home/th1rt3en/DOCO/ws/install_rework/quadrotor_msgs:/home/th1rt3en/DOCO/ws/install_rework/px4_msgs:/opt/ros/humble /usr/bin/cmake --build /home/th1rt3en/DOCO/ws/build_rework/sim_worlds -- -j16 -l16
[0.865s] Invoking command in '/home/th1rt3en/DOCO/ws/build_rework/sim_worlds': AMENT_PREFIX_PATH=/home/th1rt3en/DOCO/ws/install_rework/ugv_sim_tools:${AMENT_PREFIX_PATH} CMAKE_PREFIX_PATH=/home/th1rt3en/DOCO/ws/install_rework/ugv_sim_tools:/home/th1rt3en/DOCO/ws/install_rework/uav_visual_landing:/home/th1rt3en/DOCO/ws/install_rework/uav_bridge:/home/th1rt3en/DOCO/ws/install_rework/relative_position_fusion:/home/th1rt3en/DOCO/ws/install_rework/quadrotor_msgs:/home/th1rt3en/DOCO/ws/install_rework/px4_msgs:/opt/ros/humble /usr/bin/cmake --install /home/th1rt3en/DOCO/ws/build_rework/sim_worlds
[0.873s] -- Install configuration: ""
[0.873s] -- Execute custom install script
[0.874s] -- Symlinking: /home/th1rt3en/DOCO/ws/install_rework/sim_worlds/share/sim_worlds/environment/pythonpath.sh
[0.884s] -- Symlinking: /home/th1rt3en/DOCO/ws/install_rework/sim_worlds/share/sim_worlds/environment/pythonpath.dsv
[0.894s] -- Symlinking: /home/th1rt3en/DOCO/ws/install_rework/sim_worlds/local/lib/python3.10/dist-packages/sim_worlds-0.1.0-py3.10.egg-info/PKG-INFO
[0.903s] -- Symlinking: /home/th1rt3en/DOCO/ws/install_rework/sim_worlds/local/lib/python3.10/dist-packages/sim_worlds-0.1.0-py3.10.egg-info/SOURCES.txt
[0.913s] -- Symlinking: /home/th1rt3en/DOCO/ws/install_rework/sim_worlds/local/lib/python3.10/dist-packages/sim_worlds-0.1.0-py3.10.egg-info/dependency_links.txt
[0.924s] -- Symlinking: /home/th1rt3en/DOCO/ws/install_rework/sim_worlds/local/lib/python3.10/dist-packages/sim_worlds-0.1.0-py3.10.egg-info/top_level.txt
[0.935s] -- Symlinking: /home/th1rt3en/DOCO/ws/install_rework/sim_worlds/local/lib/python3.10/dist-packages/sim_worlds/__init__.py
[0.948s] -- Symlinking: /home/th1rt3en/DOCO/ws/install_rework/sim_worlds/local/lib/python3.10/dist-packages/sim_worlds/launch_common.py
[0.960s] -- Symlinking: /home/th1rt3en/DOCO/ws/install_rework/sim_worlds/share/sim_worlds/worlds/baylands.sdf
[0.973s] -- Symlinking: /home/th1rt3en/DOCO/ws/install_rework/sim_worlds/share/sim_worlds/worlds/empty.sdf
[0.985s] -- Symlinking: /home/th1rt3en/DOCO/ws/install_rework/sim_worlds/share/sim_worlds/worlds/test.sdf
[0.995s] -- Symlinking: /home/th1rt3en/DOCO/ws/install_rework/sim_worlds/share/sim_worlds/models/baylands/media/Textures/Asphalt.png
[1.004s] -- Symlinking: /home/th1rt3en/DOCO/ws/install_rework/sim_worlds/share/sim_worlds/models/baylands/media/Textures/Bark.png
[1.013s] -- Symlinking: /home/th1rt3en/DOCO/ws/install_rework/sim_worlds/share/sim_worlds/models/baylands/media/Textures/Branch.png
[1.022s] -- Symlinking: /home/th1rt3en/DOCO/ws/install_rework/sim_worlds/share/sim_worlds/models/baylands/media/Textures/Checker.png
[1.032s] -- Symlinking: /home/th1rt3en/DOCO/ws/install_rework/sim_worlds/share/sim_worlds/models/baylands/media/Textures/Concrete.png
[1.041s] -- Symlinking: /home/th1rt3en/DOCO/ws/install_rework/sim_worlds/share/sim_worlds/models/baylands/media/Textures/ConcreteGround_01.png
[1.050s] -- Symlinking: /home/th1rt3en/DOCO/ws/install_rework/sim_worlds/share/sim_worlds/models/baylands/media/Textures/ConcreteGround_02.png
[1.059s] -- Symlinking: /home/th1rt3en/DOCO/ws/install_rework/sim_worlds/share/sim_worlds/models/baylands/media/Textures/ConcretePebbled.png
[1.069s] -- Symlinking: /home/th1rt3en/DOCO/ws/install_rework/sim_worlds/share/sim_worlds/models/baylands/media/Textures/Curb.png
[1.080s] -- Symlinking: /home/th1rt3en/DOCO/ws/install_rework/sim_worlds/share/sim_worlds/models/baylands/media/Textures/Curb_Red.png
[1.089s] -- Symlinking: /home/th1rt3en/DOCO/ws/install_rework/sim_worlds/share/sim_worlds/models/baylands/media/Textures/DirtPath.png
[1.099s] -- Symlinking: /home/th1rt3en/DOCO/ws/install_rework/sim_worlds/share/sim_worlds/models/baylands/media/Textures/Grass.png
[1.108s] -- Symlinking: /home/th1rt3en/DOCO/ws/install_rework/sim_worlds/share/sim_worlds/models/baylands/media/Textures/Leaves.png
[1.118s] -- Symlinking: /home/th1rt3en/DOCO/ws/install_rework/sim_worlds/share/sim_worlds/models/baylands/media/Textures/Metal.png
[1.127s] -- Symlinking: /home/th1rt3en/DOCO/ws/install_rework/sim_worlds/share/sim_worlds/models/baylands/media/Textures/Metal_Roof.png
[1.137s] -- Symlinking: /home/th1rt3en/DOCO/ws/install_rework/sim_worlds/share/sim_worlds/models/baylands/media/Textures/MurkyWater.png
[1.146s] -- Symlinking: /home/th1rt3en/DOCO/ws/install_rework/sim_worlds/share/sim_worlds/models/baylands/media/Textures/ParkingLotMedian.png
[1.155s] -- Symlinking: /home/th1rt3en/DOCO/ws/install_rework/sim_worlds/share/sim_worlds/models/baylands/media/Textures/ParkingMarkings.png
[1.165s] -- Symlinking: /home/th1rt3en/DOCO/ws/install_rework/sim_worlds/share/sim_worlds/models/baylands/media/Textures/PicnicTable.png
[1.173s] -- Symlinking: /home/th1rt3en/DOCO/ws/install_rework/sim_worlds/share/sim_worlds/models/baylands/media/Textures/Road.jpg
[1.184s] -- Symlinking: /home/th1rt3en/DOCO/ws/install_rework/sim_worlds/share/sim_worlds/models/baylands/media/Textures/Rubber.png
[1.193s] -- Symlinking: /home/th1rt3en/DOCO/ws/install_rework/sim_worlds/share/sim_worlds/models/baylands/media/Textures/RustyMetal.png
[1.202s] -- Symlinking: /home/th1rt3en/DOCO/ws/install_rework/sim_worlds/share/sim_worlds/models/baylands/media/Textures/Sand.png
[1.211s] -- Symlinking: /home/th1rt3en/DOCO/ws/install_rework/sim_worlds/share/sim_worlds/models/baylands/media/Textures/Sidewalk.png
[1.220s] -- Symlinking: /home/th1rt3en/DOCO/ws/install_rework/sim_worlds/share/sim_worlds/models/baylands/media/Textures/Tree_Concrete.png
[1.229s] -- Symlinking: /home/th1rt3en/DOCO/ws/install_rework/sim_worlds/share/sim_worlds/models/baylands/media/baylands_01.DAE
[1.239s] -- Symlinking: /home/th1rt3en/DOCO/ws/install_rework/sim_worlds/share/sim_worlds/models/baylands/media/baylands_02.DAE
[1.248s] -- Symlinking: /home/th1rt3en/DOCO/ws/install_rework/sim_worlds/share/sim_worlds/models/baylands/media/baylands_03.DAE
[1.257s] -- Symlinking: /home/th1rt3en/DOCO/ws/install_rework/sim_worlds/share/sim_worlds/models/baylands/media/scripts/branch.material
[1.266s] -- Symlinking: /home/th1rt3en/DOCO/ws/install_rework/sim_worlds/share/sim_worlds/models/baylands/media/scripts/caster_fp.glsl
[1.274s] -- Symlinking: /home/th1rt3en/DOCO/ws/install_rework/sim_worlds/share/sim_worlds/models/baylands/media/scripts/caster_vp.glsl
[1.285s] -- Symlinking: /home/th1rt3en/DOCO/ws/install_rework/sim_worlds/share/sim_worlds/models/baylands/model.config
[1.294s] -- Symlinking: /home/th1rt3en/DOCO/ws/install_rework/sim_worlds/share/sim_worlds/models/baylands/model.sdf
[1.304s] -- Symlinking: /home/th1rt3en/DOCO/ws/install_rework/sim_worlds/share/sim_worlds/models/coast_water/materials/programs/GerstnerWaves_fs.metal
[1.312s] -- Symlinking: /home/th1rt3en/DOCO/ws/install_rework/sim_worlds/share/sim_worlds/models/coast_water/materials/programs/GerstnerWaves_fs_330.glsl
[1.322s] -- Symlinking: /home/th1rt3en/DOCO/ws/install_rework/sim_worlds/share/sim_worlds/models/coast_water/materials/programs/GerstnerWaves_vs.metal
[1.333s] -- Symlinking: /home/th1rt3en/DOCO/ws/install_rework/sim_worlds/share/sim_worlds/models/coast_water/materials/programs/GerstnerWaves_vs_330.glsl
[1.342s] -- Symlinking: /home/th1rt3en/DOCO/ws/install_rework/sim_worlds/share/sim_worlds/models/coast_water/materials/textures/skybox_lowres.dds
[1.352s] -- Symlinking: /home/th1rt3en/DOCO/ws/install_rework/sim_worlds/share/sim_worlds/models/coast_water/materials/textures/wave_normals.dds
[1.362s] -- Symlinking: /home/th1rt3en/DOCO/ws/install_rework/sim_worlds/share/sim_worlds/models/coast_water/meshes/waterlow.dae
[1.371s] -- Symlinking: /home/th1rt3en/DOCO/ws/install_rework/sim_worlds/share/sim_worlds/models/coast_water/model.config
[1.381s] -- Symlinking: /home/th1rt3en/DOCO/ws/install_rework/sim_worlds/share/sim_worlds/models/coast_water/model.sdf
[1.391s] -- Symlinking: /home/th1rt3en/DOCO/ws/install_rework/sim_worlds/share/sim_worlds/models/coast_water/thumbnails/1.png
[1.400s] -- Symlinking: /home/th1rt3en/DOCO/ws/install_rework/sim_worlds/share/sim_worlds/models/apriltag/media/README.md
[1.409s] -- Symlinking: /home/th1rt3en/DOCO/ws/install_rework/sim_worlds/share/sim_worlds/models/apriltag/media/generate_tags.py
[1.419s] -- Symlinking: /home/th1rt3en/DOCO/ws/install_rework/sim_worlds/share/sim_worlds/models/apriltag/media/tag16h5-0.png
[1.428s] -- Symlinking: /home/th1rt3en/DOCO/ws/install_rework/sim_worlds/share/sim_worlds/models/apriltag/model.config
[1.439s] -- Symlinking: /home/th1rt3en/DOCO/ws/install_rework/sim_worlds/share/sim_worlds/models/ground_texture/media/concrete_floor.png
[1.448s] -- Symlinking: /home/th1rt3en/DOCO/ws/install_rework/sim_worlds/share/sim_worlds/models/ground_texture/model.config
[1.457s] -- Symlinking: /home/th1rt3en/DOCO/ws/install_rework/sim_worlds/share/sim_worlds/models/ground_texture/model.sdf
[1.467s] -- Symlinking: /home/th1rt3en/DOCO/ws/install_rework/sim_worlds/share/sim_worlds/launch/__pycache__/gz_sim.launch.cpython-310.pyc
[1.476s] -- Symlinking: /home/th1rt3en/DOCO/ws/install_rework/sim_worlds/share/sim_worlds/launch/__pycache__/runtime.launch.cpython-310.pyc
[1.487s] -- Symlinking: /home/th1rt3en/DOCO/ws/install_rework/sim_worlds/share/sim_worlds/launch/__pycache__/sim_clock.launch.cpython-310.pyc
[1.495s] -- Symlinking: /home/th1rt3en/DOCO/ws/install_rework/sim_worlds/share/sim_worlds/launch/__pycache__/world_registry.cpython-310.pyc
[1.504s] -- Symlinking: /home/th1rt3en/DOCO/ws/install_rework/sim_worlds/share/sim_worlds/launch/gz_sim.launch.py
[1.513s] -- Symlinking: /home/th1rt3en/DOCO/ws/install_rework/sim_worlds/share/sim_worlds/launch/runtime.launch.py
[1.522s] -- Symlinking: /home/th1rt3en/DOCO/ws/install_rework/sim_worlds/share/sim_worlds/launch/sim_clock.launch.py
[1.531s] -- Symlinking: /home/th1rt3en/DOCO/ws/install_rework/sim_worlds/share/sim_worlds/launch/world_registry.py
[1.541s] -- Symlinking: /home/th1rt3en/DOCO/ws/install_rework/sim_worlds/share/sim_worlds/config/ros_gz_bridge_clock.yaml
[1.551s] -- Symlinking: /home/th1rt3en/DOCO/ws/install_rework/sim_worlds/share/ament_index/resource_index/package_run_dependencies/sim_worlds
[1.560s] -- Symlinking: /home/th1rt3en/DOCO/ws/install_rework/sim_worlds/share/ament_index/resource_index/parent_prefix_path/sim_worlds
[1.569s] -- Symlinking: /home/th1rt3en/DOCO/ws/install_rework/sim_worlds/share/sim_worlds/environment/ament_prefix_path.sh
[1.579s] -- Symlinking: /home/th1rt3en/DOCO/ws/install_rework/sim_worlds/share/sim_worlds/environment/ament_prefix_path.dsv
[1.589s] -- Symlinking: /home/th1rt3en/DOCO/ws/install_rework/sim_worlds/share/sim_worlds/environment/path.sh
[1.598s] -- Symlinking: /home/th1rt3en/DOCO/ws/install_rework/sim_worlds/share/sim_worlds/environment/path.dsv
[1.607s] -- Symlinking: /home/th1rt3en/DOCO/ws/install_rework/sim_worlds/share/sim_worlds/local_setup.bash
[1.616s] -- Symlinking: /home/th1rt3en/DOCO/ws/install_rework/sim_worlds/share/sim_worlds/local_setup.sh
[1.626s] -- Symlinking: /home/th1rt3en/DOCO/ws/install_rework/sim_worlds/share/sim_worlds/local_setup.zsh
[1.636s] -- Symlinking: /home/th1rt3en/DOCO/ws/install_rework/sim_worlds/share/sim_worlds/local_setup.dsv
[1.645s] -- Symlinking: /home/th1rt3en/DOCO/ws/install_rework/sim_worlds/share/sim_worlds/package.dsv
[1.654s] -- Symlinking: /home/th1rt3en/DOCO/ws/install_rework/sim_worlds/share/ament_index/resource_index/packages/sim_worlds
[1.663s] -- Symlinking: /home/th1rt3en/DOCO/ws/install_rework/sim_worlds/share/sim_worlds/cmake/sim_worldsConfig.cmake
[1.672s] -- Symlinking: /home/th1rt3en/DOCO/ws/install_rework/sim_worlds/share/sim_worlds/cmake/sim_worldsConfig-version.cmake
[1.681s] -- Symlinking: /home/th1rt3en/DOCO/ws/install_rework/sim_worlds/share/sim_worlds/package.xml
[1.718s] Listing '/home/th1rt3en/DOCO/ws/install_rework/sim_worlds/local/lib/python3.10/dist-packages/sim_worlds'...
[1.719s] Compiling '/home/th1rt3en/DOCO/ws/install_rework/sim_worlds/local/lib/python3.10/dist-packages/sim_worlds/__init__.py'...
[1.719s] Compiling '/home/th1rt3en/DOCO/ws/install_rework/sim_worlds/local/lib/python3.10/dist-packages/sim_worlds/launch_common.py'...
[1.726s] Invoked command in '/home/th1rt3en/DOCO/ws/build_rework/sim_worlds' returned '0': AMENT_PREFIX_PATH=/home/th1rt3en/DOCO/ws/install_rework/ugv_sim_tools:${AMENT_PREFIX_PATH} CMAKE_PREFIX_PATH=/home/th1rt3en/DOCO/ws/install_rework/ugv_sim_tools:/home/th1rt3en/DOCO/ws/install_rework/uav_visual_landing:/home/th1rt3en/DOCO/ws/install_rework/uav_bridge:/home/th1rt3en/DOCO/ws/install_rework/relative_position_fusion:/home/th1rt3en/DOCO/ws/install_rework/quadrotor_msgs:/home/th1rt3en/DOCO/ws/install_rework/px4_msgs:/opt/ros/humble /usr/bin/cmake --install /home/th1rt3en/DOCO/ws/build_rework/sim_worlds
